[  0%] Built target std_msgs_generate_messages_py
[  0%] Built target geometry_msgs_generate_messages_lisp
[  0%] Built target geometry_msgs_generate_messages_py
[  0%] Built target roscpp_generate_messages_py
[  0%] Built target rosgraph_msgs_generate_messages_lisp
[  0%] Built target roscpp_generate_messages_lisp
[  0%] Built target geometry_msgs_generate_messages_cpp
[  0%] Built target roscpp_generate_messages_cpp
[35m[1mScanning dependencies of target frontend[0m
[  0%] Built target rosgraph_msgs_generate_messages_py
[  0%] Built target rosgraph_msgs_generate_messages_cpp
[  0%] Built target std_msgs_generate_messages_cpp
[  0%] Built target std_msgs_generate_messages_lisp
[  5%] [32mBuilding CXX object CMakeFiles/frontend.dir/src/Mapping.cpp.o[0m
/home/tuofeichen/SLAM/MAV-Project/catkin_ws/src/backend/src/Mapping.cpp:333:4: warning: multi-line comment [-Wcomment]
    // cv::drawMatches(frame1.getGray(),frame1.getKeypoints(),frame2.getGray(),frame2.getKeypoints(), matches, \
    ^
/home/tuofeichen/SLAM/MAV-Project/catkin_ws/src/backend/src/Mapping.cpp: In member function ‘void SLAM::Mapping::parallelMatching()’:
/home/tuofeichen/SLAM/MAV-Project/catkin_ws/src/backend/src/Mapping.cpp:540:8: warning: variable ‘prevId’ set but not used [-Wunused-but-set-variable]
    int prevId = -1;
        ^
[ 11%] [32m[1mLinking CXX shared library /home/tuofeichen/SLAM/MAV-Project/catkin_ws/devel/lib/libfrontend.so[0m
[ 88%] Built target frontend
[35m[1mScanning dependencies of target backend[0m
[ 94%] [32mBuilding CXX object CMakeFiles/backend.dir/src/main.cpp.o[0m
/home/tuofeichen/SLAM/MAV-Project/catkin_ws/src/backend/src/main.cpp: In function ‘int main(int, char**)’:
/home/tuofeichen/SLAM/MAV-Project/catkin_ws/src/backend/src/main.cpp:284:53: warning: comparison between signed and unsigned integer expressions [-Wsign-compare]
     for (int i = 0; i < frame.getKeypoints3D().size();i++)
                                                     ^
/home/tuofeichen/SLAM/MAV-Project/catkin_ws/src/backend/src/main.cpp:290:50: warning: comparison between signed and unsigned integer expressions [-Wsign-compare]
     for (int i = 0; i< frame.getKeypoints().size();i++)
                                                  ^
/home/tuofeichen/SLAM/MAV-Project/catkin_ws/src/backend/src/main.cpp:298:41: warning: comparison between signed and unsigned integer expressions [-Wsign-compare]
    if (slam.getImuCompensateCounter()== badFrameCnt)
                                         ^
[100%] [32m[1mLinking CXX executable /home/tuofeichen/SLAM/MAV-Project/catkin_ws/devel/lib/backend/backend[0m
[100%] Built target backend
