In file included from /home/tuofeichen/SLAM/MAV-Project/catkin_ws/src/backend/src/Frame.cpp:7:0:
/home/tuofeichen/SLAM/MAV-Project/catkin_ws/src/backend/include/Frame.h: In constructor ‘SLAM::Frame::Frame(boost::shared_ptr<cv::Mat>&, boost::shared_ptr<cv::Mat>&, boost::shared_ptr<cv::Mat>&, boost::shared_ptr<double>&)’:
/home/tuofeichen/SLAM/MAV-Project/catkin_ws/src/backend/include/Frame.h:247:26: warning: ‘SLAM::Frame::newNodeFlag’ will be initialized after [-Wreorder]
  boost::shared_ptr<bool> newNodeFlag;
                          ^
/home/tuofeichen/SLAM/MAV-Project/catkin_ws/src/backend/include/Frame.h:246:26: warning:   ‘boost::shared_ptr<bool> SLAM::Frame::dummyFrameFlag’ [-Wreorder]
  boost::shared_ptr<bool> dummyFrameFlag; 
                          ^
/home/tuofeichen/SLAM/MAV-Project/catkin_ws/src/backend/src/Frame.cpp:18:1: warning:   when initialized here [-Wreorder]
 Frame::Frame(boost::shared_ptr<cv::Mat>& rgbImage, boost::shared_ptr<cv::Mat>& grayImage, boost::shared_ptr<cv::Mat>& depthImage, boost::shared_ptr<double>& timeStamp)
 ^
In file included from /home/tuofeichen/SLAM/MAV-Project/catkin_ws/src/backend/src/Mapping.cpp:16:0:
/home/tuofeichen/SLAM/MAV-Project/catkin_ws/src/backend/src/Mapping.cpp: In member function ‘void SLAM::Mapping::matchTwoFrames(const SLAM::Frame&, const SLAM::Frame&, bool&, bool&, Eigen::Isometry3d&, Eigen::Matrix<double, 6, 6>&)’:
/home/tuofeichen/SLAM/MAV-Project/catkin_ws/src/backend/include/Mapping.h:26:20: warning: comparison between signed and unsigned integer expressions [-Wsign-compare]
 #define DEBUG_NEW -3
                    ^
/home/tuofeichen/SLAM/MAV-Project/catkin_ws/src/backend/src/Mapping.cpp:366:24: note: in expansion of macro ‘DEBUG_NEW’
   if(( nodes.size() == DEBUG_NEW)&& (frame2.getId() == DEBUG_OLD)){ // sequential node
                        ^
/home/tuofeichen/SLAM/MAV-Project/catkin_ws/src/backend/include/Mapping.h:26:20: warning: comparison between signed and unsigned integer expressions [-Wsign-compare]
 #define DEBUG_NEW -3
                    ^
/home/tuofeichen/SLAM/MAV-Project/catkin_ws/src/backend/src/Mapping.cpp:384:26: note: in expansion of macro ‘DEBUG_NEW’
    else if (nodes.size()>DEBUG_NEW)
                          ^
/home/tuofeichen/SLAM/MAV-Project/catkin_ws/src/backend/src/Mapping.cpp: In member function ‘void SLAM::Mapping::parallelMatching()’:
/home/tuofeichen/SLAM/MAV-Project/catkin_ws/src/backend/src/Mapping.cpp:593:8: warning: variable ‘prevId’ set but not used [-Wunused-but-set-variable]
    int prevId = -1;
        ^
/home/tuofeichen/SLAM/MAV-Project/catkin_ws/src/backend/src/main.cpp: In function ‘int main(int, char**)’:
/home/tuofeichen/SLAM/MAV-Project/catkin_ws/src/backend/src/main.cpp:282:53: warning: comparison between signed and unsigned integer expressions [-Wsign-compare]
     for (int i = 0; i < frame.getKeypoints3D().size();i++)
                                                     ^
/home/tuofeichen/SLAM/MAV-Project/catkin_ws/src/backend/src/main.cpp:288:50: warning: comparison between signed and unsigned integer expressions [-Wsign-compare]
     for (int i = 0; i< frame.getKeypoints().size();i++)
                                                  ^
/home/tuofeichen/SLAM/MAV-Project/catkin_ws/src/backend/src/main.cpp:297:37: warning: comparison between signed and unsigned integer expressions [-Wsign-compare]
    if (slam.getBadFrameCounter() == badFrameCnt)
                                     ^
