/home/tuofeichen/SLAM/MAV-Project/catkin_ws/src/backend/src/main.cpp: In function ‘int main(int, char**)’:
/home/tuofeichen/SLAM/MAV-Project/catkin_ws/src/backend/src/main.cpp:269:51: warning: comparison between signed and unsigned integer expressions [-Wsign-compare]
     for (int i = 0; i < frame.getKeypoints().size();i++)
                                                   ^
/home/tuofeichen/SLAM/MAV-Project/catkin_ws/src/backend/src/main.cpp:279:57: error: no match for ‘operator<<’ (operand types are ‘std::basic_ostream<char>::__ostream_type {aka std::basic_ostream<char>}’ and ‘<unresolved overloaded function type>’)
    cout << "dummy frame? " << frame.getDummyFrameFlag() << end;
                                                         ^
/home/tuofeichen/SLAM/MAV-Project/catkin_ws/src/backend/src/main.cpp:279:57: note: candidates are:
In file included from /usr/include/c++/4.8/iostream:39:0,
                 from /home/tuofeichen/SLAM/MAV-Project/catkin_ws/src/backend/src/main.cpp:8:
/usr/include/c++/4.8/ostream:108:7: note: std::basic_ostream<_CharT, _Traits>::__ostream_type& std::basic_ostream<_CharT, _Traits>::operator<<(std::basic_ostream<_CharT, _Traits>::__ostream_type& (*)(std::basic_ostream<_CharT, _Traits>::__ostream_type&)) [with _CharT = char; _Traits = std::char_traits<char>; std::basic_ostream<_CharT, _Traits>::__ostream_type = std::basic_ostream<char>]
       operator<<(__ostream_type& (*__pf)(__ostream_type&))
       ^
/usr/include/c++/4.8/ostream:108:7: note:   no known conversion for argument 1 from ‘<unresolved overloaded function type>’ to ‘std::basic_ostream<char>::__ostream_type& (*)(std::basic_ostream<char>::__ostream_type&) {aka std::basic_ostream<char>& (*)(std::basic_ostream<char>&)}’
/usr/include/c++/4.8/ostream:117:7: note: std::basic_ostream<_CharT, _Traits>::__ostream_type& std::basic_ostream<_CharT, _Traits>::operator<<(std::basic_ostream<_CharT, _Traits>::__ios_type& (*)(std::basic_ostream<_CharT, _Traits>::__ios_type&)) [with _CharT = char; _Traits = std::char_traits<char>; std::basic_ostream<_CharT, _Traits>::__ostream_type = std::basic_ostream<char>; std::basic_ostream<_CharT, _Traits>::__ios_type = std::basic_ios<char>]
       operator<<(__ios_type& (*__pf)(__ios_type&))
       ^
/usr/include/c++/4.8/ostream:117:7: note:   no known conversion for argument 1 from ‘<unresolved overloaded function type>’ to ‘std::basic_ostream<char>::__ios_type& (*)(std::basic_ostream<char>::__ios_type&) {aka std::basic_ios<char>& (*)(std::basic_ios<char>&)}’
/usr/include/c++/4.8/ostream:127:7: note: std::basic_ostream<_CharT, _Traits>::__ostream_type& std::basic_ostream<_CharT, _Traits>::operator<<(std::ios_base& (*)(std::ios_base&)) [with _CharT = char; _Traits = std::char_traits<char>; std::basic_ostream<_CharT, _Traits>::__ostream_type = std::basic_ostream<char>]
       operator<<(ios_base& (*__pf) (ios_base&))
       ^
/usr/include/c++/4.8/ostream:127:7: note:   no known conversion for argument 1 from ‘<unresolved overloaded function type>’ to ‘std::ios_base& (*)(std::ios_base&)’
/usr/include/c++/4.8/ostream:166:7: note: std::basic_ostream<_CharT, _Traits>::__ostream_type& std::basic_ostream<_CharT, _Traits>::operator<<(long int) [with _CharT = char; _Traits = std::char_traits<char>; std::basic_ostream<_CharT, _Traits>::__ostream_type = std::basic_ostream<char>]
       operator<<(long __n)
       ^
/usr/include/c++/4.8/ostream:166:7: note:   no known conversion for argument 1 from ‘<unresolved overloaded function type>’ to ‘long int’
/usr/include/c++/4.8/ostream:170:7: note: std::basic_ostream<_CharT, _Traits>::__ostream_type& std::basic_ostream<_CharT, _Traits>::operator<<(long unsigned int) [with _CharT = char; _Traits = std::char_traits<char>; std::basic_ostream<_CharT, _Traits>::__ostream_type = std::basic_ostream<char>]
       operator<<(unsigned long __n)
       ^
/usr/include/c++/4.8/ostream:170:7: note:   no known conversion for argument 1 from ‘<unresolved overloaded function type>’ to ‘long unsigned int’
/usr/include/c++/4.8/ostream:174:7: note: std::basic_ostream<_CharT, _Traits>::__ostream_type& std::basic_ostream<_CharT, _Traits>::operator<<(bool) [with _CharT = char; _Traits = std::char_traits<char>; std::basic_ostream<_CharT, _Traits>::__ostream_type = std::basic_ostream<char>]
       operator<<(bool __n)
       ^
/usr/include/c++/4.8/ostream:174:7: note:   no known conversion for argument 1 from ‘<unresolved overloaded function type>’ to ‘bool’
In file included from /usr/include/c++/4.8/ostream:612:0,
                 from /usr/include/c++/4.8/iostream:39,
                 from /home/tuofeichen/SLAM/MAV-Project/catkin_ws/src/backend/src/main.cpp:8:
/usr/include/c++/4.8/bits/ostream.tcc:91:5: note: std::basic_ostream<_CharT, _Traits>& std::basic_ostream<_CharT, _Traits>::operator<<(short int) [with _CharT = char; _Traits = std::char_traits<char>]
     basic_ostream<_CharT, _Traits>::
     ^
/usr/include/c++/4.8/bits/ostream.tcc:91:5: note:   no known conversion for argument 1 from ‘<unresolved overloaded function type>’ to ‘short int’
In file included from /usr/include/c++/4.8/iostream:39:0,
                 from /home/tuofeichen/SLAM/MAV-Project/catkin_ws/src/backend/src/main.cpp:8:
/usr/include/c++/4.8/ostream:181:7: note: std::basic_ostream<_CharT, _Traits>::__ostream_type& std::basic_ostream<_CharT, _Traits>::operator<<(short unsigned int) [with _CharT = char; _Traits = std::char_traits<char>; std::basic_ostream<_CharT, _Traits>::__ostream_type = std::basic_ostream<char>]
       operator<<(unsigned short __n)
       ^
/usr/include/c++/4.8/ostream:181:7: note:   no known conversion for argument 1 from ‘<unresolved overloaded function type>’ to ‘short unsigned int’
In file included from /usr/include/c++/4.8/ostream:612:0,
                 from /usr/include/c++/4.8/iostream:39,
                 from /home/tuofeichen/SLAM/MAV-Project/catkin_ws/src/backend/src/main.cpp:8:
/usr/include/c++/4.8/bits/ostream.tcc:105:5: note: std::basic_ostream<_CharT, _Traits>& std::basic_ostream<_CharT, _Traits>::operator<<(int) [with _CharT = char; _Traits = std::char_traits<char>]
     basic_ostream<_CharT, _Traits>::
     ^
/usr/include/c++/4.8/bits/ostream.tcc:105:5: note:   no known conversion for argument 1 from ‘<unresolved overloaded function type>’ to ‘int’
In file included from /usr/include/c++/4.8/iostream:39:0,
                 from /home/tuofeichen/SLAM/MAV-Project/catkin_ws/src/backend/src/main.cpp:8:
/usr/include/c++/4.8/ostream:192:7: note: std::basic_ostream<_CharT, _Traits>::__ostream_type& std::basic_ostream<_CharT, _Traits>::operator<<(unsigned int) [with _CharT = char; _Traits = std::char_traits<char>; std::basic_ostream<_CharT, _Traits>::__ostream_type = std::basic_ostream<char>]
       operator<<(unsigned int __n)
       ^
/usr/include/c++/4.8/ostream:192:7: note:   no known conversion for argument 1 from ‘<unresolved overloaded function type>’ to ‘unsigned int’
/usr/include/c++/4.8/ostream:201:7: note: std::basic_ostream<_CharT, _Traits>::__ostream_type& std::basic_ostream<_CharT, _Traits>::operator<<(long long int) [with _CharT = char; _Traits = std::char_traits<char>; std::basic_ostream<_CharT, _Traits>::__ostream_type = std::basic_ostream<char>]
       operator<<(long long __n)
       ^
/usr/include/c++/4.8/ostream:201:7: note:   no known conversion for argument 1 from ‘<unresolved overloaded function type>’ to ‘long long int’
/usr/include/c++/4.8/ostream:205:7: note: std::basic_ostream<_CharT, _Traits>::__ostream_type& std::basic_ostream<_CharT, _Traits>::operator<<(long long unsigned int) [with _CharT = char; _Traits = std::char_traits<char>; std::basic_ostream<_CharT, _Traits>::__ostream_type = std::basic_ostream<char>]
       operator<<(unsigned long long __n)
       ^
/usr/include/c++/4.8/ostream:205:7: note:   no known conversion for argument 1 from ‘<unresolved overloaded function type>’ to ‘long long unsigned int’
/usr/include/c++/4.8/ostream:220:7: note: std::basic_ostream<_CharT, _Traits>::__ostream_type& std::basic_ostream<_CharT, _Traits>::operator<<(double) [with _CharT = char; _Traits = std::char_traits<char>; std::basic_ostream<_CharT, _Traits>::__ostream_type = std::basic_ostream<char>]
       operator<<(double __f)
       ^
/usr/include/c++/4.8/ostream:220:7: note:   no known conversion for argument 1 from ‘<unresolved overloaded function type>’ to ‘double’
/usr/include/c++/4.8/ostream:224:7: note: std::basic_ostream<_CharT, _Traits>::__ostream_type& std::basic_ostream<_CharT, _Traits>::operator<<(float) [with _CharT = char; _Traits = std::char_traits<char>; std::basic_ostream<_CharT, _Traits>::__ostream_type = std::basic_ostream<char>]
       operator<<(float __f)
       ^
/usr/include/c++/4.8/ostream:224:7: note:   no known conversion for argument 1 from ‘<unresolved overloaded function type>’ to ‘float’
/usr/include/c++/4.8/ostream:232:7: note: std::basic_ostream<_CharT, _Traits>::__ostream_type& std::basic_ostream<_CharT, _Traits>::operator<<(long double) [with _CharT = char; _Traits = std::char_traits<char>; std::basic_ostream<_CharT, _Traits>::__ostream_type = std::basic_ostream<char>]
       operator<<(long double __f)
       ^
/usr/include/c++/4.8/ostream:232:7: note:   no known conversion for argument 1 from ‘<unresolved overloaded function type>’ to ‘long double’
/usr/include/c++/4.8/ostream:245:7: note: std::basic_ostream<_CharT, _Traits>::__ostream_type& std::basic_ostream<_CharT, _Traits>::operator<<(const void*) [with _CharT = char; _Traits = std::char_traits<char>; std::basic_ostream<_CharT, _Traits>::__ostream_type = std::basic_ostream<char>]
       operator<<(const void* __p)
       ^
/usr/include/c++/4.8/ostream:245:7: note:   no known conversion for argument 1 from ‘<unresolved overloaded function type>’ to ‘const void*’
In file included from /usr/include/c++/4.8/ostream:612:0,
                 from /usr/include/c++/4.8/iostream:39,
                 from /home/tuofeichen/SLAM/MAV-Project/catkin_ws/src/backend/src/main.cpp:8:
/usr/include/c++/4.8/bits/ostream.tcc:119:5: note: std::basic_ostream<_CharT, _Traits>& std::basic_ostream<_CharT, _Traits>::operator<<(std::basic_ostream<_CharT, _Traits>::__streambuf_type*) [with _CharT = char; _Traits = std::char_traits<char>; std::basic_ostream<_CharT, _Traits>::__streambuf_type = std::basic_streambuf<char>]
     basic_ostream<_CharT, _Traits>::
     ^
/usr/include/c++/4.8/bits/ostream.tcc:119:5: note:   no known conversion for argument 1 from ‘<unresolved overloaded function type>’ to ‘std::basic_ostream<char>::__streambuf_type* {aka std::basic_streambuf<char>*}’
In file included from /opt/ros/indigo/include/ros/node_handle.h:51:0,
                 from /opt/ros/indigo/include/ros/ros.h:45,
                 from /home/tuofeichen/SLAM/MAV-Project/catkin_ws/src/backend/src/main.cpp:13:
/opt/ros/indigo/include/XmlRpcValue.h:192:15: note: std::ostream& operator<<(std::ostream&, XmlRpc::XmlRpcValue&)
 std::ostream& operator<<(std::ostream& os, XmlRpc::XmlRpcValue& v);
               ^
/opt/ros/indigo/include/XmlRpcValue.h:192:15: note:   no known conversion for argument 2 from ‘<unresolved overloaded function type>’ to ‘XmlRpc::XmlRpcValue&’
In file included from /usr/include/boost/detail/container_fwd.hpp:96:0,
                 from /usr/include/boost/functional/hash/extensions.hpp:17,
                 from /usr/include/boost/functional/hash/hash.hpp:529,
                 from /usr/include/boost/functional/hash.hpp:6,
                 from /usr/include/boost/thread/detail/thread.hpp:37,
                 from /usr/include/boost/thread/thread_only.hpp:22,
                 from /usr/include/boost/thread/thread.hpp:12,
                 from /usr/include/boost/thread.hpp:13,
                 from /home/tuofeichen/SLAM/MAV-Project/catkin_ws/src/backend/include/Frontend.h:13,
                 from /home/tuofeichen/SLAM/MAV-Project/catkin_ws/src/backend/src/main.cpp:14:
/usr/include/c++/4.8/bitset:1521:5: note: template<class _CharT, class _Traits, long unsigned int _Nb> std::basic_ostream<_CharT, _Traits>& std::operator<<(std::basic_ostream<_CharT, _Traits>&, const std::bitset<_Nb>&)
     operator<<(std::basic_ostream<_CharT, _Traits>& __os,
     ^
/usr/include/c++/4.8/bitset:1521:5: note:   template argument deduction/substitution failed:
/home/tuofeichen/SLAM/MAV-Project/catkin_ws/src/backend/src/main.cpp:279:60: note:   couldn't deduce template parameter ‘_Nb’
    cout << "dummy frame? " << frame.getDummyFrameFlag() << end;
                                                            ^
In file included from /usr/include/c++/4.8/memory:82:0,
                 from /usr/include/boost/config/no_tr1/memory.hpp:21,
                 from /usr/include/boost/smart_ptr/shared_ptr.hpp:27,
                 from /usr/include/boost/shared_ptr.hpp:17,
                 from /usr/include/boost/format/alt_sstream.hpp:21,
                 from /usr/include/boost/format/internals.hpp:23,
                 from /usr/include/boost/format.hpp:38,
                 from /usr/include/boost/math/policies/error_handling.hpp:31,
                 from /usr/include/boost/math/special_functions/round.hpp:14,
                 from /opt/ros/indigo/include/ros/time.h:58,
                 from /opt/ros/indigo/include/ros/ros.h:38,
                 from /home/tuofeichen/SLAM/MAV-Project/catkin_ws/src/backend/src/main.cpp:13:
/usr/include/c++/4.8/bits/shared_ptr.h:66:5: note: template<class _Ch, class _Tr, class _Tp, __gnu_cxx::_Lock_policy _Lp> std::basic_ostream<_CharT, _Traits>& std::operator<<(std::basic_ostream<_CharT, _Traits>&, const std::__shared_ptr<_Tp, _Lp>&)
     operator<<(std::basic_ostream<_Ch, _Tr>& __os,
     ^
/usr/include/c++/4.8/bits/shared_ptr.h:66:5: note:   template argument deduction/substitution failed:
/home/tuofeichen/SLAM/MAV-Project/catkin_ws/src/backend/src/main.cpp:279:60: note:   couldn't deduce template parameter ‘_Tp’
    cout << "dummy frame? " << frame.getDummyFrameFlag() << end;
                                                            ^
In file included from /usr/include/boost/math/policies/error_handling.hpp:12:0,
                 from /usr/include/boost/math/special_functions/round.hpp:14,
                 from /opt/ros/indigo/include/ros/time.h:58,
                 from /opt/ros/indigo/include/ros/ros.h:38,
                 from /home/tuofeichen/SLAM/MAV-Project/catkin_ws/src/backend/src/main.cpp:13:
/usr/include/c++/4.8/iomanip:308:5: note: template<class _CharT, class _Traits, class _MoneyT> std::basic_ostream<_CharT, _Traits>& std::operator<<(std::basic_ostream<_CharT, _Traits>&, std::_Put_money<_MoneyT>)
     operator<<(basic_ostream<_CharT, _Traits>& __os, _Put_money<_MoneyT> __f)
     ^
/usr/include/c++/4.8/iomanip:308:5: note:   template argument deduction/substitution failed:
/home/tuofeichen/SLAM/MAV-Project/catkin_ws/src/backend/src/main.cpp:279:60: note:   couldn't deduce template parameter ‘_MoneyT’
    cout << "dummy frame? " << frame.getDummyFrameFlag() << end;
                                                            ^
In file included from /usr/include/boost/math/policies/error_handling.hpp:12:0,
                 from /usr/include/boost/math/special_functions/round.hpp:14,
                 from /opt/ros/indigo/include/ros/time.h:58,
                 from /opt/ros/indigo/include/ros/ros.h:38,
                 from /home/tuofeichen/SLAM/MAV-Project/catkin_ws/src/backend/src/main.cpp:13:
/usr/include/c++/4.8/iomanip:235:5: note: template<class _CharT, class _Traits> std::basic_ostream<_CharT, _Traits>& std::operator<<(std::basic_ostream<_CharT, _Traits>&, std::_Setw)
     operator<<(basic_ostream<_CharT, _Traits>& __os, _Setw __f)
     ^
/usr/include/c++/4.8/iomanip:235:5: note:   template argument deduction/substitution failed:
/home/tuofeichen/SLAM/MAV-Project/catkin_ws/src/backend/src/main.cpp:279:60: note:   cannot convert ‘std::end’ (type ‘<unresolved overloaded function type>’) to type ‘std::_Setw’
    cout << "dummy frame? " << frame.getDummyFrameFlag() << end;
                                                            ^
In file included from /usr/include/boost/math/policies/error_handling.hpp:12:0,
                 from /usr/include/boost/math/special_functions/round.hpp:14,
                 from /opt/ros/indigo/include/ros/time.h:58,
                 from /opt/ros/indigo/include/ros/ros.h:38,
                 from /home/tuofeichen/SLAM/MAV-Project/catkin_ws/src/backend/src/main.cpp:13:
/usr/include/c++/4.8/iomanip:205:5: note: template<class _CharT, class _Traits> std::basic_ostream<_CharT, _Traits>& std::operator<<(std::basic_ostream<_CharT, _Traits>&, std::_Setprecision)
     operator<<(basic_ostream<_CharT, _Traits>& __os, _Setprecision __f)
     ^
/usr/include/c++/4.8/iomanip:205:5: note:   template argument deduction/substitution failed:
/home/tuofeichen/SLAM/MAV-Project/catkin_ws/src/backend/src/main.cpp:279:60: note:   cannot convert ‘std::end’ (type ‘<unresolved overloaded function type>’) to type ‘std::_Setprecision’
    cout << "dummy frame? " << frame.getDummyFrameFlag() << end;
                                                            ^
In file included from /usr/include/boost/math/policies/error_handling.hpp:12:0,
                 from /usr/include/boost/math/special_functions/round.hpp:14,
                 from /opt/ros/indigo/include/ros/time.h:58,
                 from /opt/ros/indigo/include/ros/ros.h:38,
                 from /home/tuofeichen/SLAM/MAV-Project/catkin_ws/src/backend/src/main.cpp:13:
/usr/include/c++/4.8/iomanip:175:5: note: std::basic_ostream<_CharT, _Traits>& std::operator<<(std::basic_ostream<_CharT, _Traits>&, std::_Setfill<_CharT>) [with _CharT = char; _Traits = std::char_traits<char>]
     operator<<(basic_ostream<_CharT, _Traits>& __os, _Setfill<_CharT> __f)
     ^
/usr/include/c++/4.8/iomanip:175:5: note:   no known conversion for argument 2 from ‘<unresolved overloaded function type>’ to ‘std::_Setfill<char>’
/usr/include/c++/4.8/iomanip:140:5: note: template<class _CharT, class _Traits> std::basic_ostream<_CharT, _Traits>& std::operator<<(std::basic_ostream<_CharT, _Traits>&, std::_Setbase)
     operator<<(basic_ostream<_CharT, _Traits>& __os, _Setbase __f)
     ^
/usr/include/c++/4.8/iomanip:140:5: note:   template argument deduction/substitution failed:
/home/tuofeichen/SLAM/MAV-Project/catkin_ws/src/backend/src/main.cpp:279:60: note:   cannot convert ‘std::end’ (type ‘<unresolved overloaded function type>’) to type ‘std::_Setbase’
    cout << "dummy frame? " << frame.getDummyFrameFlag() << end;
                                                            ^
In file included from /usr/include/boost/math/policies/error_handling.hpp:12:0,
                 from /usr/include/boost/math/special_functions/round.hpp:14,
                 from /opt/ros/indigo/include/ros/time.h:58,
                 from /opt/ros/indigo/include/ros/ros.h:38,
                 from /home/tuofeichen/SLAM/MAV-Project/catkin_ws/src/backend/src/main.cpp:13:
/usr/include/c++/4.8/iomanip:106:5: note: template<class _CharT, class _Traits> std::basic_ostream<_CharT, _Traits>& std::operator<<(std::basic_ostream<_CharT, _Traits>&, std::_Setiosflags)
     operator<<(basic_ostream<_CharT, _Traits>& __os, _Setiosflags __f)
     ^
/usr/include/c++/4.8/iomanip:106:5: note:   template argument deduction/substitution failed:
/home/tuofeichen/SLAM/MAV-Project/catkin_ws/src/backend/src/main.cpp:279:60: note:   cannot convert ‘std::end’ (type ‘<unresolved overloaded function type>’) to type ‘std::_Setiosflags’
    cout << "dummy frame? " << frame.getDummyFrameFlag() << end;
                                                            ^
In file included from /usr/include/boost/math/policies/error_handling.hpp:12:0,
                 from /usr/include/boost/math/special_functions/round.hpp:14,
                 from /opt/ros/indigo/include/ros/time.h:58,
                 from /opt/ros/indigo/include/ros/ros.h:38,
                 from /home/tuofeichen/SLAM/MAV-Project/catkin_ws/src/backend/src/main.cpp:13:
/usr/include/c++/4.8/iomanip:76:5: note: template<class _CharT, class _Traits> std::basic_ostream<_CharT, _Traits>& std::operator<<(std::basic_ostream<_CharT, _Traits>&, std::_Resetiosflags)
     operator<<(basic_ostream<_CharT, _Traits>& __os, _Resetiosflags __f)
     ^
/usr/include/c++/4.8/iomanip:76:5: note:   template argument deduction/substitution failed:
/home/tuofeichen/SLAM/MAV-Project/catkin_ws/src/backend/src/main.cpp:279:60: note:   cannot convert ‘std::end’ (type ‘<unresolved overloaded function type>’) to type ‘std::_Resetiosflags’
    cout << "dummy frame? " << frame.getDummyFrameFlag() << end;
                                                            ^
In file included from /opt/opencv3/include/opencv2/core/cvstd.inl.hpp:48:0,
                 from /opt/opencv3/include/opencv2/core.hpp:3107,
                 from /opt/opencv3/include/opencv2/highgui.hpp:46,
                 from /home/tuofeichen/SLAM/MAV-Project/catkin_ws/src/backend/src/main.cpp:12:
/usr/include/c++/4.8/complex:524:5: note: template<class _Tp, class _CharT, class _Traits> std::basic_ostream<_CharT, _Traits>& std::operator<<(std::basic_ostream<_CharT, _Traits>&, const std::complex<_Tp>&)
     operator<<(basic_ostream<_CharT, _Traits>& __os, const complex<_Tp>& __x)
     ^
/usr/include/c++/4.8/complex:524:5: note:   template argument deduction/substitution failed:
/home/tuofeichen/SLAM/MAV-Project/catkin_ws/src/backend/src/main.cpp:279:60: note:   couldn't deduce template parameter ‘_Tp’
    cout << "dummy frame? " << frame.getDummyFrameFlag() << end;
                                                            ^
In file included from /usr/include/c++/4.8/random:52:0,
                 from /usr/include/c++/4.8/bits/stl_algo.h:65,
                 from /usr/include/c++/4.8/algorithm:62,
                 from /opt/opencv3/include/opencv2/hal/defs.h:570,
                 from /opt/opencv3/include/opencv2/core/cvdef.h:59,
                 from /opt/opencv3/include/opencv2/core.hpp:52,
                 from /opt/opencv3/include/opencv2/highgui.hpp:46,
                 from /home/tuofeichen/SLAM/MAV-Project/catkin_ws/src/backend/src/main.cpp:12:
/usr/include/c++/4.8/bits/random.tcc:3312:5: note: template<class _RealType, class _CharT, class _Traits> std::basic_ostream<_CharT, _Traits>& std::operator<<(std::basic_ostream<_CharT, _Traits>&, const std::piecewise_linear_distribution<_RealType>&)
     operator<<(std::basic_ostream<_CharT, _Traits>& __os,
     ^
/usr/include/c++/4.8/bits/random.tcc:3312:5: note:   template argument deduction/substitution failed:
/home/tuofeichen/SLAM/MAV-Project/catkin_ws/src/backend/src/main.cpp:279:60: note:   couldn't deduce template parameter ‘_RealType’
    cout << "dummy frame? " << frame.getDummyFrameFlag() << end;
                                                            ^
In file included from /usr/include/c++/4.8/random:52:0,
                 from /usr/include/c++/4.8/bits/stl_algo.h:65,
                 from /usr/include/c++/4.8/algorithm:62,
                 from /opt/opencv3/include/opencv2/hal/defs.h:570,
                 from /opt/opencv3/include/opencv2/core/cvdef.h:59,
                 from /opt/opencv3/include/opencv2/core.hpp:52,
                 from /opt/opencv3/include/opencv2/highgui.hpp:46,
                 from /home/tuofeichen/SLAM/MAV-Project/catkin_ws/src/backend/src/main.cpp:12:
/usr/include/c++/4.8/bits/random.tcc:3096:5: note: template<class _RealType, class _CharT, class _Traits> std::basic_ostream<_CharT, _Traits>& std::operator<<(std::basic_ostream<_CharT, _Traits>&, const std::piecewise_constant_distribution<_RealType>&)
     operator<<(std::basic_ostream<_CharT, _Traits>& __os,
     ^
/usr/include/c++/4.8/bits/random.tcc:3096:5: note:   template argument deduction/substitution failed:
/home/tuofeichen/SLAM/MAV-Project/catkin_ws/src/backend/src/main.cpp:279:60: note:   couldn't deduce template parameter ‘_RealType’
    cout << "dummy frame? " << frame.getDummyFrameFlag() << end;
                                                            ^
In file included from /usr/include/c++/4.8/random:52:0,
                 from /usr/include/c++/4.8/bits/stl_algo.h:65,
                 from /usr/include/c++/4.8/algorithm:62,
                 from /opt/opencv3/include/opencv2/hal/defs.h:570,
                 from /opt/opencv3/include/opencv2/core/cvdef.h:59,
                 from /opt/opencv3/include/opencv2/core.hpp:52,
                 from /opt/opencv3/include/opencv2/highgui.hpp:46,
                 from /home/tuofeichen/SLAM/MAV-Project/catkin_ws/src/backend/src/main.cpp:12:
/usr/include/c++/4.8/bits/random.tcc:2886:5: note: template<class _IntType, class _CharT, class _Traits> std::basic_ostream<_CharT, _Traits>& std::operator<<(std::basic_ostream<_CharT, _Traits>&, const std::discrete_distribution<_IntType>&)
     operator<<(std::basic_ostream<_CharT, _Traits>& __os,
     ^
/usr/include/c++/4.8/bits/random.tcc:2886:5: note:   template argument deduction/substitution failed:
/home/tuofeichen/SLAM/MAV-Project/catkin_ws/src/backend/src/main.cpp:279:60: note:   couldn't deduce template parameter ‘_IntType’
    cout << "dummy frame? " << frame.getDummyFrameFlag() << end;
                                                            ^
In file included from /usr/include/c++/4.8/random:52:0,
                 from /usr/include/c++/4.8/bits/stl_algo.h:65,
                 from /usr/include/c++/4.8/algorithm:62,
                 from /opt/opencv3/include/opencv2/hal/defs.h:570,
                 from /opt/opencv3/include/opencv2/core/cvdef.h:59,
                 from /opt/opencv3/include/opencv2/core.hpp:52,
                 from /opt/opencv3/include/opencv2/highgui.hpp:46,
                 from /home/tuofeichen/SLAM/MAV-Project/catkin_ws/src/backend/src/main.cpp:12:
/usr/include/c++/4.8/bits/random.tcc:2427:5: note: template<class _RealType, class _CharT, class _Traits> std::basic_ostream<_CharT, _Traits>& std::operator<<(std::basic_ostream<_CharT, _Traits>&, const std::student_t_distribution<_RealType>&)
     operator<<(std::basic_ostream<_CharT, _Traits>& __os,
     ^
/usr/include/c++/4.8/bits/random.tcc:2427:5: note:   template argument deduction/substitution failed:
/home/tuofeichen/SLAM/MAV-Project/catkin_ws/src/backend/src/main.cpp:279:60: note:   couldn't deduce template parameter ‘_RealType’
    cout << "dummy frame? " << frame.getDummyFrameFlag() << end;
                                                            ^
In file included from /usr/include/c++/4.8/random:52:0,
                 from /usr/include/c++/4.8/bits/stl_algo.h:65,
                 from /usr/include/c++/4.8/algorithm:62,
                 from /opt/opencv3/include/opencv2/hal/defs.h:570,
                 from /opt/opencv3/include/opencv2/core/cvdef.h:59,
                 from /opt/opencv3/include/opencv2/core.hpp:52,
                 from /opt/opencv3/include/opencv2/highgui.hpp:46,
                 from /home/tuofeichen/SLAM/MAV-Project/catkin_ws/src/backend/src/main.cpp:12:
/usr/include/c++/4.8/bits/random.tcc:2352:5: note: template<class _RealType, class _CharT, class _Traits> std::basic_ostream<_CharT, _Traits>& std::operator<<(std::basic_ostream<_CharT, _Traits>&, const std::fisher_f_distribution<_RealType>&)
     operator<<(std::basic_ostream<_CharT, _Traits>& __os,
     ^
/usr/include/c++/4.8/bits/random.tcc:2352:5: note:   template argument deduction/substitution failed:
/home/tuofeichen/SLAM/MAV-Project/catkin_ws/src/backend/src/main.cpp:279:60: note:   couldn't deduce template parameter ‘_RealType’
    cout << "dummy frame? " << frame.getDummyFrameFlag() << end;
                                                            ^
In file included from /usr/include/c++/4.8/random:52:0,
                 from /usr/include/c++/4.8/bits/stl_algo.h:65,
                 from /usr/include/c++/4.8/algorithm:62,
                 from /opt/opencv3/include/opencv2/hal/defs.h:570,
                 from /opt/opencv3/include/opencv2/core/cvdef.h:59,
                 from /opt/opencv3/include/opencv2/core.hpp:52,
                 from /opt/opencv3/include/opencv2/highgui.hpp:46,
                 from /home/tuofeichen/SLAM/MAV-Project/catkin_ws/src/backend/src/main.cpp:12:
/usr/include/c++/4.8/bits/random.tcc:2188:5: note: template<class _RealType, class _CharT, class _Traits> std::basic_ostream<_CharT, _Traits>& std::operator<<(std::basic_ostream<_CharT, _Traits>&, const std::chi_squared_distribution<_RealType>&)
     operator<<(std::basic_ostream<_CharT, _Traits>& __os,
     ^
/usr/include/c++/4.8/bits/random.tcc:2188:5: note:   template argument deduction/substitution failed:
/home/tuofeichen/SLAM/MAV-Project/catkin_ws/src/backend/src/main.cpp:279:60: note:   couldn't deduce template parameter ‘_RealType’
    cout << "dummy frame? " << frame.getDummyFrameFlag() << end;
                                                            ^
In file included from /usr/include/c++/4.8/random:52:0,
                 from /usr/include/c++/4.8/bits/stl_algo.h:65,
                 from /usr/include/c++/4.8/algorithm:62,
                 from /opt/opencv3/include/opencv2/hal/defs.h:570,
                 from /opt/opencv3/include/opencv2/core/cvdef.h:59,
                 from /opt/opencv3/include/opencv2/core.hpp:52,
                 from /opt/opencv3/include/opencv2/highgui.hpp:46,
                 from /home/tuofeichen/SLAM/MAV-Project/catkin_ws/src/backend/src/main.cpp:12:
/usr/include/c++/4.8/bits/random.tcc:2115:5: note: template<class _RealType, class _CharT, class _Traits> std::basic_ostream<_CharT, _Traits>& std::operator<<(std::basic_ostream<_CharT, _Traits>&, const std::lognormal_distribution<_RealType>&)
     operator<<(std::basic_ostream<_CharT, _Traits>& __os,
     ^
/usr/include/c++/4.8/bits/random.tcc:2115:5: note:   template argument deduction/substitution failed:
/home/tuofeichen/SLAM/MAV-Project/catkin_ws/src/backend/src/main.cpp:279:60: note:   couldn't deduce template parameter ‘_RealType’
    cout << "dummy frame? " << frame.getDummyFrameFlag() << end;
                                                            ^
In file included from /usr/include/c++/4.8/random:52:0,
                 from /usr/include/c++/4.8/bits/stl_algo.h:65,
                 from /usr/include/c++/4.8/algorithm:62,
                 from /opt/opencv3/include/opencv2/hal/defs.h:570,
                 from /opt/opencv3/include/opencv2/core/cvdef.h:59,
                 from /opt/opencv3/include/opencv2/core.hpp:52,
                 from /opt/opencv3/include/opencv2/highgui.hpp:46,
                 from /home/tuofeichen/SLAM/MAV-Project/catkin_ws/src/backend/src/main.cpp:12:
/usr/include/c++/4.8/bits/random.tcc:1819:5: note: template<class _IntType, class _CharT, class _Traits> std::basic_ostream<_CharT, _Traits>& std::operator<<(std::basic_ostream<_CharT, _Traits>&, const std::binomial_distribution<_IntType>&)
     operator<<(std::basic_ostream<_CharT, _Traits>& __os,
     ^
/usr/include/c++/4.8/bits/random.tcc:1819:5: note:   template argument deduction/substitution failed:
/home/tuofeichen/SLAM/MAV-Project/catkin_ws/src/backend/src/main.cpp:279:60: note:   couldn't deduce template parameter ‘_IntType’
    cout << "dummy frame? " << frame.getDummyFrameFlag() << end;
                                                            ^
In file included from /usr/include/c++/4.8/random:52:0,
                 from /usr/include/c++/4.8/bits/stl_algo.h:65,
                 from /usr/include/c++/4.8/algorithm:62,
                 from /opt/opencv3/include/opencv2/hal/defs.h:570,
                 from /opt/opencv3/include/opencv2/core/cvdef.h:59,
                 from /opt/opencv3/include/opencv2/core.hpp:52,
                 from /opt/opencv3/include/opencv2/highgui.hpp:46,
                 from /home/tuofeichen/SLAM/MAV-Project/catkin_ws/src/backend/src/main.cpp:12:
/usr/include/c++/4.8/bits/random.tcc:1552:5: note: template<class _IntType, class _CharT, class _Traits> std::basic_ostream<_CharT, _Traits>& std::operator<<(std::basic_ostream<_CharT, _Traits>&, const std::poisson_distribution<_IntType>&)
     operator<<(std::basic_ostream<_CharT, _Traits>& __os,
     ^
/usr/include/c++/4.8/bits/random.tcc:1552:5: note:   template argument deduction/substitution failed:
/home/tuofeichen/SLAM/MAV-Project/catkin_ws/src/backend/src/main.cpp:279:60: note:   couldn't deduce template parameter ‘_IntType’
    cout << "dummy frame? " << frame.getDummyFrameFlag() << end;
                                                            ^
In file included from /usr/include/c++/4.8/random:52:0,
                 from /usr/include/c++/4.8/bits/stl_algo.h:65,
                 from /usr/include/c++/4.8/algorithm:62,
                 from /opt/opencv3/include/opencv2/hal/defs.h:570,
                 from /opt/opencv3/include/opencv2/core/cvdef.h:59,
                 from /opt/opencv3/include/opencv2/core.hpp:52,
                 from /opt/opencv3/include/opencv2/highgui.hpp:46,
                 from /home/tuofeichen/SLAM/MAV-Project/catkin_ws/src/backend/src/main.cpp:12:
/usr/include/c++/4.8/bits/random.tcc:1347:5: note: template<class _IntType, class _CharT, class _Traits> std::basic_ostream<_CharT, _Traits>& std::operator<<(std::basic_ostream<_CharT, _Traits>&, const std::negative_binomial_distribution<_IntType>&)
     operator<<(std::basic_ostream<_CharT, _Traits>& __os,
     ^
/usr/include/c++/4.8/bits/random.tcc:1347:5: note:   template argument deduction/substitution failed:
/home/tuofeichen/SLAM/MAV-Project/catkin_ws/src/backend/src/main.cpp:279:60: note:   couldn't deduce template parameter ‘_IntType’
    cout << "dummy frame? " << frame.getDummyFrameFlag() << end;
                                                            ^
In file included from /usr/include/c++/4.8/random:52:0,
                 from /usr/include/c++/4.8/bits/stl_algo.h:65,
                 from /usr/include/c++/4.8/algorithm:62,
                 from /opt/opencv3/include/opencv2/hal/defs.h:570,
                 from /opt/opencv3/include/opencv2/core/cvdef.h:59,
                 from /opt/opencv3/include/opencv2/core.hpp:52,
                 from /opt/opencv3/include/opencv2/highgui.hpp:46,
                 from /home/tuofeichen/SLAM/MAV-Project/catkin_ws/src/backend/src/main.cpp:12:
/usr/include/c++/4.8/bits/random.tcc:831:5: note: template<class _RandomNumberEngine, long unsigned int __k, class _CharT, class _Traits> std::basic_ostream<_CharT, _Traits>& std::operator<<(std::basic_ostream<_CharT, _Traits>&, const std::shuffle_order_engine<_RandomNumberEngine, __k>&)
     operator<<(std::basic_ostream<_CharT, _Traits>& __os,
     ^
/usr/include/c++/4.8/bits/random.tcc:831:5: note:   template argument deduction/substitution failed:
/home/tuofeichen/SLAM/MAV-Project/catkin_ws/src/backend/src/main.cpp:279:60: note:   couldn't deduce template parameter ‘_RandomNumberEngine’
    cout << "dummy frame? " << frame.getDummyFrameFlag() << end;
                                                            ^
In file included from /usr/include/c++/4.8/random:52:0,
                 from /usr/include/c++/4.8/bits/stl_algo.h:65,
                 from /usr/include/c++/4.8/algorithm:62,
                 from /opt/opencv3/include/opencv2/hal/defs.h:570,
                 from /opt/opencv3/include/opencv2/core/cvdef.h:59,
                 from /opt/opencv3/include/opencv2/core.hpp:52,
                 from /opt/opencv3/include/opencv2/highgui.hpp:46,
                 from /home/tuofeichen/SLAM/MAV-Project/catkin_ws/src/backend/src/main.cpp:12:
/usr/include/c++/4.8/bits/random.tcc:702:5: note: template<class _RandomNumberEngine, long unsigned int __p, long unsigned int __r, class _CharT, class _Traits> std::basic_ostream<_CharT, _Traits>& std::operator<<(std::basic_ostream<_CharT, _Traits>&, const std::discard_block_engine<_RandomNumberEngine, __p, __r>&)
     operator<<(std::basic_ostream<_CharT, _Traits>& __os,
     ^
/usr/include/c++/4.8/bits/random.tcc:702:5: note:   template argument deduction/substitution failed:
/home/tuofeichen/SLAM/MAV-Project/catkin_ws/src/backend/src/main.cpp:279:60: note:   couldn't deduce template parameter ‘_RandomNumberEngine’
    cout << "dummy frame? " << frame.getDummyFrameFlag() << end;
                                                            ^
In file included from /usr/include/c++/4.8/random:52:0,
                 from /usr/include/c++/4.8/bits/stl_algo.h:65,
                 from /usr/include/c++/4.8/algorithm:62,
                 from /opt/opencv3/include/opencv2/hal/defs.h:570,
                 from /opt/opencv3/include/opencv2/core/cvdef.h:59,
                 from /opt/opencv3/include/opencv2/core.hpp:52,
                 from /opt/opencv3/include/opencv2/highgui.hpp:46,
                 from /home/tuofeichen/SLAM/MAV-Project/catkin_ws/src/backend/src/main.cpp:12:
/usr/include/c++/4.8/bits/random.tcc:632:5: note: template<class _UIntType, long unsigned int __w, long unsigned int __s, long unsigned int __r, class _CharT, class _Traits> std::basic_ostream<_CharT, _Traits>& std::operator<<(std::basic_ostream<_CharT, _Traits>&, const std::subtract_with_carry_engine<_UIntType, __w, __s, __r>&)
     operator<<(std::basic_ostream<_CharT, _Traits>& __os,
     ^
/usr/include/c++/4.8/bits/random.tcc:632:5: note:   template argument deduction/substitution failed:
/home/tuofeichen/SLAM/MAV-Project/catkin_ws/src/backend/src/main.cpp:279:60: note:   couldn't deduce template parameter ‘_UIntType’
    cout << "dummy frame? " << frame.getDummyFrameFlag() << end;
                                                            ^
In file included from /usr/include/c++/4.8/random:52:0,
                 from /usr/include/c++/4.8/bits/stl_algo.h:65,
                 from /usr/include/c++/4.8/algorithm:62,
                 from /opt/opencv3/include/opencv2/hal/defs.h:570,
                 from /opt/opencv3/include/opencv2/core/cvdef.h:59,
                 from /opt/opencv3/include/opencv2/core.hpp:52,
                 from /opt/opencv3/include/opencv2/highgui.hpp:46,
                 from /home/tuofeichen/SLAM/MAV-Project/catkin_ws/src/backend/src/main.cpp:12:
/usr/include/c++/4.8/bits/random.tcc:156:5: note: template<class _UIntType, _UIntType __a, _UIntType __c, _UIntType __m, class _CharT, class _Traits> std::basic_ostream<_CharT, _Traits>& std::operator<<(std::basic_ostream<_CharT, _Traits>&, const std::linear_congruential_engine<_UIntType, __a, __c, __m>&)
     operator<<(std::basic_ostream<_CharT, _Traits>& __os,
     ^
/usr/include/c++/4.8/bits/random.tcc:156:5: note:   template argument deduction/substitution failed:
/home/tuofeichen/SLAM/MAV-Project/catkin_ws/src/backend/src/main.cpp:279:60: note:   couldn't deduce template parameter ‘_UIntType’
    cout << "dummy frame? " << frame.getDummyFrameFlag() << end;
                                                            ^
In file included from /usr/include/c++/4.8/random:52:0,
                 from /usr/include/c++/4.8/bits/stl_algo.h:65,
                 from /usr/include/c++/4.8/algorithm:62,
                 from /opt/opencv3/include/opencv2/hal/defs.h:570,
                 from /opt/opencv3/include/opencv2/core/cvdef.h:59,
                 from /opt/opencv3/include/opencv2/core.hpp:52,
                 from /opt/opencv3/include/opencv2/highgui.hpp:46,
                 from /home/tuofeichen/SLAM/MAV-Project/catkin_ws/src/backend/src/main.cpp:12:
/usr/include/c++/4.8/bits/random.tcc:2750:5: note: template<class _RealType, class _CharT, class _Traits> std::basic_ostream<_CharT, _Traits>& std::operator<<(std::basic_ostream<_CharT, _Traits>&, const std::extreme_value_distribution<_RealType>&)
     operator<<(std::basic_ostream<_CharT, _Traits>& __os,
     ^
/usr/include/c++/4.8/bits/random.tcc:2750:5: note:   template argument deduction/substitution failed:
/home/tuofeichen/SLAM/MAV-Project/catkin_ws/src/backend/src/main.cpp:279:60: note:   couldn't deduce template parameter ‘_RealType’
    cout << "dummy frame? " << frame.getDummyFrameFlag() << end;
                                                            ^
In file included from /usr/include/c++/4.8/random:52:0,
                 from /usr/include/c++/4.8/bits/stl_algo.h:65,
                 from /usr/include/c++/4.8/algorithm:62,
                 from /opt/opencv3/include/opencv2/hal/defs.h:570,
                 from /opt/opencv3/include/opencv2/core/cvdef.h:59,
                 from /opt/opencv3/include/opencv2/core.hpp:52,
                 from /opt/opencv3/include/opencv2/highgui.hpp:46,
                 from /home/tuofeichen/SLAM/MAV-Project/catkin_ws/src/backend/src/main.cpp:12:
/usr/include/c++/4.8/bits/random.tcc:2674:5: note: template<class _RealType, class _CharT, class _Traits> std::basic_ostream<_CharT, _Traits>& std::operator<<(std::basic_ostream<_CharT, _Traits>&, const std::weibull_distribution<_RealType>&)
     operator<<(std::basic_ostream<_CharT, _Traits>& __os,
     ^
/usr/include/c++/4.8/bits/random.tcc:2674:5: note:   template argument deduction/substitution failed:
/home/tuofeichen/SLAM/MAV-Project/catkin_ws/src/backend/src/main.cpp:279:60: note:   couldn't deduce template parameter ‘_RealType’
    cout << "dummy frame? " << frame.getDummyFrameFlag() << end;
                                                            ^
In file included from /usr/include/c++/4.8/random:52:0,
                 from /usr/include/c++/4.8/bits/stl_algo.h:65,
                 from /usr/include/c++/4.8/algorithm:62,
                 from /opt/opencv3/include/opencv2/hal/defs.h:570,
                 from /opt/opencv3/include/opencv2/core/cvdef.h:59,
                 from /opt/opencv3/include/opencv2/core.hpp:52,
                 from /opt/opencv3/include/opencv2/highgui.hpp:46,
                 from /home/tuofeichen/SLAM/MAV-Project/catkin_ws/src/backend/src/main.cpp:12:
/usr/include/c++/4.8/bits/random.tcc:1883:5: note: template<class _RealType, class _CharT, class _Traits> std::basic_ostream<_CharT, _Traits>& std::operator<<(std::basic_ostream<_CharT, _Traits>&, const std::exponential_distribution<_RealType>&)
     operator<<(std::basic_ostream<_CharT, _Traits>& __os,
     ^
/usr/include/c++/4.8/bits/random.tcc:1883:5: note:   template argument deduction/substitution failed:
/home/tuofeichen/SLAM/MAV-Project/catkin_ws/src/backend/src/main.cpp:279:60: note:   couldn't deduce template parameter ‘_RealType’
    cout << "dummy frame? " << frame.getDummyFrameFlag() << end;
                                                            ^
In file included from /usr/include/c++/4.8/random:52:0,
                 from /usr/include/c++/4.8/bits/stl_algo.h:65,
                 from /usr/include/c++/4.8/algorithm:62,
                 from /opt/opencv3/include/opencv2/hal/defs.h:570,
                 from /opt/opencv3/include/opencv2/core/cvdef.h:59,
                 from /opt/opencv3/include/opencv2/core.hpp:52,
                 from /opt/opencv3/include/opencv2/highgui.hpp:46,
                 from /home/tuofeichen/SLAM/MAV-Project/catkin_ws/src/backend/src/main.cpp:12:
/usr/include/c++/4.8/bits/random.tcc:2596:5: note: template<class _RealType1, class _CharT, class _Traits> std::basic_ostream<_CharT, _Traits>& std::operator<<(std::basic_ostream<_CharT, _Traits>&, const std::gamma_distribution<_RealType>&)
     operator<<(std::basic_ostream<_CharT, _Traits>& __os,
     ^
/usr/include/c++/4.8/bits/random.tcc:2596:5: note:   template argument deduction/substitution failed:
/home/tuofeichen/SLAM/MAV-Project/catkin_ws/src/backend/src/main.cpp:279:60: note:   couldn't deduce template parameter ‘_RealType1’
    cout << "dummy frame? " << frame.getDummyFrameFlag() << end;
                                                            ^
In file included from /usr/include/c++/4.8/random:52:0,
                 from /usr/include/c++/4.8/bits/stl_algo.h:65,
                 from /usr/include/c++/4.8/algorithm:62,
                 from /opt/opencv3/include/opencv2/hal/defs.h:570,
                 from /opt/opencv3/include/opencv2/core/cvdef.h:59,
                 from /opt/opencv3/include/opencv2/core.hpp:52,
                 from /opt/opencv3/include/opencv2/highgui.hpp:46,
                 from /home/tuofeichen/SLAM/MAV-Project/catkin_ws/src/backend/src/main.cpp:12:
/usr/include/c++/4.8/bits/random.tcc:1232:5: note: template<class _IntType, class _CharT, class _Traits> std::basic_ostream<_CharT, _Traits>& std::operator<<(std::basic_ostream<_CharT, _Traits>&, const std::geometric_distribution<_IntType>&)
     operator<<(std::basic_ostream<_CharT, _Traits>& __os,
     ^
/usr/include/c++/4.8/bits/random.tcc:1232:5: note:   template argument deduction/substitution failed:
/home/tuofeichen/SLAM/MAV-Project/catkin_ws/src/backend/src/main.cpp:279:60: note:   couldn't deduce template parameter ‘_IntType’
    cout << "dummy frame? " << frame.getDummyFrameFlag() << end;
                                                            ^
In file included from /usr/include/c++/4.8/random:52:0,
                 from /usr/include/c++/4.8/bits/stl_algo.h:65,
                 from /usr/include/c++/4.8/algorithm:62,
                 from /opt/opencv3/include/opencv2/hal/defs.h:570,
                 from /opt/opencv3/include/opencv2/core/cvdef.h:59,
                 from /opt/opencv3/include/opencv2/core.hpp:52,
                 from /opt/opencv3/include/opencv2/highgui.hpp:46,
                 from /home/tuofeichen/SLAM/MAV-Project/catkin_ws/src/backend/src/main.cpp:12:
/usr/include/c++/4.8/bits/random.tcc:2050:5: note: template<class _RealType1, class _CharT, class _Traits> std::basic_ostream<_CharT, _Traits>& std::operator<<(std::basic_ostream<_CharT, _Traits>&, const std::normal_distribution<_RealType>&)
     operator<<(std::basic_ostream<_CharT, _Traits>& __os,
     ^
/usr/include/c++/4.8/bits/random.tcc:2050:5: note:   template argument deduction/substitution failed:
/home/tuofeichen/SLAM/MAV-Project/catkin_ws/src/backend/src/main.cpp:279:60: note:   couldn't deduce template parameter ‘_RealType1’
    cout << "dummy frame? " << frame.getDummyFrameFlag() << end;
                                                            ^
In file included from /usr/include/c++/4.8/random:52:0,
                 from /usr/include/c++/4.8/bits/stl_algo.h:65,
                 from /usr/include/c++/4.8/algorithm:62,
                 from /opt/opencv3/include/opencv2/hal/defs.h:570,
                 from /opt/opencv3/include/opencv2/core/cvdef.h:59,
                 from /opt/opencv3/include/opencv2/core.hpp:52,
                 from /opt/opencv3/include/opencv2/highgui.hpp:46,
                 from /home/tuofeichen/SLAM/MAV-Project/catkin_ws/src/backend/src/main.cpp:12:
/usr/include/c++/4.8/bits/random.tcc:1150:5: note: template<class _CharT, class _Traits> std::basic_ostream<_CharT, _Traits>& std::operator<<(std::basic_ostream<_CharT, _Traits>&, const std::bernoulli_distribution&)
     operator<<(std::basic_ostream<_CharT, _Traits>& __os,
     ^
/usr/include/c++/4.8/bits/random.tcc:1150:5: note:   template argument deduction/substitution failed:
/home/tuofeichen/SLAM/MAV-Project/catkin_ws/src/backend/src/main.cpp:279:60: note:   cannot convert ‘std::end’ (type ‘<unresolved overloaded function type>’) to type ‘const std::bernoulli_distribution&’
    cout << "dummy frame? " << frame.getDummyFrameFlag() << end;
                                                            ^
In file included from /usr/include/c++/4.8/random:52:0,
                 from /usr/include/c++/4.8/bits/stl_algo.h:65,
                 from /usr/include/c++/4.8/algorithm:62,
                 from /opt/opencv3/include/opencv2/hal/defs.h:570,
                 from /opt/opencv3/include/opencv2/core/cvdef.h:59,
                 from /opt/opencv3/include/opencv2/core.hpp:52,
                 from /opt/opencv3/include/opencv2/highgui.hpp:46,
                 from /home/tuofeichen/SLAM/MAV-Project/catkin_ws/src/backend/src/main.cpp:12:
/usr/include/c++/4.8/bits/random.tcc:2275:5: note: template<class _RealType, class _CharT, class _Traits> std::basic_ostream<_CharT, _Traits>& std::operator<<(std::basic_ostream<_CharT, _Traits>&, const std::cauchy_distribution<_RealType>&)
     operator<<(std::basic_ostream<_CharT, _Traits>& __os,
     ^
/usr/include/c++/4.8/bits/random.tcc:2275:5: note:   template argument deduction/substitution failed:
/home/tuofeichen/SLAM/MAV-Project/catkin_ws/src/backend/src/main.cpp:279:60: note:   couldn't deduce template parameter ‘_RealType’
    cout << "dummy frame? " << frame.getDummyFrameFlag() << end;
                                                            ^
In file included from /usr/include/c++/4.8/random:52:0,
                 from /usr/include/c++/4.8/bits/stl_algo.h:65,
                 from /usr/include/c++/4.8/algorithm:62,
                 from /opt/opencv3/include/opencv2/hal/defs.h:570,
                 from /opt/opencv3/include/opencv2/core/cvdef.h:59,
                 from /opt/opencv3/include/opencv2/core.hpp:52,
                 from /opt/opencv3/include/opencv2/highgui.hpp:46,
                 from /home/tuofeichen/SLAM/MAV-Project/catkin_ws/src/backend/src/main.cpp:12:
/usr/include/c++/4.8/bits/random.tcc:1088:5: note: template<class _RealType, class _CharT, class _Traits> std::basic_ostream<_CharT, _Traits>& std::operator<<(std::basic_ostream<_CharT, _Traits>&, const std::uniform_real_distribution<_IntType>&)
     operator<<(std::basic_ostream<_CharT, _Traits>& __os,
     ^
/usr/include/c++/4.8/bits/random.tcc:1088:5: note:   template argument deduction/substitution failed:
/home/tuofeichen/SLAM/MAV-Project/catkin_ws/src/backend/src/main.cpp:279:60: note:   couldn't deduce template parameter ‘_RealType’
    cout << "dummy frame? " << frame.getDummyFrameFlag() << end;
                                                            ^
In file included from /usr/include/c++/4.8/random:52:0,
                 from /usr/include/c++/4.8/bits/stl_algo.h:65,
                 from /usr/include/c++/4.8/algorithm:62,
                 from /opt/opencv3/include/opencv2/hal/defs.h:570,
                 from /opt/opencv3/include/opencv2/core/cvdef.h:59,
                 from /opt/opencv3/include/opencv2/core.hpp:52,
                 from /opt/opencv3/include/opencv2/highgui.hpp:46,
                 from /home/tuofeichen/SLAM/MAV-Project/catkin_ws/src/backend/src/main.cpp:12:
/usr/include/c++/4.8/bits/random.tcc:1029:5: note: template<class _IntType, class _CharT, class _Traits> std::basic_ostream<_CharT, _Traits>& std::operator<<(std::basic_ostream<_CharT, _Traits>&, const std::uniform_int_distribution<_IntType>&)
     operator<<(std::basic_ostream<_CharT, _Traits>& __os,
     ^
/usr/include/c++/4.8/bits/random.tcc:1029:5: note:   template argument deduction/substitution failed:
/home/tuofeichen/SLAM/MAV-Project/catkin_ws/src/backend/src/main.cpp:279:60: note:   couldn't deduce template parameter ‘_IntType’
    cout << "dummy frame? " << frame.getDummyFrameFlag() << end;
                                                            ^
In file included from /usr/include/c++/4.8/random:52:0,
                 from /usr/include/c++/4.8/bits/stl_algo.h:65,
                 from /usr/include/c++/4.8/algorithm:62,
                 from /opt/opencv3/include/opencv2/hal/defs.h:570,
                 from /opt/opencv3/include/opencv2/core/cvdef.h:59,
                 from /opt/opencv3/include/opencv2/core.hpp:52,
                 from /opt/opencv3/include/opencv2/highgui.hpp:46,
                 from /home/tuofeichen/SLAM/MAV-Project/catkin_ws/src/backend/src/main.cpp:12:
/usr/include/c++/4.8/bits/random.tcc:477:5: note: template<class _UIntType1, long unsigned int __w1, long unsigned int __n1, long unsigned int __m1, long unsigned int __r1, _UIntType1 __a1, long unsigned int __u1, _UIntType1 __d1, long unsigned int __s1, _UIntType1 __b1, long unsigned int __t1, _UIntType1 __c1, long unsigned int __l1, _UIntType1 __f1, class _CharT, class _Traits> std::basic_ostream<_CharT, _Traits>& std::operator<<(std::basic_ostream<_CharT, _Traits>&, const std::mersenne_twister_engine<_UIntType, __w, __n, __m, __r, __a, __u, __d, __s, __b, __t, __c, __l, __f>&)
     operator<<(std::basic_ostream<_CharT, _Traits>& __os,
     ^
/usr/include/c++/4.8/bits/random.tcc:477:5: note:   template argument deduction/substitution failed:
/home/tuofeichen/SLAM/MAV-Project/catkin_ws/src/backend/src/main.cpp:279:60: note:   couldn't deduce template parameter ‘_UIntType1’
    cout << "dummy frame? " << frame.getDummyFrameFlag() << end;
                                                            ^
In file included from /usr/include/c++/4.8/random:50:0,
                 from /usr/include/c++/4.8/bits/stl_algo.h:65,
                 from /usr/include/c++/4.8/algorithm:62,
                 from /opt/opencv3/include/opencv2/hal/defs.h:570,
                 from /opt/opencv3/include/opencv2/core/cvdef.h:59,
                 from /opt/opencv3/include/opencv2/core.hpp:52,
                 from /opt/opencv3/include/opencv2/highgui.hpp:46,
                 from /home/tuofeichen/SLAM/MAV-Project/catkin_ws/src/backend/src/main.cpp:12:
/usr/include/c++/4.8/bits/random.h:1277:5: note: template<class _RandomNumberEngine, long unsigned int __w, class _UIntType, class _CharT, class _Traits> std::basic_ostream<_CharT, _Traits>& std::operator<<(std::basic_ostream<_CharT, _Traits>&, const std::independent_bits_engine<_RandomNumberEngine, __w, _UIntType>&)
     operator<<(std::basic_ostream<_CharT, _Traits>& __os,
     ^
/usr/include/c++/4.8/bits/random.h:1277:5: note:   template argument deduction/substitution failed:
/home/tuofeichen/SLAM/MAV-Project/catkin_ws/src/backend/src/main.cpp:279:60: note:   couldn't deduce template parameter ‘_RandomNumberEngine’
    cout << "dummy frame? " << frame.getDummyFrameFlag() << end;
                                                            ^
In file included from /usr/include/c++/4.8/iostream:39:0,
                 from /home/tuofeichen/SLAM/MAV-Project/catkin_ws/src/backend/src/main.cpp:8:
/usr/include/c++/4.8/ostream:602:5: note: template<class _CharT, class _Traits, class _Tp> std::basic_ostream<_CharT, _Traits>& std::operator<<(std::basic_ostream<_CharT, _Traits>&&, const _Tp&)
     operator<<(basic_ostream<_CharT, _Traits>&& __os, const _Tp& __x)
     ^
/usr/include/c++/4.8/ostream:602:5: note:   template argument deduction/substitution failed:
/home/tuofeichen/SLAM/MAV-Project/catkin_ws/src/backend/src/main.cpp:279:60: note:   couldn't deduce template parameter ‘_Tp’
    cout << "dummy frame? " << frame.getDummyFrameFlag() << end;
                                                            ^
In file included from /usr/include/c++/4.8/iostream:39:0,
                 from /home/tuofeichen/SLAM/MAV-Project/catkin_ws/src/backend/src/main.cpp:8:
/usr/include/c++/4.8/ostream:548:5: note: template<class _Traits> std::basic_ostream<char, _Traits>& std::operator<<(std::basic_ostream<char, _Traits>&, const unsigned char*)
     operator<<(basic_ostream<char, _Traits>& __out, const unsigned char* __s)
     ^
/usr/include/c++/4.8/ostream:548:5: note:   template argument deduction/substitution failed:
/home/tuofeichen/SLAM/MAV-Project/catkin_ws/src/backend/src/main.cpp:279:60: note:   cannot convert ‘std::end’ (type ‘<unresolved overloaded function type>’) to type ‘const unsigned char*’
    cout << "dummy frame? " << frame.getDummyFrameFlag() << end;
                                                            ^
In file included from /usr/include/c++/4.8/iostream:39:0,
                 from /home/tuofeichen/SLAM/MAV-Project/catkin_ws/src/backend/src/main.cpp:8:
/usr/include/c++/4.8/ostream:543:5: note: template<class _Traits> std::basic_ostream<char, _Traits>& std::operator<<(std::basic_ostream<char, _Traits>&, const signed char*)
     operator<<(basic_ostream<char, _Traits>& __out, const signed char* __s)
     ^
/usr/include/c++/4.8/ostream:543:5: note:   template argument deduction/substitution failed:
/home/tuofeichen/SLAM/MAV-Project/catkin_ws/src/backend/src/main.cpp:279:60: note:   cannot convert ‘std::end’ (type ‘<unresolved overloaded function type>’) to type ‘const signed char*’
    cout << "dummy frame? " << frame.getDummyFrameFlag() << end;
                                                            ^
In file included from /usr/include/c++/4.8/iostream:39:0,
                 from /home/tuofeichen/SLAM/MAV-Project/catkin_ws/src/backend/src/main.cpp:8:
/usr/include/c++/4.8/ostream:530:5: note: template<class _Traits> std::basic_ostream<char, _Traits>& std::operator<<(std::basic_ostream<char, _Traits>&, const char*)
     operator<<(basic_ostream<char, _Traits>& __out, const char* __s)
     ^
/usr/include/c++/4.8/ostream:530:5: note:   template argument deduction/substitution failed:
/home/tuofeichen/SLAM/MAV-Project/catkin_ws/src/backend/src/main.cpp:279:60: note:   cannot convert ‘std::end’ (type ‘<unresolved overloaded function type>’) to type ‘const char*’
    cout << "dummy frame? " << frame.getDummyFrameFlag() << end;
                                                            ^
In file included from /usr/include/c++/4.8/ostream:612:0,
                 from /usr/include/c++/4.8/iostream:39,
                 from /home/tuofeichen/SLAM/MAV-Project/catkin_ws/src/backend/src/main.cpp:8:
/usr/include/c++/4.8/bits/ostream.tcc:321:5: note: template<class _CharT, class _Traits> std::basic_ostream<_CharT, _Traits>& std::operator<<(std::basic_ostream<_CharT, _Traits>&, const char*)
     operator<<(basic_ostream<_CharT, _Traits>& __out, const char* __s)
     ^
/usr/include/c++/4.8/bits/ostream.tcc:321:5: note:   template argument deduction/substitution failed:
/home/tuofeichen/SLAM/MAV-Project/catkin_ws/src/backend/src/main.cpp:279:60: note:   cannot convert ‘std::end’ (type ‘<unresolved overloaded function type>’) to type ‘const char*’
    cout << "dummy frame? " << frame.getDummyFrameFlag() << end;
                                                            ^
In file included from /usr/include/c++/4.8/iostream:39:0,
                 from /home/tuofeichen/SLAM/MAV-Project/catkin_ws/src/backend/src/main.cpp:8:
/usr/include/c++/4.8/ostream:513:5: note: std::basic_ostream<_CharT, _Traits>& std::operator<<(std::basic_ostream<_CharT, _Traits>&, const _CharT*) [with _CharT = char; _Traits = std::char_traits<char>]
     operator<<(basic_ostream<_CharT, _Traits>& __out, const _CharT* __s)
     ^
/usr/include/c++/4.8/ostream:513:5: note:   no known conversion for argument 2 from ‘<unresolved overloaded function type>’ to ‘const char*’
/usr/include/c++/4.8/ostream:493:5: note: template<class _Traits> std::basic_ostream<char, _Traits>& std::operator<<(std::basic_ostream<char, _Traits>&, unsigned char)
     operator<<(basic_ostream<char, _Traits>& __out, unsigned char __c)
     ^
/usr/include/c++/4.8/ostream:493:5: note:   template argument deduction/substitution failed:
/home/tuofeichen/SLAM/MAV-Project/catkin_ws/src/backend/src/main.cpp:279:60: note:   cannot convert ‘std::end’ (type ‘<unresolved overloaded function type>’) to type ‘unsigned char’
    cout << "dummy frame? " << frame.getDummyFrameFlag() << end;
                                                            ^
In file included from /usr/include/c++/4.8/iostream:39:0,
                 from /home/tuofeichen/SLAM/MAV-Project/catkin_ws/src/backend/src/main.cpp:8:
/usr/include/c++/4.8/ostream:488:5: note: template<class _Traits> std::basic_ostream<char, _Traits>& std::operator<<(std::basic_ostream<char, _Traits>&, signed char)
     operator<<(basic_ostream<char, _Traits>& __out, signed char __c)
     ^
/usr/include/c++/4.8/ostream:488:5: note:   template argument deduction/substitution failed:
/home/tuofeichen/SLAM/MAV-Project/catkin_ws/src/backend/src/main.cpp:279:60: note:   cannot convert ‘std::end’ (type ‘<unresolved overloaded function type>’) to type ‘signed char’
    cout << "dummy frame? " << frame.getDummyFrameFlag() << end;
                                                            ^
In file included from /usr/include/c++/4.8/iostream:39:0,
                 from /home/tuofeichen/SLAM/MAV-Project/catkin_ws/src/backend/src/main.cpp:8:
/usr/include/c++/4.8/ostream:482:5: note: template<class _Traits> std::basic_ostream<char, _Traits>& std::operator<<(std::basic_ostream<char, _Traits>&, char)
     operator<<(basic_ostream<char, _Traits>& __out, char __c)
     ^
/usr/include/c++/4.8/ostream:482:5: note:   template argument deduction/substitution failed:
/home/tuofeichen/SLAM/MAV-Project/catkin_ws/src/backend/src/main.cpp:279:60: note:   cannot convert ‘std::end’ (type ‘<unresolved overloaded function type>’) to type ‘char’
    cout << "dummy frame? " << frame.getDummyFrameFlag() << end;
                                                            ^
In file included from /usr/include/c++/4.8/iostream:39:0,
                 from /home/tuofeichen/SLAM/MAV-Project/catkin_ws/src/backend/src/main.cpp:8:
/usr/include/c++/4.8/ostream:476:5: note: template<class _CharT, class _Traits> std::basic_ostream<_CharT, _Traits>& std::operator<<(std::basic_ostream<_CharT, _Traits>&, char)
     operator<<(basic_ostream<_CharT, _Traits>& __out, char __c)
     ^
/usr/include/c++/4.8/ostream:476:5: note:   template argument deduction/substitution failed:
/home/tuofeichen/SLAM/MAV-Project/catkin_ws/src/backend/src/main.cpp:279:60: note:   cannot convert ‘std::end’ (type ‘<unresolved overloaded function type>’) to type ‘char’
    cout << "dummy frame? " << frame.getDummyFrameFlag() << end;
                                                            ^
In file included from /usr/include/c++/4.8/iostream:39:0,
                 from /home/tuofeichen/SLAM/MAV-Project/catkin_ws/src/backend/src/main.cpp:8:
/usr/include/c++/4.8/ostream:471:5: note: std::basic_ostream<_CharT, _Traits>& std::operator<<(std::basic_ostream<_CharT, _Traits>&, _CharT) [with _CharT = char; _Traits = std::char_traits<char>]
     operator<<(basic_ostream<_CharT, _Traits>& __out, _CharT __c)
     ^
/usr/include/c++/4.8/ostream:471:5: note:   no known conversion for argument 2 from ‘<unresolved overloaded function type>’ to ‘char’
In file included from /usr/include/c++/4.8/string:52:0,
                 from /usr/include/c++/4.8/bits/locale_classes.h:40,
                 from /usr/include/c++/4.8/bits/ios_base.h:41,
                 from /usr/include/c++/4.8/ios:42,
                 from /usr/include/c++/4.8/ostream:38,
                 from /usr/include/c++/4.8/iostream:39,
                 from /home/tuofeichen/SLAM/MAV-Project/catkin_ws/src/backend/src/main.cpp:8:
/usr/include/c++/4.8/bits/basic_string.h:2753:5: note: template<class _CharT, class _Traits, class _Alloc> std::basic_ostream<_CharT, _Traits>& std::operator<<(std::basic_ostream<_CharT, _Traits>&, const std::basic_string<_CharT, _Traits, _Alloc>&)
     operator<<(basic_ostream<_CharT, _Traits>& __os,
     ^
/usr/include/c++/4.8/bits/basic_string.h:2753:5: note:   template argument deduction/substitution failed:
/home/tuofeichen/SLAM/MAV-Project/catkin_ws/src/backend/src/main.cpp:279:60: note:   couldn't deduce template parameter ‘_Alloc’
    cout << "dummy frame? " << frame.getDummyFrameFlag() << end;
                                                            ^
In file included from /usr/include/eigen3/Eigen/Core:318:0,
                 from /usr/include/eigen3/Eigen/Geometry:4,
                 from /home/tuofeichen/SLAM/MAV-Project/catkin_ws/src/backend/include/Frontend.h:16,
                 from /home/tuofeichen/SLAM/MAV-Project/catkin_ws/src/backend/src/main.cpp:14:
/usr/include/eigen3/Eigen/src/Core/IO.h:240:16: note: template<class Derived> std::ostream& Eigen::operator<<(std::ostream&, const Eigen::DenseBase<Derived>&)
 std::ostream & operator <<
                ^
/usr/include/eigen3/Eigen/src/Core/IO.h:240:16: note:   template argument deduction/substitution failed:
/home/tuofeichen/SLAM/MAV-Project/catkin_ws/src/backend/src/main.cpp:279:60: note:   couldn't deduce template parameter ‘Derived’
    cout << "dummy frame? " << frame.getDummyFrameFlag() << end;
                                                            ^
make[2]: *** [CMakeFiles/backend.dir/src/main.cpp.o] Error 1
make[1]: *** [CMakeFiles/backend.dir/all] Error 2
make: *** [all] Error 2
