[  0%] Built target geometry_msgs_generate_messages_cpp
[  0%] Built target rosgraph_msgs_generate_messages_lisp
[  0%] Built target std_msgs_generate_messages_py
[  0%] Built target geometry_msgs_generate_messages_lisp
[  0%] Built target rosgraph_msgs_generate_messages_cpp
[  0%] Built target rosgraph_msgs_generate_messages_py
[  0%] Built target roscpp_generate_messages_py
[  0%] Built target roscpp_generate_messages_lisp
[  0%] Built target std_msgs_generate_messages_cpp
[  0%] Built target std_msgs_generate_messages_lisp
[  0%] Built target roscpp_generate_messages_cpp
[  0%] Built target geometry_msgs_generate_messages_py
[35m[1mScanning dependencies of target frontend[0m
[  5%] [32mBuilding CXX object CMakeFiles/frontend.dir/src/AnalyticBasedTME.cpp.o[0m
[ 11%] [32mBuilding CXX object CMakeFiles/frontend.dir/src/FrameToPcConverter.cpp.o[0m
[ 16%] [32mBuilding CXX object CMakeFiles/frontend.dir/src/G2oPoseGraph.cpp.o[0m
[ 22%] [32mBuilding CXX object CMakeFiles/frontend.dir/src/Mapping.cpp.o[0m
[ 27%] [32mBuilding CXX object CMakeFiles/frontend.dir/src/Frame.cpp.o[0m
[ 33%] [32mBuilding CXX object CMakeFiles/frontend.dir/src/RANSACBasedTME.cpp.o[0m
[ 38%] [32mBuilding CXX object CMakeFiles/frontend.dir/src/TcpClient.cpp.o[0m
[ 44%] [32mBuilding CXX object CMakeFiles/frontend.dir/src/SIFT.cpp.o[0m
/home/tuofeichen/SLAM/MAV-Project/catkin_ws/src/backend/src/Mapping.cpp: In member function ‘void SLAM::Mapping::parallelMatching()’:
/home/tuofeichen/SLAM/MAV-Project/catkin_ws/src/backend/src/Mapping.cpp:400:8: warning: variable ‘prevId’ set but not used [-Wunused-but-set-variable]
    int prevId = -1;
        ^
[ 50%] [32mBuilding CXX object CMakeFiles/frontend.dir/src/SURF.cpp.o[0m
[ 55%] [32mBuilding CXX object CMakeFiles/frontend.dir/src/ORB.cpp.o[0m
[ 61%] [32mBuilding CXX object CMakeFiles/frontend.dir/src/OrbDetSurfDesc.cpp.o[0m
[ 66%] [32mBuilding CXX object CMakeFiles/frontend.dir/src/UavComProtocolHandler.cpp.o[0m
[ 72%] [32mBuilding CXX object CMakeFiles/frontend.dir/src/Frontend.cpp.o[0m
[ 77%] [32mBuilding CXX object CMakeFiles/frontend.dir/src/AsusProLiveOpenNI2.cpp.o[0m
[ 83%] [32mBuilding CXX object CMakeFiles/frontend.dir/src/RosHandler.cpp.o[0m
[ 88%] [32m[1mLinking CXX shared library /home/tuofeichen/SLAM/MAV-Project/catkin_ws/devel/lib/libfrontend.so[0m
[ 88%] Built target frontend
[ 94%] [32mBuilding CXX object CMakeFiles/backend.dir/src/main.cpp.o[0m
[100%] [32m[1mLinking CXX executable /home/tuofeichen/SLAM/MAV-Project/catkin_ws/devel/lib/backend/backend[0m
[100%] Built target backend
