/home/tuofeichen/SLAM/MAV-Project/catkin_ws/src/backend/src/Mapping.cpp:337:4: warning: multi-line comment [-Wcomment]
    // cv::drawMatches(frame1.getGray(),frame1.getKeypoints(),frame2.getGray(),frame2.getKeypoints(), matches, \
    ^
/home/tuofeichen/SLAM/MAV-Project/catkin_ws/src/backend/src/Mapping.cpp: In member function ‘void SLAM::Mapping::parallelMatching()’:
/home/tuofeichen/SLAM/MAV-Project/catkin_ws/src/backend/src/Mapping.cpp:553:8: warning: variable ‘prevId’ set but not used [-Wunused-but-set-variable]
    int prevId = -1;
        ^
/home/tuofeichen/SLAM/MAV-Project/catkin_ws/src/backend/src/Mapping.cpp: In member function ‘void SLAM::Mapping::updateMap()’:
/home/tuofeichen/SLAM/MAV-Project/catkin_ws/src/backend/src/Mapping.cpp:777:36: warning: comparison between signed and unsigned integer expressions [-Wsign-compare]
  for(int i = 0; i < keyFrames.size(); ++i)
                                    ^
/home/tuofeichen/SLAM/MAV-Project/catkin_ws/src/backend/src/main.cpp: In function ‘int main(int, char**)’:
/home/tuofeichen/SLAM/MAV-Project/catkin_ws/src/backend/src/main.cpp:283:53: warning: comparison between signed and unsigned integer expressions [-Wsign-compare]
     for (int i = 0; i < frame.getKeypoints3D().size();i++)
                                                     ^
/home/tuofeichen/SLAM/MAV-Project/catkin_ws/src/backend/src/main.cpp:289:50: warning: comparison between signed and unsigned integer expressions [-Wsign-compare]
     for (int i = 0; i< frame.getKeypoints().size();i++)
                                                  ^
/home/tuofeichen/SLAM/MAV-Project/catkin_ws/src/backend/src/main.cpp:297:41: warning: comparison between signed and unsigned integer expressions [-Wsign-compare]
    if (slam.getImuCompensateCounter()== badFrameCnt)
                                         ^
