/home/tuofeichen/SLAM/MAV-Project/catkin_ws/src/backend/src/main.cpp: In function ‘int main(int, char**)’:
/home/tuofeichen/SLAM/MAV-Project/catkin_ws/src/backend/src/main.cpp:256:35: error: no match for ‘operator*’ (operand type is ‘const std::vector<cv::KeyPoint>’)
    cv::write(fileStore, fileName, *(frame.getKeypoints()));
                                   ^
/home/tuofeichen/SLAM/MAV-Project/catkin_ws/src/backend/src/main.cpp:256:35: note: candidates are:
In file included from /usr/include/eigen3/Eigen/Core:313:0,
                 from /usr/include/eigen3/Eigen/Geometry:4,
                 from /home/tuofeichen/SLAM/MAV-Project/catkin_ws/src/backend/include/Frontend.h:16,
                 from /home/tuofeichen/SLAM/MAV-Project/catkin_ws/src/backend/src/main.cpp:14:
/usr/include/eigen3/Eigen/src/Core/PermutationMatrix.h:510:1: note: template<class Derived, class PermutationDerived> const Eigen::internal::permut_matrix_product_retval<PermutationDerived, Derived, 2> Eigen::operator*(const Eigen::MatrixBase<Derived>&, const Eigen::PermutationBase<PermutationDerived>&)
 operator*(const MatrixBase<Derived>& matrix,
 ^
/usr/include/eigen3/Eigen/src/Core/PermutationMatrix.h:510:1: note:   template argument deduction/substitution failed:
/home/tuofeichen/SLAM/MAV-Project/catkin_ws/src/backend/src/main.cpp:256:57: note:   ‘const std::vector<cv::KeyPoint>’ is not derived from ‘const Eigen::MatrixBase<Derived>’
    cv::write(fileStore, fileName, *(frame.getKeypoints()));
                                                         ^
In file included from /usr/include/eigen3/Eigen/Core:313:0,
                 from /usr/include/eigen3/Eigen/Geometry:4,
                 from /home/tuofeichen/SLAM/MAV-Project/catkin_ws/src/backend/include/Frontend.h:16,
                 from /home/tuofeichen/SLAM/MAV-Project/catkin_ws/src/backend/src/main.cpp:14:
/usr/include/eigen3/Eigen/src/Core/PermutationMatrix.h:523:1: note: template<class Derived, class PermutationDerived> const Eigen::internal::permut_matrix_product_retval<PermutationDerived, Derived, 1> Eigen::operator*(const Eigen::PermutationBase<PermutationDerived>&, const Eigen::MatrixBase<Derived>&)
 operator*(const PermutationBase<PermutationDerived> &permutation,
 ^
/usr/include/eigen3/Eigen/src/Core/PermutationMatrix.h:523:1: note:   template argument deduction/substitution failed:
/home/tuofeichen/SLAM/MAV-Project/catkin_ws/src/backend/src/main.cpp:256:57: note:   ‘const std::vector<cv::KeyPoint>’ is not derived from ‘const Eigen::PermutationBase<PermutationDerived>’
    cv::write(fileStore, fileName, *(frame.getKeypoints()));
                                                         ^
In file included from /usr/include/eigen3/Eigen/Core:314:0,
                 from /usr/include/eigen3/Eigen/Geometry:4,
                 from /home/tuofeichen/SLAM/MAV-Project/catkin_ws/src/backend/include/Frontend.h:16,
                 from /home/tuofeichen/SLAM/MAV-Project/catkin_ws/src/backend/src/main.cpp:14:
/usr/include/eigen3/Eigen/src/Core/Transpositions.h:331:1: note: template<class Derived, class TranspositionsDerived> const Eigen::internal::transposition_matrix_product_retval<TranspositionsDerived, Derived, 2> Eigen::operator*(const Eigen::MatrixBase<Derived>&, const Eigen::TranspositionsBase<TranspositionsDerived>&)
 operator*(const MatrixBase<Derived>& matrix,
 ^
/usr/include/eigen3/Eigen/src/Core/Transpositions.h:331:1: note:   template argument deduction/substitution failed:
/home/tuofeichen/SLAM/MAV-Project/catkin_ws/src/backend/src/main.cpp:256:57: note:   ‘const std::vector<cv::KeyPoint>’ is not derived from ‘const Eigen::MatrixBase<Derived>’
    cv::write(fileStore, fileName, *(frame.getKeypoints()));
                                                         ^
In file included from /usr/include/eigen3/Eigen/Core:314:0,
                 from /usr/include/eigen3/Eigen/Geometry:4,
                 from /home/tuofeichen/SLAM/MAV-Project/catkin_ws/src/backend/include/Frontend.h:16,
                 from /home/tuofeichen/SLAM/MAV-Project/catkin_ws/src/backend/src/main.cpp:14:
/usr/include/eigen3/Eigen/src/Core/Transpositions.h:344:1: note: template<class Derived, class TranspositionDerived> const Eigen::internal::transposition_matrix_product_retval<TranspositionDerived, Derived, 1> Eigen::operator*(const Eigen::TranspositionsBase<TranspositionsDerived>&, const Eigen::MatrixBase<Derived>&)
 operator*(const TranspositionsBase<TranspositionDerived> &transpositions,
 ^
/usr/include/eigen3/Eigen/src/Core/Transpositions.h:344:1: note:   template argument deduction/substitution failed:
/home/tuofeichen/SLAM/MAV-Project/catkin_ws/src/backend/src/main.cpp:256:57: note:   ‘const std::vector<cv::KeyPoint>’ is not derived from ‘const Eigen::TranspositionsBase<TranspositionsDerived>’
    cv::write(fileStore, fileName, *(frame.getKeypoints()));
                                                         ^
In file included from /usr/include/eigen3/Eigen/Core:322:0,
                 from /usr/include/eigen3/Eigen/Geometry:4,
                 from /home/tuofeichen/SLAM/MAV-Project/catkin_ws/src/backend/include/Frontend.h:16,
                 from /home/tuofeichen/SLAM/MAV-Project/catkin_ws/src/backend/src/main.cpp:14:
/usr/include/eigen3/Eigen/src/Core/ProductBase.h:198:1: note: template<class Derived, class Lhs, class Rhs> const Eigen::ScaledProduct<Derived> Eigen::operator*(const Eigen::ProductBase<Derived, _Lhs, _Rhs>&, const typename Derived::Scalar&)
 operator*(const ProductBase<Derived,Lhs,Rhs>& prod, const typename Derived::Scalar& x)
 ^
/usr/include/eigen3/Eigen/src/Core/ProductBase.h:198:1: note:   template argument deduction/substitution failed:
/home/tuofeichen/SLAM/MAV-Project/catkin_ws/src/backend/src/main.cpp:256:57: note:   ‘const std::vector<cv::KeyPoint>’ is not derived from ‘const Eigen::ProductBase<Derived, _Lhs, _Rhs>’
    cv::write(fileStore, fileName, *(frame.getKeypoints()));
                                                         ^
In file included from /usr/include/eigen3/Eigen/Core:322:0,
                 from /usr/include/eigen3/Eigen/Geometry:4,
                 from /home/tuofeichen/SLAM/MAV-Project/catkin_ws/src/backend/include/Frontend.h:16,
                 from /home/tuofeichen/SLAM/MAV-Project/catkin_ws/src/backend/src/main.cpp:14:
/usr/include/eigen3/Eigen/src/Core/ProductBase.h:204:1: note: template<class Derived, class Lhs, class Rhs> typename Eigen::internal::enable_if<(! Eigen::internal::is_same<typename Derived::Scalar, typename Derived::RealScalar>::value), const Eigen::ScaledProduct<Derived> >::type Eigen::operator*(const Eigen::ProductBase<Derived, _Lhs, _Rhs>&, const typename Derived::RealScalar&)
 operator*(const ProductBase<Derived,Lhs,Rhs>& prod, const typename Derived::RealScalar& x)
 ^
/usr/include/eigen3/Eigen/src/Core/ProductBase.h:204:1: note:   template argument deduction/substitution failed:
/home/tuofeichen/SLAM/MAV-Project/catkin_ws/src/backend/src/main.cpp:256:57: note:   ‘const std::vector<cv::KeyPoint>’ is not derived from ‘const Eigen::ProductBase<Derived, _Lhs, _Rhs>’
    cv::write(fileStore, fileName, *(frame.getKeypoints()));
                                                         ^
In file included from /usr/include/eigen3/Eigen/Core:322:0,
                 from /usr/include/eigen3/Eigen/Geometry:4,
                 from /home/tuofeichen/SLAM/MAV-Project/catkin_ws/src/backend/include/Frontend.h:16,
                 from /home/tuofeichen/SLAM/MAV-Project/catkin_ws/src/backend/src/main.cpp:14:
/usr/include/eigen3/Eigen/src/Core/ProductBase.h:210:1: note: template<class Derived, class Lhs, class Rhs> const Eigen::ScaledProduct<Derived> Eigen::operator*(const typename Derived::Scalar&, const Eigen::ProductBase<Derived, _Lhs, _Rhs>&)
 operator*(const typename Derived::Scalar& x,const ProductBase<Derived,Lhs,Rhs>& prod)
 ^
/usr/include/eigen3/Eigen/src/Core/ProductBase.h:210:1: note:   template argument deduction/substitution failed:
/home/tuofeichen/SLAM/MAV-Project/catkin_ws/src/backend/src/main.cpp:256:57: note:   candidate expects 2 arguments, 1 provided
    cv::write(fileStore, fileName, *(frame.getKeypoints()));
                                                         ^
In file included from /usr/include/eigen3/Eigen/Core:322:0,
                 from /usr/include/eigen3/Eigen/Geometry:4,
                 from /home/tuofeichen/SLAM/MAV-Project/catkin_ws/src/backend/include/Frontend.h:16,
                 from /home/tuofeichen/SLAM/MAV-Project/catkin_ws/src/backend/src/main.cpp:14:
/usr/include/eigen3/Eigen/src/Core/ProductBase.h:216:1: note: template<class Derived, class Lhs, class Rhs> typename Eigen::internal::enable_if<(! Eigen::internal::is_same<typename Derived::Scalar, typename Derived::RealScalar>::value), const Eigen::ScaledProduct<Derived> >::type Eigen::operator*(const typename Derived::RealScalar&, const Eigen::ProductBase<Derived, _Lhs, _Rhs>&)
 operator*(const typename Derived::RealScalar& x,const ProductBase<Derived,Lhs,Rhs>& prod)
 ^
/usr/include/eigen3/Eigen/src/Core/ProductBase.h:216:1: note:   template argument deduction/substitution failed:
/home/tuofeichen/SLAM/MAV-Project/catkin_ws/src/backend/src/main.cpp:256:57: note:   candidate expects 2 arguments, 1 provided
    cv::write(fileStore, fileName, *(frame.getKeypoints()));
                                                         ^
In file included from /usr/include/eigen3/Eigen/Householder:17:0,
                 from /usr/include/eigen3/Eigen/QR:10,
                 from /usr/include/eigen3/Eigen/SVD:4,
                 from /usr/include/eigen3/Eigen/Geometry:8,
                 from /home/tuofeichen/SLAM/MAV-Project/catkin_ws/src/backend/include/Frontend.h:16,
                 from /home/tuofeichen/SLAM/MAV-Project/catkin_ws/src/backend/src/main.cpp:14:
/usr/include/eigen3/Eigen/src/Householder/HouseholderSequence.h:409:99: note: template<class OtherDerived, class VectorsType, class CoeffsType, int Side> typename Eigen::internal::matrix_type_times_scalar_type<typename VectorsType::Scalar, OtherDerived>::Type Eigen::operator*(const Eigen::MatrixBase<Derived>&, const Eigen::HouseholderSequence<VectorsType, CoeffsType, Side>&)
 typename internal::matrix_type_times_scalar_type<typename VectorsType::Scalar,OtherDerived>::Type operator*(const MatrixBase<OtherDerived>& other, const HouseholderSequence<VectorsType,CoeffsType,Side>& h)
                                                                                                   ^
/usr/include/eigen3/Eigen/src/Householder/HouseholderSequence.h:409:99: note:   template argument deduction/substitution failed:
/home/tuofeichen/SLAM/MAV-Project/catkin_ws/src/backend/src/main.cpp:256:57: note:   ‘const std::vector<cv::KeyPoint>’ is not derived from ‘const Eigen::MatrixBase<Derived>’
    cv::write(fileStore, fileName, *(frame.getKeypoints()));
                                                         ^
In file included from /usr/include/eigen3/Eigen/Geometry:38:0,
                 from /home/tuofeichen/SLAM/MAV-Project/catkin_ws/src/backend/include/Frontend.h:16,
                 from /home/tuofeichen/SLAM/MAV-Project/catkin_ws/src/backend/src/main.cpp:14:
/usr/include/eigen3/Eigen/src/Geometry/RotationBase.h:76:31: note: template<class OtherDerived> Eigen::RotationBase<Eigen::Quaternion<float>, 3>::RotationMatrixType Eigen::operator*(const Eigen::EigenBase<Derived>&, const Eigen::Quaternion<float>&)
     inline RotationMatrixType operator*(const EigenBase<OtherDerived>& l, const Derived& r)
                               ^
/usr/include/eigen3/Eigen/src/Geometry/RotationBase.h:76:31: note:   template argument deduction/substitution failed:
/home/tuofeichen/SLAM/MAV-Project/catkin_ws/src/backend/src/main.cpp:256:57: note:   ‘const std::vector<cv::KeyPoint>’ is not derived from ‘const Eigen::EigenBase<Derived>’
    cv::write(fileStore, fileName, *(frame.getKeypoints()));
                                                         ^
In file included from /usr/include/eigen3/Eigen/Geometry:38:0,
                 from /home/tuofeichen/SLAM/MAV-Project/catkin_ws/src/backend/include/Frontend.h:16,
                 from /home/tuofeichen/SLAM/MAV-Project/catkin_ws/src/backend/src/main.cpp:14:
/usr/include/eigen3/Eigen/src/Geometry/RotationBase.h:76:31: note: template<class OtherDerived> Eigen::RotationBase<Eigen::Quaternion<double>, 3>::RotationMatrixType Eigen::operator*(const Eigen::EigenBase<Derived>&, const Eigen::Quaternion<double>&)
     inline RotationMatrixType operator*(const EigenBase<OtherDerived>& l, const Derived& r)
                               ^
/usr/include/eigen3/Eigen/src/Geometry/RotationBase.h:76:31: note:   template argument deduction/substitution failed:
/home/tuofeichen/SLAM/MAV-Project/catkin_ws/src/backend/src/main.cpp:256:57: note:   ‘const std::vector<cv::KeyPoint>’ is not derived from ‘const Eigen::EigenBase<Derived>’
    cv::write(fileStore, fileName, *(frame.getKeypoints()));
                                                         ^
In file included from /usr/include/eigen3/Eigen/Geometry:42:0,
                 from /home/tuofeichen/SLAM/MAV-Project/catkin_ws/src/backend/include/Frontend.h:16,
                 from /home/tuofeichen/SLAM/MAV-Project/catkin_ws/src/backend/src/main.cpp:14:
/usr/include/eigen3/Eigen/src/Geometry/Transform.h:412:5: note: template<class OtherDerived> const typename Eigen::internal::transform_left_product_impl<OtherDerived, 1, 0, 3, 4, OtherDerived:: RowsAtCompileTime, OtherDerived:: ColsAtCompileTime>::ResultType Eigen::operator*(const Eigen::EigenBase<Derived>&, const Eigen::Transform<double, 3, 1>&)
     operator * (const EigenBase<OtherDerived> &a, const Transform &b)
     ^
/usr/include/eigen3/Eigen/src/Geometry/Transform.h:412:5: note:   template argument deduction/substitution failed:
/home/tuofeichen/SLAM/MAV-Project/catkin_ws/src/backend/src/main.cpp:256:57: note:   ‘const std::vector<cv::KeyPoint>’ is not derived from ‘const Eigen::EigenBase<Derived>’
    cv::write(fileStore, fileName, *(frame.getKeypoints()));
                                                         ^
In file included from /usr/include/eigen3/Eigen/Geometry:42:0,
                 from /home/tuofeichen/SLAM/MAV-Project/catkin_ws/src/backend/include/Frontend.h:16,
                 from /home/tuofeichen/SLAM/MAV-Project/catkin_ws/src/backend/src/main.cpp:14:
/usr/include/eigen3/Eigen/src/Geometry/Transform.h:438:5: note: template<class DiagonalDerived> Eigen::Transform<double, 3, 1>::TransformTimeDiagonalReturnType Eigen::operator*(const Eigen::DiagonalBase<T>&, const Eigen::Transform<double, 3, 1>&)
     operator * (const DiagonalBase<DiagonalDerived> &a, const Transform &b)
     ^
/usr/include/eigen3/Eigen/src/Geometry/Transform.h:438:5: note:   template argument deduction/substitution failed:
/home/tuofeichen/SLAM/MAV-Project/catkin_ws/src/backend/src/main.cpp:256:57: note:   ‘const std::vector<cv::KeyPoint>’ is not derived from ‘const Eigen::DiagonalBase<T>’
    cv::write(fileStore, fileName, *(frame.getKeypoints()));
                                                         ^
In file included from /usr/include/eigen3/Eigen/Geometry:38:0,
                 from /home/tuofeichen/SLAM/MAV-Project/catkin_ws/src/backend/include/Frontend.h:16,
                 from /home/tuofeichen/SLAM/MAV-Project/catkin_ws/src/backend/src/main.cpp:14:
/usr/include/eigen3/Eigen/src/Geometry/RotationBase.h:76:31: note: template<class OtherDerived> Eigen::RotationBase<Eigen::AngleAxis<double>, 3>::RotationMatrixType Eigen::operator*(const Eigen::EigenBase<Derived>&, const Eigen::AngleAxis<double>&)
     inline RotationMatrixType operator*(const EigenBase<OtherDerived>& l, const Derived& r)
                               ^
/usr/include/eigen3/Eigen/src/Geometry/RotationBase.h:76:31: note:   template argument deduction/substitution failed:
/home/tuofeichen/SLAM/MAV-Project/catkin_ws/src/backend/src/main.cpp:256:57: note:   ‘const std::vector<cv::KeyPoint>’ is not derived from ‘const Eigen::EigenBase<Derived>’
    cv::write(fileStore, fileName, *(frame.getKeypoints()));
                                                         ^
In file included from /usr/include/eigen3/Eigen/Geometry:43:0,
                 from /home/tuofeichen/SLAM/MAV-Project/catkin_ws/src/backend/include/Frontend.h:16,
                 from /home/tuofeichen/SLAM/MAV-Project/catkin_ws/src/backend/src/main.cpp:14:
/usr/include/eigen3/Eigen/src/Geometry/Translation.h:112:30: note: template<class OtherDerived> Eigen::Translation<double, 3>::AffineTransformType Eigen::operator*(const Eigen::EigenBase<Derived>&, const Eigen::Translation<double, 3>&)
   inline AffineTransformType operator*(const EigenBase<OtherDerived>& linear, const Translation& t)
                              ^
/usr/include/eigen3/Eigen/src/Geometry/Translation.h:112:30: note:   template argument deduction/substitution failed:
/home/tuofeichen/SLAM/MAV-Project/catkin_ws/src/backend/src/main.cpp:256:57: note:   ‘const std::vector<cv::KeyPoint>’ is not derived from ‘const Eigen::EigenBase<Derived>’
    cv::write(fileStore, fileName, *(frame.getKeypoints()));
                                                         ^
In file included from /usr/include/eigen3/Eigen/Geometry:42:0,
                 from /home/tuofeichen/SLAM/MAV-Project/catkin_ws/src/backend/include/Frontend.h:16,
                 from /home/tuofeichen/SLAM/MAV-Project/catkin_ws/src/backend/src/main.cpp:14:
/usr/include/eigen3/Eigen/src/Geometry/Transform.h:412:5: note: template<class OtherDerived> const typename Eigen::internal::transform_left_product_impl<OtherDerived, 2, 0, 3, 4, OtherDerived:: RowsAtCompileTime, OtherDerived:: ColsAtCompileTime>::ResultType Eigen::operator*(const Eigen::EigenBase<Derived>&, const Eigen::Transform<double, 3, 2>&)
     operator * (const EigenBase<OtherDerived> &a, const Transform &b)
     ^
/usr/include/eigen3/Eigen/src/Geometry/Transform.h:412:5: note:   template argument deduction/substitution failed:
/home/tuofeichen/SLAM/MAV-Project/catkin_ws/src/backend/src/main.cpp:256:57: note:   ‘const std::vector<cv::KeyPoint>’ is not derived from ‘const Eigen::EigenBase<Derived>’
    cv::write(fileStore, fileName, *(frame.getKeypoints()));
                                                         ^
In file included from /usr/include/eigen3/Eigen/Geometry:42:0,
                 from /home/tuofeichen/SLAM/MAV-Project/catkin_ws/src/backend/include/Frontend.h:16,
                 from /home/tuofeichen/SLAM/MAV-Project/catkin_ws/src/backend/src/main.cpp:14:
/usr/include/eigen3/Eigen/src/Geometry/Transform.h:438:5: note: template<class DiagonalDerived> Eigen::Transform<double, 3, 2>::TransformTimeDiagonalReturnType Eigen::operator*(const Eigen::DiagonalBase<T>&, const Eigen::Transform<double, 3, 2>&)
     operator * (const DiagonalBase<DiagonalDerived> &a, const Transform &b)
     ^
/usr/include/eigen3/Eigen/src/Geometry/Transform.h:438:5: note:   template argument deduction/substitution failed:
/home/tuofeichen/SLAM/MAV-Project/catkin_ws/src/backend/src/main.cpp:256:57: note:   ‘const std::vector<cv::KeyPoint>’ is not derived from ‘const Eigen::DiagonalBase<T>’
    cv::write(fileStore, fileName, *(frame.getKeypoints()));
                                                         ^
In file included from /opt/opencv3/include/opencv2/core/cvstd.inl.hpp:48:0,
                 from /opt/opencv3/include/opencv2/core.hpp:3107,
                 from /opt/opencv3/include/opencv2/highgui.hpp:46,
                 from /home/tuofeichen/SLAM/MAV-Project/catkin_ws/src/backend/src/main.cpp:12:
/usr/include/c++/4.8/complex:402:5: note: template<class _Tp> std::complex<_Tp> std::operator*(const _Tp&, const std::complex<_Tp>&)
     operator*(const _Tp& __x, const complex<_Tp>& __y)
     ^
/usr/include/c++/4.8/complex:402:5: note:   template argument deduction/substitution failed:
/home/tuofeichen/SLAM/MAV-Project/catkin_ws/src/backend/src/main.cpp:256:57: note:   candidate expects 2 arguments, 1 provided
    cv::write(fileStore, fileName, *(frame.getKeypoints()));
                                                         ^
In file included from /opt/opencv3/include/opencv2/core/cvstd.inl.hpp:48:0,
                 from /opt/opencv3/include/opencv2/core.hpp:3107,
                 from /opt/opencv3/include/opencv2/highgui.hpp:46,
                 from /home/tuofeichen/SLAM/MAV-Project/catkin_ws/src/backend/src/main.cpp:12:
/usr/include/c++/4.8/complex:393:5: note: template<class _Tp> std::complex<_Tp> std::operator*(const std::complex<_Tp>&, const _Tp&)
     operator*(const complex<_Tp>& __x, const _Tp& __y)
     ^
/usr/include/c++/4.8/complex:393:5: note:   template argument deduction/substitution failed:
/home/tuofeichen/SLAM/MAV-Project/catkin_ws/src/backend/src/main.cpp:256:57: note:   ‘const std::vector<cv::KeyPoint>’ is not derived from ‘const std::complex<_Tp>’
    cv::write(fileStore, fileName, *(frame.getKeypoints()));
                                                         ^
In file included from /opt/opencv3/include/opencv2/core/cvstd.inl.hpp:48:0,
                 from /opt/opencv3/include/opencv2/core.hpp:3107,
                 from /opt/opencv3/include/opencv2/highgui.hpp:46,
                 from /home/tuofeichen/SLAM/MAV-Project/catkin_ws/src/backend/src/main.cpp:12:
/usr/include/c++/4.8/complex:384:5: note: template<class _Tp> std::complex<_Tp> std::operator*(const std::complex<_Tp>&, const std::complex<_Tp>&)
     operator*(const complex<_Tp>& __x, const complex<_Tp>& __y)
     ^
/usr/include/c++/4.8/complex:384:5: note:   template argument deduction/substitution failed:
/home/tuofeichen/SLAM/MAV-Project/catkin_ws/src/backend/src/main.cpp:256:57: note:   ‘const std::vector<cv::KeyPoint>’ is not derived from ‘const std::complex<_Tp>’
    cv::write(fileStore, fileName, *(frame.getKeypoints()));
                                                         ^
In file included from /opt/opencv3/include/opencv2/core.hpp:59:0,
                 from /opt/opencv3/include/opencv2/highgui.hpp:46,
                 from /home/tuofeichen/SLAM/MAV-Project/catkin_ws/src/backend/src/main.cpp:12:
/opt/opencv3/include/opencv2/core/mat.hpp:3317:20: note: cv::MatExpr cv::operator*(const cv::MatExpr&, const cv::MatExpr&)
 CV_EXPORTS MatExpr operator * (const MatExpr& e1, const MatExpr& e2);
                    ^
/opt/opencv3/include/opencv2/core/mat.hpp:3317:20: note:   candidate expects 2 arguments, 1 provided
/opt/opencv3/include/opencv2/core/mat.hpp:3316:20: note: cv::MatExpr cv::operator*(double, const cv::MatExpr&)
 CV_EXPORTS MatExpr operator * (double s, const MatExpr& e);
                    ^
/opt/opencv3/include/opencv2/core/mat.hpp:3316:20: note:   candidate expects 2 arguments, 1 provided
/opt/opencv3/include/opencv2/core/mat.hpp:3315:20: note: cv::MatExpr cv::operator*(const cv::MatExpr&, double)
 CV_EXPORTS MatExpr operator * (const MatExpr& e, double s);
                    ^
/opt/opencv3/include/opencv2/core/mat.hpp:3315:20: note:   candidate expects 2 arguments, 1 provided
/opt/opencv3/include/opencv2/core/mat.hpp:3314:20: note: cv::MatExpr cv::operator*(const cv::Mat&, const cv::MatExpr&)
 CV_EXPORTS MatExpr operator * (const Mat& m, const MatExpr& e);
                    ^
/opt/opencv3/include/opencv2/core/mat.hpp:3314:20: note:   candidate expects 2 arguments, 1 provided
/opt/opencv3/include/opencv2/core/mat.hpp:3313:20: note: cv::MatExpr cv::operator*(const cv::MatExpr&, const cv::Mat&)
 CV_EXPORTS MatExpr operator * (const MatExpr& e, const Mat& m);
                    ^
/opt/opencv3/include/opencv2/core/mat.hpp:3313:20: note:   candidate expects 2 arguments, 1 provided
/opt/opencv3/include/opencv2/core/mat.hpp:3312:20: note: cv::MatExpr cv::operator*(double, const cv::Mat&)
 CV_EXPORTS MatExpr operator * (double s, const Mat& a);
                    ^
/opt/opencv3/include/opencv2/core/mat.hpp:3312:20: note:   candidate expects 2 arguments, 1 provided
/opt/opencv3/include/opencv2/core/mat.hpp:3311:20: note: cv::MatExpr cv::operator*(const cv::Mat&, double)
 CV_EXPORTS MatExpr operator * (const Mat& a, double s);
                    ^
/opt/opencv3/include/opencv2/core/mat.hpp:3311:20: note:   candidate expects 2 arguments, 1 provided
/opt/opencv3/include/opencv2/core/mat.hpp:3310:20: note: cv::MatExpr cv::operator*(const cv::Mat&, const cv::Mat&)
 CV_EXPORTS MatExpr operator * (const Mat& a, const Mat& b);
                    ^
/opt/opencv3/include/opencv2/core/mat.hpp:3310:20: note:   candidate expects 2 arguments, 1 provided
In file included from /opt/opencv3/include/opencv2/core.hpp:58:0,
                 from /opt/opencv3/include/opencv2/highgui.hpp:46,
                 from /home/tuofeichen/SLAM/MAV-Project/catkin_ws/src/backend/src/main.cpp:12:
/opt/opencv3/include/opencv2/core/types.hpp:2161:8: note: template<class _Tp> cv::Scalar cv::operator*(const cv::Matx<_Tp, 4, 4>&, const Scalar&)
 Scalar operator * (const Matx<_Tp, 4, 4>& a, const Scalar& b)
        ^
/opt/opencv3/include/opencv2/core/types.hpp:2161:8: note:   template argument deduction/substitution failed:
/home/tuofeichen/SLAM/MAV-Project/catkin_ws/src/backend/src/main.cpp:256:57: note:   ‘const std::vector<cv::KeyPoint>’ is not derived from ‘const cv::Matx<_Tp, 4, 4>’
    cv::write(fileStore, fileName, *(frame.getKeypoints()));
                                                         ^
In file included from /opt/opencv3/include/opencv2/core.hpp:58:0,
                 from /opt/opencv3/include/opencv2/highgui.hpp:46,
                 from /home/tuofeichen/SLAM/MAV-Project/catkin_ws/src/backend/src/main.cpp:12:
/opt/opencv3/include/opencv2/core/types.hpp:2095:14: note: template<class _Tp> cv::Scalar_<_Tp> cv::operator*(const cv::Scalar_<_Tp>&, const cv::Scalar_<_Tp>&)
 Scalar_<_Tp> operator * (const Scalar_<_Tp>& a, const Scalar_<_Tp>& b)
              ^
/opt/opencv3/include/opencv2/core/types.hpp:2095:14: note:   template argument deduction/substitution failed:
/home/tuofeichen/SLAM/MAV-Project/catkin_ws/src/backend/src/main.cpp:256:57: note:   ‘const std::vector<cv::KeyPoint>’ is not derived from ‘const cv::Scalar_<_Tp>’
    cv::write(fileStore, fileName, *(frame.getKeypoints()));
                                                         ^
In file included from /opt/opencv3/include/opencv2/core.hpp:58:0,
                 from /opt/opencv3/include/opencv2/highgui.hpp:46,
                 from /home/tuofeichen/SLAM/MAV-Project/catkin_ws/src/backend/src/main.cpp:12:
/opt/opencv3/include/opencv2/core/types.hpp:2079:14: note: template<class _Tp> cv::Scalar_<_Tp> cv::operator*(_Tp, const cv::Scalar_<_Tp>&)
 Scalar_<_Tp> operator * (_Tp alpha, const Scalar_<_Tp>& a)
              ^
/opt/opencv3/include/opencv2/core/types.hpp:2079:14: note:   template argument deduction/substitution failed:
/home/tuofeichen/SLAM/MAV-Project/catkin_ws/src/backend/src/main.cpp:256:57: note:   candidate expects 2 arguments, 1 provided
    cv::write(fileStore, fileName, *(frame.getKeypoints()));
                                                         ^
In file included from /opt/opencv3/include/opencv2/core.hpp:58:0,
                 from /opt/opencv3/include/opencv2/highgui.hpp:46,
                 from /home/tuofeichen/SLAM/MAV-Project/catkin_ws/src/backend/src/main.cpp:12:
/opt/opencv3/include/opencv2/core/types.hpp:2070:14: note: template<class _Tp> cv::Scalar_<_Tp> cv::operator*(const cv::Scalar_<_Tp>&, _Tp)
 Scalar_<_Tp> operator * (const Scalar_<_Tp>& a, _Tp alpha)
              ^
/opt/opencv3/include/opencv2/core/types.hpp:2070:14: note:   template argument deduction/substitution failed:
/home/tuofeichen/SLAM/MAV-Project/catkin_ws/src/backend/src/main.cpp:256:57: note:   ‘const std::vector<cv::KeyPoint>’ is not derived from ‘const cv::Scalar_<_Tp>’
    cv::write(fileStore, fileName, *(frame.getKeypoints()));
                                                         ^
In file included from /opt/opencv3/include/opencv2/core.hpp:58:0,
                 from /opt/opencv3/include/opencv2/highgui.hpp:46,
                 from /home/tuofeichen/SLAM/MAV-Project/catkin_ws/src/backend/src/main.cpp:12:
/opt/opencv3/include/opencv2/core/types.hpp:1590:12: note: template<class _Tp> cv::Size_<_Tp> cv::operator*(const cv::Size_<_Tp>&, _Tp)
 Size_<_Tp> operator * (const Size_<_Tp>& a, _Tp b)
            ^
/opt/opencv3/include/opencv2/core/types.hpp:1590:12: note:   template argument deduction/substitution failed:
/home/tuofeichen/SLAM/MAV-Project/catkin_ws/src/backend/src/main.cpp:256:57: note:   ‘const std::vector<cv::KeyPoint>’ is not derived from ‘const cv::Size_<_Tp>’
    cv::write(fileStore, fileName, *(frame.getKeypoints()));
                                                         ^
In file included from /opt/opencv3/include/opencv2/core.hpp:58:0,
                 from /opt/opencv3/include/opencv2/highgui.hpp:46,
                 from /home/tuofeichen/SLAM/MAV-Project/catkin_ws/src/backend/src/main.cpp:12:
/opt/opencv3/include/opencv2/core/types.hpp:1513:17: note: template<class _Tp> cv::Matx<T2, 4, 1> cv::operator*(const cv::Matx<_Tp, 4, 4>&, const cv::Point3_<_Tp>&)
 Matx<_Tp, 4, 1> operator * (const Matx<_Tp, 4, 4>& a, const Point3_<_Tp>& b)
                 ^
/opt/opencv3/include/opencv2/core/types.hpp:1513:17: note:   template argument deduction/substitution failed:
/home/tuofeichen/SLAM/MAV-Project/catkin_ws/src/backend/src/main.cpp:256:57: note:   ‘const std::vector<cv::KeyPoint>’ is not derived from ‘const cv::Matx<_Tp, 4, 4>’
    cv::write(fileStore, fileName, *(frame.getKeypoints()));
                                                         ^
In file included from /opt/opencv3/include/opencv2/core.hpp:58:0,
                 from /opt/opencv3/include/opencv2/highgui.hpp:46,
                 from /home/tuofeichen/SLAM/MAV-Project/catkin_ws/src/backend/src/main.cpp:12:
/opt/opencv3/include/opencv2/core/types.hpp:1506:14: note: template<class _Tp> cv::Point3_<_Tp> cv::operator*(const cv::Matx<_Tp, 3, 3>&, const cv::Point3_<_Tp>&)
 Point3_<_Tp> operator * (const Matx<_Tp, 3, 3>& a, const Point3_<_Tp>& b)
              ^
/opt/opencv3/include/opencv2/core/types.hpp:1506:14: note:   template argument deduction/substitution failed:
/home/tuofeichen/SLAM/MAV-Project/catkin_ws/src/backend/src/main.cpp:256:57: note:   ‘const std::vector<cv::KeyPoint>’ is not derived from ‘const cv::Matx<_Tp, 3, 3>’
    cv::write(fileStore, fileName, *(frame.getKeypoints()));
                                                         ^
In file included from /opt/opencv3/include/opencv2/core.hpp:58:0,
                 from /opt/opencv3/include/opencv2/highgui.hpp:46,
                 from /home/tuofeichen/SLAM/MAV-Project/catkin_ws/src/backend/src/main.cpp:12:
/opt/opencv3/include/opencv2/core/types.hpp:1500:14: note: template<class _Tp> cv::Point3_<_Tp> cv::operator*(double, const cv::Point3_<_Tp>&)
 Point3_<_Tp> operator * (double a, const Point3_<_Tp>& b)
              ^
/opt/opencv3/include/opencv2/core/types.hpp:1500:14: note:   template argument deduction/substitution failed:
/home/tuofeichen/SLAM/MAV-Project/catkin_ws/src/backend/src/main.cpp:256:57: note:   cannot convert ‘frame.SLAM::Frame::getKeypoints()’ (type ‘const std::vector<cv::KeyPoint>’) to type ‘double’
    cv::write(fileStore, fileName, *(frame.getKeypoints()));
                                                         ^
In file included from /opt/opencv3/include/opencv2/core.hpp:58:0,
                 from /opt/opencv3/include/opencv2/highgui.hpp:46,
                 from /home/tuofeichen/SLAM/MAV-Project/catkin_ws/src/backend/src/main.cpp:12:
/opt/opencv3/include/opencv2/core/types.hpp:1494:14: note: template<class _Tp> cv::Point3_<_Tp> cv::operator*(const cv::Point3_<_Tp>&, double)
 Point3_<_Tp> operator * (const Point3_<_Tp>& a, double b)
              ^
/opt/opencv3/include/opencv2/core/types.hpp:1494:14: note:   template argument deduction/substitution failed:
/home/tuofeichen/SLAM/MAV-Project/catkin_ws/src/backend/src/main.cpp:256:57: note:   ‘const std::vector<cv::KeyPoint>’ is not derived from ‘const cv::Point3_<_Tp>’
    cv::write(fileStore, fileName, *(frame.getKeypoints()));
                                                         ^
In file included from /opt/opencv3/include/opencv2/core.hpp:58:0,
                 from /opt/opencv3/include/opencv2/highgui.hpp:46,
                 from /home/tuofeichen/SLAM/MAV-Project/catkin_ws/src/backend/src/main.cpp:12:
/opt/opencv3/include/opencv2/core/types.hpp:1488:14: note: template<class _Tp> cv::Point3_<_Tp> cv::operator*(float, const cv::Point3_<_Tp>&)
 Point3_<_Tp> operator * (float a, const Point3_<_Tp>& b)
              ^
/opt/opencv3/include/opencv2/core/types.hpp:1488:14: note:   template argument deduction/substitution failed:
/home/tuofeichen/SLAM/MAV-Project/catkin_ws/src/backend/src/main.cpp:256:57: note:   cannot convert ‘frame.SLAM::Frame::getKeypoints()’ (type ‘const std::vector<cv::KeyPoint>’) to type ‘float’
    cv::write(fileStore, fileName, *(frame.getKeypoints()));
                                                         ^
In file included from /opt/opencv3/include/opencv2/core.hpp:58:0,
                 from /opt/opencv3/include/opencv2/highgui.hpp:46,
                 from /home/tuofeichen/SLAM/MAV-Project/catkin_ws/src/backend/src/main.cpp:12:
/opt/opencv3/include/opencv2/core/types.hpp:1482:14: note: template<class _Tp> cv::Point3_<_Tp> cv::operator*(const cv::Point3_<_Tp>&, float)
 Point3_<_Tp> operator * (const Point3_<_Tp>& a, float b)
              ^
/opt/opencv3/include/opencv2/core/types.hpp:1482:14: note:   template argument deduction/substitution failed:
/home/tuofeichen/SLAM/MAV-Project/catkin_ws/src/backend/src/main.cpp:256:57: note:   ‘const std::vector<cv::KeyPoint>’ is not derived from ‘const cv::Point3_<_Tp>’
    cv::write(fileStore, fileName, *(frame.getKeypoints()));
                                                         ^
In file included from /opt/opencv3/include/opencv2/core.hpp:58:0,
                 from /opt/opencv3/include/opencv2/highgui.hpp:46,
                 from /home/tuofeichen/SLAM/MAV-Project/catkin_ws/src/backend/src/main.cpp:12:
/opt/opencv3/include/opencv2/core/types.hpp:1476:14: note: template<class _Tp> cv::Point3_<_Tp> cv::operator*(int, const cv::Point3_<_Tp>&)
 Point3_<_Tp> operator * (int a, const Point3_<_Tp>& b)
              ^
/opt/opencv3/include/opencv2/core/types.hpp:1476:14: note:   template argument deduction/substitution failed:
/home/tuofeichen/SLAM/MAV-Project/catkin_ws/src/backend/src/main.cpp:256:57: note:   cannot convert ‘frame.SLAM::Frame::getKeypoints()’ (type ‘const std::vector<cv::KeyPoint>’) to type ‘int’
    cv::write(fileStore, fileName, *(frame.getKeypoints()));
                                                         ^
In file included from /opt/opencv3/include/opencv2/core.hpp:58:0,
                 from /opt/opencv3/include/opencv2/highgui.hpp:46,
                 from /home/tuofeichen/SLAM/MAV-Project/catkin_ws/src/backend/src/main.cpp:12:
/opt/opencv3/include/opencv2/core/types.hpp:1470:14: note: template<class _Tp> cv::Point3_<_Tp> cv::operator*(const cv::Point3_<_Tp>&, int)
 Point3_<_Tp> operator * (const Point3_<_Tp>& a, int b)
              ^
/opt/opencv3/include/opencv2/core/types.hpp:1470:14: note:   template argument deduction/substitution failed:
/home/tuofeichen/SLAM/MAV-Project/catkin_ws/src/backend/src/main.cpp:256:57: note:   ‘const std::vector<cv::KeyPoint>’ is not derived from ‘const cv::Point3_<_Tp>’
    cv::write(fileStore, fileName, *(frame.getKeypoints()));
                                                         ^
In file included from /opt/opencv3/include/opencv2/core.hpp:58:0,
                 from /opt/opencv3/include/opencv2/highgui.hpp:46,
                 from /home/tuofeichen/SLAM/MAV-Project/catkin_ws/src/backend/src/main.cpp:12:
/opt/opencv3/include/opencv2/core/types.hpp:1269:14: note: template<class _Tp> cv::Point3_<_Tp> cv::operator*(const cv::Matx<_Tp, 3, 3>&, const cv::Point_<_Tp>&)
 Point3_<_Tp> operator * (const Matx<_Tp, 3, 3>& a, const Point_<_Tp>& b)
              ^
/opt/opencv3/include/opencv2/core/types.hpp:1269:14: note:   template argument deduction/substitution failed:
/home/tuofeichen/SLAM/MAV-Project/catkin_ws/src/backend/src/main.cpp:256:57: note:   ‘const std::vector<cv::KeyPoint>’ is not derived from ‘const cv::Matx<_Tp, 3, 3>’
    cv::write(fileStore, fileName, *(frame.getKeypoints()));
                                                         ^
In file included from /opt/opencv3/include/opencv2/core.hpp:58:0,
                 from /opt/opencv3/include/opencv2/highgui.hpp:46,
                 from /home/tuofeichen/SLAM/MAV-Project/catkin_ws/src/backend/src/main.cpp:12:
/opt/opencv3/include/opencv2/core/types.hpp:1262:13: note: template<class _Tp> cv::Point_<_Tp> cv::operator*(const cv::Matx<_Tp, 2, 2>&, const cv::Point_<_Tp>&)
 Point_<_Tp> operator * (const Matx<_Tp, 2, 2>& a, const Point_<_Tp>& b)
             ^
/opt/opencv3/include/opencv2/core/types.hpp:1262:13: note:   template argument deduction/substitution failed:
/home/tuofeichen/SLAM/MAV-Project/catkin_ws/src/backend/src/main.cpp:256:57: note:   ‘const std::vector<cv::KeyPoint>’ is not derived from ‘const cv::Matx<_Tp, 2, 2>’
    cv::write(fileStore, fileName, *(frame.getKeypoints()));
                                                         ^
In file included from /opt/opencv3/include/opencv2/core.hpp:58:0,
                 from /opt/opencv3/include/opencv2/highgui.hpp:46,
                 from /home/tuofeichen/SLAM/MAV-Project/catkin_ws/src/backend/src/main.cpp:12:
/opt/opencv3/include/opencv2/core/types.hpp:1256:13: note: template<class _Tp> cv::Point_<_Tp> cv::operator*(double, const cv::Point_<_Tp>&)
 Point_<_Tp> operator * (double a, const Point_<_Tp>& b)
             ^
/opt/opencv3/include/opencv2/core/types.hpp:1256:13: note:   template argument deduction/substitution failed:
/home/tuofeichen/SLAM/MAV-Project/catkin_ws/src/backend/src/main.cpp:256:57: note:   cannot convert ‘frame.SLAM::Frame::getKeypoints()’ (type ‘const std::vector<cv::KeyPoint>’) to type ‘double’
    cv::write(fileStore, fileName, *(frame.getKeypoints()));
                                                         ^
In file included from /opt/opencv3/include/opencv2/core.hpp:58:0,
                 from /opt/opencv3/include/opencv2/highgui.hpp:46,
                 from /home/tuofeichen/SLAM/MAV-Project/catkin_ws/src/backend/src/main.cpp:12:
/opt/opencv3/include/opencv2/core/types.hpp:1250:13: note: template<class _Tp> cv::Point_<_Tp> cv::operator*(const cv::Point_<_Tp>&, double)
 Point_<_Tp> operator * (const Point_<_Tp>& a, double b)
             ^
/opt/opencv3/include/opencv2/core/types.hpp:1250:13: note:   template argument deduction/substitution failed:
/home/tuofeichen/SLAM/MAV-Project/catkin_ws/src/backend/src/main.cpp:256:57: note:   ‘const std::vector<cv::KeyPoint>’ is not derived from ‘const cv::Point_<_Tp>’
    cv::write(fileStore, fileName, *(frame.getKeypoints()));
                                                         ^
In file included from /opt/opencv3/include/opencv2/core.hpp:58:0,
                 from /opt/opencv3/include/opencv2/highgui.hpp:46,
                 from /home/tuofeichen/SLAM/MAV-Project/catkin_ws/src/backend/src/main.cpp:12:
/opt/opencv3/include/opencv2/core/types.hpp:1244:13: note: template<class _Tp> cv::Point_<_Tp> cv::operator*(float, const cv::Point_<_Tp>&)
 Point_<_Tp> operator * (float a, const Point_<_Tp>& b)
             ^
/opt/opencv3/include/opencv2/core/types.hpp:1244:13: note:   template argument deduction/substitution failed:
/home/tuofeichen/SLAM/MAV-Project/catkin_ws/src/backend/src/main.cpp:256:57: note:   cannot convert ‘frame.SLAM::Frame::getKeypoints()’ (type ‘const std::vector<cv::KeyPoint>’) to type ‘float’
    cv::write(fileStore, fileName, *(frame.getKeypoints()));
                                                         ^
In file included from /opt/opencv3/include/opencv2/core.hpp:58:0,
                 from /opt/opencv3/include/opencv2/highgui.hpp:46,
                 from /home/tuofeichen/SLAM/MAV-Project/catkin_ws/src/backend/src/main.cpp:12:
/opt/opencv3/include/opencv2/core/types.hpp:1238:13: note: template<class _Tp> cv::Point_<_Tp> cv::operator*(const cv::Point_<_Tp>&, float)
 Point_<_Tp> operator * (const Point_<_Tp>& a, float b)
             ^
/opt/opencv3/include/opencv2/core/types.hpp:1238:13: note:   template argument deduction/substitution failed:
/home/tuofeichen/SLAM/MAV-Project/catkin_ws/src/backend/src/main.cpp:256:57: note:   ‘const std::vector<cv::KeyPoint>’ is not derived from ‘const cv::Point_<_Tp>’
    cv::write(fileStore, fileName, *(frame.getKeypoints()));
                                                         ^
In file included from /opt/opencv3/include/opencv2/core.hpp:58:0,
                 from /opt/opencv3/include/opencv2/highgui.hpp:46,
                 from /home/tuofeichen/SLAM/MAV-Project/catkin_ws/src/backend/src/main.cpp:12:
/opt/opencv3/include/opencv2/core/types.hpp:1232:13: note: template<class _Tp> cv::Point_<_Tp> cv::operator*(int, const cv::Point_<_Tp>&)
 Point_<_Tp> operator * (int a, const Point_<_Tp>& b)
             ^
/opt/opencv3/include/opencv2/core/types.hpp:1232:13: note:   template argument deduction/substitution failed:
/home/tuofeichen/SLAM/MAV-Project/catkin_ws/src/backend/src/main.cpp:256:57: note:   cannot convert ‘frame.SLAM::Frame::getKeypoints()’ (type ‘const std::vector<cv::KeyPoint>’) to type ‘int’
    cv::write(fileStore, fileName, *(frame.getKeypoints()));
                                                         ^
In file included from /opt/opencv3/include/opencv2/core.hpp:58:0,
                 from /opt/opencv3/include/opencv2/highgui.hpp:46,
                 from /home/tuofeichen/SLAM/MAV-Project/catkin_ws/src/backend/src/main.cpp:12:
/opt/opencv3/include/opencv2/core/types.hpp:1226:13: note: template<class _Tp> cv::Point_<_Tp> cv::operator*(const cv::Point_<_Tp>&, int)
 Point_<_Tp> operator * (const Point_<_Tp>& a, int b)
             ^
/opt/opencv3/include/opencv2/core/types.hpp:1226:13: note:   template argument deduction/substitution failed:
/home/tuofeichen/SLAM/MAV-Project/catkin_ws/src/backend/src/main.cpp:256:57: note:   ‘const std::vector<cv::KeyPoint>’ is not derived from ‘const cv::Point_<_Tp>’
    cv::write(fileStore, fileName, *(frame.getKeypoints()));
                                                         ^
In file included from /opt/opencv3/include/opencv2/core.hpp:58:0,
                 from /opt/opencv3/include/opencv2/highgui.hpp:46,
                 from /home/tuofeichen/SLAM/MAV-Project/catkin_ws/src/backend/src/main.cpp:12:
/opt/opencv3/include/opencv2/core/types.hpp:972:14: note: template<class _Tp> cv::Complex<_Tp> cv::operator*(_Tp, const cv::Complex<_Tp>&)
 Complex<_Tp> operator * (_Tp b, const Complex<_Tp>& a)
              ^
/opt/opencv3/include/opencv2/core/types.hpp:972:14: note:   template argument deduction/substitution failed:
/home/tuofeichen/SLAM/MAV-Project/catkin_ws/src/backend/src/main.cpp:256:57: note:   candidate expects 2 arguments, 1 provided
    cv::write(fileStore, fileName, *(frame.getKeypoints()));
                                                         ^
In file included from /opt/opencv3/include/opencv2/core.hpp:58:0,
                 from /opt/opencv3/include/opencv2/highgui.hpp:46,
                 from /home/tuofeichen/SLAM/MAV-Project/catkin_ws/src/backend/src/main.cpp:12:
/opt/opencv3/include/opencv2/core/types.hpp:966:14: note: template<class _Tp> cv::Complex<_Tp> cv::operator*(const cv::Complex<_Tp>&, _Tp)
 Complex<_Tp> operator * (const Complex<_Tp>& a, _Tp b)
              ^
/opt/opencv3/include/opencv2/core/types.hpp:966:14: note:   template argument deduction/substitution failed:
/home/tuofeichen/SLAM/MAV-Project/catkin_ws/src/backend/src/main.cpp:256:57: note:   ‘const std::vector<cv::KeyPoint>’ is not derived from ‘const cv::Complex<_Tp>’
    cv::write(fileStore, fileName, *(frame.getKeypoints()));
                                                         ^
In file included from /opt/opencv3/include/opencv2/core.hpp:58:0,
                 from /opt/opencv3/include/opencv2/highgui.hpp:46,
                 from /home/tuofeichen/SLAM/MAV-Project/catkin_ws/src/backend/src/main.cpp:12:
/opt/opencv3/include/opencv2/core/types.hpp:960:14: note: template<class _Tp> cv::Complex<_Tp> cv::operator*(const cv::Complex<_Tp>&, const cv::Complex<_Tp>&)
 Complex<_Tp> operator * (const Complex<_Tp>& a, const Complex<_Tp>& b)
              ^
/opt/opencv3/include/opencv2/core/types.hpp:960:14: note:   template argument deduction/substitution failed:
/home/tuofeichen/SLAM/MAV-Project/catkin_ws/src/backend/src/main.cpp:256:57: note:   ‘const std::vector<cv::KeyPoint>’ is not derived from ‘const cv::Complex<_Tp>’
    cv::write(fileStore, fileName, *(frame.getKeypoints()));
                                                         ^
In file included from /opt/opencv3/include/opencv2/core.hpp:57:0,
                 from /opt/opencv3/include/opencv2/highgui.hpp:46,
                 from /home/tuofeichen/SLAM/MAV-Project/catkin_ws/src/backend/src/main.cpp:12:
/opt/opencv3/include/opencv2/core/matx.hpp:1358:43: note: template<class _Tp> cv::Vec<_Tp, 4> cv::operator*(const cv::Vec<_Tp, 4>&, const cv::Vec<_Tp, 4>&)
 template<typename _Tp> inline Vec<_Tp, 4> operator * (const Vec<_Tp, 4>& v1, const Vec<_Tp, 4>& v2)
                                           ^
/opt/opencv3/include/opencv2/core/matx.hpp:1358:43: note:   template argument deduction/substitution failed:
/home/tuofeichen/SLAM/MAV-Project/catkin_ws/src/backend/src/main.cpp:256:57: note:   ‘const std::vector<cv::KeyPoint>’ is not derived from ‘const cv::Vec<_Tp, 4>’
    cv::write(fileStore, fileName, *(frame.getKeypoints()));
                                                         ^
In file included from /opt/opencv3/include/opencv2/core.hpp:57:0,
                 from /opt/opencv3/include/opencv2/highgui.hpp:46,
                 from /home/tuofeichen/SLAM/MAV-Project/catkin_ws/src/backend/src/main.cpp:12:
/opt/opencv3/include/opencv2/core/matx.hpp:1327:14: note: template<class _Tp, int cn> cv::Vec<_Tp, m> cv::operator*(double, const cv::Vec<_Tp, m>&)
 Vec<_Tp, cn> operator * (double alpha, const Vec<_Tp, cn>& a)
              ^
/opt/opencv3/include/opencv2/core/matx.hpp:1327:14: note:   template argument deduction/substitution failed:
/home/tuofeichen/SLAM/MAV-Project/catkin_ws/src/backend/src/main.cpp:256:57: note:   cannot convert ‘frame.SLAM::Frame::getKeypoints()’ (type ‘const std::vector<cv::KeyPoint>’) to type ‘double’
    cv::write(fileStore, fileName, *(frame.getKeypoints()));
                                                         ^
In file included from /opt/opencv3/include/opencv2/core.hpp:57:0,
                 from /opt/opencv3/include/opencv2/highgui.hpp:46,
                 from /home/tuofeichen/SLAM/MAV-Project/catkin_ws/src/backend/src/main.cpp:12:
/opt/opencv3/include/opencv2/core/matx.hpp:1321:14: note: template<class _Tp, int cn> cv::Vec<_Tp, m> cv::operator*(const cv::Vec<_Tp, m>&, double)
 Vec<_Tp, cn> operator * (const Vec<_Tp, cn>& a, double alpha)
              ^
/opt/opencv3/include/opencv2/core/matx.hpp:1321:14: note:   template argument deduction/substitution failed:
/home/tuofeichen/SLAM/MAV-Project/catkin_ws/src/backend/src/main.cpp:256:57: note:   ‘const std::vector<cv::KeyPoint>’ is not derived from ‘const cv::Vec<_Tp, m>’
    cv::write(fileStore, fileName, *(frame.getKeypoints()));
                                                         ^
In file included from /opt/opencv3/include/opencv2/core.hpp:57:0,
                 from /opt/opencv3/include/opencv2/highgui.hpp:46,
                 from /home/tuofeichen/SLAM/MAV-Project/catkin_ws/src/backend/src/main.cpp:12:
/opt/opencv3/include/opencv2/core/matx.hpp:1315:14: note: template<class _Tp, int cn> cv::Vec<_Tp, m> cv::operator*(float, const cv::Vec<_Tp, m>&)
 Vec<_Tp, cn> operator * (float alpha, const Vec<_Tp, cn>& a)
              ^
/opt/opencv3/include/opencv2/core/matx.hpp:1315:14: note:   template argument deduction/substitution failed:
/home/tuofeichen/SLAM/MAV-Project/catkin_ws/src/backend/src/main.cpp:256:57: note:   cannot convert ‘frame.SLAM::Frame::getKeypoints()’ (type ‘const std::vector<cv::KeyPoint>’) to type ‘float’
    cv::write(fileStore, fileName, *(frame.getKeypoints()));
                                                         ^
In file included from /opt/opencv3/include/opencv2/core.hpp:57:0,
                 from /opt/opencv3/include/opencv2/highgui.hpp:46,
                 from /home/tuofeichen/SLAM/MAV-Project/catkin_ws/src/backend/src/main.cpp:12:
/opt/opencv3/include/opencv2/core/matx.hpp:1309:14: note: template<class _Tp, int cn> cv::Vec<_Tp, m> cv::operator*(const cv::Vec<_Tp, m>&, float)
 Vec<_Tp, cn> operator * (const Vec<_Tp, cn>& a, float alpha)
              ^
/opt/opencv3/include/opencv2/core/matx.hpp:1309:14: note:   template argument deduction/substitution failed:
/home/tuofeichen/SLAM/MAV-Project/catkin_ws/src/backend/src/main.cpp:256:57: note:   ‘const std::vector<cv::KeyPoint>’ is not derived from ‘const cv::Vec<_Tp, m>’
    cv::write(fileStore, fileName, *(frame.getKeypoints()));
                                                         ^
In file included from /opt/opencv3/include/opencv2/core.hpp:57:0,
                 from /opt/opencv3/include/opencv2/highgui.hpp:46,
                 from /home/tuofeichen/SLAM/MAV-Project/catkin_ws/src/backend/src/main.cpp:12:
/opt/opencv3/include/opencv2/core/matx.hpp:1303:14: note: template<class _Tp, int cn> cv::Vec<_Tp, m> cv::operator*(int, const cv::Vec<_Tp, m>&)
 Vec<_Tp, cn> operator * (int alpha, const Vec<_Tp, cn>& a)
              ^
/opt/opencv3/include/opencv2/core/matx.hpp:1303:14: note:   template argument deduction/substitution failed:
/home/tuofeichen/SLAM/MAV-Project/catkin_ws/src/backend/src/main.cpp:256:57: note:   cannot convert ‘frame.SLAM::Frame::getKeypoints()’ (type ‘const std::vector<cv::KeyPoint>’) to type ‘int’
    cv::write(fileStore, fileName, *(frame.getKeypoints()));
                                                         ^
In file included from /opt/opencv3/include/opencv2/core.hpp:57:0,
                 from /opt/opencv3/include/opencv2/highgui.hpp:46,
                 from /home/tuofeichen/SLAM/MAV-Project/catkin_ws/src/backend/src/main.cpp:12:
/opt/opencv3/include/opencv2/core/matx.hpp:1297:14: note: template<class _Tp, int cn> cv::Vec<_Tp, m> cv::operator*(const cv::Vec<_Tp, m>&, int)
 Vec<_Tp, cn> operator * (const Vec<_Tp, cn>& a, int alpha)
              ^
/opt/opencv3/include/opencv2/core/matx.hpp:1297:14: note:   template argument deduction/substitution failed:
/home/tuofeichen/SLAM/MAV-Project/catkin_ws/src/backend/src/main.cpp:256:57: note:   ‘const std::vector<cv::KeyPoint>’ is not derived from ‘const cv::Vec<_Tp, m>’
    cv::write(fileStore, fileName, *(frame.getKeypoints()));
                                                         ^
In file included from /opt/opencv3/include/opencv2/core.hpp:57:0,
                 from /opt/opencv3/include/opencv2/highgui.hpp:46,
                 from /home/tuofeichen/SLAM/MAV-Project/catkin_ws/src/backend/src/main.cpp:12:
/opt/opencv3/include/opencv2/core/matx.hpp:1190:13: note: template<class _Tp, int m, int n> cv::Vec<_Tp, m> cv::operator*(const cv::Matx<_Tp, m, n>&, const cv::Vec<_Tp, n>&)
 Vec<_Tp, m> operator * (const Matx<_Tp, m, n>& a, const Vec<_Tp, n>& b)
             ^
/opt/opencv3/include/opencv2/core/matx.hpp:1190:13: note:   template argument deduction/substitution failed:
/home/tuofeichen/SLAM/MAV-Project/catkin_ws/src/backend/src/main.cpp:256:57: note:   ‘const std::vector<cv::KeyPoint>’ is not derived from ‘const cv::Matx<_Tp, m, n>’
    cv::write(fileStore, fileName, *(frame.getKeypoints()));
                                                         ^
In file included from /opt/opencv3/include/opencv2/core.hpp:57:0,
                 from /opt/opencv3/include/opencv2/highgui.hpp:46,
                 from /home/tuofeichen/SLAM/MAV-Project/catkin_ws/src/backend/src/main.cpp:12:
/opt/opencv3/include/opencv2/core/matx.hpp:1184:17: note: template<class _Tp, int m, int n, int l> cv::Matx<_Tp, m, n> cv::operator*(const cv::Matx<_Tp, m, l>&, const cv::Matx<_Tp, l, n>&)
 Matx<_Tp, m, n> operator * (const Matx<_Tp, m, l>& a, const Matx<_Tp, l, n>& b)
                 ^
/opt/opencv3/include/opencv2/core/matx.hpp:1184:17: note:   template argument deduction/substitution failed:
/home/tuofeichen/SLAM/MAV-Project/catkin_ws/src/backend/src/main.cpp:256:57: note:   ‘const std::vector<cv::KeyPoint>’ is not derived from ‘const cv::Matx<_Tp, m, l>’
    cv::write(fileStore, fileName, *(frame.getKeypoints()));
                                                         ^
In file included from /opt/opencv3/include/opencv2/core.hpp:57:0,
                 from /opt/opencv3/include/opencv2/highgui.hpp:46,
                 from /home/tuofeichen/SLAM/MAV-Project/catkin_ws/src/backend/src/main.cpp:12:
/opt/opencv3/include/opencv2/core/matx.hpp:1172:17: note: template<class _Tp, int m, int n> cv::Matx<_Tp, m, n> cv::operator*(double, const cv::Matx<_Tp, m, n>&)
 Matx<_Tp, m, n> operator * (double alpha, const Matx<_Tp, m, n>& a)
                 ^
/opt/opencv3/include/opencv2/core/matx.hpp:1172:17: note:   template argument deduction/substitution failed:
/home/tuofeichen/SLAM/MAV-Project/catkin_ws/src/backend/src/main.cpp:256:57: note:   cannot convert ‘frame.SLAM::Frame::getKeypoints()’ (type ‘const std::vector<cv::KeyPoint>’) to type ‘double’
    cv::write(fileStore, fileName, *(frame.getKeypoints()));
                                                         ^
In file included from /opt/opencv3/include/opencv2/core.hpp:57:0,
                 from /opt/opencv3/include/opencv2/highgui.hpp:46,
                 from /home/tuofeichen/SLAM/MAV-Project/catkin_ws/src/backend/src/main.cpp:12:
/opt/opencv3/include/opencv2/core/matx.hpp:1166:17: note: template<class _Tp, int m, int n> cv::Matx<_Tp, m, n> cv::operator*(float, const cv::Matx<_Tp, m, n>&)
 Matx<_Tp, m, n> operator * (float alpha, const Matx<_Tp, m, n>& a)
                 ^
/opt/opencv3/include/opencv2/core/matx.hpp:1166:17: note:   template argument deduction/substitution failed:
/home/tuofeichen/SLAM/MAV-Project/catkin_ws/src/backend/src/main.cpp:256:57: note:   cannot convert ‘frame.SLAM::Frame::getKeypoints()’ (type ‘const std::vector<cv::KeyPoint>’) to type ‘float’
    cv::write(fileStore, fileName, *(frame.getKeypoints()));
                                                         ^
In file included from /opt/opencv3/include/opencv2/core.hpp:57:0,
                 from /opt/opencv3/include/opencv2/highgui.hpp:46,
                 from /home/tuofeichen/SLAM/MAV-Project/catkin_ws/src/backend/src/main.cpp:12:
/opt/opencv3/include/opencv2/core/matx.hpp:1160:17: note: template<class _Tp, int m, int n> cv::Matx<_Tp, m, n> cv::operator*(int, const cv::Matx<_Tp, m, n>&)
 Matx<_Tp, m, n> operator * (int alpha, const Matx<_Tp, m, n>& a)
                 ^
/opt/opencv3/include/opencv2/core/matx.hpp:1160:17: note:   template argument deduction/substitution failed:
/home/tuofeichen/SLAM/MAV-Project/catkin_ws/src/backend/src/main.cpp:256:57: note:   cannot convert ‘frame.SLAM::Frame::getKeypoints()’ (type ‘const std::vector<cv::KeyPoint>’) to type ‘int’
    cv::write(fileStore, fileName, *(frame.getKeypoints()));
                                                         ^
In file included from /opt/opencv3/include/opencv2/core.hpp:57:0,
                 from /opt/opencv3/include/opencv2/highgui.hpp:46,
                 from /home/tuofeichen/SLAM/MAV-Project/catkin_ws/src/backend/src/main.cpp:12:
/opt/opencv3/include/opencv2/core/matx.hpp:1154:17: note: template<class _Tp, int m, int n> cv::Matx<_Tp, m, n> cv::operator*(const cv::Matx<_Tp, m, n>&, double)
 Matx<_Tp, m, n> operator * (const Matx<_Tp, m, n>& a, double alpha)
                 ^
/opt/opencv3/include/opencv2/core/matx.hpp:1154:17: note:   template argument deduction/substitution failed:
/home/tuofeichen/SLAM/MAV-Project/catkin_ws/src/backend/src/main.cpp:256:57: note:   ‘const std::vector<cv::KeyPoint>’ is not derived from ‘const cv::Matx<_Tp, m, n>’
    cv::write(fileStore, fileName, *(frame.getKeypoints()));
                                                         ^
In file included from /opt/opencv3/include/opencv2/core.hpp:57:0,
                 from /opt/opencv3/include/opencv2/highgui.hpp:46,
                 from /home/tuofeichen/SLAM/MAV-Project/catkin_ws/src/backend/src/main.cpp:12:
/opt/opencv3/include/opencv2/core/matx.hpp:1148:17: note: template<class _Tp, int m, int n> cv::Matx<_Tp, m, n> cv::operator*(const cv::Matx<_Tp, m, n>&, float)
 Matx<_Tp, m, n> operator * (const Matx<_Tp, m, n>& a, float alpha)
                 ^
/opt/opencv3/include/opencv2/core/matx.hpp:1148:17: note:   template argument deduction/substitution failed:
/home/tuofeichen/SLAM/MAV-Project/catkin_ws/src/backend/src/main.cpp:256:57: note:   ‘const std::vector<cv::KeyPoint>’ is not derived from ‘const cv::Matx<_Tp, m, n>’
    cv::write(fileStore, fileName, *(frame.getKeypoints()));
                                                         ^
In file included from /opt/opencv3/include/opencv2/core.hpp:57:0,
                 from /opt/opencv3/include/opencv2/highgui.hpp:46,
                 from /home/tuofeichen/SLAM/MAV-Project/catkin_ws/src/backend/src/main.cpp:12:
/opt/opencv3/include/opencv2/core/matx.hpp:1142:17: note: template<class _Tp, int m, int n> cv::Matx<_Tp, m, n> cv::operator*(const cv::Matx<_Tp, m, n>&, int)
 Matx<_Tp, m, n> operator * (const Matx<_Tp, m, n>& a, int alpha)
                 ^
/opt/opencv3/include/opencv2/core/matx.hpp:1142:17: note:   template argument deduction/substitution failed:
/home/tuofeichen/SLAM/MAV-Project/catkin_ws/src/backend/src/main.cpp:256:57: note:   ‘const std::vector<cv::KeyPoint>’ is not derived from ‘const cv::Matx<_Tp, m, n>’
    cv::write(fileStore, fileName, *(frame.getKeypoints()));
                                                         ^
make[2]: *** [CMakeFiles/backend.dir/src/main.cpp.o] Error 1
make[1]: *** [CMakeFiles/backend.dir/all] Error 2
make: *** [all] Error 2
