Not searching for unused variables given on the command line.
[36m--[0m Using CATKIN_DEVEL_PREFIX: /home/tuofeichen/SLAM/MAV-Project/catkin_ws/devel
[36m--[0m Using CMAKE_PREFIX_PATH: /home/tuofeichen/SLAM/MAV-Project/catkin_ws/devel;/opt/ros/indigo
[36m--[0m This workspace overlays: /home/tuofeichen/SLAM/MAV-Project/catkin_ws/devel;/opt/ros/indigo
[36m--[0m Using PYTHON_EXECUTABLE: /usr/bin/python
[36m--[0m Using Debian Python package layout
[36m--[0m Using empy: /usr/bin/empy
[36m--[0m Using CATKIN_ENABLE_TESTING: ON
[36m--[0m Call enable_testing()
[36m--[0m Using CATKIN_TEST_RESULTS_DIR: /home/tuofeichen/SLAM/MAV-Project/catkin_ws/build/backend/test_results
[36m--[0m Found gtest sources under '/usr/src/gtest': gtests will be built
[36m--[0m Using Python nosetests: /usr/bin/nosetests-2.7
[36m--[0m catkin 0.6.18
[31m[1mCMake Error[0m at /opt/ros/indigo/share/catkin/cmake/catkin_package_xml.cmake:43 (message):
  catkin_package_xml() package name 'backend' in
  '/home/tuofeichen/SLAM/MAV-Project/catkin_ws/src/frontend/package.xml' does
  not match current PROJECT_NAME 'frontend'.  You must call project() with
  the same package name before.
[36mCall Stack (most recent call first):[0m
  /opt/ros/indigo/share/catkin/cmake/catkin_package.cmake:95 (catkin_package_xml)
  CMakeLists.txt:103 (catkin_package)


[36m--[0m Configuring incomplete, errors occurred!
See also "/home/tuofeichen/SLAM/MAV-Project/catkin_ws/build/backend/CMakeFiles/CMakeOutput.log".
See also "/home/tuofeichen/SLAM/MAV-Project/catkin_ws/build/backend/CMakeFiles/CMakeError.log".
