/home/tuofeichen/SLAM/MAV-Project/catkin_ws/src/backend/src/Mapping.cpp:331:4: warning: multi-line comment [-Wcomment]
    // cv::drawMatches(frame1.getGray(),frame1.getKeypoints(),frame2.getGray(),frame2.getKeypoints(), matches, \
    ^
/home/tuofeichen/SLAM/MAV-Project/catkin_ws/src/backend/src/Mapping.cpp: In member function ‘void SLAM::Mapping::parallelMatching()’:
/home/tuofeichen/SLAM/MAV-Project/catkin_ws/src/backend/src/Mapping.cpp:541:8: warning: variable ‘prevId’ set but not used [-Wunused-but-set-variable]
    int prevId = -1;
        ^
/home/tuofeichen/SLAM/MAV-Project/catkin_ws/src/backend/src/main.cpp: In function ‘int main(int, char**)’:
/home/tuofeichen/SLAM/MAV-Project/catkin_ws/src/backend/src/main.cpp:279:53: warning: comparison between signed and unsigned integer expressions [-Wsign-compare]
     for (int i = 0; i < frame.getKeypoints3D().size();i++)
                                                     ^
/home/tuofeichen/SLAM/MAV-Project/catkin_ws/src/backend/src/main.cpp:285:50: warning: comparison between signed and unsigned integer expressions [-Wsign-compare]
     for (int i = 0; i< frame.getKeypoints().size();i++)
                                                  ^
/home/tuofeichen/SLAM/MAV-Project/catkin_ws/src/backend/src/main.cpp:294:38: warning: comparison between signed and unsigned integer expressions [-Wsign-compare]
    if ((slam.getBadFrameCounter() == badFrameCnt)&&(slam.getNoTrafoFoundCounter() == noTrafoCnt))
                                      ^
/home/tuofeichen/SLAM/MAV-Project/catkin_ws/src/backend/src/main.cpp:294:86: warning: comparison between signed and unsigned integer expressions [-Wsign-compare]
    if ((slam.getBadFrameCounter() == badFrameCnt)&&(slam.getNoTrafoFoundCounter() == noTrafoCnt))
                                                                                      ^
