/home/tuofeichen/SLAM/MAV-Project/catkin_ws/src/backend/src/main.cpp: In function ‘int main(int, char**)’:
/home/tuofeichen/SLAM/MAV-Project/catkin_ws/src/backend/src/main.cpp:278:53: warning: comparison between signed and unsigned integer expressions [-Wsign-compare]
     for (int i = 0; i < frame.getKeypoints3D().size();i++)
                                                     ^
/home/tuofeichen/SLAM/MAV-Project/catkin_ws/src/backend/src/main.cpp:284:50: warning: comparison between signed and unsigned integer expressions [-Wsign-compare]
     for (int i = 0; i< frame.getKeypoints().size();i++)
                                                  ^
/home/tuofeichen/SLAM/MAV-Project/catkin_ws/src/backend/src/main.cpp:292:41: warning: comparison between signed and unsigned integer expressions [-Wsign-compare]
    if (slam.getImuCompensateCounter()== badFrameCnt)
                                         ^
/home/tuofeichen/SLAM/MAV-Project/catkin_ws/src/backend/src/main.cpp:322:87: error: no matching function for call to ‘Backend::setNewNode(SLAM::Frame&, <unresolved overloaded function type>, const IdentityReturnType, int)’
    backend.setNewNode(frame, pos.cast<float>, Eigen::Matrix<float, 6, 6>::Identity(),1);
                                                                                       ^
/home/tuofeichen/SLAM/MAV-Project/catkin_ws/src/backend/src/main.cpp:322:87: note: candidate is:
In file included from /home/tuofeichen/SLAM/MAV-Project/catkin_ws/src/backend/src/main.cpp:25:0:
/home/tuofeichen/SLAM/MAV-Project/catkin_ws/src/backend/include/Backend.h:27:7: note: void Backend::setNewNode(const SLAM::Frame&, const Matrix4f&, const Eigen::Matrix<float, 6, 6>&, uint8_t)
  void setNewNode(const Frame& frame, const Eigen::Matrix4f& tm, const Eigen::Matrix<float, 6, 6>& im, uint8_t toNode); // copy
       ^
/home/tuofeichen/SLAM/MAV-Project/catkin_ws/src/backend/include/Backend.h:27:7: note:   no known conversion for argument 2 from ‘<unresolved overloaded function type>’ to ‘const Matrix4f& {aka const Eigen::Matrix<float, 4, 4>&}’
make[2]: *** [CMakeFiles/backend.dir/src/main.cpp.o] Error 1
make[1]: *** [CMakeFiles/backend.dir/all] Error 2
make: *** [all] Error 2
