[  0%] Built target std_msgs_generate_messages_py
[  0%] Built target geometry_msgs_generate_messages_lisp
[  0%] Built target roscpp_generate_messages_py
[  0%] Built target roscpp_generate_messages_cpp
[  0%] Built target rosgraph_msgs_generate_messages_lisp
[  0%] Built target geometry_msgs_generate_messages_py
[  0%] Built target std_msgs_generate_messages_cpp
[  0%] Built target rosgraph_msgs_generate_messages_py
[  0%] Built target roscpp_generate_messages_lisp
[35m[1mScanning dependencies of target frontend[0m
[  0%] Built target rosgraph_msgs_generate_messages_cpp
[  0%] Built target geometry_msgs_generate_messages_cpp
[  0%] Built target std_msgs_generate_messages_lisp
[  5%] [32mBuilding CXX object CMakeFiles/frontend.dir/src/G2oPoseGraph.cpp.o[0m
[ 11%] [32mBuilding CXX object CMakeFiles/frontend.dir/src/Mapping.cpp.o[0m
In file included from /home/tuofeichen/SLAM/MAV-Project/catkin_ws/src/backend/src/G2oPoseGraph.cpp:9:0:
/home/tuofeichen/SLAM/MAV-Project/catkin_ws/src/backend/include/G2oPoseGraph.h: In member function ‘void SLAM::G2oPoseGraph::save()’:
/home/tuofeichen/SLAM/MAV-Project/catkin_ws/src/backend/include/G2oPoseGraph.h:78:27: error: expected primary-expression before ‘<’ token
     vertexLog << buffer <<< std::endl;
                           ^
/home/tuofeichen/SLAM/MAV-Project/catkin_ws/src/backend/src/Mapping.cpp: In member function ‘void SLAM::Mapping::matchTwoFrames(const SLAM::Frame&, const SLAM::Frame&, bool&, bool&, Eigen::Isometry3d&, Eigen::Matrix<double, 6, 6>&)’:
/home/tuofeichen/SLAM/MAV-Project/catkin_ws/src/backend/src/Mapping.cpp:340:14: warning: unused variable ‘logName’ [-Wunused-variable]
  static char logName [50];
              ^
/home/tuofeichen/SLAM/MAV-Project/catkin_ws/src/backend/src/Mapping.cpp: In member function ‘void SLAM::Mapping::parallelMatching()’:
/home/tuofeichen/SLAM/MAV-Project/catkin_ws/src/backend/src/Mapping.cpp:581:8: warning: variable ‘prevId’ set but not used [-Wunused-but-set-variable]
    int prevId = -1;
        ^
make[2]: *** [CMakeFiles/frontend.dir/src/G2oPoseGraph.cpp.o] Error 1
make[2]: *** Waiting for unfinished jobs....
make[1]: *** [CMakeFiles/frontend.dir/all] Error 2
make: *** [all] Error 2
