Determining if the pthread_create exist failed with the following output:
Change Dir: /home/odroid/MAV-Project/px4_ws/build/catkin/CMakeFiles/CMakeTmp

Run Build Command:/usr/bin/make "cmTryCompileExec3579178937/fast"
/usr/bin/make -f CMakeFiles/cmTryCompileExec3579178937.dir/build.make CMakeFiles/cmTryCompileExec3579178937.dir/build
make[1]: Entering directory `/home/odroid/MAV-Project/px4_ws/build/catkin/CMakeFiles/CMakeTmp'
/usr/bin/cmake -E cmake_progress_report /home/odroid/MAV-Project/px4_ws/build/catkin/CMakeFiles/CMakeTmp/CMakeFiles 1
Building C object CMakeFiles/cmTryCompileExec3579178937.dir/CheckSymbolExists.c.o
/usr/bin/cc    -o CMakeFiles/cmTryCompileExec3579178937.dir/CheckSymbolExists.c.o   -c /home/odroid/MAV-Project/px4_ws/build/catkin/CMakeFiles/CMakeTmp/CheckSymbolExists.c
Linking C executable cmTryCompileExec3579178937
/usr/bin/cmake -E cmake_link_script CMakeFiles/cmTryCompileExec3579178937.dir/link.txt --verbose=1
/usr/bin/cc       CMakeFiles/cmTryCompileExec3579178937.dir/CheckSymbolExists.c.o  -o cmTryCompileExec3579178937 -rdynamic 
CMakeFiles/cmTryCompileExec3579178937.dir/CheckSymbolExists.c.o: In function `main':
CheckSymbolExists.c:(.text+0xe): undefined reference to `pthread_create'
CheckSymbolExists.c:(.text+0x12): undefined reference to `pthread_create'
collect2: error: ld returned 1 exit status
make[1]: *** [cmTryCompileExec3579178937] Error 1
make[1]: Leaving directory `/home/odroid/MAV-Project/px4_ws/build/catkin/CMakeFiles/CMakeTmp'
make: *** [cmTryCompileExec3579178937/fast] Error 2

File /home/odroid/MAV-Project/px4_ws/build/catkin/CMakeFiles/CMakeTmp/CheckSymbolExists.c:
/* */
#include <pthread.h>

int main(int argc, char** argv)
{
  (void)argv;
#ifndef pthread_create
  return ((int*)(&pthread_create))[argc];
#else
  (void)argc;
  return 0;
#endif
}

Determining if the function pthread_create exists in the pthreads failed with the following output:
Change Dir: /home/odroid/MAV-Project/px4_ws/build/catkin/CMakeFiles/CMakeTmp

Run Build Command:/usr/bin/make "cmTryCompileExec4193726429/fast"
/usr/bin/make -f CMakeFiles/cmTryCompileExec4193726429.dir/build.make CMakeFiles/cmTryCompileExec4193726429.dir/build
make[1]: Entering directory `/home/odroid/MAV-Project/px4_ws/build/catkin/CMakeFiles/CMakeTmp'
/usr/bin/cmake -E cmake_progress_report /home/odroid/MAV-Project/px4_ws/build/catkin/CMakeFiles/CMakeTmp/CMakeFiles 1
Building C object CMakeFiles/cmTryCompileExec4193726429.dir/CheckFunctionExists.c.o
/usr/bin/cc   -DCHECK_FUNCTION_EXISTS=pthread_create   -o CMakeFiles/cmTryCompileExec4193726429.dir/CheckFunctionExists.c.o   -c /usr/share/cmake-2.8/Modules/CheckFunctionExists.c
Linking C executable cmTryCompileExec4193726429
/usr/bin/cmake -E cmake_link_script CMakeFiles/cmTryCompileExec4193726429.dir/link.txt --verbose=1
/usr/bin/cc   -DCHECK_FUNCTION_EXISTS=pthread_create    CMakeFiles/cmTryCompileExec4193726429.dir/CheckFunctionExists.c.o  -o cmTryCompileExec4193726429 -rdynamic -lpthreads 
/usr/bin/ld: cannot find -lpthreads
collect2: error: ld returned 1 exit status
make[1]: *** [cmTryCompileExec4193726429] Error 1
make[1]: Leaving directory `/home/odroid/MAV-Project/px4_ws/build/catkin/CMakeFiles/CMakeTmp'
make: *** [cmTryCompileExec4193726429/fast] Error 2


