Determining if the pthread_create exist failed with the following output:
Change Dir: /home/tuofeichen/SLAM/MAV-Project/catkin_ws/build/px_comm/CMakeFiles/CMakeTmp

Run Build Command:"/usr/bin/make" "cmTC_42c6c/fast"
/usr/bin/make -f CMakeFiles/cmTC_42c6c.dir/build.make CMakeFiles/cmTC_42c6c.dir/build
make[1]: Entering directory `/home/tuofeichen/SLAM/MAV-Project/catkin_ws/build/px_comm/CMakeFiles/CMakeTmp'
Building C object CMakeFiles/cmTC_42c6c.dir/CheckSymbolExists.c.o
/usr/bin/cc    -o CMakeFiles/cmTC_42c6c.dir/CheckSymbolExists.c.o   -c /home/tuofeichen/SLAM/MAV-Project/catkin_ws/build/px_comm/CMakeFiles/CMakeTmp/CheckSymbolExists.c
Linking C executable cmTC_42c6c
/opt/cmake-3.3.2/bin/cmake -E cmake_link_script CMakeFiles/cmTC_42c6c.dir/link.txt --verbose=1
/usr/bin/cc       CMakeFiles/cmTC_42c6c.dir/CheckSymbolExists.c.o  -o cmTC_42c6c -rdynamic 
CMakeFiles/cmTC_42c6c.dir/CheckSymbolExists.c.o: In function `main':
CheckSymbolExists.c:(.text+0x16): undefined reference to `pthread_create'
collect2: error: ld returned 1 exit status
make[1]: Leaving directory `/home/tuofeichen/SLAM/MAV-Project/catkin_ws/build/px_comm/CMakeFiles/CMakeTmp'
make[1]: *** [cmTC_42c6c] Error 1
make: *** [cmTC_42c6c/fast] Error 2

File /home/tuofeichen/SLAM/MAV-Project/catkin_ws/build/px_comm/CMakeFiles/CMakeTmp/CheckSymbolExists.c:
/* */
#include <pthread.h>

int main(int argc, char** argv)
{
  (void)argv;
#ifndef pthread_create
  return ((int*)(&pthread_create))[argc];
#else
  (void)argc;
  return 0;
#endif
}

Determining if the function pthread_create exists in the pthreads failed with the following output:
Change Dir: /home/tuofeichen/SLAM/MAV-Project/catkin_ws/build/px_comm/CMakeFiles/CMakeTmp

Run Build Command:"/usr/bin/make" "cmTC_fff16/fast"
/usr/bin/make -f CMakeFiles/cmTC_fff16.dir/build.make CMakeFiles/cmTC_fff16.dir/build
make[1]: Entering directory `/home/tuofeichen/SLAM/MAV-Project/catkin_ws/build/px_comm/CMakeFiles/CMakeTmp'
Building C object CMakeFiles/cmTC_fff16.dir/CheckFunctionExists.c.o
/usr/bin/cc   -DCHECK_FUNCTION_EXISTS=pthread_create   -o CMakeFiles/cmTC_fff16.dir/CheckFunctionExists.c.o   -c /opt/cmake-3.3.2/share/cmake-3.3/Modules/CheckFunctionExists.c
Linking C executable cmTC_fff16
/opt/cmake-3.3.2/bin/cmake -E cmake_link_script CMakeFiles/cmTC_fff16.dir/link.txt --verbose=1
/usr/bin/cc   -DCHECK_FUNCTION_EXISTS=pthread_create    CMakeFiles/cmTC_fff16.dir/CheckFunctionExists.c.o  -o cmTC_fff16 -rdynamic -lpthreads 
/usr/bin/ld: cannot find -lpthreads
collect2: error: ld returned 1 exit status
make[1]: Leaving directory `/home/tuofeichen/SLAM/MAV-Project/catkin_ws/build/px_comm/CMakeFiles/CMakeTmp'
make[1]: *** [cmTC_fff16] Error 1
make: *** [cmTC_fff16/fast] Error 2


