[  0%] Built target rosgraph_msgs_generate_messages_lisp
[  0%] [  0%] [  0%] [  0%] Built target roscpp_generate_messages_lisp
Built target std_msgs_generate_messages_py
Built target roscpp_generate_messages_cpp
[  0%] Built target roscpp_generate_messages_py
[  0%] Built target rosgraph_msgs_generate_messages_py
Built target geometry_msgs_generate_messages_lisp
[ 83%] Built target frontend
[ 83%] Built target geometry_msgs_generate_messages_py
[ 83%] [ 83%] [ 83%] Built target std_msgs_generate_messages_lisp
[ 83%] Built target std_msgs_generate_messages_cpp
Built target rosgraph_msgs_generate_messages_cpp
Built target geometry_msgs_generate_messages_cpp
[35m[1mScanning dependencies of target rgbd_slam
[0m[100%] [100%] [32mBuilding CXX object CMakeFiles/rgbd_slam.dir/src/main.cpp.o
[32mBuilding CXX object CMakeFiles/rgbd_slam.dir/src/RosHandler.cpp.o
In file included from /home/odroid/MAV-Project/px4_ws/src/rgbd_slam/src/RosHandler.cpp:1:0:
/home/odroid/MAV-Project/px4_ws/src/rgbd_slam/include/RosHandler.h:40:44: error: 'data' has not been declared
  void gpeCallback(const std_msgs::Float64, data);
                                            ^
/home/odroid/MAV-Project/px4_ws/src/rgbd_slam/src/RosHandler.cpp: In constructor 'RosHandler::RosHandler()':
/home/odroid/MAV-Project/px4_ws/src/rgbd_slam/src/RosHandler.cpp:15:94: error: no matching function for call to 'ros::NodeHandle::subscribe(const char [32], int, void (RosHandler::*)(std_msgs::Float64, int), RosHandler* const)'
  _gpe_sub = _nh.subscribe("/mavros/global_position/rel_alt",100,&RosHandler::gpeCallback,this);
                                                                                              ^
/home/odroid/MAV-Project/px4_ws/src/rgbd_slam/src/RosHandler.cpp:15:94: note: candidates are:
In file included from /opt/ros/indigo/include/ros/ros.h:45:0,
                 from /home/odroid/MAV-Project/px4_ws/src/rgbd_slam/include/RosHandler.h:4,
                 from /home/odroid/MAV-Project/px4_ws/src/rgbd_slam/src/RosHandler.cpp:1:
/opt/ros/indigo/include/ros/node_handle.h:401:14: note: template<class M, class T> ros::Subscriber ros::NodeHandle::subscribe(const string&, uint32_t, void (T::*)(M), T*, const ros::TransportHints&)
   Subscriber subscribe(const std::string& topic, uint32_t queue_size, void(T::*fp)(M), T* obj, 
              ^
/opt/ros/indigo/include/ros/node_handle.h:401:14: note:   template argument deduction/substitution failed:
/home/odroid/MAV-Project/px4_ws/src/rgbd_slam/src/RosHandler.cpp:15:94: note:   candidate expects 2 arguments, 3 provided
  _gpe_sub = _nh.subscribe("/mavros/global_position/rel_alt",100,&RosHandler::gpeCallback,this);
                                                                                              ^
In file included from /opt/ros/indigo/include/ros/ros.h:45:0,
                 from /home/odroid/MAV-Project/px4_ws/src/rgbd_slam/include/RosHandler.h:4,
                 from /home/odroid/MAV-Project/px4_ws/src/rgbd_slam/src/RosHandler.cpp:1:
/opt/ros/indigo/include/ros/node_handle.h:412:14: note: template<class M, class T> ros::Subscriber ros::NodeHandle::subscribe(const string&, uint32_t, void (T::*)(M)const, T*, const ros::TransportHints&)
   Subscriber subscribe(const std::string& topic, uint32_t queue_size, void(T::*fp)(M) const, T* obj, 
              ^
/opt/ros/indigo/include/ros/node_handle.h:412:14: note:   template argument deduction/substitution failed:
/home/odroid/MAV-Project/px4_ws/src/rgbd_slam/src/RosHandler.cpp:15:94: note:   types 'void (T::)(M)const' and 'void (RosHandler::)(std_msgs::Float64, int) {aka void (RosHandler::)(std_msgs::Float64_<std::allocator<void> >, int)}' have incompatible cv-qualifiers
  _gpe_sub = _nh.subscribe("/mavros/global_position/rel_alt",100,&RosHandler::gpeCallback,this);
                                                                                              ^
In file included from /opt/ros/indigo/include/ros/ros.h:45:0,
                 from /home/odroid/MAV-Project/px4_ws/src/rgbd_slam/include/RosHandler.h:4,
                 from /home/odroid/MAV-Project/px4_ws/src/rgbd_slam/src/RosHandler.cpp:1:
/opt/ros/indigo/include/ros/node_handle.h:464:14: note: template<class M, class T> ros::Subscriber ros::NodeHandle::subscribe(const string&, uint32_t, void (T::*)(const boost::shared_ptr<const M>&), T*, const ros::TransportHints&)
   Subscriber subscribe(const std::string& topic, uint32_t queue_size, 
              ^
/opt/ros/indigo/include/ros/node_handle.h:464:14: note:   template argument deduction/substitution failed:
/home/odroid/MAV-Project/px4_ws/src/rgbd_slam/src/RosHandler.cpp:15:94: note:   mismatched types 'const boost::shared_ptr<const M>&' and 'std_msgs::Float64'
  _gpe_sub = _nh.subscribe("/mavros/global_position/rel_alt",100,&RosHandler::gpeCallback,this);
                                                                                              ^
In file included from /opt/ros/indigo/include/ros/ros.h:45:0,
                 from /home/odroid/MAV-Project/px4_ws/src/rgbd_slam/include/RosHandler.h:4,
                 from /home/odroid/MAV-Project/px4_ws/src/rgbd_slam/src/RosHandler.cpp:1:
/opt/ros/indigo/include/ros/node_handle.h:474:14: note: template<class M, class T> ros::Subscriber ros::NodeHandle::subscribe(const string&, uint32_t, void (T::*)(const boost::shared_ptr<const M>&)const, T*, const ros::TransportHints&)
   Subscriber subscribe(const std::string& topic, uint32_t queue_size, 
              ^
/opt/ros/indigo/include/ros/node_handle.h:474:14: note:   template argument deduction/substitution failed:
/home/odroid/MAV-Project/px4_ws/src/rgbd_slam/src/RosHandler.cpp:15:94: note:   types 'void (T::)(const boost::shared_ptr<const M>&)const' and 'void (RosHandler::)(std_msgs::Float64, int) {aka void (RosHandler::)(std_msgs::Float64_<std::allocator<void> >, int)}' have incompatible cv-qualifiers
  _gpe_sub = _nh.subscribe("/mavros/global_position/rel_alt",100,&RosHandler::gpeCallback,this);
                                                                                              ^
In file included from /opt/ros/indigo/include/ros/ros.h:45:0,
                 from /home/odroid/MAV-Project/px4_ws/src/rgbd_slam/include/RosHandler.h:4,
                 from /home/odroid/MAV-Project/px4_ws/src/rgbd_slam/src/RosHandler.cpp:1:
/opt/ros/indigo/include/ros/node_handle.h:528:14: note: template<class M, class T> ros::Subscriber ros::NodeHandle::subscribe(const string&, uint32_t, void (T::*)(M), const boost::shared_ptr<U>&, const ros::TransportHints&)
   Subscriber subscribe(const std::string& topic, uint32_t queue_size, void(T::*fp)(M), 
              ^
/opt/ros/indigo/include/ros/node_handle.h:528:14: note:   template argument deduction/substitution failed:
/home/odroid/MAV-Project/px4_ws/src/rgbd_slam/src/RosHandler.cpp:15:94: note:   candidate expects 2 arguments, 3 provided
  _gpe_sub = _nh.subscribe("/mavros/global_position/rel_alt",100,&RosHandler::gpeCallback,this);
                                                                                              ^
In file included from /opt/ros/indigo/include/ros/ros.h:45:0,
                 from /home/odroid/MAV-Project/px4_ws/src/rgbd_slam/include/RosHandler.h:4,
                 from /home/odroid/MAV-Project/px4_ws/src/rgbd_slam/src/RosHandler.cpp:1:
/opt/ros/indigo/include/ros/node_handle.h:539:14: note: template<class M, class T> ros::Subscriber ros::NodeHandle::subscribe(const string&, uint32_t, void (T::*)(M)const, const boost::shared_ptr<U>&, const ros::TransportHints&)
   Subscriber subscribe(const std::string& topic, uint32_t queue_size, void(T::*fp)(M) const, 
              ^
/opt/ros/indigo/include/ros/node_handle.h:539:14: note:   template argument deduction/substitution failed:
/home/odroid/MAV-Project/px4_ws/src/rgbd_slam/src/RosHandler.cpp:15:94: note:   types 'void (T::)(M)const' and 'void (RosHandler::)(std_msgs::Float64, int) {aka void (RosHandler::)(std_msgs::Float64_<std::allocator<void> >, int)}' have incompatible cv-qualifiers
  _gpe_sub = _nh.subscribe("/mavros/global_position/rel_alt",100,&RosHandler::gpeCallback,this);
                                                                                              ^
In file included from /opt/ros/indigo/include/ros/ros.h:45:0,
                 from /home/odroid/MAV-Project/px4_ws/src/rgbd_slam/include/RosHandler.h:4,
                 from /home/odroid/MAV-Project/px4_ws/src/rgbd_slam/src/RosHandler.cpp:1:
/opt/ros/indigo/include/ros/node_handle.h:593:14: note: template<class M, class T> ros::Subscriber ros::NodeHandle::subscribe(const string&, uint32_t, void (T::*)(const boost::shared_ptr<const M>&), const boost::shared_ptr<U>&, const ros::TransportHints&)
   Subscriber subscribe(const std::string& topic, uint32_t queue_size, 
              ^
/opt/ros/indigo/include/ros/node_handle.h:593:14: note:   template argument deduction/substitution failed:
/home/odroid/MAV-Project/px4_ws/src/rgbd_slam/src/RosHandler.cpp:15:94: note:   mismatched types 'const boost::shared_ptr<const M>&' and 'std_msgs::Float64'
  _gpe_sub = _nh.subscribe("/mavros/global_position/rel_alt",100,&RosHandler::gpeCallback,this);
                                                                                              ^
In file included from /opt/ros/indigo/include/ros/ros.h:45:0,
                 from /home/odroid/MAV-Project/px4_ws/src/rgbd_slam/include/RosHandler.h:4,
                 from /home/odroid/MAV-Project/px4_ws/src/rgbd_slam/src/RosHandler.cpp:1:
/opt/ros/indigo/include/ros/node_handle.h:604:14: note: template<class M, class T> ros::Subscriber ros::NodeHandle::subscribe(const string&, uint32_t, void (T::*)(const boost::shared_ptr<const M>&)const, const boost::shared_ptr<U>&, const ros::TransportHints&)
   Subscriber subscribe(const std::string& topic, uint32_t queue_size, 
              ^
/opt/ros/indigo/include/ros/node_handle.h:604:14: note:   template argument deduction/substitution failed:
/home/odroid/MAV-Project/px4_ws/src/rgbd_slam/src/RosHandler.cpp:15:94: note:   types 'void (T::)(const boost::shared_ptr<const M>&)const' and 'void (RosHandler::)(std_msgs::Float64, int) {aka void (RosHandler::)(std_msgs::Float64_<std::allocator<void> >, int)}' have incompatible cv-qualifiers
  _gpe_sub = _nh.subscribe("/mavros/global_position/rel_alt",100,&RosHandler::gpeCallback,this);
                                                                                              ^
In file included from /opt/ros/indigo/include/ros/ros.h:45:0,
                 from /home/odroid/MAV-Project/px4_ws/src/rgbd_slam/include/RosHandler.h:4,
                 from /home/odroid/MAV-Project/px4_ws/src/rgbd_slam/src/RosHandler.cpp:1:
/opt/ros/indigo/include/ros/node_handle.h:655:14: note: template<class M> ros::Subscriber ros::NodeHandle::subscribe(const string&, uint32_t, void (*)(M), const ros::TransportHints&)
   Subscriber subscribe(const std::string& topic, uint32_t queue_size, void(*fp)(M), const TransportHints& transport_hints = TransportHints())
              ^
/opt/ros/indigo/include/ros/node_handle.h:655:14: note:   template argument deduction/substitution failed:
/home/odroid/MAV-Project/px4_ws/src/rgbd_slam/src/RosHandler.cpp:15:94: note:   mismatched types 'void (*)(M)' and 'void (RosHandler::*)(std_msgs::Float64, int) {aka void (RosHandler::*)(std_msgs::Float64_<std::allocator<void> >, int)}'
  _gpe_sub = _nh.subscribe("/mavros/global_position/rel_alt",100,&RosHandler::gpeCallback,this);
                                                                                              ^
In file included from /opt/ros/indigo/include/ros/ros.h:45:0,
                 from /home/odroid/MAV-Project/px4_ws/src/rgbd_slam/include/RosHandler.h:4,
                 from /home/odroid/MAV-Project/px4_ws/src/rgbd_slam/src/RosHandler.cpp:1:
/opt/ros/indigo/include/ros/node_handle.h:703:14: note: template<class M> ros::Subscriber ros::NodeHandle::subscribe(const string&, uint32_t, void (*)(const boost::shared_ptr<const M>&), const ros::TransportHints&)
   Subscriber subscribe(const std::string& topic, uint32_t queue_size, void(*fp)(const boost::shared_ptr<M const>&), const TransportHints& transport_hints = TransportHints())
              ^
/opt/ros/indigo/include/ros/node_handle.h:703:14: note:   template argument deduction/substitution failed:
/home/odroid/MAV-Project/px4_ws/src/rgbd_slam/src/RosHandler.cpp:15:94: note:   mismatched types 'void (*)(const boost::shared_ptr<const M>&)' and 'void (RosHandler::*)(std_msgs::Float64, int) {aka void (RosHandler::*)(std_msgs::Float64_<std::allocator<void> >, int)}'
  _gpe_sub = _nh.subscribe("/mavros/global_position/rel_alt",100,&RosHandler::gpeCallback,this);
                                                                                              ^
In file included from /opt/ros/indigo/include/ros/ros.h:45:0,
                 from /home/odroid/MAV-Project/px4_ws/src/rgbd_slam/include/RosHandler.h:4,
                 from /home/odroid/MAV-Project/px4_ws/src/rgbd_slam/src/RosHandler.cpp:1:
/opt/ros/indigo/include/ros/node_handle.h:749:14: note: template<class M> ros::Subscriber ros::NodeHandle::subscribe(const string&, uint32_t, const boost::function<void(const boost::shared_ptr<const M>&)>&, const VoidConstPtr&, const ros::TransportHints&)
   Subscriber subscribe(const std::string& topic, uint32_t queue_size, const boost::function<void (const boost::shared_ptr<M const>&)>& callback,
              ^
/opt/ros/indigo/include/ros/node_handle.h:749:14: note:   template argument deduction/substitution failed:
/home/odroid/MAV-Project/px4_ws/src/rgbd_slam/src/RosHandler.cpp:15:94: note:   'void (RosHandler::*)(std_msgs::Float64, int) {aka void (RosHandler::*)(std_msgs::Float64_<std::allocator<void> >, int)}' is not derived from 'const boost::function<void(const boost::shared_ptr<const M>&)>'
  _gpe_sub = _nh.subscribe("/mavros/global_position/rel_alt",100,&RosHandler::gpeCallback,this);
                                                                                              ^
In file included from /opt/ros/indigo/include/ros/ros.h:45:0,
                 from /home/odroid/MAV-Project/px4_ws/src/rgbd_slam/include/RosHandler.h:4,
                 from /home/odroid/MAV-Project/px4_ws/src/rgbd_slam/src/RosHandler.cpp:1:
/opt/ros/indigo/include/ros/node_handle.h:798:14: note: template<class M, class C> ros::Subscriber ros::NodeHandle::subscribe(const string&, uint32_t, const boost::function<void(C)>&, const VoidConstPtr&, const ros::TransportHints&)
   Subscriber subscribe(const std::string& topic, uint32_t queue_size, const boost::function<void (C)>& callback,
              ^
/opt/ros/indigo/include/ros/node_handle.h:798:14: note:   template argument deduction/substitution failed:
/home/odroid/MAV-Project/px4_ws/src/rgbd_slam/src/RosHandler.cpp:15:94: note:   'void (RosHandler::*)(std_msgs::Float64, int) {aka void (RosHandler::*)(std_msgs::Float64_<std::allocator<void> >, int)}' is not derived from 'const boost::function<void(C)>'
  _gpe_sub = _nh.subscribe("/mavros/global_position/rel_alt",100,&RosHandler::gpeCallback,this);
                                                                                              ^
In file included from /opt/ros/indigo/include/ros/ros.h:45:0,
                 from /home/odroid/MAV-Project/px4_ws/src/rgbd_slam/include/RosHandler.h:4,
                 from /home/odroid/MAV-Project/px4_ws/src/rgbd_slam/src/RosHandler.cpp:1:
/opt/ros/indigo/include/ros/node_handle.h:835:14: note: ros::Subscriber ros::NodeHandle::subscribe(ros::SubscribeOptions&)
   Subscriber subscribe(SubscribeOptions& ops);
              ^
/opt/ros/indigo/include/ros/node_handle.h:835:14: note:   candidate expects 1 argument, 4 provided
/home/odroid/MAV-Project/px4_ws/src/rgbd_slam/src/RosHandler.cpp: At global scope:
/home/odroid/MAV-Project/px4_ws/src/rgbd_slam/src/RosHandler.cpp:58:6: error: prototype for 'void RosHandler::gpeCallback(std_msgs::Float64)' does not match any in class 'RosHandler'
 void RosHandler::gpeCallback(const std_msgs::Float64 data)
      ^
In file included from /home/odroid/MAV-Project/px4_ws/src/rgbd_slam/src/RosHandler.cpp:1:0:
/home/odroid/MAV-Project/px4_ws/src/rgbd_slam/include/RosHandler.h:40:7: error: candidate is: void RosHandler::gpeCallback(std_msgs::Float64, int)
  void gpeCallback(const std_msgs::Float64, data);
       ^
make[2]: *** [CMakeFiles/rgbd_slam.dir/src/RosHandler.cpp.o] Error 1
make[2]: *** Waiting for unfinished jobs....
In file included from /home/odroid/MAV-Project/px4_ws/src/rgbd_slam/src/main.cpp:9:0:
/home/odroid/MAV-Project/px4_ws/src/rgbd_slam/include/RosHandler.h:40:44: error: 'data' has not been declared
  void gpeCallback(const std_msgs::Float64, data);
                                            ^
make[2]: *** [CMakeFiles/rgbd_slam.dir/src/main.cpp.o] Error 1
make[1]: *** [CMakeFiles/rgbd_slam.dir/all] Error 2
make: *** [all] Error 2
