<<<<<<< HEAD
[35m[1mScanning dependencies of target std_msgs_generate_messages_py[0m
[35m[1mScanning dependencies of target roscpp_generate_messages_lisp[0m
[35m[1mScanning dependencies of target frontend[0m
[  0%] Built target std_msgs_generate_messages_py
[  0%] Built target roscpp_generate_messages_lisp
[35m[1mScanning dependencies of target roscpp_generate_messages_py[0m
[35m[1mScanning dependencies of target roscpp_generate_messages_cpp[0m
[  0%] Built target roscpp_generate_messages_py
[35m[1mScanning dependencies of target rosgraph_msgs_generate_messages_cpp[0m
[  0%] Built target roscpp_generate_messages_cpp
[  0%] Built target rosgraph_msgs_generate_messages_cpp
[35m[1mScanning dependencies of target rosgraph_msgs_generate_messages_lisp[0m
[35m[1mScanning dependencies of target geometry_msgs_generate_messages_lisp[0m
[  0%] Built target rosgraph_msgs_generate_messages_lisp
[  0%] Built target geometry_msgs_generate_messages_lisp
[35m[1mScanning dependencies of target geometry_msgs_generate_messages_py[0m
[35m[1mScanning dependencies of target geometry_msgs_generate_messages_cpp[0m
[  0%] Built target geometry_msgs_generate_messages_cpp
[  0%] Built target geometry_msgs_generate_messages_py
[35m[1mScanning dependencies of target std_msgs_generate_messages_cpp[0m
[35m[1mScanning dependencies of target rosgraph_msgs_generate_messages_py[0m
[  0%] Built target std_msgs_generate_messages_cpp
[  0%] Built target rosgraph_msgs_generate_messages_py
[35m[1mScanning dependencies of target std_msgs_generate_messages_lisp[0m
[  0%] Built target std_msgs_generate_messages_lisp
[  7%] [32mBuilding CXX object CMakeFiles/frontend.dir/src/AnalyticBasedTME.cpp.o[0m
[ 15%] [32mBuilding CXX object CMakeFiles/frontend.dir/src/AsusProLiveOpenNI2.cpp.o[0m
[ 23%] [32mBuilding CXX object CMakeFiles/frontend.dir/src/AsusProLive.cpp.o[0m
c++: warning: ‘-mcpu=’ is deprecated; use ‘-mtune=’ or ‘-march=’ instead
c++: error: unrecognized command line option ‘-mfloat-abi=hard’
make[2]: *** [CMakeFiles/frontend.dir/src/AnalyticBasedTME.cpp.o] Error 1c++: warning: ‘-mcpu=’ is deprecated; use ‘-mtune=’ or ‘-march=’ instead

make[2]: *** Waiting for unfinished jobs....c++: error: unrecognized command line option ‘-mfloat-abi=hard’

make[2]: *** [CMakeFiles/frontend.dir/src/AsusProLive.cpp.o] Error 1
c++: warning: ‘-mcpu=’ is deprecated; use ‘-mtune=’ or ‘-march=’ instead
c++: error: unrecognized command line option ‘-mfloat-abi=hard’
make[2]: *** [CMakeFiles/frontend.dir/src/AsusProLiveOpenNI2.cpp.o] Error 1
make[1]: *** [CMakeFiles/frontend.dir/all] Error 2
make: *** [all] Error 2
=======
make: Warning: File `Makefile' has modification time 1.1e+08 s in the future
make[1]: Warning: File `CMakeFiles/Makefile2' has modification time 1.1e+08 s in the future
make[2]: Warning: File `CMakeFiles/roscpp_generate_messages_lisp.dir/progress.make' has modification time 1.1e+08 s in the future
make[2]: Warning: File `CMakeFiles/roscpp_generate_messages_py.dir/progress.make' has modification time 1.1e+08 s in the future
make[2]: Warning: File `CMakeFiles/geometry_msgs_generate_messages_lisp.dir/progress.make' has modification time 1.1e+08 s in the future
make[2]: Warning: File `CMakeFiles/geometry_msgs_generate_messages_py.dir/progress.make' has modification time 1.1e+08 s in the future
make[2]: Warning: File `CMakeFiles/roscpp_generate_messages_cpp.dir/progress.make' has modification time 1.1e+08 s in the future
make[2]: Warning: File `CMakeFiles/std_msgs_generate_messages_cpp.dir/progress.make' has modification time 1.1e+08 s in the future
make[2]: warning:  Clock skew detected.  Your build may be incomplete.
make[2]: Warning: File `CMakeFiles/roscpp_generate_messages_py.dir/progress.make' has modification time 1.1e+08 s in the future
make[2]: warning:  Clock skew detected.  Your build may be incomplete.make[2]: warning:  Clock skew detected.  Your build may be incomplete.

make[2]: warning:  Clock skew detected.  Your build may be incomplete.
make[2]: Warning: File `CMakeFiles/roscpp_generate_messages_lisp.dir/progress.make' has modification time 1.1e+08 s in the future
make[2]: warning:  Clock skew detected.  Your build may be incomplete.
make[2]: Warning: File `CMakeFiles/frontend.dir/flags.make' has modification time 1.1e+08 s in the future
make[2]: warning:  Clock skew detected.  Your build may be incomplete.
make[2]: make[2]: warning:  Clock skew detected.  Your build may be incomplete.
Warning: File `CMakeFiles/geometry_msgs_generate_messages_lisp.dir/progress.make' has modification time 1.1e+08 s in the future
make[2]: warning:  Clock skew detected.  Your build may be incomplete.
[  0%] Built target roscpp_generate_messages_py
make[2]: make[2]: Warning: File `CMakeFiles/geometry_msgs_generate_messages_py.dir/progress.make' has modification time 1.1e+08 s in the futureWarning: File `CMakeFiles/roscpp_generate_messages_cpp.dir/progress.make' has modification time 1.1e+08 s in the future

make[2]: make[2]: warning:  Clock skew detected.  Your build may be incomplete.
warning:  Clock skew detected.  Your build may be incomplete.
make[2]: Warning: File `CMakeFiles/geometry_msgs_generate_messages_cpp.dir/progress.make' has modification time 1.1e+08 s in the future
[  0%] Built target roscpp_generate_messages_lisp
make[2]: warning:  Clock skew detected.  Your build may be incomplete.
[  0%] [  0%] Built target geometry_msgs_generate_messages_lisp
make[2]: Warning: File `CMakeFiles/std_msgs_generate_messages_lisp.dir/progress.make' has modification time 1.1e+08 s in the future
make[2]: Warning: File `CMakeFiles/std_msgs_generate_messages_cpp.dir/progress.make' has modification time 1.1e+08 s in the future
make[2]: warning:  Clock skew detected.  Your build may be incomplete.
make[2]: Warning: File `CMakeFiles/std_msgs_generate_messages_py.dir/progress.make' has modification time 1.1e+08 s in the future
[  0%] Built target geometry_msgs_generate_messages_py
Built target roscpp_generate_messages_cpp
make[2]: Warning: File `CMakeFiles/rosgraph_msgs_generate_messages_lisp.dir/progress.make' has modification time 1.1e+08 s in the future
make[2]: warning:  Clock skew detected.  Your build may be incomplete.
make[2]: Warning: File `CMakeFiles/rosgraph_msgs_generate_messages_py.dir/progress.make' has modification time 1.1e+08 s in the future
make[2]: warning:  Clock skew detected.  Your build may be incomplete.
make[2]: warning:  Clock skew detected.  Your build may be incomplete.
make[2]: warning:  Clock skew detected.  Your build may be incomplete.
make[2]: Warning: File `CMakeFiles/geometry_msgs_generate_messages_cpp.dir/progress.make' has modification time 1.1e+08 s in the future
make[2]: warning:  Clock skew detected.  Your build may be incomplete.
make[2]: Warning: File `CMakeFiles/std_msgs_generate_messages_lisp.dir/progress.make' has modification time 1.1e+08 s in the future
make[2]: warning:  Clock skew detected.  Your build may be incomplete.
[  0%] Built target std_msgs_generate_messages_cpp
make[2]: Warning: File `CMakeFiles/std_msgs_generate_messages_py.dir/progress.make' has modification time 1.1e+08 s in the future
make[2]: warning:  Clock skew detected.  Your build may be incomplete.
make[2]: Warning: File `CMakeFiles/frontend.dir/flags.make' has modification time 1.1e+08 s in the future
make[2]: warning:  Clock skew detected.  Your build may be incomplete.
make[2]: warning:  Clock skew detected.  Your build may be incomplete.
make[2]: Warning: File `CMakeFiles/rosgraph_msgs_generate_messages_cpp.dir/progress.make' has modification time 1.1e+08 s in the future
make[2]: Warning: File `CMakeFiles/rosgraph_msgs_generate_messages_lisp.dir/progress.make' has modification time 1.1e+08 s in the future
make[2]: warning:  Clock skew detected.  Your build may be incomplete.
make[2]: Warning: File `CMakeFiles/rosgraph_msgs_generate_messages_py.dir/progress.make' has modification time 1.1e+08 s in the future
make[2]: warning:  Clock skew detected.  Your build may be incomplete.
[  0%] [  0%] Built target geometry_msgs_generate_messages_cpp
make[2]: warning:  Clock skew detected.  Your build may be incomplete.
[  0%] Built target std_msgs_generate_messages_lisp
make[2]: warning:  Clock skew detected.  Your build may be incomplete.
[  0%] Built target std_msgs_generate_messages_py
Built target rosgraph_msgs_generate_messages_py
make[2]: Warning: File `CMakeFiles/rosgraph_msgs_generate_messages_cpp.dir/progress.make' has modification time 1.1e+08 s in the future
make[2]: warning:  Clock skew detected.  Your build may be incomplete.
[ 83%] [ 83%] Built target frontend
Built target rosgraph_msgs_generate_messages_lisp
[ 83%] Built target rosgraph_msgs_generate_messages_cpp
make[2]: Warning: File `CMakeFiles/rgbd_slam.dir/flags.make' has modification time 1.1e+08 s in the future
make[2]: warning:  Clock skew detected.  Your build may be incomplete.
make[2]: Warning: File `CMakeFiles/rgbd_slam.dir/flags.make' has modification time 1.1e+08 s in the future
make[2]: warning:  Clock skew detected.  Your build may be incomplete.
[100%] Built target rgbd_slam
make[1]: warning:  Clock skew detected.  Your build may be incomplete.
make: warning:  Clock skew detected.  Your build may be incomplete.
>>>>>>> add ros pub
