make: Warning: File `Makefile' has modification time 1.1e+08 s in the future
make[1]: Warning: File `CMakeFiles/Makefile2' has modification time 1.1e+08 s in the future
make[2]: Warning: File `CMakeFiles/roscpp_generate_messages_lisp.dir/progress.make' has modification time 1.1e+08 s in the future
make[2]: Warning: File `CMakeFiles/roscpp_generate_messages_py.dir/progress.make' has modification time 1.1e+08 s in the future
make[2]: Warning: File `CMakeFiles/geometry_msgs_generate_messages_lisp.dir/progress.make' has modification time 1.1e+08 s in the future
make[2]: Warning: File `CMakeFiles/geometry_msgs_generate_messages_py.dir/progress.make' has modification time 1.1e+08 s in the future
make[2]: Warning: File `CMakeFiles/roscpp_generate_messages_cpp.dir/progress.make' has modification time 1.1e+08 s in the future
make[2]: Warning: File `CMakeFiles/std_msgs_generate_messages_cpp.dir/progress.make' has modification time 1.1e+08 s in the future
make[2]: warning:  Clock skew detected.  Your build may be incomplete.
make[2]: Warning: File `CMakeFiles/roscpp_generate_messages_py.dir/progress.make' has modification time 1.1e+08 s in the future
make[2]: warning:  Clock skew detected.  Your build may be incomplete.make[2]: warning:  Clock skew detected.  Your build may be incomplete.

make[2]: warning:  Clock skew detected.  Your build may be incomplete.
make[2]: Warning: File `CMakeFiles/roscpp_generate_messages_lisp.dir/progress.make' has modification time 1.1e+08 s in the future
make[2]: warning:  Clock skew detected.  Your build may be incomplete.
make[2]: Warning: File `CMakeFiles/frontend.dir/flags.make' has modification time 1.1e+08 s in the future
make[2]: warning:  Clock skew detected.  Your build may be incomplete.
make[2]: make[2]: warning:  Clock skew detected.  Your build may be incomplete.
Warning: File `CMakeFiles/geometry_msgs_generate_messages_lisp.dir/progress.make' has modification time 1.1e+08 s in the future
make[2]: warning:  Clock skew detected.  Your build may be incomplete.
make[2]: make[2]: Warning: File `CMakeFiles/geometry_msgs_generate_messages_py.dir/progress.make' has modification time 1.1e+08 s in the futureWarning: File `CMakeFiles/roscpp_generate_messages_cpp.dir/progress.make' has modification time 1.1e+08 s in the future

make[2]: make[2]: warning:  Clock skew detected.  Your build may be incomplete.
warning:  Clock skew detected.  Your build may be incomplete.
make[2]: Warning: File `CMakeFiles/geometry_msgs_generate_messages_cpp.dir/progress.make' has modification time 1.1e+08 s in the future
make[2]: warning:  Clock skew detected.  Your build may be incomplete.
make[2]: Warning: File `CMakeFiles/std_msgs_generate_messages_lisp.dir/progress.make' has modification time 1.1e+08 s in the future
make[2]: Warning: File `CMakeFiles/std_msgs_generate_messages_cpp.dir/progress.make' has modification time 1.1e+08 s in the future
make[2]: warning:  Clock skew detected.  Your build may be incomplete.
make[2]: Warning: File `CMakeFiles/std_msgs_generate_messages_py.dir/progress.make' has modification time 1.1e+08 s in the future
make[2]: Warning: File `CMakeFiles/rosgraph_msgs_generate_messages_lisp.dir/progress.make' has modification time 1.1e+08 s in the future
make[2]: warning:  Clock skew detected.  Your build may be incomplete.
make[2]: Warning: File `CMakeFiles/rosgraph_msgs_generate_messages_py.dir/progress.make' has modification time 1.1e+08 s in the future
make[2]: warning:  Clock skew detected.  Your build may be incomplete.
make[2]: warning:  Clock skew detected.  Your build may be incomplete.
make[2]: warning:  Clock skew detected.  Your build may be incomplete.
make[2]: Warning: File `CMakeFiles/geometry_msgs_generate_messages_cpp.dir/progress.make' has modification time 1.1e+08 s in the future
make[2]: warning:  Clock skew detected.  Your build may be incomplete.
make[2]: Warning: File `CMakeFiles/std_msgs_generate_messages_lisp.dir/progress.make' has modification time 1.1e+08 s in the future
make[2]: warning:  Clock skew detected.  Your build may be incomplete.
make[2]: Warning: File `CMakeFiles/std_msgs_generate_messages_py.dir/progress.make' has modification time 1.1e+08 s in the future
make[2]: warning:  Clock skew detected.  Your build may be incomplete.
make[2]: Warning: File `CMakeFiles/frontend.dir/flags.make' has modification time 1.1e+08 s in the future
make[2]: warning:  Clock skew detected.  Your build may be incomplete.
make[2]: warning:  Clock skew detected.  Your build may be incomplete.
make[2]: Warning: File `CMakeFiles/rosgraph_msgs_generate_messages_cpp.dir/progress.make' has modification time 1.1e+08 s in the future
make[2]: Warning: File `CMakeFiles/rosgraph_msgs_generate_messages_lisp.dir/progress.make' has modification time 1.1e+08 s in the future
make[2]: warning:  Clock skew detected.  Your build may be incomplete.
make[2]: Warning: File `CMakeFiles/rosgraph_msgs_generate_messages_py.dir/progress.make' has modification time 1.1e+08 s in the future
make[2]: warning:  Clock skew detected.  Your build may be incomplete.
make[2]: warning:  Clock skew detected.  Your build may be incomplete.
make[2]: warning:  Clock skew detected.  Your build may be incomplete.
make[2]: Warning: File `CMakeFiles/rosgraph_msgs_generate_messages_cpp.dir/progress.make' has modification time 1.1e+08 s in the future
make[2]: warning:  Clock skew detected.  Your build may be incomplete.
make[2]: Warning: File `CMakeFiles/rgbd_slam.dir/flags.make' has modification time 1.1e+08 s in the future
make[2]: warning:  Clock skew detected.  Your build may be incomplete.
make[2]: Warning: File `CMakeFiles/rgbd_slam.dir/flags.make' has modification time 1.1e+08 s in the future
make[2]: warning:  Clock skew detected.  Your build may be incomplete.
make[1]: warning:  Clock skew detected.  Your build may be incomplete.
make: warning:  Clock skew detected.  Your build may be incomplete.
