/home/odroid/MAV-Project/px4_ws/src/rgbd_slam/src/main.cpp: In function 'int main(int, char**)':
/home/odroid/MAV-Project/px4_ws/src/rgbd_slam/src/main.cpp:283:22: error: no match for 'operator*' (operand type is 'Eigen::Matrix4f {aka Eigen::Matrix<float, 4, 4>}')
     logger.updatePos(*(logger.getLpe()));
                      ^
/home/odroid/MAV-Project/px4_ws/src/rgbd_slam/src/main.cpp:283:22: note: candidates are:
In file included from /usr/include/eigen3/Eigen/src/Core/MatrixBase.h:136:0,
                 from /usr/include/eigen3/Eigen/Core:279,
                 from /home/odroid/MAV-Project/px4_ws/src/rgbd_slam/include/RosHandler.h:6,
                 from /home/odroid/MAV-Project/px4_ws/src/rgbd_slam/src/main.cpp:9:
/usr/include/eigen3/Eigen/src/Core/../plugins/CommonCwiseUnaryOps.h:49:1: note: const ScalarMultipleReturnType Eigen::MatrixBase<Derived>::operator*(const Scalar&) const [with Derived = Eigen::Matrix<float, 4, 4>; Eigen::MatrixBase<Derived>::ScalarMultipleReturnType = Eigen::CwiseUnaryOp<Eigen::internal::scalar_multiple_op<float>, const Eigen::Matrix<float, 4, 4> >; typename Eigen::internal::traits<T>::Scalar = float; Eigen::MatrixBase<Derived>::Scalar = float]
 operator*(const Scalar& scalar) const
 ^
/usr/include/eigen3/Eigen/src/Core/../plugins/CommonCwiseUnaryOps.h:49:1: note:   candidate expects 1 argument, 0 provided
/usr/include/eigen3/Eigen/src/Core/../plugins/CommonCwiseUnaryOps.h:69:1: note: const Eigen::CwiseUnaryOp<Eigen::internal::scalar_multiple2_op<typename Eigen::internal::traits<T>::Scalar, std::complex<typename Eigen::internal::traits<T>::Scalar> >, const Derived> Eigen::MatrixBase<Derived>::operator*(const std::complex<typename Eigen::internal::traits<T>::Scalar>&) const [with Derived = Eigen::Matrix<float, 4, 4>; typename Eigen::internal::traits<T>::Scalar = float]
 operator*(const std::complex<Scalar>& scalar) const
 ^
/usr/include/eigen3/Eigen/src/Core/../plugins/CommonCwiseUnaryOps.h:69:1: note:   candidate expects 1 argument, 0 provided
In file included from /usr/include/eigen3/Eigen/Core:279:0,
                 from /home/odroid/MAV-Project/px4_ws/src/rgbd_slam/include/RosHandler.h:6,
                 from /home/odroid/MAV-Project/px4_ws/src/rgbd_slam/src/main.cpp:9:
/usr/include/eigen3/Eigen/src/Core/MatrixBase.h:177:5: note: template<class OtherDerived> const typename Eigen::ProductReturnType<Derived, OtherDerived>::Type Eigen::MatrixBase<Derived>::operator*(const Eigen::MatrixBase<OtherDerived>&) const [with OtherDerived = OtherDerived; Derived = Eigen::Matrix<float, 4, 4>]
     operator*(const MatrixBase<OtherDerived> &other) const;
     ^
/usr/include/eigen3/Eigen/src/Core/MatrixBase.h:177:5: note:   template argument deduction/substitution failed:
/home/odroid/MAV-Project/px4_ws/src/rgbd_slam/src/main.cpp:283:39: note:   candidate expects 1 argument, 0 provided
     logger.updatePos(*(logger.getLpe()));
                                       ^
In file included from /usr/include/eigen3/Eigen/Core:279:0,
                 from /home/odroid/MAV-Project/px4_ws/src/rgbd_slam/include/RosHandler.h:6,
                 from /home/odroid/MAV-Project/px4_ws/src/rgbd_slam/src/main.cpp:9:
/usr/include/eigen3/Eigen/src/Core/MatrixBase.h:194:5: note: template<class DiagonalDerived> const Eigen::DiagonalProduct<Derived, DiagonalDerived, 2> Eigen::MatrixBase<Derived>::operator*(const Eigen::DiagonalBase<DiagonalDerived>&) const [with DiagonalDerived = DiagonalDerived; Derived = Eigen::Matrix<float, 4, 4>]
     operator*(const DiagonalBase<DiagonalDerived> &diagonal) const;
     ^
/usr/include/eigen3/Eigen/src/Core/MatrixBase.h:194:5: note:   template argument deduction/substitution failed:
/home/odroid/MAV-Project/px4_ws/src/rgbd_slam/src/main.cpp:283:39: note:   candidate expects 1 argument, 0 provided
     logger.updatePos(*(logger.getLpe()));
                                       ^
In file included from /usr/include/eigen3/Eigen/Geometry:44:0,
                 from /usr/include/eigen3/Eigen/Dense:6,
                 from /home/odroid/MAV-Project/px4_ws/src/rgbd_slam/include/RosHandler.h:7,
                 from /home/odroid/MAV-Project/px4_ws/src/rgbd_slam/src/main.cpp:9:
/usr/include/eigen3/Eigen/src/Geometry/Scaling.h:111:1: note: Eigen::MatrixBase<Derived>::ScalarMultipleReturnType Eigen::MatrixBase<Derived>::operator*(const Eigen::UniformScaling<typename Eigen::internal::traits<T>::Scalar>&) const [with Derived = Eigen::Matrix<float, 4, 4>; Eigen::MatrixBase<Derived>::ScalarMultipleReturnType = Eigen::CwiseUnaryOp<Eigen::internal::scalar_multiple_op<float>, const Eigen::Matrix<float, 4, 4> >; typename Eigen::internal::traits<T>::Scalar = float]
 MatrixBase<Derived>::operator*(const UniformScaling<Scalar>& s) const
 ^
/usr/include/eigen3/Eigen/src/Geometry/Scaling.h:111:1: note:   candidate expects 1 argument, 0 provided
In file included from /usr/include/eigen3/Eigen/Core:313:0,
                 from /home/odroid/MAV-Project/px4_ws/src/rgbd_slam/include/RosHandler.h:6,
                 from /home/odroid/MAV-Project/px4_ws/src/rgbd_slam/src/main.cpp:9:
/usr/include/eigen3/Eigen/src/Core/PermutationMatrix.h:510:1: note: template<class Derived, class PermutationDerived> const Eigen::internal::permut_matrix_product_retval<PermutationDerived, Derived, 2> Eigen::operator*(const Eigen::MatrixBase<Derived>&, const Eigen::PermutationBase<PermutationDerived>&)
 operator*(const MatrixBase<Derived>& matrix,
 ^
/usr/include/eigen3/Eigen/src/Core/PermutationMatrix.h:510:1: note:   template argument deduction/substitution failed:
/home/odroid/MAV-Project/px4_ws/src/rgbd_slam/src/main.cpp:283:39: note:   candidate expects 2 arguments, 1 provided
     logger.updatePos(*(logger.getLpe()));
                                       ^
In file included from /usr/include/eigen3/Eigen/Core:313:0,
                 from /home/odroid/MAV-Project/px4_ws/src/rgbd_slam/include/RosHandler.h:6,
                 from /home/odroid/MAV-Project/px4_ws/src/rgbd_slam/src/main.cpp:9:
/usr/include/eigen3/Eigen/src/Core/PermutationMatrix.h:523:1: note: template<class Derived, class PermutationDerived> const Eigen::internal::permut_matrix_product_retval<PermutationDerived, Derived, 1> Eigen::operator*(const Eigen::PermutationBase<PermutationDerived>&, const Eigen::MatrixBase<Derived>&)
 operator*(const PermutationBase<PermutationDerived> &permutation,
 ^
/usr/include/eigen3/Eigen/src/Core/PermutationMatrix.h:523:1: note:   template argument deduction/substitution failed:
/home/odroid/MAV-Project/px4_ws/src/rgbd_slam/src/main.cpp:283:39: note:   'Eigen::Matrix4f {aka Eigen::Matrix<float, 4, 4>}' is not derived from 'const Eigen::PermutationBase<PermutationDerived>'
     logger.updatePos(*(logger.getLpe()));
                                       ^
In file included from /usr/include/eigen3/Eigen/Core:314:0,
                 from /home/odroid/MAV-Project/px4_ws/src/rgbd_slam/include/RosHandler.h:6,
                 from /home/odroid/MAV-Project/px4_ws/src/rgbd_slam/src/main.cpp:9:
/usr/include/eigen3/Eigen/src/Core/Transpositions.h:331:1: note: template<class Derived, class TranspositionsDerived> const Eigen::internal::transposition_matrix_product_retval<TranspositionsDerived, Derived, 2> Eigen::operator*(const Eigen::MatrixBase<Derived>&, const Eigen::TranspositionsBase<TranspositionsDerived>&)
 operator*(const MatrixBase<Derived>& matrix,
 ^
/usr/include/eigen3/Eigen/src/Core/Transpositions.h:331:1: note:   template argument deduction/substitution failed:
/home/odroid/MAV-Project/px4_ws/src/rgbd_slam/src/main.cpp:283:39: note:   candidate expects 2 arguments, 1 provided
     logger.updatePos(*(logger.getLpe()));
                                       ^
In file included from /usr/include/eigen3/Eigen/Core:314:0,
                 from /home/odroid/MAV-Project/px4_ws/src/rgbd_slam/include/RosHandler.h:6,
                 from /home/odroid/MAV-Project/px4_ws/src/rgbd_slam/src/main.cpp:9:
/usr/include/eigen3/Eigen/src/Core/Transpositions.h:344:1: note: template<class Derived, class TranspositionDerived> const Eigen::internal::transposition_matrix_product_retval<TranspositionDerived, Derived, 1> Eigen::operator*(const Eigen::TranspositionsBase<TranspositionsDerived>&, const Eigen::MatrixBase<Derived>&)
 operator*(const TranspositionsBase<TranspositionDerived> &transpositions,
 ^
/usr/include/eigen3/Eigen/src/Core/Transpositions.h:344:1: note:   template argument deduction/substitution failed:
/home/odroid/MAV-Project/px4_ws/src/rgbd_slam/src/main.cpp:283:39: note:   'Eigen::Matrix4f {aka Eigen::Matrix<float, 4, 4>}' is not derived from 'const Eigen::TranspositionsBase<TranspositionsDerived>'
     logger.updatePos(*(logger.getLpe()));
                                       ^
In file included from /usr/include/eigen3/Eigen/Core:322:0,
                 from /home/odroid/MAV-Project/px4_ws/src/rgbd_slam/include/RosHandler.h:6,
                 from /home/odroid/MAV-Project/px4_ws/src/rgbd_slam/src/main.cpp:9:
/usr/include/eigen3/Eigen/src/Core/ProductBase.h:198:1: note: template<class Derived, class Lhs, class Rhs> const Eigen::ScaledProduct<Derived> Eigen::operator*(const Eigen::ProductBase<Derived, _Lhs, _Rhs>&, const typename Derived::Scalar&)
 operator*(const ProductBase<Derived,Lhs,Rhs>& prod, const typename Derived::Scalar& x)
 ^
/usr/include/eigen3/Eigen/src/Core/ProductBase.h:198:1: note:   template argument deduction/substitution failed:
/home/odroid/MAV-Project/px4_ws/src/rgbd_slam/src/main.cpp:283:39: note:   'Eigen::Matrix4f {aka Eigen::Matrix<float, 4, 4>}' is not derived from 'const Eigen::ProductBase<Derived, _Lhs, _Rhs>'
     logger.updatePos(*(logger.getLpe()));
                                       ^
In file included from /usr/include/eigen3/Eigen/Core:322:0,
                 from /home/odroid/MAV-Project/px4_ws/src/rgbd_slam/include/RosHandler.h:6,
                 from /home/odroid/MAV-Project/px4_ws/src/rgbd_slam/src/main.cpp:9:
/usr/include/eigen3/Eigen/src/Core/ProductBase.h:204:1: note: template<class Derived, class Lhs, class Rhs> typename Eigen::internal::enable_if<(! Eigen::internal::is_same<typename Derived::Scalar, typename Derived::RealScalar>::value), const Eigen::ScaledProduct<Derived> >::type Eigen::operator*(const Eigen::ProductBase<Derived, _Lhs, _Rhs>&, const typename Derived::RealScalar&)
 operator*(const ProductBase<Derived,Lhs,Rhs>& prod, const typename Derived::RealScalar& x)
 ^
/usr/include/eigen3/Eigen/src/Core/ProductBase.h:204:1: note:   template argument deduction/substitution failed:
/home/odroid/MAV-Project/px4_ws/src/rgbd_slam/src/main.cpp:283:39: note:   'Eigen::Matrix4f {aka Eigen::Matrix<float, 4, 4>}' is not derived from 'const Eigen::ProductBase<Derived, _Lhs, _Rhs>'
     logger.updatePos(*(logger.getLpe()));
                                       ^
In file included from /usr/include/eigen3/Eigen/Core:322:0,
                 from /home/odroid/MAV-Project/px4_ws/src/rgbd_slam/include/RosHandler.h:6,
                 from /home/odroid/MAV-Project/px4_ws/src/rgbd_slam/src/main.cpp:9:
/usr/include/eigen3/Eigen/src/Core/ProductBase.h:210:1: note: template<class Derived, class Lhs, class Rhs> const Eigen::ScaledProduct<Derived> Eigen::operator*(const typename Derived::Scalar&, const Eigen::ProductBase<Derived, _Lhs, _Rhs>&)
 operator*(const typename Derived::Scalar& x,const ProductBase<Derived,Lhs,Rhs>& prod)
 ^
/usr/include/eigen3/Eigen/src/Core/ProductBase.h:210:1: note:   template argument deduction/substitution failed:
/home/odroid/MAV-Project/px4_ws/src/rgbd_slam/src/main.cpp:283:39: note:   candidate expects 2 arguments, 1 provided
     logger.updatePos(*(logger.getLpe()));
                                       ^
In file included from /usr/include/eigen3/Eigen/Core:322:0,
                 from /home/odroid/MAV-Project/px4_ws/src/rgbd_slam/include/RosHandler.h:6,
                 from /home/odroid/MAV-Project/px4_ws/src/rgbd_slam/src/main.cpp:9:
/usr/include/eigen3/Eigen/src/Core/ProductBase.h:216:1: note: template<class Derived, class Lhs, class Rhs> typename Eigen::internal::enable_if<(! Eigen::internal::is_same<typename Derived::Scalar, typename Derived::RealScalar>::value), const Eigen::ScaledProduct<Derived> >::type Eigen::operator*(const typename Derived::RealScalar&, const Eigen::ProductBase<Derived, _Lhs, _Rhs>&)
 operator*(const typename Derived::RealScalar& x,const ProductBase<Derived,Lhs,Rhs>& prod)
 ^
/usr/include/eigen3/Eigen/src/Core/ProductBase.h:216:1: note:   template argument deduction/substitution failed:
/home/odroid/MAV-Project/px4_ws/src/rgbd_slam/src/main.cpp:283:39: note:   candidate expects 2 arguments, 1 provided
     logger.updatePos(*(logger.getLpe()));
                                       ^
In file included from /usr/include/eigen3/Eigen/Householder:17:0,
                 from /usr/include/eigen3/Eigen/QR:10,
                 from /usr/include/eigen3/Eigen/Dense:4,
                 from /home/odroid/MAV-Project/px4_ws/src/rgbd_slam/include/RosHandler.h:7,
                 from /home/odroid/MAV-Project/px4_ws/src/rgbd_slam/src/main.cpp:9:
/usr/include/eigen3/Eigen/src/Householder/HouseholderSequence.h:409:99: note: template<class OtherDerived, class VectorsType, class CoeffsType, int Side> typename Eigen::internal::matrix_type_times_scalar_type<typename VectorsType::Scalar, OtherDerived>::Type Eigen::operator*(const Eigen::MatrixBase<Derived>&, const Eigen::HouseholderSequence<VectorsType, CoeffsType, Side>&)
 typename internal::matrix_type_times_scalar_type<typename VectorsType::Scalar,OtherDerived>::Type operator*(const MatrixBase<OtherDerived>& other, const HouseholderSequence<VectorsType,CoeffsType,Side>& h)
                                                                                                   ^
/usr/include/eigen3/Eigen/src/Householder/HouseholderSequence.h:409:99: note:   template argument deduction/substitution failed:
/home/odroid/MAV-Project/px4_ws/src/rgbd_slam/src/main.cpp:283:39: note:   candidate expects 2 arguments, 1 provided
     logger.updatePos(*(logger.getLpe()));
                                       ^
In file included from /usr/include/boost/config/no_tr1/complex.hpp:21:0,
                 from /usr/include/boost/math/policies/error_handling.hpp:15,
                 from /usr/include/boost/math/special_functions/round.hpp:14,
                 from /opt/ros/indigo/include/ros/time.h:58,
                 from /opt/ros/indigo/include/ros/ros.h:38,
                 from /home/odroid/MAV-Project/px4_ws/src/rgbd_slam/include/RosHandler.h:4,
                 from /home/odroid/MAV-Project/px4_ws/src/rgbd_slam/src/main.cpp:9:
/usr/include/c++/4.8/complex:402:5: note: template<class _Tp> std::complex<_Tp> std::operator*(const _Tp&, const std::complex<_Tp>&)
     operator*(const _Tp& __x, const complex<_Tp>& __y)
     ^
/usr/include/c++/4.8/complex:402:5: note:   template argument deduction/substitution failed:
/home/odroid/MAV-Project/px4_ws/src/rgbd_slam/src/main.cpp:283:39: note:   candidate expects 2 arguments, 1 provided
     logger.updatePos(*(logger.getLpe()));
                                       ^
In file included from /usr/include/boost/config/no_tr1/complex.hpp:21:0,
                 from /usr/include/boost/math/policies/error_handling.hpp:15,
                 from /usr/include/boost/math/special_functions/round.hpp:14,
                 from /opt/ros/indigo/include/ros/time.h:58,
                 from /opt/ros/indigo/include/ros/ros.h:38,
                 from /home/odroid/MAV-Project/px4_ws/src/rgbd_slam/include/RosHandler.h:4,
                 from /home/odroid/MAV-Project/px4_ws/src/rgbd_slam/src/main.cpp:9:
/usr/include/c++/4.8/complex:393:5: note: template<class _Tp> std::complex<_Tp> std::operator*(const std::complex<_Tp>&, const _Tp&)
     operator*(const complex<_Tp>& __x, const _Tp& __y)
     ^
/usr/include/c++/4.8/complex:393:5: note:   template argument deduction/substitution failed:
/home/odroid/MAV-Project/px4_ws/src/rgbd_slam/src/main.cpp:283:39: note:   'Eigen::Matrix4f {aka Eigen::Matrix<float, 4, 4>}' is not derived from 'const std::complex<_Tp>'
     logger.updatePos(*(logger.getLpe()));
                                       ^
In file included from /usr/include/boost/config/no_tr1/complex.hpp:21:0,
                 from /usr/include/boost/math/policies/error_handling.hpp:15,
                 from /usr/include/boost/math/special_functions/round.hpp:14,
                 from /opt/ros/indigo/include/ros/time.h:58,
                 from /opt/ros/indigo/include/ros/ros.h:38,
                 from /home/odroid/MAV-Project/px4_ws/src/rgbd_slam/include/RosHandler.h:4,
                 from /home/odroid/MAV-Project/px4_ws/src/rgbd_slam/src/main.cpp:9:
/usr/include/c++/4.8/complex:384:5: note: template<class _Tp> std::complex<_Tp> std::operator*(const std::complex<_Tp>&, const std::complex<_Tp>&)
     operator*(const complex<_Tp>& __x, const complex<_Tp>& __y)
     ^
/usr/include/c++/4.8/complex:384:5: note:   template argument deduction/substitution failed:
/home/odroid/MAV-Project/px4_ws/src/rgbd_slam/src/main.cpp:283:39: note:   'Eigen::Matrix4f {aka Eigen::Matrix<float, 4, 4>}' is not derived from 'const std::complex<_Tp>'
     logger.updatePos(*(logger.getLpe()));
                                       ^
In file included from /usr/include/eigen3/Eigen/src/Core/MatrixBase.h:136:0,
                 from /usr/include/eigen3/Eigen/Core:279,
                 from /home/odroid/MAV-Project/px4_ws/src/rgbd_slam/include/RosHandler.h:6,
                 from /home/odroid/MAV-Project/px4_ws/src/rgbd_slam/src/main.cpp:9:
/usr/include/eigen3/Eigen/src/Core/../plugins/CommonCwiseUnaryOps.h:80:1: note: const Eigen::CwiseUnaryOp<Eigen::internal::scalar_multiple2_op<float, std::complex<float> >, const Eigen::Matrix<float, 4, 4> > Eigen::operator*(const std::complex<float>&, const StorageBaseType&)
 operator*(const std::complex<Scalar>& scalar, const StorageBaseType& matrix)
 ^
/usr/include/eigen3/Eigen/src/Core/../plugins/CommonCwiseUnaryOps.h:80:1: note:   candidate expects 2 arguments, 1 provided
/usr/include/eigen3/Eigen/src/Core/../plugins/CommonCwiseUnaryOps.h:76:1: note: const ScalarMultipleReturnType Eigen::operator*(const Scalar&, const StorageBaseType&)
 operator*(const Scalar& scalar, const StorageBaseType& matrix)
 ^
/usr/include/eigen3/Eigen/src/Core/../plugins/CommonCwiseUnaryOps.h:76:1: note:   candidate expects 2 arguments, 1 provided
make[2]: *** [CMakeFiles/rgbd_slam.dir/src/main.cpp.o] Error 1
make[1]: *** [CMakeFiles/rgbd_slam.dir/all] Error 2
make: *** [all] Error 2
