In file included from /home/tuofeichen/SLAM/MAV-Project/catkin_ws/src/rgbd_slam/src/main.cpp:12:0:
/home/tuofeichen/SLAM/MAV-Project/catkin_ws/src/rgbd_slam/src/TransformTest.cpp: In function ‘void testTransform()’:
/home/tuofeichen/SLAM/MAV-Project/catkin_ws/src/rgbd_slam/src/TransformTest.cpp:148:12: error: ‘frame’ was not declared in this scope
  logPos << frame.getKeypoints3D() << endl << endl; 
            ^
/home/tuofeichen/SLAM/MAV-Project/catkin_ws/src/rgbd_slam/src/TransformTest.cpp:56:10: warning: unused variable ‘file_name’ [-Wunused-variable]
     char file_name [100];
          ^
/home/tuofeichen/SLAM/MAV-Project/catkin_ws/src/rgbd_slam/src/main.cpp: In function ‘int main(int, char**)’:
/home/tuofeichen/SLAM/MAV-Project/catkin_ws/src/rgbd_slam/src/main.cpp:251:42: error: cannot bind ‘std::basic_ostream<char>’ lvalue to ‘std::basic_ostream<char>&&’
   logPos << frames[state].getKeypoints3D() << endl << endl;
                                          ^
In file included from /usr/include/c++/4.8/iostream:39:0,
                 from /home/tuofeichen/SLAM/MAV-Project/catkin_ws/src/rgbd_slam/src/main.cpp:7:
/usr/include/c++/4.8/ostream:602:5: error:   initializing argument 1 of ‘std::basic_ostream<_CharT, _Traits>& std::operator<<(std::basic_ostream<_CharT, _Traits>&&, const _Tp&) [with _CharT = char; _Traits = std::char_traits<char>; _Tp = std::vector<Eigen::Matrix<float, 3, 1> >]’
     operator<<(basic_ostream<_CharT, _Traits>&& __os, const _Tp& __x)
     ^
/home/tuofeichen/SLAM/MAV-Project/catkin_ws/src/rgbd_slam/src/main.cpp:386:49: error: cannot bind ‘std::basic_ostream<char>’ lvalue to ‘std::basic_ostream<char>&&’
         logPos  << frames[state].getKeypoints3D() << endl << endl; 
                                                 ^
In file included from /usr/include/c++/4.8/iostream:39:0,
                 from /home/tuofeichen/SLAM/MAV-Project/catkin_ws/src/rgbd_slam/src/main.cpp:7:
/usr/include/c++/4.8/ostream:602:5: error:   initializing argument 1 of ‘std::basic_ostream<_CharT, _Traits>& std::operator<<(std::basic_ostream<_CharT, _Traits>&&, const _Tp&) [with _CharT = char; _Traits = std::char_traits<char>; _Tp = std::vector<Eigen::Matrix<float, 3, 1> >]’
     operator<<(basic_ostream<_CharT, _Traits>&& __os, const _Tp& __x)
     ^
make[2]: *** [CMakeFiles/rgbd_slam.dir/src/main.cpp.o] Error 1
make[1]: *** [CMakeFiles/rgbd_slam.dir/all] Error 2
make: *** [all] Error 2
