[35m[1mScanning dependencies of target frontend[0m
[  7%] [32mBuilding CXX object CMakeFiles/frontend.dir/src/AnalyticBasedTME.cpp.o[0m
[ 14%] [32mBuilding CXX object CMakeFiles/frontend.dir/src/AsusProLive.cpp.o[0m
[ 21%] [32mBuilding CXX object CMakeFiles/frontend.dir/src/AsusProLiveOpenNI2.cpp.o[0m
[ 28%] [32mBuilding CXX object CMakeFiles/frontend.dir/src/Backend.cpp.o[0m
[ 35%] [32mBuilding CXX object CMakeFiles/frontend.dir/src/FeatureDEM.cpp.o[0m
[ 42%] [32mBuilding CXX object CMakeFiles/frontend.dir/src/Frame.cpp.o[0m
/home/tuofeichen/SLAM/MAV-Project/catkin_ws/src/rgbd_slam/src/FeatureDEM.cpp: In static member function ‘static void FeatureDEM::match(const std::vector<cv::KeyPoint>&, const cv::Mat&, const std::vector<cv::KeyPoint>&, const cv::Mat&, std::vector<int>&, std::vector<int>&)’:
/home/tuofeichen/SLAM/MAV-Project/catkin_ws/src/rgbd_slam/src/FeatureDEM.cpp:42:32: warning: comparison between signed and unsigned integer expressions [-Wsign-compare]
  for(int i=0; i < matches.size(); ++i)
                                ^
[ 50%] [32mBuilding CXX object CMakeFiles/frontend.dir/src/RANSACBasedTME.cpp.o[0m
[ 57%] [32mBuilding CXX object CMakeFiles/frontend.dir/src/TcpServer.cpp.o[0m
/home/tuofeichen/SLAM/MAV-Project/catkin_ws/src/rgbd_slam/src/RANSACBasedTME.cpp: In static member function ‘static bool RANSACBasedTME::estimateTrafo(const std::vector<Eigen::Matrix<float, 3, 1> >&, const std::vector<int>&, const std::vector<Eigen::Matrix<float, 3, 1> >&, const std::vector<int>&, Eigen::Matrix4f&, Eigen::Matrix<float, 6, 6>&)’:
/home/tuofeichen/SLAM/MAV-Project/catkin_ws/src/rgbd_slam/src/RANSACBasedTME.cpp:99:14: warning: unused variable ‘nrOfPtsF’ [-Wunused-variable]
  const float nrOfPtsF = static_cast<float>(nrOfPts);
              ^
[ 64%] [32mBuilding CXX object CMakeFiles/frontend.dir/src/VisualOdometry.cpp.o[0m
[ 71%] [32mBuilding CXX object CMakeFiles/frontend.dir/src/UavComProtocolHandler.cpp.o[0m
[ 78%] [32m[1mLinking CXX shared library /home/tuofeichen/SLAM/MAV-Project/catkin_ws/devel/lib/libfrontend.so[0m
[ 78%] Built target frontend
[35m[1mScanning dependencies of target std_msgs_generate_messages_cpp[0m
[ 78%] Built target std_msgs_generate_messages_cpp
[35m[1mScanning dependencies of target geometry_msgs_generate_messages_lisp[0m
[ 78%] Built target geometry_msgs_generate_messages_lisp
[35m[1mScanning dependencies of target roscpp_generate_messages_py[0m
[ 78%] Built target roscpp_generate_messages_py
[35m[1mScanning dependencies of target roscpp_generate_messages_cpp[0m
[ 78%] Built target roscpp_generate_messages_cpp
[35m[1mScanning dependencies of target geometry_msgs_generate_messages_cpp[0m
[ 78%] Built target geometry_msgs_generate_messages_cpp
[35m[1mScanning dependencies of target roscpp_generate_messages_lisp[0m
[ 78%] Built target roscpp_generate_messages_lisp
[35m[1mScanning dependencies of target std_msgs_generate_messages_py[0m
[ 78%] Built target std_msgs_generate_messages_py
[35m[1mScanning dependencies of target geometry_msgs_generate_messages_py[0m
[ 78%] Built target geometry_msgs_generate_messages_py
[35m[1mScanning dependencies of target std_msgs_generate_messages_lisp[0m
[ 78%] Built target std_msgs_generate_messages_lisp
[35m[1mScanning dependencies of target rosgraph_msgs_generate_messages_lisp[0m
[ 78%] Built target rosgraph_msgs_generate_messages_lisp
[35m[1mScanning dependencies of target rosgraph_msgs_generate_messages_cpp[0m
[ 78%] Built target rosgraph_msgs_generate_messages_cpp
[35m[1mScanning dependencies of target rosgraph_msgs_generate_messages_py[0m
[ 78%] Built target rosgraph_msgs_generate_messages_py
[35m[1mScanning dependencies of target rgbd_slam[0m
[ 85%] [32mBuilding CXX object CMakeFiles/rgbd_slam.dir/src/main.cpp.o[0m
[ 92%] [32mBuilding CXX object CMakeFiles/rgbd_slam.dir/src/RosHandler.cpp.o[0m
