[  0%] Built target std_msgs_generate_messages_cpp
[  0%] Built target rosgraph_msgs_generate_messages_py
[35m[1mScanning dependencies of target frontend[0m
[  0%] Built target geometry_msgs_generate_messages_py
[  0%] Built target roscpp_generate_messages_lisp
[  0%] Built target geometry_msgs_generate_messages_lisp
[  0%] Built target roscpp_generate_messages_py
[  0%] Built target roscpp_generate_messages_cpp
[  0%] Built target std_msgs_generate_messages_lisp
[  0%] Built target geometry_msgs_generate_messages_cpp
[  0%] Built target rosgraph_msgs_generate_messages_cpp
[  0%] Built target std_msgs_generate_messages_py
[  0%] Built target rosgraph_msgs_generate_messages_lisp
[  7%] [32mBuilding CXX object CMakeFiles/frontend.dir/src/FeatureDEM.cpp.o[0m
[ 14%] [32mBuilding CXX object CMakeFiles/frontend.dir/src/VisualOdometry.cpp.o[0m
/home/tuofeichen/SLAM/MAV-Project/catkin_ws/src/rgbd_slam/src/FeatureDEM.cpp: In static member function ‘static void FeatureDEM::extract(const cv::Mat&, const std::vector<cv::KeyPoint>&, cv::Mat&)’:
/home/tuofeichen/SLAM/MAV-Project/catkin_ws/src/rgbd_slam/src/FeatureDEM.cpp:27:12: error: ‘waitKey’ was not declared in this scope
  waitKey(10);
            ^
/home/tuofeichen/SLAM/MAV-Project/catkin_ws/src/rgbd_slam/src/FeatureDEM.cpp:27:12: note: suggested alternative:
In file included from /opt/opencv3/include/opencv2/opencv.hpp:55:0,
                 from /home/tuofeichen/SLAM/MAV-Project/catkin_ws/src/rgbd_slam/src/FeatureDEM.cpp:9:
/opt/opencv3/include/opencv2/highgui.hpp:270:18: note:   ‘cv::waitKey’
 CV_EXPORTS_W int waitKey(int delay = 0);
                  ^
/home/tuofeichen/SLAM/MAV-Project/catkin_ws/src/rgbd_slam/src/FeatureDEM.cpp: In static member function ‘static void FeatureDEM::match(const std::vector<cv::KeyPoint>&, const cv::Mat&, const std::vector<cv::KeyPoint>&, const cv::Mat&, std::vector<int>&, std::vector<int>&)’:
/home/tuofeichen/SLAM/MAV-Project/catkin_ws/src/rgbd_slam/src/FeatureDEM.cpp:42:32: warning: comparison between signed and unsigned integer expressions [-Wsign-compare]
  for(int i=0; i < matches.size(); ++i)
                                ^

/usr/include/eigen3/Eigen/src/Core/DenseCoeffsBase.h:113: note: ===vect_slp_analyze_bb===

/usr/include/eigen3/Eigen/src/Core/DenseCoeffsBase.h:113: note: === vect_analyze_data_refs ===

/usr/include/eigen3/Eigen/src/Core/DenseCoeffsBase.h:113: note: not vectorized: not enough data-refs in basic block.

Analyzing loop at /usr/include/c++/4.8/bits/stl_uninitialized.h:494

/usr/include/c++/4.8/bits/stl_uninitialized.h:494: note: ===== analyze_loop_nest =====
/usr/include/c++/4.8/bits/stl_uninitialized.h:494: note: === vect_analyze_loop_form ===
/usr/include/c++/4.8/bits/stl_uninitialized.h:494: note: not vectorized: control flow in loop.
/usr/include/c++/4.8/bits/stl_uninitialized.h:494: note: bad loop form.
/home/tuofeichen/SLAM/MAV-Project/catkin_ws/src/rgbd_slam/src/VisualOdometry.cpp:13: note: vectorized 0 loops in function.

/usr/include/c++/4.8/bits/stl_vector.h:91: note: ===vect_slp_analyze_bb===

/usr/include/c++/4.8/bits/stl_vector.h:91: note: === vect_analyze_data_refs ===

/usr/include/c++/4.8/bits/stl_vector.h:91: note: get vectype with 2 units of type long unsigned int
/usr/include/c++/4.8/bits/stl_vector.h:91: note: vectype: vector(2) long unsigned int
/usr/include/c++/4.8/bits/stl_vector.h:91: note: get vectype with 2 units of type long unsigned int
/usr/include/c++/4.8/bits/stl_vector.h:91: note: vectype: vector(2) long unsigned int
/usr/include/c++/4.8/bits/stl_vector.h:91: note: get vectype with 2 units of type long unsigned int
/usr/include/c++/4.8/bits/stl_vector.h:91: note: vectype: vector(2) long unsigned int
/usr/include/c++/4.8/bits/stl_vector.h:91: note: === vect_pattern_recog ===
/usr/include/c++/4.8/bits/stl_vector.h:91: note: === vect_analyze_dependences ===
/usr/include/c++/4.8/bits/stl_vector.h:91: note: Detected interleaving MEM[(struct _Vector_impl *)&keypoints]._M_start and MEM[(struct _Vector_impl *)&keypoints]._M_finish
/usr/include/c++/4.8/bits/stl_vector.h:91: note: Detected interleaving MEM[(struct _Vector_impl *)&keypoints]._M_start and MEM[(struct _Vector_impl *)&keypoints]._M_end_of_storage
/usr/include/c++/4.8/bits/stl_vector.h:91: note: Detected interleaving MEM[(struct _Vector_impl *)&keypoints]._M_finish and MEM[(struct _Vector_impl *)&keypoints]._M_end_of_storage
/usr/include/c++/4.8/bits/stl_vector.h:91: note: === vect_analyze_data_refs_alignment ===
/usr/include/c++/4.8/bits/stl_vector.h:91: note: vect_compute_data_ref_alignment:
/usr/include/c++/4.8/bits/stl_vector.h:91: note: misalign = 0 bytes of ref MEM[(struct _Vector_impl *)&keypoints]._M_start
/usr/include/c++/4.8/bits/stl_vector.h:91: note: vect_compute_data_ref_alignment:
/usr/include/c++/4.8/bits/stl_vector.h:91: note: misalign = 8 bytes of ref MEM[(struct _Vector_impl *)&keypoints]._M_finish
/usr/include/c++/4.8/bits/stl_vector.h:91: note: vect_compute_data_ref_alignment:
/usr/include/c++/4.8/bits/stl_vector.h:91: note: misalign = 0 bytes of ref MEM[(struct _Vector_impl *)&keypoints]._M_end_of_storage
/usr/include/c++/4.8/bits/stl_vector.h:91: note: === vect_analyze_data_ref_accesses ===
/usr/include/c++/4.8/bits/stl_vector.h:91: note: Detected interleaving of size 3
/usr/include/c++/4.8/bits/stl_vector.h:91: note: === vect_analyze_slp ===
/usr/include/c++/4.8/bits/stl_vector.h:91: note: get vectype with 2 units of type long unsigned int
/usr/include/c++/4.8/bits/stl_vector.h:91: note: vectype: vector(2) long unsigned int
/usr/include/c++/4.8/bits/stl_vector.h:91: note: Build SLP failed: unrolling required in basic block SLP
/usr/include/c++/4.8/bits/stl_vector.h:91: note: Failed to SLP the basic block.
/usr/include/c++/4.8/bits/stl_vector.h:91: note: not vectorized: failed to find SLP opportunities in basic block.

/usr/include/c++/4.8/bits/stl_construct.h:75: note: ===vect_slp_analyze_bb===

/usr/include/c++/4.8/bits/stl_construct.h:75: note: === vect_analyze_data_refs ===

/usr/include/c++/4.8/bits/stl_construct.h:75: note: not vectorized: not enough data-refs in basic block.

/opt/opencv3/include/opencv2/core/types.hpp:1067: note: ===vect_slp_analyze_bb===

/opt/opencv3/include/opencv2/core/types.hpp:1067: note: === vect_analyze_data_refs ===

/opt/opencv3/include/opencv2/core/types.hpp:1067: note: get vectype with 4 units of type float
/opt/opencv3/include/opencv2/core/types.hpp:1067: note: vectype: vector(4) float
/opt/opencv3/include/opencv2/core/types.hpp:1067: note: get vectype with 4 units of type float
/opt/opencv3/include/opencv2/core/types.hpp:1067: note: vectype: vector(4) float
/opt/opencv3/include/opencv2/core/types.hpp:1067: note: get vectype with 4 units of type float
/opt/opencv3/include/opencv2/core/types.hpp:1067: note: vectype: vector(4) float
/opt/opencv3/include/opencv2/core/types.hpp:1067: note: get vectype with 4 units of type float
/opt/opencv3/include/opencv2/core/types.hpp:1067: note: vectype: vector(4) float
/opt/opencv3/include/opencv2/core/types.hpp:1067: note: get vectype with 4 units of type float
/opt/opencv3/include/opencv2/core/types.hpp:1067: note: vectype: vector(4) float
/opt/opencv3/include/opencv2/core/types.hpp:1067: note: get vectype with 4 units of type int
/opt/opencv3/include/opencv2/core/types.hpp:1067: note: vectype: vector(4) int
/opt/opencv3/include/opencv2/core/types.hpp:1067: note: get vectype with 4 units of type int
/opt/opencv3/include/opencv2/core/types.hpp:1067: note: vectype: vector(4) int
/opt/opencv3/include/opencv2/core/types.hpp:1067: note: === vect_pattern_recog ===
/opt/opencv3/include/opencv2/core/types.hpp:1067: note: === vect_analyze_dependences ===
/opt/opencv3/include/opencv2/core/types.hpp:1067: note: Detected interleaving MEM[(struct Point_ *)__first_30].x and MEM[(struct Point_ *)__first_30].y
/opt/opencv3/include/opencv2/core/types.hpp:1067: note: Detected interleaving MEM[(struct Point_ *)__first_30].x and __first_30->size
/opt/opencv3/include/opencv2/core/types.hpp:1067: note: Detected interleaving MEM[(struct Point_ *)__first_30].x and __first_30->angle
/opt/opencv3/include/opencv2/core/types.hpp:1067: note: Detected interleaving MEM[(struct Point_ *)__first_30].x and __first_30->response
/opt/opencv3/include/opencv2/core/types.hpp:1067: note: Detected interleaving MEM[(struct Point_ *)__first_30].y and __first_30->size
/opt/opencv3/include/opencv2/core/types.hpp:1067: note: Detected interleaving MEM[(struct Point_ *)__first_30].y and __first_30->angle
/opt/opencv3/include/opencv2/core/types.hpp:1067: note: Detected interleaving MEM[(struct Point_ *)__first_30].y and __first_30->response
/opt/opencv3/include/opencv2/core/types.hpp:1067: note: Detected interleaving __first_30->size and __first_30->angle
/opt/opencv3/include/opencv2/core/types.hpp:1067: note: Detected interleaving __first_30->size and __first_30->response
/opt/opencv3/include/opencv2/core/types.hpp:1067: note: Detected interleaving __first_30->angle and __first_30->response
/opt/opencv3/include/opencv2/core/types.hpp:1067: note: Detected interleaving __first_30->octave and __first_30->class_id
/opt/opencv3/include/opencv2/core/types.hpp:1067: note: === vect_analyze_data_refs_alignment ===
/opt/opencv3/include/opencv2/core/types.hpp:1067: note: vect_compute_data_ref_alignment:
/opt/opencv3/include/opencv2/core/types.hpp:1067: note: SLP: step doesn't divide the vector-size.
/opt/opencv3/include/opencv2/core/types.hpp:1067: note: Unknown alignment for access: *__first_36
/opt/opencv3/include/opencv2/core/types.hpp:1067: note: vect_compute_data_ref_alignment:
/opt/opencv3/include/opencv2/core/types.hpp:1067: note: SLP: step doesn't divide the vector-size.
/opt/opencv3/include/opencv2/core/types.hpp:1067: note: Unknown alignment for access: *__first_36
/opt/opencv3/include/opencv2/core/types.hpp:1067: note: vect_compute_data_ref_alignment:
/opt/opencv3/include/opencv2/core/types.hpp:1067: note: SLP: step doesn't divide the vector-size.
/opt/opencv3/include/opencv2/core/types.hpp:1067: note: Unknown alignment for access: *__first_36
/opt/opencv3/include/opencv2/core/types.hpp:1067: note: vect_compute_data_ref_alignment:
/opt/opencv3/include/opencv2/core/types.hpp:1067: note: SLP: step doesn't divide the vector-size.
/opt/opencv3/include/opencv2/core/types.hpp:1067: note: Unknown alignment for access: *__first_36
/opt/opencv3/include/opencv2/core/types.hpp:1067: note: vect_compute_data_ref_alignment:
/opt/opencv3/include/opencv2/core/types.hpp:1067: note: SLP: step doesn't divide the vector-size.
/opt/opencv3/include/opencv2/core/types.hpp:1067: note: Unknown alignment for access: *__first_36
/opt/opencv3/include/opencv2/core/types.hpp:1067: note: vect_compute_data_ref_alignment:
/opt/opencv3/include/opencv2/core/types.hpp:1067: note: SLP: step doesn't divide the vector-size.
/opt/opencv3/include/opencv2/core/types.hpp:1067: note: Unknown alignment for access: *__first_36
/opt/opencv3/include/opencv2/core/types.hpp:1067: note: vect_compute_data_ref_alignment:
/opt/opencv3/include/opencv2/core/types.hpp:1067: note: SLP: step doesn't divide the vector-size.
/opt/opencv3/include/opencv2/core/types.hpp:1067: note: Unknown alignment for access: *__first_36
/opt/opencv3/include/opencv2/core/types.hpp:1067: note: === vect_analyze_data_ref_accesses ===
/opt/opencv3/include/opencv2/core/types.hpp:1067: note: interleaved store with gaps
/opt/opencv3/include/opencv2/core/types.hpp:1067: note: not vectorized: complicated access pattern.
/opt/opencv3/include/opencv2/core/types.hpp:1067: note: interleaved store with gaps
/opt/opencv3/include/opencv2/core/types.hpp:1067: note: not vectorized: complicated access pattern.
/opt/opencv3/include/opencv2/core/types.hpp:1067: note: === vect_analyze_slp ===
/opt/opencv3/include/opencv2/core/types.hpp:1067: note: Failed to SLP the basic block.
/opt/opencv3/include/opencv2/core/types.hpp:1067: note: not vectorized: failed to find SLP opportunities in basic block.

/usr/include/c++/4.8/bits/stl_uninitialized.h:494: note: ===vect_slp_analyze_bb===

/usr/include/c++/4.8/bits/stl_uninitialized.h:494: note: === vect_analyze_data_refs ===

/usr/include/c++/4.8/bits/stl_uninitialized.h:494: note: not vectorized: not enough data-refs in basic block.

/home/tuofeichen/SLAM/MAV-Project/catkin_ws/src/rgbd_slam/src/VisualOdometry.cpp:13: note: ===vect_slp_analyze_bb===

/home/tuofeichen/SLAM/MAV-Project/catkin_ws/src/rgbd_slam/src/VisualOdometry.cpp:13: note: === vect_analyze_data_refs ===

/home/tuofeichen/SLAM/MAV-Project/catkin_ws/src/rgbd_slam/src/VisualOdometry.cpp:13: note: not vectorized: not enough data-refs in basic block.

/usr/include/c++/4.8/bits/stl_vector.h:1226: note: ===vect_slp_analyze_bb===

/usr/include/c++/4.8/bits/stl_vector.h:1226: note: === vect_analyze_data_refs ===

/usr/include/c++/4.8/bits/stl_vector.h:1226: note: get vectype with 2 units of type long unsigned int
/usr/include/c++/4.8/bits/stl_vector.h:1226: note: vectype: vector(2) long unsigned int
/usr/include/c++/4.8/bits/stl_vector.h:1226: note: === vect_pattern_recog ===
/usr/include/c++/4.8/bits/stl_vector.h:1226: note: === vect_analyze_dependences ===
/usr/include/c++/4.8/bits/stl_vector.h:1226: note: === vect_analyze_data_refs_alignment ===
/usr/include/c++/4.8/bits/stl_vector.h:1226: note: vect_compute_data_ref_alignment:
/usr/include/c++/4.8/bits/stl_vector.h:1226: note: misalign = 8 bytes of ref keypoints.D.109563._M_impl._M_finish
/usr/include/c++/4.8/bits/stl_vector.h:1226: note: === vect_analyze_data_ref_accesses ===
/usr/include/c++/4.8/bits/stl_vector.h:1226: note: not consecutive access keypoints.D.109563._M_impl._M_finish = _34;

/usr/include/c++/4.8/bits/stl_vector.h:1226: note: === vect_analyze_slp ===
/usr/include/c++/4.8/bits/stl_vector.h:1226: note: Failed to SLP the basic block.
/usr/include/c++/4.8/bits/stl_vector.h:1226: note: not vectorized: failed to find SLP opportunities in basic block.

/home/tuofeichen/SLAM/MAV-Project/catkin_ws/src/rgbd_slam/src/VisualOdometry.cpp:20: note: ===vect_slp_analyze_bb===

/home/tuofeichen/SLAM/MAV-Project/catkin_ws/src/rgbd_slam/src/VisualOdometry.cpp:20: note: === vect_analyze_data_refs ===

/home/tuofeichen/SLAM/MAV-Project/catkin_ws/src/rgbd_slam/src/VisualOdometry.cpp:20: note: not vectorized: not enough data-refs in basic block.

/home/tuofeichen/SLAM/MAV-Project/catkin_ws/src/rgbd_slam/src/VisualOdometry.cpp:13: note: ===vect_slp_analyze_bb===

/home/tuofeichen/SLAM/MAV-Project/catkin_ws/src/rgbd_slam/src/VisualOdometry.cpp:13: note: === vect_analyze_data_refs ===

/home/tuofeichen/SLAM/MAV-Project/catkin_ws/src/rgbd_slam/src/VisualOdometry.cpp:13: note: not vectorized: not enough data-refs in basic block.

/home/tuofeichen/SLAM/MAV-Project/catkin_ws/src/rgbd_slam/src/VisualOdometry.cpp:22: note: ===vect_slp_analyze_bb===

/home/tuofeichen/SLAM/MAV-Project/catkin_ws/src/rgbd_slam/src/VisualOdometry.cpp:22: note: === vect_analyze_data_refs ===

/home/tuofeichen/SLAM/MAV-Project/catkin_ws/src/rgbd_slam/src/VisualOdometry.cpp:22: note: get vectype with 2 units of type long unsigned int
/home/tuofeichen/SLAM/MAV-Project/catkin_ws/src/rgbd_slam/src/VisualOdometry.cpp:22: note: vectype: vector(2) long unsigned int
/home/tuofeichen/SLAM/MAV-Project/catkin_ws/src/rgbd_slam/src/VisualOdometry.cpp:22: note: get vectype with 2 units of type long unsigned int
/home/tuofeichen/SLAM/MAV-Project/catkin_ws/src/rgbd_slam/src/VisualOdometry.cpp:22: note: vectype: vector(2) long unsigned int
/home/tuofeichen/SLAM/MAV-Project/catkin_ws/src/rgbd_slam/src/VisualOdometry.cpp:22: note: === vect_pattern_recog ===
/home/tuofeichen/SLAM/MAV-Project/catkin_ws/src/rgbd_slam/src/VisualOdometry.cpp:22: note: === vect_analyze_dependences ===
/home/tuofeichen/SLAM/MAV-Project/catkin_ws/src/rgbd_slam/src/VisualOdometry.cpp:22: note: Detected interleaving MEM[(const struct vector *)frame_7(D) + 296B] and MEM[(const struct vector *)frame_7(D) + 304B]
/home/tuofeichen/SLAM/MAV-Project/catkin_ws/src/rgbd_slam/src/VisualOdometry.cpp:22: note: === vect_analyze_data_refs_alignment ===
/home/tuofeichen/SLAM/MAV-Project/catkin_ws/src/rgbd_slam/src/VisualOdometry.cpp:22: note: vect_compute_data_ref_alignment:
/home/tuofeichen/SLAM/MAV-Project/catkin_ws/src/rgbd_slam/src/VisualOdometry.cpp:22: note: can't force alignment of ref: MEM[(const struct vector *)frame_7(D) + 296B]
/home/tuofeichen/SLAM/MAV-Project/catkin_ws/src/rgbd_slam/src/VisualOdometry.cpp:22: note: vect_compute_data_ref_alignment:
/home/tuofeichen/SLAM/MAV-Project/catkin_ws/src/rgbd_slam/src/VisualOdometry.cpp:22: note: can't force alignment of ref: MEM[(const struct vector *)frame_7(D) + 304B]
/home/tuofeichen/SLAM/MAV-Project/catkin_ws/src/rgbd_slam/src/VisualOdometry.cpp:22: note: === vect_analyze_data_ref_accesses ===
/home/tuofeichen/SLAM/MAV-Project/catkin_ws/src/rgbd_slam/src/VisualOdometry.cpp:22: note: Detected interleaving of size 2
/home/tuofeichen/SLAM/MAV-Project/catkin_ws/src/rgbd_slam/src/VisualOdometry.cpp:22: note: === vect_analyze_slp ===
/home/tuofeichen/SLAM/MAV-Project/catkin_ws/src/rgbd_slam/src/VisualOdometry.cpp:22: note: Failed to SLP the basic block.
/home/tuofeichen/SLAM/MAV-Project/catkin_ws/src/rgbd_slam/src/VisualOdometry.cpp:22: note: not vectorized: failed to find SLP opportunities in basic block.

/home/tuofeichen/SLAM/MAV-Project/catkin_ws/src/rgbd_slam/src/VisualOdometry.cpp:24: note: ===vect_slp_analyze_bb===

/home/tuofeichen/SLAM/MAV-Project/catkin_ws/src/rgbd_slam/src/VisualOdometry.cpp:24: note: === vect_analyze_data_refs ===

/home/tuofeichen/SLAM/MAV-Project/catkin_ws/src/rgbd_slam/src/VisualOdometry.cpp:24: note: not vectorized: not enough data-refs in basic block.

/home/tuofeichen/SLAM/MAV-Project/catkin_ws/src/rgbd_slam/src/VisualOdometry.cpp:13: note: ===vect_slp_analyze_bb===

/home/tuofeichen/SLAM/MAV-Project/catkin_ws/src/rgbd_slam/src/VisualOdometry.cpp:13: note: === vect_analyze_data_refs ===

/home/tuofeichen/SLAM/MAV-Project/catkin_ws/src/rgbd_slam/src/VisualOdometry.cpp:13: note: not vectorized: not enough data-refs in basic block.

/usr/include/c++/4.8/bits/stl_vector.h:161: note: ===vect_slp_analyze_bb===

/usr/include/c++/4.8/bits/stl_vector.h:161: note: === vect_analyze_data_refs ===

/usr/include/c++/4.8/bits/stl_vector.h:161: note: get vectype with 2 units of type long unsigned int
/usr/include/c++/4.8/bits/stl_vector.h:161: note: vectype: vector(2) long unsigned int
/usr/include/c++/4.8/bits/stl_vector.h:161: note: === vect_pattern_recog ===
/usr/include/c++/4.8/bits/stl_vector.h:161: note: === vect_analyze_dependences ===
/usr/include/c++/4.8/bits/stl_vector.h:161: note: === vect_analyze_data_refs_alignment ===
/usr/include/c++/4.8/bits/stl_vector.h:161: note: vect_compute_data_ref_alignment:
/usr/include/c++/4.8/bits/stl_vector.h:161: note: misalign = 0 bytes of ref MEM[(struct _Vector_base *)&keypoints]._M_impl._M_start
/usr/include/c++/4.8/bits/stl_vector.h:161: note: === vect_analyze_data_ref_accesses ===
/usr/include/c++/4.8/bits/stl_vector.h:161: note: not consecutive access _24 = MEM[(struct _Vector_base *)&keypoints]._M_impl._M_start;

/usr/include/c++/4.8/bits/stl_vector.h:161: note: === vect_analyze_slp ===
/usr/include/c++/4.8/bits/stl_vector.h:161: note: Failed to SLP the basic block.
/usr/include/c++/4.8/bits/stl_vector.h:161: note: not vectorized: failed to find SLP opportunities in basic block.

/usr/include/c++/4.8/ext/new_allocator.h:110: note: ===vect_slp_analyze_bb===

/usr/include/c++/4.8/ext/new_allocator.h:110: note: === vect_analyze_data_refs ===

/usr/include/c++/4.8/ext/new_allocator.h:110: note: not vectorized: not enough data-refs in basic block.

/home/tuofeichen/SLAM/MAV-Project/catkin_ws/src/rgbd_slam/src/VisualOdometry.cpp:13: note: ===vect_slp_analyze_bb===

/home/tuofeichen/SLAM/MAV-Project/catkin_ws/src/rgbd_slam/src/VisualOdometry.cpp:13: note: === vect_analyze_data_refs ===

/home/tuofeichen/SLAM/MAV-Project/catkin_ws/src/rgbd_slam/src/VisualOdometry.cpp:13: note: not vectorized: no vectype for stmt: keypoints ={v} {CLOBBER};
 scalar_type: struct vector
/home/tuofeichen/SLAM/MAV-Project/catkin_ws/src/rgbd_slam/src/VisualOdometry.cpp:13: note: === vect_pattern_recog ===
/home/tuofeichen/SLAM/MAV-Project/catkin_ws/src/rgbd_slam/src/VisualOdometry.cpp:13: note: === vect_analyze_dependences ===
/home/tuofeichen/SLAM/MAV-Project/catkin_ws/src/rgbd_slam/src/VisualOdometry.cpp:13: note: === vect_analyze_data_refs_alignment ===
/home/tuofeichen/SLAM/MAV-Project/catkin_ws/src/rgbd_slam/src/VisualOdometry.cpp:13: note: === vect_analyze_data_ref_accesses ===
/home/tuofeichen/SLAM/MAV-Project/catkin_ws/src/rgbd_slam/src/VisualOdometry.cpp:13: note: === vect_analyze_slp ===
/home/tuofeichen/SLAM/MAV-Project/catkin_ws/src/rgbd_slam/src/VisualOdometry.cpp:13: note: Failed to SLP the basic block.
/home/tuofeichen/SLAM/MAV-Project/catkin_ws/src/rgbd_slam/src/VisualOdometry.cpp:13: note: not vectorized: failed to find SLP opportunities in basic block.

/home/tuofeichen/SLAM/MAV-Project/catkin_ws/src/rgbd_slam/src/VisualOdometry.cpp:13: note: ===vect_slp_analyze_bb===

/home/tuofeichen/SLAM/MAV-Project/catkin_ws/src/rgbd_slam/src/VisualOdometry.cpp:13: note: === vect_analyze_data_refs ===

/home/tuofeichen/SLAM/MAV-Project/catkin_ws/src/rgbd_slam/src/VisualOdometry.cpp:13: note: not vectorized: not enough data-refs in basic block.

/usr/include/c++/4.8/bits/stl_vector.h:161: note: ===vect_slp_analyze_bb===

/usr/include/c++/4.8/bits/stl_vector.h:161: note: === vect_analyze_data_refs ===

/usr/include/c++/4.8/bits/stl_vector.h:161: note: get vectype with 2 units of type long unsigned int
/usr/include/c++/4.8/bits/stl_vector.h:161: note: vectype: vector(2) long unsigned int
/usr/include/c++/4.8/bits/stl_vector.h:161: note: === vect_pattern_recog ===
/usr/include/c++/4.8/bits/stl_vector.h:161: note: === vect_analyze_dependences ===
/usr/include/c++/4.8/bits/stl_vector.h:161: note: === vect_analyze_data_refs_alignment ===
/usr/include/c++/4.8/bits/stl_vector.h:161: note: vect_compute_data_ref_alignment:
/usr/include/c++/4.8/bits/stl_vector.h:161: note: misalign = 0 bytes of ref MEM[(struct _Vector_base *)&keypoints]._M_impl._M_start
/usr/include/c++/4.8/bits/stl_vector.h:161: note: === vect_analyze_data_ref_accesses ===
/usr/include/c++/4.8/bits/stl_vector.h:161: note: not consecutive access _25 = MEM[(struct _Vector_base *)&keypoints]._M_impl._M_start;

/usr/include/c++/4.8/bits/stl_vector.h:161: note: === vect_analyze_slp ===
/usr/include/c++/4.8/bits/stl_vector.h:161: note: Failed to SLP the basic block.
/usr/include/c++/4.8/bits/stl_vector.h:161: note: not vectorized: failed to find SLP opportunities in basic block.

/usr/include/c++/4.8/ext/new_allocator.h:110: note: ===vect_slp_analyze_bb===

/usr/include/c++/4.8/ext/new_allocator.h:110: note: === vect_analyze_data_refs ===

/usr/include/c++/4.8/ext/new_allocator.h:110: note: not vectorized: not enough data-refs in basic block.

/home/tuofeichen/SLAM/MAV-Project/catkin_ws/src/rgbd_slam/src/VisualOdometry.cpp:13: note: ===vect_slp_analyze_bb===

/home/tuofeichen/SLAM/MAV-Project/catkin_ws/src/rgbd_slam/src/VisualOdometry.cpp:13: note: === vect_analyze_data_refs ===

/home/tuofeichen/SLAM/MAV-Project/catkin_ws/src/rgbd_slam/src/VisualOdometry.cpp:13: note: not vectorized: not enough data-refs in basic block.

/home/tuofeichen/SLAM/MAV-Project/catkin_ws/src/rgbd_slam/src/VisualOdometry.cpp:35: note: ===vect_slp_analyze_bb===

/home/tuofeichen/SLAM/MAV-Project/catkin_ws/src/rgbd_slam/src/VisualOdometry.cpp:35: note: === vect_analyze_data_refs ===

/home/tuofeichen/SLAM/MAV-Project/catkin_ws/src/rgbd_slam/src/VisualOdometry.cpp:35: note: get vectype with 4 units of type const float
/home/tuofeichen/SLAM/MAV-Project/catkin_ws/src/rgbd_slam/src/VisualOdometry.cpp:35: note: vectype: const vector(4) float
/home/tuofeichen/SLAM/MAV-Project/catkin_ws/src/rgbd_slam/src/VisualOdometry.cpp:35: note: get vectype with 4 units of type const float
/home/tuofeichen/SLAM/MAV-Project/catkin_ws/src/rgbd_slam/src/VisualOdometry.cpp:35: note: vectype: const vector(4) float
/home/tuofeichen/SLAM/MAV-Project/catkin_ws/src/rgbd_slam/src/VisualOdometry.cpp:35: note: get vectype with 4 units of type const float
/home/tuofeichen/SLAM/MAV-Project/catkin_ws/src/rgbd_slam/src/VisualOdometry.cpp:35: note: vectype: const vector(4) float
/home/tuofeichen/SLAM/MAV-Project/catkin_ws/src/rgbd_slam/src/VisualOdometry.cpp:35: note: get vectype with 4 units of type const float
/home/tuofeichen/SLAM/MAV-Project/catkin_ws/src/rgbd_slam/src/VisualOdometry.cpp:35: note: vectype: const vector(4) float
/home/tuofeichen/SLAM/MAV-Project/catkin_ws/src/rgbd_slam/src/VisualOdometry.cpp:35: note: get vectype with 4 units of type const float
/home/tuofeichen/SLAM/MAV-Project/catkin_ws/src/rgbd_slam/src/VisualOdometry.cpp:35: note: vectype: const vector(4) float
/home/tuofeichen/SLAM/MAV-Project/catkin_ws/src/rgbd_slam/src/VisualOdometry.cpp:35: note: get vectype with 2 units of type const double
/home/tuofeichen/SLAM/MAV-Project/catkin_ws/src/rgbd_slam/src/VisualOdometry.cpp:35: note: vectype: const vector(2) double
/home/tuofeichen/SLAM/MAV-Project/catkin_ws/src/rgbd_slam/src/VisualOdometry.cpp:35: note: get vectype with 2 units of type const double
/home/tuofeichen/SLAM/MAV-Project/catkin_ws/src/rgbd_slam/src/VisualOdometry.cpp:35: note: vectype: const vector(2) double
/home/tuofeichen/SLAM/MAV-Project/catkin_ws/src/rgbd_slam/src/VisualOdometry.cpp:35: note: === vect_pattern_recog ===
/home/tuofeichen/SLAM/MAV-Project/catkin_ws/src/rgbd_slam/src/VisualOdometry.cpp:35: note: vect_is_simple_use: operand _8
/home/tuofeichen/SLAM/MAV-Project/catkin_ws/src/rgbd_slam/src/VisualOdometry.cpp:35: note: def_stmt: _8 = MEM[(const float &)tm_3(D) + 24];

/home/tuofeichen/SLAM/MAV-Project/catkin_ws/src/rgbd_slam/src/VisualOdometry.cpp:35: note: type of def: 3.
/home/tuofeichen/SLAM/MAV-Project/catkin_ws/src/rgbd_slam/src/VisualOdometry.cpp:35: note: vect_is_simple_use: operand _5
/home/tuofeichen/SLAM/MAV-Project/catkin_ws/src/rgbd_slam/src/VisualOdometry.cpp:35: note: def_stmt: _5 = MEM[(const float &)tm_3(D) + 40];

/home/tuofeichen/SLAM/MAV-Project/catkin_ws/src/rgbd_slam/src/VisualOdometry.cpp:35: note: type of def: 3.
/home/tuofeichen/SLAM/MAV-Project/catkin_ws/src/rgbd_slam/src/VisualOdometry.cpp:35: note: === vect_analyze_dependences ===
/home/tuofeichen/SLAM/MAV-Project/catkin_ws/src/rgbd_slam/src/VisualOdometry.cpp:35: note: Detected interleaving MEM[(const float &)tm_3(D) + 40] and MEM[(const float &)tm_3(D) + 24]
/home/tuofeichen/SLAM/MAV-Project/catkin_ws/src/rgbd_slam/src/VisualOdometry.cpp:35: note: Detected interleaving MEM[(const float &)tm_3(D) + 40] and MEM[(const float &)tm_3(D) + 8]
/home/tuofeichen/SLAM/MAV-Project/catkin_ws/src/rgbd_slam/src/VisualOdometry.cpp:35: note: Detected interleaving MEM[(const float &)tm_3(D) + 40] and MEM[(const float &)tm_3(D)]
/home/tuofeichen/SLAM/MAV-Project/catkin_ws/src/rgbd_slam/src/VisualOdometry.cpp:35: note: Detected interleaving MEM[(const float &)tm_3(D) + 40] and MEM[(const float &)tm_3(D) + 4]
/home/tuofeichen/SLAM/MAV-Project/catkin_ws/src/rgbd_slam/src/VisualOdometry.cpp:35: note: Detected interleaving MEM[(const float &)tm_3(D) + 24] and MEM[(const float &)tm_3(D) + 8]
/home/tuofeichen/SLAM/MAV-Project/catkin_ws/src/rgbd_slam/src/VisualOdometry.cpp:35: note: Detected interleaving MEM[(const float &)tm_3(D) + 24] and MEM[(const float &)tm_3(D)]
/home/tuofeichen/SLAM/MAV-Project/catkin_ws/src/rgbd_slam/src/VisualOdometry.cpp:35: note: Detected interleaving MEM[(const float &)tm_3(D) + 24] and MEM[(const float &)tm_3(D) + 4]
/home/tuofeichen/SLAM/MAV-Project/catkin_ws/src/rgbd_slam/src/VisualOdometry.cpp:35: note: Detected interleaving MEM[(const float &)tm_3(D) + 8] and MEM[(const float &)tm_3(D)]
/home/tuofeichen/SLAM/MAV-Project/catkin_ws/src/rgbd_slam/src/VisualOdometry.cpp:35: note: Detected interleaving MEM[(const float &)tm_3(D) + 8] and MEM[(const float &)tm_3(D) + 4]
/home/tuofeichen/SLAM/MAV-Project/catkin_ws/src/rgbd_slam/src/VisualOdometry.cpp:35: note: Detected interleaving MEM[(const float &)tm_3(D)] and MEM[(const float &)tm_3(D) + 4]
/home/tuofeichen/SLAM/MAV-Project/catkin_ws/src/rgbd_slam/src/VisualOdometry.cpp:35: note: === vect_analyze_data_refs_alignment ===
/home/tuofeichen/SLAM/MAV-Project/catkin_ws/src/rgbd_slam/src/VisualOdometry.cpp:35: note: vect_compute_data_ref_alignment:
/home/tuofeichen/SLAM/MAV-Project/catkin_ws/src/rgbd_slam/src/VisualOdometry.cpp:35: note: misalign = 8 bytes of ref MEM[(const float &)tm_3(D) + 40]
/home/tuofeichen/SLAM/MAV-Project/catkin_ws/src/rgbd_slam/src/VisualOdometry.cpp:35: note: vect_compute_data_ref_alignment:
/home/tuofeichen/SLAM/MAV-Project/catkin_ws/src/rgbd_slam/src/VisualOdometry.cpp:35: note: misalign = 8 bytes of ref MEM[(const float &)tm_3(D) + 24]
/home/tuofeichen/SLAM/MAV-Project/catkin_ws/src/rgbd_slam/src/VisualOdometry.cpp:35: note: vect_compute_data_ref_alignment:
/home/tuofeichen/SLAM/MAV-Project/catkin_ws/src/rgbd_slam/src/VisualOdometry.cpp:35: note: misalign = 8 bytes of ref MEM[(const float &)tm_3(D) + 8]
/home/tuofeichen/SLAM/MAV-Project/catkin_ws/src/rgbd_slam/src/VisualOdometry.cpp:35: note: vect_compute_data_ref_alignment:
/home/tuofeichen/SLAM/MAV-Project/catkin_ws/src/rgbd_slam/src/VisualOdometry.cpp:35: note: misalign = 0 bytes of ref MEM[(const float &)tm_3(D)]
/home/tuofeichen/SLAM/MAV-Project/catkin_ws/src/rgbd_slam/src/VisualOdometry.cpp:35: note: vect_compute_data_ref_alignment:
/home/tuofeichen/SLAM/MAV-Project/catkin_ws/src/rgbd_slam/src/VisualOdometry.cpp:35: note: misalign = 4 bytes of ref MEM[(const float &)tm_3(D) + 4]
/home/tuofeichen/SLAM/MAV-Project/catkin_ws/src/rgbd_slam/src/VisualOdometry.cpp:35: note: vect_compute_data_ref_alignment:
/home/tuofeichen/SLAM/MAV-Project/catkin_ws/src/rgbd_slam/src/VisualOdometry.cpp:35: note: force alignment of D.147325
/home/tuofeichen/SLAM/MAV-Project/catkin_ws/src/rgbd_slam/src/VisualOdometry.cpp:35: note: misalign = 0 bytes of ref D.147325
/home/tuofeichen/SLAM/MAV-Project/catkin_ws/src/rgbd_slam/src/VisualOdometry.cpp:35: note: vect_compute_data_ref_alignment:
/home/tuofeichen/SLAM/MAV-Project/catkin_ws/src/rgbd_slam/src/VisualOdometry.cpp:35: note: force alignment of D.147324
/home/tuofeichen/SLAM/MAV-Project/catkin_ws/src/rgbd_slam/src/VisualOdometry.cpp:35: note: misalign = 0 bytes of ref D.147324
/home/tuofeichen/SLAM/MAV-Project/catkin_ws/src/rgbd_slam/src/VisualOdometry.cpp:35: note: === vect_analyze_data_ref_accesses ===
/home/tuofeichen/SLAM/MAV-Project/catkin_ws/src/rgbd_slam/src/VisualOdometry.cpp:35: note: Detected interleaving of size 5
/home/tuofeichen/SLAM/MAV-Project/catkin_ws/src/rgbd_slam/src/VisualOdometry.cpp:35: note: not consecutive access D.147325 = _32;

/home/tuofeichen/SLAM/MAV-Project/catkin_ws/src/rgbd_slam/src/VisualOdometry.cpp:35: note: not consecutive access D.147324 = _35;

/home/tuofeichen/SLAM/MAV-Project/catkin_ws/src/rgbd_slam/src/VisualOdometry.cpp:35: note: === vect_analyze_slp ===
/home/tuofeichen/SLAM/MAV-Project/catkin_ws/src/rgbd_slam/src/VisualOdometry.cpp:35: note: Failed to SLP the basic block.
/home/tuofeichen/SLAM/MAV-Project/catkin_ws/src/rgbd_slam/src/VisualOdometry.cpp:35: note: not vectorized: failed to find SLP opportunities in basic block.

/home/tuofeichen/SLAM/MAV-Project/catkin_ws/src/rgbd_slam/src/VisualOdometry.cpp:32: note: ===vect_slp_analyze_bb===

/home/tuofeichen/SLAM/MAV-Project/catkin_ws/src/rgbd_slam/src/VisualOdometry.cpp:32: note: === vect_analyze_data_refs ===

/home/tuofeichen/SLAM/MAV-Project/catkin_ws/src/rgbd_slam/src/VisualOdometry.cpp:32: note: not vectorized: not enough data-refs in basic block.

/home/tuofeichen/SLAM/MAV-Project/catkin_ws/src/rgbd_slam/src/VisualOdometry.cpp:39: note: ===vect_slp_analyze_bb===

/home/tuofeichen/SLAM/MAV-Project/catkin_ws/src/rgbd_slam/src/VisualOdometry.cpp:39: note: === vect_analyze_data_refs ===

/home/tuofeichen/SLAM/MAV-Project/catkin_ws/src/rgbd_slam/src/VisualOdometry.cpp:39: note: get vectype with 2 units of type const double
/home/tuofeichen/SLAM/MAV-Project/catkin_ws/src/rgbd_slam/src/VisualOdometry.cpp:39: note: vectype: const vector(2) double
/home/tuofeichen/SLAM/MAV-Project/catkin_ws/src/rgbd_slam/src/VisualOdometry.cpp:39: note: === vect_pattern_recog ===
/home/tuofeichen/SLAM/MAV-Project/catkin_ws/src/rgbd_slam/src/VisualOdometry.cpp:39: note: === vect_analyze_dependences ===
/home/tuofeichen/SLAM/MAV-Project/catkin_ws/src/rgbd_slam/src/VisualOdometry.cpp:39: note: === vect_analyze_data_refs_alignment ===
/home/tuofeichen/SLAM/MAV-Project/catkin_ws/src/rgbd_slam/src/VisualOdometry.cpp:39: note: vect_compute_data_ref_alignment:
/home/tuofeichen/SLAM/MAV-Project/catkin_ws/src/rgbd_slam/src/VisualOdometry.cpp:39: note: force alignment of D.147326
/home/tuofeichen/SLAM/MAV-Project/catkin_ws/src/rgbd_slam/src/VisualOdometry.cpp:39: note: misalign = 0 bytes of ref D.147326
/home/tuofeichen/SLAM/MAV-Project/catkin_ws/src/rgbd_slam/src/VisualOdometry.cpp:39: note: === vect_analyze_data_ref_accesses ===
/home/tuofeichen/SLAM/MAV-Project/catkin_ws/src/rgbd_slam/src/VisualOdometry.cpp:39: note: not consecutive access D.147326 = _38;

/home/tuofeichen/SLAM/MAV-Project/catkin_ws/src/rgbd_slam/src/VisualOdometry.cpp:39: note: === vect_analyze_slp ===
/home/tuofeichen/SLAM/MAV-Project/catkin_ws/src/rgbd_slam/src/VisualOdometry.cpp:39: note: Failed to SLP the basic block.
/home/tuofeichen/SLAM/MAV-Project/catkin_ws/src/rgbd_slam/src/VisualOdometry.cpp:39: note: not vectorized: failed to find SLP opportunities in basic block.

/home/tuofeichen/SLAM/MAV-Project/catkin_ws/src/rgbd_slam/src/VisualOdometry.cpp:32: note: ===vect_slp_analyze_bb===

/home/tuofeichen/SLAM/MAV-Project/catkin_ws/src/rgbd_slam/src/VisualOdometry.cpp:32: note: === vect_analyze_data_refs ===

/home/tuofeichen/SLAM/MAV-Project/catkin_ws/src/rgbd_slam/src/VisualOdometry.cpp:32: note: not vectorized: not enough data-refs in basic block.

/home/tuofeichen/SLAM/MAV-Project/catkin_ws/src/rgbd_slam/src/VisualOdometry.cpp:39: note: ===vect_slp_analyze_bb===

/home/tuofeichen/SLAM/MAV-Project/catkin_ws/src/rgbd_slam/src/VisualOdometry.cpp:39: note: === vect_analyze_data_refs ===

/home/tuofeichen/SLAM/MAV-Project/catkin_ws/src/rgbd_slam/src/VisualOdometry.cpp:39: note: get vectype with 2 units of type const double
/home/tuofeichen/SLAM/MAV-Project/catkin_ws/src/rgbd_slam/src/VisualOdometry.cpp:39: note: vectype: const vector(2) double
/home/tuofeichen/SLAM/MAV-Project/catkin_ws/src/rgbd_slam/src/VisualOdometry.cpp:39: note: get vectype with 2 units of type const double
/home/tuofeichen/SLAM/MAV-Project/catkin_ws/src/rgbd_slam/src/VisualOdometry.cpp:39: note: vectype: const vector(2) double
/home/tuofeichen/SLAM/MAV-Project/catkin_ws/src/rgbd_slam/src/VisualOdometry.cpp:39: note: get vectype with 2 units of type const double
/home/tuofeichen/SLAM/MAV-Project/catkin_ws/src/rgbd_slam/src/VisualOdometry.cpp:39: note: vectype: const vector(2) double
/home/tuofeichen/SLAM/MAV-Project/catkin_ws/src/rgbd_slam/src/VisualOdometry.cpp:39: note: get vectype with 4 units of type const float
/home/tuofeichen/SLAM/MAV-Project/catkin_ws/src/rgbd_slam/src/VisualOdometry.cpp:39: note: vectype: const vector(4) float
/home/tuofeichen/SLAM/MAV-Project/catkin_ws/src/rgbd_slam/src/VisualOdometry.cpp:39: note: get vectype with 4 units of type const float
/home/tuofeichen/SLAM/MAV-Project/catkin_ws/src/rgbd_slam/src/VisualOdometry.cpp:39: note: vectype: const vector(4) float
/home/tuofeichen/SLAM/MAV-Project/catkin_ws/src/rgbd_slam/src/VisualOdometry.cpp:39: note: get vectype with 4 units of type const float
/home/tuofeichen/SLAM/MAV-Project/catkin_ws/src/rgbd_slam/src/VisualOdometry.cpp:39: note: vectype: const vector(4) float
/home/tuofeichen/SLAM/MAV-Project/catkin_ws/src/rgbd_slam/src/VisualOdometry.cpp:39: note: not vectorized: no vectype for stmt: D.169465 ={v} {CLOBBER};
 scalar_type: const struct CwiseUnaryOp
/home/tuofeichen/SLAM/MAV-Project/catkin_ws/src/rgbd_slam/src/VisualOdometry.cpp:39: note: === vect_pattern_recog ===
/home/tuofeichen/SLAM/MAV-Project/catkin_ws/src/rgbd_slam/src/VisualOdometry.cpp:39: note: vect_is_simple_use: operand _106
/home/tuofeichen/SLAM/MAV-Project/catkin_ws/src/rgbd_slam/src/VisualOdometry.cpp:39: note: def_stmt: _106 = MEM[(const float &)tm_3(D) + 56];

/home/tuofeichen/SLAM/MAV-Project/catkin_ws/src/rgbd_slam/src/VisualOdometry.cpp:39: note: type of def: 3.
/home/tuofeichen/SLAM/MAV-Project/catkin_ws/src/rgbd_slam/src/VisualOdometry.cpp:39: note: vect_is_simple_use: operand _108
/home/tuofeichen/SLAM/MAV-Project/catkin_ws/src/rgbd_slam/src/VisualOdometry.cpp:39: note: def_stmt: _108 = MEM[(const float &)tm_3(D) + 52];

/home/tuofeichen/SLAM/MAV-Project/catkin_ws/src/rgbd_slam/src/VisualOdometry.cpp:39: note: type of def: 3.
/home/tuofeichen/SLAM/MAV-Project/catkin_ws/src/rgbd_slam/src/VisualOdometry.cpp:39: note: vect_is_simple_use: operand _111
/home/tuofeichen/SLAM/MAV-Project/catkin_ws/src/rgbd_slam/src/VisualOdometry.cpp:39: note: def_stmt: _111 = MEM[(const float &)tm_3(D) + 48];

/home/tuofeichen/SLAM/MAV-Project/catkin_ws/src/rgbd_slam/src/VisualOdometry.cpp:39: note: type of def: 3.
/home/tuofeichen/SLAM/MAV-Project/catkin_ws/src/rgbd_slam/src/VisualOdometry.cpp:39: note: === vect_analyze_dependences ===
/home/tuofeichen/SLAM/MAV-Project/catkin_ws/src/rgbd_slam/src/VisualOdometry.cpp:39: note: Detected interleaving MEM[(const float &)tm_3(D) + 56] and MEM[(const float &)tm_3(D) + 52]
/home/tuofeichen/SLAM/MAV-Project/catkin_ws/src/rgbd_slam/src/VisualOdometry.cpp:39: note: Detected interleaving MEM[(const float &)tm_3(D) + 56] and MEM[(const float &)tm_3(D) + 48]
/home/tuofeichen/SLAM/MAV-Project/catkin_ws/src/rgbd_slam/src/VisualOdometry.cpp:39: note: Detected interleaving MEM[(const float &)tm_3(D) + 52] and MEM[(const float &)tm_3(D) + 48]
/home/tuofeichen/SLAM/MAV-Project/catkin_ws/src/rgbd_slam/src/VisualOdometry.cpp:39: note: === vect_analyze_data_refs_alignment ===
/home/tuofeichen/SLAM/MAV-Project/catkin_ws/src/rgbd_slam/src/VisualOdometry.cpp:39: note: vect_compute_data_ref_alignment:
/home/tuofeichen/SLAM/MAV-Project/catkin_ws/src/rgbd_slam/src/VisualOdometry.cpp:39: note: misalign = 0 bytes of ref D.147326
/home/tuofeichen/SLAM/MAV-Project/catkin_ws/src/rgbd_slam/src/VisualOdometry.cpp:39: note: vect_compute_data_ref_alignment:
/home/tuofeichen/SLAM/MAV-Project/catkin_ws/src/rgbd_slam/src/VisualOdometry.cpp:39: note: misalign = 0 bytes of ref D.147324
/home/tuofeichen/SLAM/MAV-Project/catkin_ws/src/rgbd_slam/src/VisualOdometry.cpp:39: note: vect_compute_data_ref_alignment:
/home/tuofeichen/SLAM/MAV-Project/catkin_ws/src/rgbd_slam/src/VisualOdometry.cpp:39: note: misalign = 0 bytes of ref D.147325
/home/tuofeichen/SLAM/MAV-Project/catkin_ws/src/rgbd_slam/src/VisualOdometry.cpp:39: note: vect_compute_data_ref_alignment:
/home/tuofeichen/SLAM/MAV-Project/catkin_ws/src/rgbd_slam/src/VisualOdometry.cpp:39: note: misalign = 8 bytes of ref MEM[(const float &)tm_3(D) + 56]
/home/tuofeichen/SLAM/MAV-Project/catkin_ws/src/rgbd_slam/src/VisualOdometry.cpp:39: note: vect_compute_data_ref_alignment:
/home/tuofeichen/SLAM/MAV-Project/catkin_ws/src/rgbd_slam/src/VisualOdometry.cpp:39: note: misalign = 4 bytes of ref MEM[(const float &)tm_3(D) + 52]
/home/tuofeichen/SLAM/MAV-Project/catkin_ws/src/rgbd_slam/src/VisualOdometry.cpp:39: note: vect_compute_data_ref_alignment:
/home/tuofeichen/SLAM/MAV-Project/catkin_ws/src/rgbd_slam/src/VisualOdometry.cpp:39: note: misalign = 0 bytes of ref MEM[(const float &)tm_3(D) + 48]
/home/tuofeichen/SLAM/MAV-Project/catkin_ws/src/rgbd_slam/src/VisualOdometry.cpp:39: note: === vect_analyze_data_ref_accesses ===
/home/tuofeichen/SLAM/MAV-Project/catkin_ws/src/rgbd_slam/src/VisualOdometry.cpp:39: note: not consecutive access D.147326 ={v} {CLOBBER};

/home/tuofeichen/SLAM/MAV-Project/catkin_ws/src/rgbd_slam/src/VisualOdometry.cpp:39: note: not consecutive access D.147324 ={v} {CLOBBER};

/home/tuofeichen/SLAM/MAV-Project/catkin_ws/src/rgbd_slam/src/VisualOdometry.cpp:39: note: not consecutive access D.147325 ={v} {CLOBBER};

/home/tuofeichen/SLAM/MAV-Project/catkin_ws/src/rgbd_slam/src/VisualOdometry.cpp:39: note: Detected interleaving of size 3
/home/tuofeichen/SLAM/MAV-Project/catkin_ws/src/rgbd_slam/src/VisualOdometry.cpp:39: note: === vect_analyze_slp ===
/home/tuofeichen/SLAM/MAV-Project/catkin_ws/src/rgbd_slam/src/VisualOdometry.cpp:39: note: Failed to SLP the basic block.
/home/tuofeichen/SLAM/MAV-Project/catkin_ws/src/rgbd_slam/src/VisualOdometry.cpp:39: note: not vectorized: failed to find SLP opportunities in basic block.

/home/tuofeichen/SLAM/MAV-Project/catkin_ws/src/rgbd_slam/src/VisualOdometry.cpp:39: note: ===vect_slp_analyze_bb===

/home/tuofeichen/SLAM/MAV-Project/catkin_ws/src/rgbd_slam/src/VisualOdometry.cpp:39: note: === vect_analyze_data_refs ===

/home/tuofeichen/SLAM/MAV-Project/catkin_ws/src/rgbd_slam/src/VisualOdometry.cpp:39: note: not vectorized: not enough data-refs in basic block.

/home/tuofeichen/SLAM/MAV-Project/catkin_ws/src/rgbd_slam/src/VisualOdometry.cpp:45: note: ===vect_slp_analyze_bb===

/home/tuofeichen/SLAM/MAV-Project/catkin_ws/src/rgbd_slam/src/VisualOdometry.cpp:45: note: === vect_analyze_data_refs ===

/home/tuofeichen/SLAM/MAV-Project/catkin_ws/src/rgbd_slam/src/VisualOdometry.cpp:45: note: not vectorized: not enough data-refs in basic block.

/home/tuofeichen/SLAM/MAV-Project/catkin_ws/src/rgbd_slam/src/VisualOdometry.cpp:32: note: ===vect_slp_analyze_bb===

/home/tuofeichen/SLAM/MAV-Project/catkin_ws/src/rgbd_slam/src/VisualOdometry.cpp:32: note: === vect_analyze_data_refs ===

/home/tuofeichen/SLAM/MAV-Project/catkin_ws/src/rgbd_slam/src/VisualOdometry.cpp:32: note: not vectorized: not enough data-refs in basic block.

/home/tuofeichen/SLAM/MAV-Project/catkin_ws/src/rgbd_slam/src/VisualOdometry.cpp:32: note: ===vect_slp_analyze_bb===

/home/tuofeichen/SLAM/MAV-Project/catkin_ws/src/rgbd_slam/src/VisualOdometry.cpp:32: note: === vect_analyze_data_refs ===

/home/tuofeichen/SLAM/MAV-Project/catkin_ws/src/rgbd_slam/src/VisualOdometry.cpp:32: note: not vectorized: not enough data-refs in basic block.

/home/tuofeichen/SLAM/MAV-Project/catkin_ws/src/rgbd_slam/src/VisualOdometry.cpp:52: note: vectorized 0 loops in function.

/home/tuofeichen/SLAM/MAV-Project/catkin_ws/src/rgbd_slam/src/VisualOdometry.cpp:55: note: ===vect_slp_analyze_bb===

/home/tuofeichen/SLAM/MAV-Project/catkin_ws/src/rgbd_slam/src/VisualOdometry.cpp:55: note: === vect_analyze_data_refs ===

/home/tuofeichen/SLAM/MAV-Project/catkin_ws/src/rgbd_slam/src/VisualOdometry.cpp:55: note: get vectype with 16 units of type unsigned char
/home/tuofeichen/SLAM/MAV-Project/catkin_ws/src/rgbd_slam/src/VisualOdometry.cpp:55: note: vectype: vector(16) unsigned char
/home/tuofeichen/SLAM/MAV-Project/catkin_ws/src/rgbd_slam/src/VisualOdometry.cpp:55: note: get vectype with 2 units of type long unsigned int
/home/tuofeichen/SLAM/MAV-Project/catkin_ws/src/rgbd_slam/src/VisualOdometry.cpp:55: note: vectype: vector(2) long unsigned int
/home/tuofeichen/SLAM/MAV-Project/catkin_ws/src/rgbd_slam/src/VisualOdometry.cpp:55: note: get vectype with 2 units of type long unsigned int
/home/tuofeichen/SLAM/MAV-Project/catkin_ws/src/rgbd_slam/src/VisualOdometry.cpp:55: note: vectype: vector(2) long unsigned int
/home/tuofeichen/SLAM/MAV-Project/catkin_ws/src/rgbd_slam/src/VisualOdometry.cpp:55: note: get vectype with 2 units of type long unsigned int
/home/tuofeichen/SLAM/MAV-Project/catkin_ws/src/rgbd_slam/src/VisualOdometry.cpp:55: note: vectype: vector(2) long unsigned int
/home/tuofeichen/SLAM/MAV-Project/catkin_ws/src/rgbd_slam/src/VisualOdometry.cpp:55: note: === vect_pattern_recog ===
/home/tuofeichen/SLAM/MAV-Project/catkin_ws/src/rgbd_slam/src/VisualOdometry.cpp:55: note: === vect_analyze_dependences ===
/home/tuofeichen/SLAM/MAV-Project/catkin_ws/src/rgbd_slam/src/VisualOdometry.cpp:55: note: can't determine dependence between *valid_5(D) and MEM[(struct _Vector_impl *)srcMatches_7(D)]._M_start
/home/tuofeichen/SLAM/MAV-Project/catkin_ws/src/rgbd_slam/src/VisualOdometry.cpp:55: note: not vectorized: unhandled data dependence in basic block.

/usr/include/c++/4.8/bits/stl_vector.h:181: note: ===vect_slp_analyze_bb===

/usr/include/c++/4.8/bits/stl_vector.h:181: note: === vect_analyze_data_refs ===

/usr/include/c++/4.8/bits/stl_vector.h:181: note: get vectype with 2 units of type long unsigned int
/usr/include/c++/4.8/bits/stl_vector.h:181: note: vectype: vector(2) long unsigned int
/usr/include/c++/4.8/bits/stl_vector.h:181: note: get vectype with 2 units of type long unsigned int
/usr/include/c++/4.8/bits/stl_vector.h:181: note: vectype: vector(2) long unsigned int
/usr/include/c++/4.8/bits/stl_vector.h:181: note: === vect_pattern_recog ===
/usr/include/c++/4.8/bits/stl_vector.h:181: note: === vect_analyze_dependences ===
/usr/include/c++/4.8/bits/stl_vector.h:181: note: Detected interleaving MEM[(struct _Vector_base *)&targetMatches]._M_impl._M_start and MEM[(struct _Vector_base *)&targetMatches]._M_impl._M_end_of_storage
/usr/include/c++/4.8/bits/stl_vector.h:181: note: === vect_analyze_data_refs_alignment ===
/usr/include/c++/4.8/bits/stl_vector.h:181: note: vect_compute_data_ref_alignment:
/usr/include/c++/4.8/bits/stl_vector.h:181: note: misalign = 0 bytes of ref MEM[(struct _Vector_base *)&targetMatches]._M_impl._M_start
/usr/include/c++/4.8/bits/stl_vector.h:181: note: vect_compute_data_ref_alignment:
/usr/include/c++/4.8/bits/stl_vector.h:181: note: misalign = 0 bytes of ref MEM[(struct _Vector_base *)&targetMatches]._M_impl._M_end_of_storage
/usr/include/c++/4.8/bits/stl_vector.h:181: note: === vect_analyze_data_ref_accesses ===
/usr/include/c++/4.8/bits/stl_vector.h:181: note: interleaved store with gaps
/usr/include/c++/4.8/bits/stl_vector.h:181: note: not vectorized: complicated access pattern.
/usr/include/c++/4.8/bits/stl_vector.h:181: note: === vect_analyze_slp ===
/usr/include/c++/4.8/bits/stl_vector.h:181: note: Failed to SLP the basic block.
/usr/include/c++/4.8/bits/stl_vector.h:181: note: not vectorized: failed to find SLP opportunities in basic block.

/home/tuofeichen/SLAM/MAV-Project/catkin_ws/src/rgbd_slam/src/VisualOdometry.cpp:53: note: ===vect_slp_analyze_bb===

/home/tuofeichen/SLAM/MAV-Project/catkin_ws/src/rgbd_slam/src/VisualOdometry.cpp:53: note: === vect_analyze_data_refs ===

/home/tuofeichen/SLAM/MAV-Project/catkin_ws/src/rgbd_slam/src/VisualOdometry.cpp:53: note: get vectype with 2 units of type long unsigned int
/home/tuofeichen/SLAM/MAV-Project/catkin_ws/src/rgbd_slam/src/VisualOdometry.cpp:53: note: vectype: vector(2) long unsigned int
/home/tuofeichen/SLAM/MAV-Project/catkin_ws/src/rgbd_slam/src/VisualOdometry.cpp:53: note: get vectype with 2 units of type long unsigned int
/home/tuofeichen/SLAM/MAV-Project/catkin_ws/src/rgbd_slam/src/VisualOdometry.cpp:53: note: vectype: vector(2) long unsigned int
/home/tuofeichen/SLAM/MAV-Project/catkin_ws/src/rgbd_slam/src/VisualOdometry.cpp:53: note: === vect_pattern_recog ===
/home/tuofeichen/SLAM/MAV-Project/catkin_ws/src/rgbd_slam/src/VisualOdometry.cpp:53: note: === vect_analyze_dependences ===
/home/tuofeichen/SLAM/MAV-Project/catkin_ws/src/rgbd_slam/src/VisualOdometry.cpp:53: note: Detected interleaving MEM[(const struct vector *)srcMatches_7(D)] and MEM[(const struct vector *)srcMatches_7(D) + 8B]
/home/tuofeichen/SLAM/MAV-Project/catkin_ws/src/rgbd_slam/src/VisualOdometry.cpp:53: note: === vect_analyze_data_refs_alignment ===
/home/tuofeichen/SLAM/MAV-Project/catkin_ws/src/rgbd_slam/src/VisualOdometry.cpp:53: note: vect_compute_data_ref_alignment:
/home/tuofeichen/SLAM/MAV-Project/catkin_ws/src/rgbd_slam/src/VisualOdometry.cpp:53: note: can't force alignment of ref: MEM[(const struct vector *)srcMatches_7(D)]
/home/tuofeichen/SLAM/MAV-Project/catkin_ws/src/rgbd_slam/src/VisualOdometry.cpp:53: note: vect_compute_data_ref_alignment:
/home/tuofeichen/SLAM/MAV-Project/catkin_ws/src/rgbd_slam/src/VisualOdometry.cpp:53: note: can't force alignment of ref: MEM[(const struct vector *)srcMatches_7(D) + 8B]
/home/tuofeichen/SLAM/MAV-Project/catkin_ws/src/rgbd_slam/src/VisualOdometry.cpp:53: note: === vect_analyze_data_ref_accesses ===
/home/tuofeichen/SLAM/MAV-Project/catkin_ws/src/rgbd_slam/src/VisualOdometry.cpp:53: note: Detected interleaving of size 2
/home/tuofeichen/SLAM/MAV-Project/catkin_ws/src/rgbd_slam/src/VisualOdometry.cpp:53: note: === vect_analyze_slp ===
/home/tuofeichen/SLAM/MAV-Project/catkin_ws/src/rgbd_slam/src/VisualOdometry.cpp:53: note: Failed to SLP the basic block.
/home/tuofeichen/SLAM/MAV-Project/catkin_ws/src/rgbd_slam/src/VisualOdometry.cpp:53: note: not vectorized: failed to find SLP opportunities in basic block.

/home/tuofeichen/SLAM/MAV-Project/catkin_ws/src/rgbd_slam/src/VisualOdometry.cpp:72: note: ===vect_slp_analyze_bb===

/home/tuofeichen/SLAM/MAV-Project/catkin_ws/src/rgbd_slam/src/VisualOdometry.cpp:72: note: === vect_analyze_data_refs ===

/home/tuofeichen/SLAM/MAV-Project/catkin_ws/src/rgbd_slam/src/VisualOdometry.cpp:72: note: not vectorized: not enough data-refs in basic block.

/home/tuofeichen/SLAM/MAV-Project/catkin_ws/src/rgbd_slam/src/VisualOdometry.cpp:52: note: ===vect_slp_analyze_bb===

/home/tuofeichen/SLAM/MAV-Project/catkin_ws/src/rgbd_slam/src/VisualOdometry.cpp:52: note: === vect_analyze_data_refs ===

/home/tuofeichen/SLAM/MAV-Project/catkin_ws/src/rgbd_slam/src/VisualOdometry.cpp:52: note: not vectorized: not enough data-refs in basic block.

/home/tuofeichen/SLAM/MAV-Project/catkin_ws/src/rgbd_slam/src/VisualOdometry.cpp:72: note: ===vect_slp_analyze_bb===

/home/tuofeichen/SLAM/MAV-Project/catkin_ws/src/rgbd_slam/src/VisualOdometry.cpp:72: note: === vect_analyze_data_refs ===

/home/tuofeichen/SLAM/MAV-Project/catkin_ws/src/rgbd_slam/src/VisualOdometry.cpp:72: note: get vectype with 16 units of type unsigned char
/home/tuofeichen/SLAM/MAV-Project/catkin_ws/src/rgbd_slam/src/VisualOdometry.cpp:72: note: vectype: vector(16) unsigned char
/home/tuofeichen/SLAM/MAV-Project/catkin_ws/src/rgbd_slam/src/VisualOdometry.cpp:72: note: === vect_pattern_recog ===
/home/tuofeichen/SLAM/MAV-Project/catkin_ws/src/rgbd_slam/src/VisualOdometry.cpp:72: note: vect_is_simple_use: operand _26
/home/tuofeichen/SLAM/MAV-Project/catkin_ws/src/rgbd_slam/src/VisualOdometry.cpp:72: note: def_stmt: _26 = RANSACBasedTME::estimateTrafo (_22, srcMatches_7(D), _21, &targetMatches, tmSrcToTarget_23(D), imEstSrcToTarget_24(D));

/home/tuofeichen/SLAM/MAV-Project/catkin_ws/src/rgbd_slam/src/VisualOdometry.cpp:72: note: type of def: 2.
/home/tuofeichen/SLAM/MAV-Project/catkin_ws/src/rgbd_slam/src/VisualOdometry.cpp:72: note: === vect_analyze_dependences ===
/home/tuofeichen/SLAM/MAV-Project/catkin_ws/src/rgbd_slam/src/VisualOdometry.cpp:72: note: === vect_analyze_data_refs_alignment ===
/home/tuofeichen/SLAM/MAV-Project/catkin_ws/src/rgbd_slam/src/VisualOdometry.cpp:72: note: vect_compute_data_ref_alignment:
/home/tuofeichen/SLAM/MAV-Project/catkin_ws/src/rgbd_slam/src/VisualOdometry.cpp:72: note: can't force alignment of ref: *valid_5(D)
/home/tuofeichen/SLAM/MAV-Project/catkin_ws/src/rgbd_slam/src/VisualOdometry.cpp:72: note: === vect_analyze_data_ref_accesses ===
/home/tuofeichen/SLAM/MAV-Project/catkin_ws/src/rgbd_slam/src/VisualOdometry.cpp:72: note: not consecutive access *valid_5(D) = _26;

/home/tuofeichen/SLAM/MAV-Project/catkin_ws/src/rgbd_slam/src/VisualOdometry.cpp:72: note: === vect_analyze_slp ===
/home/tuofeichen/SLAM/MAV-Project/catkin_ws/src/rgbd_slam/src/VisualOdometry.cpp:72: note: Failed to SLP the basic block.
/home/tuofeichen/SLAM/MAV-Project/catkin_ws/src/rgbd_slam/src/VisualOdometry.cpp:72: note: not vectorized: failed to find SLP opportunities in basic block.

/usr/include/c++/4.8/bits/stl_vector.h:161: note: ===vect_slp_analyze_bb===

/usr/include/c++/4.8/bits/stl_vector.h:161: note: === vect_analyze_data_refs ===

/usr/include/c++/4.8/bits/stl_vector.h:161: note: get vectype with 2 units of type long unsigned int
/usr/include/c++/4.8/bits/stl_vector.h:161: note: vectype: vector(2) long unsigned int
/usr/include/c++/4.8/bits/stl_vector.h:161: note: === vect_pattern_recog ===
/usr/include/c++/4.8/bits/stl_vector.h:161: note: === vect_analyze_dependences ===
/usr/include/c++/4.8/bits/stl_vector.h:161: note: === vect_analyze_data_refs_alignment ===
/usr/include/c++/4.8/bits/stl_vector.h:161: note: vect_compute_data_ref_alignment:
/usr/include/c++/4.8/bits/stl_vector.h:161: note: misalign = 0 bytes of ref MEM[(struct _Vector_base *)&targetMatches]._M_impl._M_start
/usr/include/c++/4.8/bits/stl_vector.h:161: note: === vect_analyze_data_ref_accesses ===
/usr/include/c++/4.8/bits/stl_vector.h:161: note: not consecutive access _38 = MEM[(struct _Vector_base *)&targetMatches]._M_impl._M_start;

/usr/include/c++/4.8/bits/stl_vector.h:161: note: === vect_analyze_slp ===
/usr/include/c++/4.8/bits/stl_vector.h:161: note: Failed to SLP the basic block.
/usr/include/c++/4.8/bits/stl_vector.h:161: note: not vectorized: failed to find SLP opportunities in basic block.

/usr/include/c++/4.8/ext/new_allocator.h:110: note: ===vect_slp_analyze_bb===

/usr/include/c++/4.8/ext/new_allocator.h:110: note: === vect_analyze_data_refs ===

/usr/include/c++/4.8/ext/new_allocator.h:110: note: not vectorized: not enough data-refs in basic block.

/home/tuofeichen/SLAM/MAV-Project/catkin_ws/src/rgbd_slam/src/VisualOdometry.cpp:52: note: ===vect_slp_analyze_bb===

/home/tuofeichen/SLAM/MAV-Project/catkin_ws/src/rgbd_slam/src/VisualOdometry.cpp:52: note: === vect_analyze_data_refs ===

/home/tuofeichen/SLAM/MAV-Project/catkin_ws/src/rgbd_slam/src/VisualOdometry.cpp:52: note: not vectorized: no vectype for stmt: targetMatches ={v} {CLOBBER};
 scalar_type: struct vector
/home/tuofeichen/SLAM/MAV-Project/catkin_ws/src/rgbd_slam/src/VisualOdometry.cpp:52: note: === vect_pattern_recog ===
/home/tuofeichen/SLAM/MAV-Project/catkin_ws/src/rgbd_slam/src/VisualOdometry.cpp:52: note: === vect_analyze_dependences ===
/home/tuofeichen/SLAM/MAV-Project/catkin_ws/src/rgbd_slam/src/VisualOdometry.cpp:52: note: === vect_analyze_data_refs_alignment ===
/home/tuofeichen/SLAM/MAV-Project/catkin_ws/src/rgbd_slam/src/VisualOdometry.cpp:52: note: === vect_analyze_data_ref_accesses ===
/home/tuofeichen/SLAM/MAV-Project/catkin_ws/src/rgbd_slam/src/VisualOdometry.cpp:52: note: === vect_analyze_slp ===
/home/tuofeichen/SLAM/MAV-Project/catkin_ws/src/rgbd_slam/src/VisualOdometry.cpp:52: note: Failed to SLP the basic block.
/home/tuofeichen/SLAM/MAV-Project/catkin_ws/src/rgbd_slam/src/VisualOdometry.cpp:52: note: not vectorized: failed to find SLP opportunities in basic block.

/home/tuofeichen/SLAM/MAV-Project/catkin_ws/src/rgbd_slam/src/VisualOdometry.cpp:52: note: ===vect_slp_analyze_bb===

/home/tuofeichen/SLAM/MAV-Project/catkin_ws/src/rgbd_slam/src/VisualOdometry.cpp:52: note: === vect_analyze_data_refs ===

/home/tuofeichen/SLAM/MAV-Project/catkin_ws/src/rgbd_slam/src/VisualOdometry.cpp:52: note: not vectorized: not enough data-refs in basic block.

/usr/include/c++/4.8/bits/stl_vector.h:161: note: ===vect_slp_analyze_bb===

/usr/include/c++/4.8/bits/stl_vector.h:161: note: === vect_analyze_data_refs ===

/usr/include/c++/4.8/bits/stl_vector.h:161: note: get vectype with 2 units of type long unsigned int
/usr/include/c++/4.8/bits/stl_vector.h:161: note: vectype: vector(2) long unsigned int
/usr/include/c++/4.8/bits/stl_vector.h:161: note: === vect_pattern_recog ===
/usr/include/c++/4.8/bits/stl_vector.h:161: note: === vect_analyze_dependences ===
/usr/include/c++/4.8/bits/stl_vector.h:161: note: === vect_analyze_data_refs_alignment ===
/usr/include/c++/4.8/bits/stl_vector.h:161: note: vect_compute_data_ref_alignment:
/usr/include/c++/4.8/bits/stl_vector.h:161: note: misalign = 0 bytes of ref MEM[(struct _Vector_base *)&targetMatches]._M_impl._M_start
/usr/include/c++/4.8/bits/stl_vector.h:161: note: === vect_analyze_data_ref_accesses ===
/usr/include/c++/4.8/bits/stl_vector.h:161: note: not consecutive access _39 = MEM[(struct _Vector_base *)&targetMatches]._M_impl._M_start;

/usr/include/c++/4.8/bits/stl_vector.h:161: note: === vect_analyze_slp ===
/usr/include/c++/4.8/bits/stl_vector.h:161: note: Failed to SLP the basic block.
/usr/include/c++/4.8/bits/stl_vector.h:161: note: not vectorized: failed to find SLP opportunities in basic block.

/usr/include/c++/4.8/ext/new_allocator.h:110: note: ===vect_slp_analyze_bb===

/usr/include/c++/4.8/ext/new_allocator.h:110: note: === vect_analyze_data_refs ===

/usr/include/c++/4.8/ext/new_allocator.h:110: note: not vectorized: not enough data-refs in basic block.

/home/tuofeichen/SLAM/MAV-Project/catkin_ws/src/rgbd_slam/src/VisualOdometry.cpp:52: note: ===vect_slp_analyze_bb===

/home/tuofeichen/SLAM/MAV-Project/catkin_ws/src/rgbd_slam/src/VisualOdometry.cpp:52: note: === vect_analyze_data_refs ===

/home/tuofeichen/SLAM/MAV-Project/catkin_ws/src/rgbd_slam/src/VisualOdometry.cpp:52: note: not vectorized: not enough data-refs in basic block.

/home/tuofeichen/SLAM/MAV-Project/catkin_ws/src/rgbd_slam/src/VisualOdometry.cpp:52: note: ===vect_slp_analyze_bb===

/home/tuofeichen/SLAM/MAV-Project/catkin_ws/src/rgbd_slam/src/VisualOdometry.cpp:52: note: === vect_analyze_data_refs ===

/home/tuofeichen/SLAM/MAV-Project/catkin_ws/src/rgbd_slam/src/VisualOdometry.cpp:52: note: not vectorized: not enough data-refs in basic block.

/home/tuofeichen/SLAM/MAV-Project/catkin_ws/src/rgbd_slam/src/VisualOdometry.cpp:52: note: ===vect_slp_analyze_bb===

/home/tuofeichen/SLAM/MAV-Project/catkin_ws/src/rgbd_slam/src/VisualOdometry.cpp:52: note: === vect_analyze_data_refs ===

/home/tuofeichen/SLAM/MAV-Project/catkin_ws/src/rgbd_slam/src/VisualOdometry.cpp:52: note: not vectorized: not enough data-refs in basic block.

/usr/include/c++/4.8/bits/stl_vector.h:161: note: ===vect_slp_analyze_bb===

/usr/include/c++/4.8/bits/stl_vector.h:161: note: === vect_analyze_data_refs ===

/usr/include/c++/4.8/bits/stl_vector.h:161: note: get vectype with 2 units of type long unsigned int
/usr/include/c++/4.8/bits/stl_vector.h:161: note: vectype: vector(2) long unsigned int
/usr/include/c++/4.8/bits/stl_vector.h:161: note: === vect_pattern_recog ===
/usr/include/c++/4.8/bits/stl_vector.h:161: note: === vect_analyze_dependences ===
/usr/include/c++/4.8/bits/stl_vector.h:161: note: === vect_analyze_data_refs_alignment ===
/usr/include/c++/4.8/bits/stl_vector.h:161: note: vect_compute_data_ref_alignment:
/usr/include/c++/4.8/bits/stl_vector.h:161: note: can't force alignment of ref: MEM[(struct _Vector_base *)srcMatches_7(D)]._M_impl._M_start
/usr/include/c++/4.8/bits/stl_vector.h:161: note: === vect_analyze_data_ref_accesses ===
/usr/include/c++/4.8/bits/stl_vector.h:161: note: not consecutive access _40 = MEM[(struct _Vector_base *)srcMatches_7(D)]._M_impl._M_start;

/usr/include/c++/4.8/bits/stl_vector.h:161: note: === vect_analyze_slp ===
/usr/include/c++/4.8/bits/stl_vector.h:161: note: Failed to SLP the basic block.
/usr/include/c++/4.8/bits/stl_vector.h:161: note: not vectorized: failed to find SLP opportunities in basic block.

/usr/include/c++/4.8/ext/new_allocator.h:110: note: ===vect_slp_analyze_bb===

/usr/include/c++/4.8/ext/new_allocator.h:110: note: === vect_analyze_data_refs ===

/usr/include/c++/4.8/ext/new_allocator.h:110: note: not vectorized: not enough data-refs in basic block.

/home/tuofeichen/SLAM/MAV-Project/catkin_ws/src/rgbd_slam/src/VisualOdometry.cpp:52: note: ===vect_slp_analyze_bb===

/home/tuofeichen/SLAM/MAV-Project/catkin_ws/src/rgbd_slam/src/VisualOdometry.cpp:52: note: === vect_analyze_data_refs ===

/home/tuofeichen/SLAM/MAV-Project/catkin_ws/src/rgbd_slam/src/VisualOdometry.cpp:52: note: not vectorized: not enough data-refs in basic block.
make[2]: *** [CMakeFiles/frontend.dir/src/FeatureDEM.cpp.o] Error 1
make[2]: *** Waiting for unfinished jobs....
make[1]: *** [CMakeFiles/frontend.dir/all] Error 2
make: *** [all] Error 2
