In file included from /home/tuofeichen/SLAM/MAV-Project/catkin_ws/src/rgbd_slam/src/main.cpp:12:0:
/home/tuofeichen/SLAM/MAV-Project/catkin_ws/src/rgbd_slam/src/TransformTest.cpp: In function ‘void testTransform()’:
/home/tuofeichen/SLAM/MAV-Project/catkin_ws/src/rgbd_slam/src/TransformTest.cpp:149:51: warning: comparison between signed and unsigned integer expressions [-Wsign-compare]
  for (int i = 0;i< (frame1.getKeypoints3D().size());i++)
                                                   ^
/home/tuofeichen/SLAM/MAV-Project/catkin_ws/src/rgbd_slam/src/main.cpp: In function ‘bool processFrame(const Frame&, const Frame&, Eigen::Matrix4f&, Eigen::Matrix<float, 6, 6>&, bool&)’:
/home/tuofeichen/SLAM/MAV-Project/catkin_ws/src/rgbd_slam/src/main.cpp:118:19: error: no match for ‘operator<’ (operand types are ‘int’ and ‘std::vector<int>’)
  for (int i = 0; i< srcMatches ; i++) 
                   ^
/home/tuofeichen/SLAM/MAV-Project/catkin_ws/src/rgbd_slam/src/main.cpp:118:19: note: candidates are:
In file included from /opt/opencv3/include/opencv2/core/base.hpp:55:0,
                 from /opt/opencv3/include/opencv2/core.hpp:54,
                 from /opt/opencv3/include/opencv2/opencv.hpp:46,
                 from /home/tuofeichen/SLAM/MAV-Project/catkin_ws/src/rgbd_slam/src/TransformTest.cpp:6,
                 from /home/tuofeichen/SLAM/MAV-Project/catkin_ws/src/rgbd_slam/src/main.cpp:12:
/opt/opencv3/include/opencv2/core/cvstd.hpp:1024:20: note: bool cv::operator<(const cv::String&, const cv::String&)
 static inline bool operator<  (const String& lhs, const String& rhs) { return lhs.compare(rhs) <  0; }
                    ^
/opt/opencv3/include/opencv2/core/cvstd.hpp:1024:20: note:   no known conversion for argument 2 from ‘std::vector<int>’ to ‘const cv::String&’
/opt/opencv3/include/opencv2/core/cvstd.hpp:1025:20: note: bool cv::operator<(const char*, const cv::String&)
 static inline bool operator<  (const char*   lhs, const String& rhs) { return rhs.compare(lhs) >  0; }
                    ^
/opt/opencv3/include/opencv2/core/cvstd.hpp:1025:20: note:   no known conversion for argument 2 from ‘std::vector<int>’ to ‘const cv::String&’
/opt/opencv3/include/opencv2/core/cvstd.hpp:1026:20: note: bool cv::operator<(const cv::String&, const char*)
 static inline bool operator<  (const String& lhs, const char*   rhs) { return lhs.compare(rhs) <  0; }
                    ^
/opt/opencv3/include/opencv2/core/cvstd.hpp:1026:20: note:   no known conversion for argument 2 from ‘std::vector<int>’ to ‘const char*’
In file included from /opt/opencv3/include/opencv2/core.hpp:59:0,
                 from /opt/opencv3/include/opencv2/opencv.hpp:46,
                 from /home/tuofeichen/SLAM/MAV-Project/catkin_ws/src/rgbd_slam/src/TransformTest.cpp:6,
                 from /home/tuofeichen/SLAM/MAV-Project/catkin_ws/src/rgbd_slam/src/main.cpp:12:
/opt/opencv3/include/opencv2/core/mat.hpp:3328:20: note: cv::MatExpr cv::operator<(const cv::Mat&, const cv::Mat&)
 CV_EXPORTS MatExpr operator < (const Mat& a, const Mat& b);
                    ^
/opt/opencv3/include/opencv2/core/mat.hpp:3328:20: note:   no known conversion for argument 1 from ‘int’ to ‘const cv::Mat&’
/opt/opencv3/include/opencv2/core/mat.hpp:3329:20: note: cv::MatExpr cv::operator<(const cv::Mat&, double)
 CV_EXPORTS MatExpr operator < (const Mat& a, double s);
                    ^
/opt/opencv3/include/opencv2/core/mat.hpp:3329:20: note:   no known conversion for argument 1 from ‘int’ to ‘const cv::Mat&’
/opt/opencv3/include/opencv2/core/mat.hpp:3330:20: note: cv::MatExpr cv::operator<(double, const cv::Mat&)
 CV_EXPORTS MatExpr operator < (double s, const Mat& a);
                    ^
/opt/opencv3/include/opencv2/core/mat.hpp:3330:20: note:   no known conversion for argument 2 from ‘std::vector<int>’ to ‘const cv::Mat&’
In file included from /opt/opencv3/include/opencv2/core/mat.hpp:3396:0,
                 from /opt/opencv3/include/opencv2/core.hpp:59,
                 from /opt/opencv3/include/opencv2/opencv.hpp:46,
                 from /home/tuofeichen/SLAM/MAV-Project/catkin_ws/src/rgbd_slam/src/TransformTest.cpp:6,
                 from /home/tuofeichen/SLAM/MAV-Project/catkin_ws/src/rgbd_slam/src/main.cpp:12:
/opt/opencv3/include/opencv2/core/mat.inl.hpp:2274:6: note: bool cv::operator<(const cv::MatConstIterator&, const cv::MatConstIterator&)
 bool operator < (const MatConstIterator& a, const MatConstIterator& b)
      ^
/opt/opencv3/include/opencv2/core/mat.inl.hpp:2274:6: note:   no known conversion for argument 2 from ‘std::vector<int>’ to ‘const cv::MatConstIterator&’
In file included from /opt/opencv3/include/opencv2/core.hpp:60:0,
                 from /opt/opencv3/include/opencv2/opencv.hpp:46,
                 from /home/tuofeichen/SLAM/MAV-Project/catkin_ws/src/rgbd_slam/src/TransformTest.cpp:6,
                 from /home/tuofeichen/SLAM/MAV-Project/catkin_ws/src/rgbd_slam/src/main.cpp:12:
/opt/opencv3/include/opencv2/core/persistence.hpp:1158:6: note: bool cv::operator<(const cv::FileNodeIterator&, const cv::FileNodeIterator&)
 bool operator < (const FileNodeIterator& it1, const FileNodeIterator& it2)
      ^
/opt/opencv3/include/opencv2/core/persistence.hpp:1158:6: note:   no known conversion for argument 1 from ‘int’ to ‘const cv::FileNodeIterator&’
In file included from /usr/include/c++/4.8/deque:64:0,
                 from /opt/opencv3/include/opencv2/objdetect/objdetect_c.h:50,
                 from /opt/opencv3/include/opencv2/objdetect.hpp:463,
                 from /opt/opencv3/include/opencv2/opencv.hpp:51,
                 from /home/tuofeichen/SLAM/MAV-Project/catkin_ws/src/rgbd_slam/src/TransformTest.cpp:6,
                 from /home/tuofeichen/SLAM/MAV-Project/catkin_ws/src/rgbd_slam/src/main.cpp:12:
/usr/include/c++/4.8/bits/stl_deque.h:1975:5: note: template<class _Tp, class _Alloc> bool std::operator<(const std::deque<_Tp, _Alloc>&, const std::deque<_Tp, _Alloc>&)
     operator<(const deque<_Tp, _Alloc>& __x,
     ^
/usr/include/c++/4.8/bits/stl_deque.h:1975:5: note:   template argument deduction/substitution failed:
/home/tuofeichen/SLAM/MAV-Project/catkin_ws/src/rgbd_slam/src/main.cpp:118:21: note:   mismatched types ‘const std::deque<_Tp, _Alloc>’ and ‘int’
  for (int i = 0; i< srcMatches ; i++) 
                     ^
In file included from /usr/include/c++/4.8/deque:64:0,
                 from /opt/opencv3/include/opencv2/objdetect/objdetect_c.h:50,
                 from /opt/opencv3/include/opencv2/objdetect.hpp:463,
                 from /opt/opencv3/include/opencv2/opencv.hpp:51,
                 from /home/tuofeichen/SLAM/MAV-Project/catkin_ws/src/rgbd_slam/src/TransformTest.cpp:6,
                 from /home/tuofeichen/SLAM/MAV-Project/catkin_ws/src/rgbd_slam/src/main.cpp:12:
/usr/include/c++/4.8/bits/stl_deque.h:281:5: note: template<class _Tp, class _RefL, class _PtrL, class _RefR, class _PtrR> bool std::operator<(const std::_Deque_iterator<_Tp, _Ref, _Ptr>&, const std::_Deque_iterator<_Tp, _RefR, _PtrR>&)
     operator<(const _Deque_iterator<_Tp, _RefL, _PtrL>& __x,
     ^
/usr/include/c++/4.8/bits/stl_deque.h:281:5: note:   template argument deduction/substitution failed:
/home/tuofeichen/SLAM/MAV-Project/catkin_ws/src/rgbd_slam/src/main.cpp:118:21: note:   mismatched types ‘const std::_Deque_iterator<_Tp, _Ref, _Ptr>’ and ‘int’
  for (int i = 0; i< srcMatches ; i++) 
                     ^
In file included from /usr/include/c++/4.8/deque:64:0,
                 from /opt/opencv3/include/opencv2/objdetect/objdetect_c.h:50,
                 from /opt/opencv3/include/opencv2/objdetect.hpp:463,
                 from /opt/opencv3/include/opencv2/opencv.hpp:51,
                 from /home/tuofeichen/SLAM/MAV-Project/catkin_ws/src/rgbd_slam/src/TransformTest.cpp:6,
                 from /home/tuofeichen/SLAM/MAV-Project/catkin_ws/src/rgbd_slam/src/main.cpp:12:
/usr/include/c++/4.8/bits/stl_deque.h:273:5: note: template<class _Tp, class _Ref, class _Ptr> bool std::operator<(const std::_Deque_iterator<_Tp, _Ref, _Ptr>&, const std::_Deque_iterator<_Tp, _Ref, _Ptr>&)
     operator<(const _Deque_iterator<_Tp, _Ref, _Ptr>& __x,
     ^
/usr/include/c++/4.8/bits/stl_deque.h:273:5: note:   template argument deduction/substitution failed:
/home/tuofeichen/SLAM/MAV-Project/catkin_ws/src/rgbd_slam/src/main.cpp:118:21: note:   mismatched types ‘const std::_Deque_iterator<_Tp, _Ref, _Ptr>’ and ‘int’
  for (int i = 0; i< srcMatches ; i++) 
                     ^
In file included from /usr/include/c++/4.8/list:63:0,
                 from /opt/ros/indigo/include/ros/forwards.h:35,
                 from /opt/ros/indigo/include/ros/common.h:37,
                 from /opt/ros/indigo/include/ros/ros.h:43,
                 from /home/tuofeichen/SLAM/MAV-Project/catkin_ws/src/rgbd_slam/include/RosHandler.h:4,
                 from /home/tuofeichen/SLAM/MAV-Project/catkin_ws/src/rgbd_slam/src/main.cpp:10:
/usr/include/c++/4.8/bits/stl_list.h:1631:5: note: template<class _Tp, class _Alloc> bool std::operator<(const std::list<_Tp, _Alloc>&, const std::list<_Tp, _Alloc>&)
     operator<(const list<_Tp, _Alloc>& __x, const list<_Tp, _Alloc>& __y)
     ^
/usr/include/c++/4.8/bits/stl_list.h:1631:5: note:   template argument deduction/substitution failed:
/home/tuofeichen/SLAM/MAV-Project/catkin_ws/src/rgbd_slam/src/main.cpp:118:21: note:   mismatched types ‘const std::list<_Tp, _Alloc>’ and ‘int’
  for (int i = 0; i< srcMatches ; i++) 
                     ^
In file included from /usr/include/c++/4.8/set:62:0,
                 from /opt/ros/indigo/include/ros/forwards.h:34,
                 from /opt/ros/indigo/include/ros/common.h:37,
                 from /opt/ros/indigo/include/ros/ros.h:43,
                 from /home/tuofeichen/SLAM/MAV-Project/catkin_ws/src/rgbd_slam/include/RosHandler.h:4,
                 from /home/tuofeichen/SLAM/MAV-Project/catkin_ws/src/rgbd_slam/src/main.cpp:10:
/usr/include/c++/4.8/bits/stl_multiset.h:756:5: note: template<class _Key, class _Compare, class _Alloc> bool std::operator<(const std::multiset<_Key, _Compare, _Alloc>&, const std::multiset<_Key, _Compare, _Alloc>&)
     operator<(const multiset<_Key, _Compare, _Alloc>& __x,
     ^
/usr/include/c++/4.8/bits/stl_multiset.h:756:5: note:   template argument deduction/substitution failed:
/home/tuofeichen/SLAM/MAV-Project/catkin_ws/src/rgbd_slam/src/main.cpp:118:21: note:   mismatched types ‘const std::multiset<_Key, _Compare, _Alloc>’ and ‘int’
  for (int i = 0; i< srcMatches ; i++) 
                     ^
In file included from /usr/include/c++/4.8/set:61:0,
                 from /opt/ros/indigo/include/ros/forwards.h:34,
                 from /opt/ros/indigo/include/ros/common.h:37,
                 from /opt/ros/indigo/include/ros/ros.h:43,
                 from /home/tuofeichen/SLAM/MAV-Project/catkin_ws/src/rgbd_slam/include/RosHandler.h:4,
                 from /home/tuofeichen/SLAM/MAV-Project/catkin_ws/src/rgbd_slam/src/main.cpp:10:
/usr/include/c++/4.8/bits/stl_set.h:771:5: note: template<class _Key, class _Compare, class _Alloc> bool std::operator<(const std::set<_Key, _Compare, _Alloc>&, const std::set<_Key, _Compare, _Alloc>&)
     operator<(const set<_Key, _Compare, _Alloc>& __x,
     ^
/usr/include/c++/4.8/bits/stl_set.h:771:5: note:   template argument deduction/substitution failed:
/home/tuofeichen/SLAM/MAV-Project/catkin_ws/src/rgbd_slam/src/main.cpp:118:21: note:   mismatched types ‘const std::set<_Key, _Compare, _Alloc>’ and ‘int’
  for (int i = 0; i< srcMatches ; i++) 
                     ^
In file included from /usr/include/c++/4.8/map:62:0,
                 from /opt/ros/indigo/include/ros/console.h:42,
                 from /opt/ros/indigo/include/ros/ros.h:40,
                 from /home/tuofeichen/SLAM/MAV-Project/catkin_ws/src/rgbd_slam/include/RosHandler.h:4,
                 from /home/tuofeichen/SLAM/MAV-Project/catkin_ws/src/rgbd_slam/src/main.cpp:10:
/usr/include/c++/4.8/bits/stl_multimap.h:881:5: note: template<class _Key, class _Tp, class _Compare, class _Alloc> bool std::operator<(const std::multimap<_Key, _Tp, _Compare, _Alloc>&, const std::multimap<_Key, _Tp, _Compare, _Alloc>&)
     operator<(const multimap<_Key, _Tp, _Compare, _Alloc>& __x,
     ^
/usr/include/c++/4.8/bits/stl_multimap.h:881:5: note:   template argument deduction/substitution failed:
/home/tuofeichen/SLAM/MAV-Project/catkin_ws/src/rgbd_slam/src/main.cpp:118:21: note:   mismatched types ‘const std::multimap<_Key, _Tp, _Compare, _Alloc>’ and ‘int’
  for (int i = 0; i< srcMatches ; i++) 
                     ^
In file included from /usr/include/c++/4.8/map:61:0,
                 from /opt/ros/indigo/include/ros/console.h:42,
                 from /opt/ros/indigo/include/ros/ros.h:40,
                 from /home/tuofeichen/SLAM/MAV-Project/catkin_ws/src/rgbd_slam/include/RosHandler.h:4,
                 from /home/tuofeichen/SLAM/MAV-Project/catkin_ws/src/rgbd_slam/src/main.cpp:10:
/usr/include/c++/4.8/bits/stl_map.h:979:5: note: template<class _Key, class _Tp, class _Compare, class _Alloc> bool std::operator<(const std::map<_Key, _Tp, _Compare, _Alloc>&, const std::map<_Key, _Tp, _Compare, _Alloc>&)
     operator<(const map<_Key, _Tp, _Compare, _Alloc>& __x,
     ^
/usr/include/c++/4.8/bits/stl_map.h:979:5: note:   template argument deduction/substitution failed:
/home/tuofeichen/SLAM/MAV-Project/catkin_ws/src/rgbd_slam/src/main.cpp:118:21: note:   mismatched types ‘const std::map<_Key, _Tp, _Compare, _Alloc>’ and ‘int’
  for (int i = 0; i< srcMatches ; i++) 
                     ^
In file included from /usr/include/c++/4.8/map:60:0,
                 from /opt/ros/indigo/include/ros/console.h:42,
                 from /opt/ros/indigo/include/ros/ros.h:40,
                 from /home/tuofeichen/SLAM/MAV-Project/catkin_ws/src/rgbd_slam/include/RosHandler.h:4,
                 from /home/tuofeichen/SLAM/MAV-Project/catkin_ws/src/rgbd_slam/src/main.cpp:10:
/usr/include/c++/4.8/bits/stl_tree.h:917:5: note: template<class _Key, class _Val, class _KeyOfValue, class _Compare, class _Alloc> bool std::operator<(const std::_Rb_tree<_Key, _Val, _KeyOfValue, _Compare, _Alloc>&, const std::_Rb_tree<_Key, _Val, _KeyOfValue, _Compare, _Alloc>&)
     operator<(const _Rb_tree<_Key, _Val, _KeyOfValue, _Compare, _Alloc>& __x,
     ^
/usr/include/c++/4.8/bits/stl_tree.h:917:5: note:   template argument deduction/substitution failed:
/home/tuofeichen/SLAM/MAV-Project/catkin_ws/src/rgbd_slam/src/main.cpp:118:21: note:   mismatched types ‘const std::_Rb_tree<_Key, _Val, _KeyOfValue, _Compare, _Alloc>’ and ‘int’
  for (int i = 0; i< srcMatches ; i++) 
                     ^
In file included from /usr/include/c++/4.8/memory:82:0,
                 from /usr/include/boost/config/no_tr1/memory.hpp:21,
                 from /usr/include/boost/smart_ptr/shared_ptr.hpp:27,
                 from /usr/include/boost/shared_ptr.hpp:17,
                 from /usr/include/boost/format/alt_sstream.hpp:21,
                 from /usr/include/boost/format/internals.hpp:23,
                 from /usr/include/boost/format.hpp:38,
                 from /usr/include/boost/math/policies/error_handling.hpp:31,
                 from /usr/include/boost/math/special_functions/round.hpp:14,
                 from /opt/ros/indigo/include/ros/time.h:58,
                 from /opt/ros/indigo/include/ros/ros.h:38,
                 from /home/tuofeichen/SLAM/MAV-Project/catkin_ws/src/rgbd_slam/include/RosHandler.h:4,
                 from /home/tuofeichen/SLAM/MAV-Project/catkin_ws/src/rgbd_slam/src/main.cpp:10:
/usr/include/c++/4.8/bits/shared_ptr.h:373:5: note: template<class _Tp> bool std::operator<(std::nullptr_t, const std::shared_ptr<_Tp1>&)
     operator<(nullptr_t, const shared_ptr<_Tp>& __a) noexcept
     ^
/usr/include/c++/4.8/bits/shared_ptr.h:373:5: note:   template argument deduction/substitution failed:
/home/tuofeichen/SLAM/MAV-Project/catkin_ws/src/rgbd_slam/src/main.cpp:118:21: note:   cannot convert ‘i’ (type ‘int’) to type ‘std::nullptr_t’
  for (int i = 0; i< srcMatches ; i++) 
                     ^
In file included from /usr/include/c++/4.8/memory:82:0,
                 from /usr/include/boost/config/no_tr1/memory.hpp:21,
                 from /usr/include/boost/smart_ptr/shared_ptr.hpp:27,
                 from /usr/include/boost/shared_ptr.hpp:17,
                 from /usr/include/boost/format/alt_sstream.hpp:21,
                 from /usr/include/boost/format/internals.hpp:23,
                 from /usr/include/boost/format.hpp:38,
                 from /usr/include/boost/math/policies/error_handling.hpp:31,
                 from /usr/include/boost/math/special_functions/round.hpp:14,
                 from /opt/ros/indigo/include/ros/time.h:58,
                 from /opt/ros/indigo/include/ros/ros.h:38,
                 from /home/tuofeichen/SLAM/MAV-Project/catkin_ws/src/rgbd_slam/include/RosHandler.h:4,
                 from /home/tuofeichen/SLAM/MAV-Project/catkin_ws/src/rgbd_slam/src/main.cpp:10:
/usr/include/c++/4.8/bits/shared_ptr.h:368:5: note: template<class _Tp> bool std::operator<(const std::shared_ptr<_Tp1>&, std::nullptr_t)
     operator<(const shared_ptr<_Tp>& __a, nullptr_t) noexcept
     ^
/usr/include/c++/4.8/bits/shared_ptr.h:368:5: note:   template argument deduction/substitution failed:
/home/tuofeichen/SLAM/MAV-Project/catkin_ws/src/rgbd_slam/src/main.cpp:118:21: note:   mismatched types ‘const std::shared_ptr<_Tp1>’ and ‘int’
  for (int i = 0; i< srcMatches ; i++) 
                     ^
In file included from /usr/include/c++/4.8/memory:82:0,
                 from /usr/include/boost/config/no_tr1/memory.hpp:21,
                 from /usr/include/boost/smart_ptr/shared_ptr.hpp:27,
                 from /usr/include/boost/shared_ptr.hpp:17,
                 from /usr/include/boost/format/alt_sstream.hpp:21,
                 from /usr/include/boost/format/internals.hpp:23,
                 from /usr/include/boost/format.hpp:38,
                 from /usr/include/boost/math/policies/error_handling.hpp:31,
                 from /usr/include/boost/math/special_functions/round.hpp:14,
                 from /opt/ros/indigo/include/ros/time.h:58,
                 from /opt/ros/indigo/include/ros/ros.h:38,
                 from /home/tuofeichen/SLAM/MAV-Project/catkin_ws/src/rgbd_slam/include/RosHandler.h:4,
                 from /home/tuofeichen/SLAM/MAV-Project/catkin_ws/src/rgbd_slam/src/main.cpp:10:
/usr/include/c++/4.8/bits/shared_ptr.h:359:5: note: template<class _Tp1, class _Tp2> bool std::operator<(const std::shared_ptr<_Tp1>&, const std::shared_ptr<_Tp2>&)
     operator<(const shared_ptr<_Tp1>& __a,
     ^
/usr/include/c++/4.8/bits/shared_ptr.h:359:5: note:   template argument deduction/substitution failed:
/home/tuofeichen/SLAM/MAV-Project/catkin_ws/src/rgbd_slam/src/main.cpp:118:21: note:   mismatched types ‘const std::shared_ptr<_Tp1>’ and ‘int’
  for (int i = 0; i< srcMatches ; i++) 
                     ^
In file included from /usr/include/c++/4.8/bits/shared_ptr.h:52:0,
                 from /usr/include/c++/4.8/memory:82,
                 from /usr/include/boost/config/no_tr1/memory.hpp:21,
                 from /usr/include/boost/smart_ptr/shared_ptr.hpp:27,
                 from /usr/include/boost/shared_ptr.hpp:17,
                 from /usr/include/boost/format/alt_sstream.hpp:21,
                 from /usr/include/boost/format/internals.hpp:23,
                 from /usr/include/boost/format.hpp:38,
                 from /usr/include/boost/math/policies/error_handling.hpp:31,
                 from /usr/include/boost/math/special_functions/round.hpp:14,
                 from /opt/ros/indigo/include/ros/time.h:58,
                 from /opt/ros/indigo/include/ros/ros.h:38,
                 from /home/tuofeichen/SLAM/MAV-Project/catkin_ws/src/rgbd_slam/include/RosHandler.h:4,
                 from /home/tuofeichen/SLAM/MAV-Project/catkin_ws/src/rgbd_slam/src/main.cpp:10:
/usr/include/c++/4.8/bits/shared_ptr_base.h:1075:5: note: template<class _Tp, __gnu_cxx::_Lock_policy _Lp> bool std::operator<(std::nullptr_t, const std::__shared_ptr<_Tp, _Lp>&)
     operator<(nullptr_t, const __shared_ptr<_Tp, _Lp>& __a) noexcept
     ^
/usr/include/c++/4.8/bits/shared_ptr_base.h:1075:5: note:   template argument deduction/substitution failed:
/home/tuofeichen/SLAM/MAV-Project/catkin_ws/src/rgbd_slam/src/main.cpp:118:21: note:   cannot convert ‘i’ (type ‘int’) to type ‘std::nullptr_t’
  for (int i = 0; i< srcMatches ; i++) 
                     ^
In file included from /usr/include/c++/4.8/bits/shared_ptr.h:52:0,
                 from /usr/include/c++/4.8/memory:82,
                 from /usr/include/boost/config/no_tr1/memory.hpp:21,
                 from /usr/include/boost/smart_ptr/shared_ptr.hpp:27,
                 from /usr/include/boost/shared_ptr.hpp:17,
                 from /usr/include/boost/format/alt_sstream.hpp:21,
                 from /usr/include/boost/format/internals.hpp:23,
                 from /usr/include/boost/format.hpp:38,
                 from /usr/include/boost/math/policies/error_handling.hpp:31,
                 from /usr/include/boost/math/special_functions/round.hpp:14,
                 from /opt/ros/indigo/include/ros/time.h:58,
                 from /opt/ros/indigo/include/ros/ros.h:38,
                 from /home/tuofeichen/SLAM/MAV-Project/catkin_ws/src/rgbd_slam/include/RosHandler.h:4,
                 from /home/tuofeichen/SLAM/MAV-Project/catkin_ws/src/rgbd_slam/src/main.cpp:10:
/usr/include/c++/4.8/bits/shared_ptr_base.h:1070:5: note: template<class _Tp, __gnu_cxx::_Lock_policy _Lp> bool std::operator<(const std::__shared_ptr<_Tp, _Lp>&, std::nullptr_t)
     operator<(const __shared_ptr<_Tp, _Lp>& __a, nullptr_t) noexcept
     ^
/usr/include/c++/4.8/bits/shared_ptr_base.h:1070:5: note:   template argument deduction/substitution failed:
/home/tuofeichen/SLAM/MAV-Project/catkin_ws/src/rgbd_slam/src/main.cpp:118:21: note:   mismatched types ‘const std::__shared_ptr<_Tp, _Lp>’ and ‘int’
  for (int i = 0; i< srcMatches ; i++) 
                     ^
In file included from /usr/include/c++/4.8/bits/shared_ptr.h:52:0,
                 from /usr/include/c++/4.8/memory:82,
                 from /usr/include/boost/config/no_tr1/memory.hpp:21,
                 from /usr/include/boost/smart_ptr/shared_ptr.hpp:27,
                 from /usr/include/boost/shared_ptr.hpp:17,
                 from /usr/include/boost/format/alt_sstream.hpp:21,
                 from /usr/include/boost/format/internals.hpp:23,
                 from /usr/include/boost/format.hpp:38,
                 from /usr/include/boost/math/policies/error_handling.hpp:31,
                 from /usr/include/boost/math/special_functions/round.hpp:14,
                 from /opt/ros/indigo/include/ros/time.h:58,
                 from /opt/ros/indigo/include/ros/ros.h:38,
                 from /home/tuofeichen/SLAM/MAV-Project/catkin_ws/src/rgbd_slam/include/RosHandler.h:4,
                 from /home/tuofeichen/SLAM/MAV-Project/catkin_ws/src/rgbd_slam/src/main.cpp:10:
/usr/include/c++/4.8/bits/shared_ptr_base.h:1061:5: note: template<class _Tp1, class _Tp2, __gnu_cxx::_Lock_policy _Lp> bool std::operator<(const std::__shared_ptr<_Tp1, _Lp>&, const std::__shared_ptr<_Tp2, _Lp>&)
     operator<(const __shared_ptr<_Tp1, _Lp>& __a,
     ^
/usr/include/c++/4.8/bits/shared_ptr_base.h:1061:5: note:   template argument deduction/substitution failed:
/home/tuofeichen/SLAM/MAV-Project/catkin_ws/src/rgbd_slam/src/main.cpp:118:21: note:   mismatched types ‘const std::__shared_ptr<_Tp1, _Lp>’ and ‘int’
  for (int i = 0; i< srcMatches ; i++) 
                     ^
In file included from /usr/include/c++/4.8/memory:81:0,
                 from /usr/include/boost/config/no_tr1/memory.hpp:21,
                 from /usr/include/boost/smart_ptr/shared_ptr.hpp:27,
                 from /usr/include/boost/shared_ptr.hpp:17,
                 from /usr/include/boost/format/alt_sstream.hpp:21,
                 from /usr/include/boost/format/internals.hpp:23,
                 from /usr/include/boost/format.hpp:38,
                 from /usr/include/boost/math/policies/error_handling.hpp:31,
                 from /usr/include/boost/math/special_functions/round.hpp:14,
                 from /opt/ros/indigo/include/ros/time.h:58,
                 from /opt/ros/indigo/include/ros/ros.h:38,
                 from /home/tuofeichen/SLAM/MAV-Project/catkin_ws/src/rgbd_slam/include/RosHandler.h:4,
                 from /home/tuofeichen/SLAM/MAV-Project/catkin_ws/src/rgbd_slam/src/main.cpp:10:
/usr/include/c++/4.8/bits/unique_ptr.h:540:5: note: template<class _Tp, class _Dp> bool std::operator<(std::nullptr_t, const std::unique_ptr<_Tp, _Dp>&)
     operator<(nullptr_t, const unique_ptr<_Tp, _Dp>& __x)
     ^
/usr/include/c++/4.8/bits/unique_ptr.h:540:5: note:   template argument deduction/substitution failed:
/home/tuofeichen/SLAM/MAV-Project/catkin_ws/src/rgbd_slam/src/main.cpp:118:21: note:   cannot convert ‘i’ (type ‘int’) to type ‘std::nullptr_t’
  for (int i = 0; i< srcMatches ; i++) 
                     ^
In file included from /usr/include/c++/4.8/memory:81:0,
                 from /usr/include/boost/config/no_tr1/memory.hpp:21,
                 from /usr/include/boost/smart_ptr/shared_ptr.hpp:27,
                 from /usr/include/boost/shared_ptr.hpp:17,
                 from /usr/include/boost/format/alt_sstream.hpp:21,
                 from /usr/include/boost/format/internals.hpp:23,
                 from /usr/include/boost/format.hpp:38,
                 from /usr/include/boost/math/policies/error_handling.hpp:31,
                 from /usr/include/boost/math/special_functions/round.hpp:14,
                 from /opt/ros/indigo/include/ros/time.h:58,
                 from /opt/ros/indigo/include/ros/ros.h:38,
                 from /home/tuofeichen/SLAM/MAV-Project/catkin_ws/src/rgbd_slam/include/RosHandler.h:4,
                 from /home/tuofeichen/SLAM/MAV-Project/catkin_ws/src/rgbd_slam/src/main.cpp:10:
/usr/include/c++/4.8/bits/unique_ptr.h:534:5: note: template<class _Tp, class _Dp> bool std::operator<(const std::unique_ptr<_Tp, _Dp>&, std::nullptr_t)
     operator<(const unique_ptr<_Tp, _Dp>& __x, nullptr_t)
     ^
/usr/include/c++/4.8/bits/unique_ptr.h:534:5: note:   template argument deduction/substitution failed:
/home/tuofeichen/SLAM/MAV-Project/catkin_ws/src/rgbd_slam/src/main.cpp:118:21: note:   mismatched types ‘const std::unique_ptr<_Tp, _Dp>’ and ‘int’
  for (int i = 0; i< srcMatches ; i++) 
                     ^
In file included from /usr/include/c++/4.8/memory:81:0,
                 from /usr/include/boost/config/no_tr1/memory.hpp:21,
                 from /usr/include/boost/smart_ptr/shared_ptr.hpp:27,
                 from /usr/include/boost/shared_ptr.hpp:17,
                 from /usr/include/boost/format/alt_sstream.hpp:21,
                 from /usr/include/boost/format/internals.hpp:23,
                 from /usr/include/boost/format.hpp:38,
                 from /usr/include/boost/math/policies/error_handling.hpp:31,
                 from /usr/include/boost/math/special_functions/round.hpp:14,
                 from /opt/ros/indigo/include/ros/time.h:58,
                 from /opt/ros/indigo/include/ros/ros.h:38,
                 from /home/tuofeichen/SLAM/MAV-Project/catkin_ws/src/rgbd_slam/include/RosHandler.h:4,
                 from /home/tuofeichen/SLAM/MAV-Project/catkin_ws/src/rgbd_slam/src/main.cpp:10:
/usr/include/c++/4.8/bits/unique_ptr.h:523:5: note: template<class _Tp, class _Dp, class _Up, class _Ep> bool std::operator<(const std::unique_ptr<_Tp, _Dp>&, const std::unique_ptr<_Up, _Ep>&)
     operator<(const unique_ptr<_Tp, _Dp>& __x,
     ^
/usr/include/c++/4.8/bits/unique_ptr.h:523:5: note:   template argument deduction/substitution failed:
/home/tuofeichen/SLAM/MAV-Project/catkin_ws/src/rgbd_slam/src/main.cpp:118:21: note:   mismatched types ‘const std::unique_ptr<_Tp, _Dp>’ and ‘int’
  for (int i = 0; i< srcMatches ; i++) 
                     ^
In file included from /usr/include/c++/4.8/functional:55:0,
                 from /usr/include/c++/4.8/bits/stl_algo.h:66,
                 from /usr/include/c++/4.8/algorithm:62,
                 from /usr/include/boost/math/tools/config.hpp:16,
                 from /usr/include/boost/math/special_functions/round.hpp:13,
                 from /opt/ros/indigo/include/ros/time.h:58,
                 from /opt/ros/indigo/include/ros/ros.h:38,
                 from /home/tuofeichen/SLAM/MAV-Project/catkin_ws/src/rgbd_slam/include/RosHandler.h:4,
                 from /home/tuofeichen/SLAM/MAV-Project/catkin_ws/src/rgbd_slam/src/main.cpp:10:
/usr/include/c++/4.8/tuple:824:5: note: template<class ... _TElements, class ... _UElements> constexpr bool std::operator<(const std::tuple<_Elements ...>&, const std::tuple<_Elements ...>&)
     operator<(const tuple<_TElements...>& __t,
     ^
/usr/include/c++/4.8/tuple:824:5: note:   template argument deduction/substitution failed:
/home/tuofeichen/SLAM/MAV-Project/catkin_ws/src/rgbd_slam/src/main.cpp:118:21: note:   mismatched types ‘const std::tuple<_Elements ...>’ and ‘int’
  for (int i = 0; i< srcMatches ; i++) 
                     ^
In file included from /usr/include/c++/4.8/tuple:39:0,
                 from /usr/include/c++/4.8/functional:55,
                 from /usr/include/c++/4.8/bits/stl_algo.h:66,
                 from /usr/include/c++/4.8/algorithm:62,
                 from /usr/include/boost/math/tools/config.hpp:16,
                 from /usr/include/boost/math/special_functions/round.hpp:13,
                 from /opt/ros/indigo/include/ros/time.h:58,
                 from /opt/ros/indigo/include/ros/ros.h:38,
                 from /home/tuofeichen/SLAM/MAV-Project/catkin_ws/src/rgbd_slam/include/RosHandler.h:4,
                 from /home/tuofeichen/SLAM/MAV-Project/catkin_ws/src/rgbd_slam/src/main.cpp:10:
/usr/include/c++/4.8/array:238:5: note: template<class _Tp, long unsigned int _Nm> bool std::operator<(const std::array<_Tp, _Nm>&, const std::array<_Tp, _Nm>&)
     operator<(const array<_Tp, _Nm>& __a, const array<_Tp, _Nm>& __b)
     ^
/usr/include/c++/4.8/array:238:5: note:   template argument deduction/substitution failed:
/home/tuofeichen/SLAM/MAV-Project/catkin_ws/src/rgbd_slam/src/main.cpp:118:21: note:   mismatched types ‘const std::array<_Tp, _Nm>’ and ‘int’
  for (int i = 0; i< srcMatches ; i++) 
                     ^
In file included from /usr/include/c++/4.8/vector:64:0,
                 from /usr/include/c++/4.8/bits/random.h:34,
                 from /usr/include/c++/4.8/random:50,
                 from /usr/include/c++/4.8/bits/stl_algo.h:65,
                 from /usr/include/c++/4.8/algorithm:62,
                 from /usr/include/boost/math/tools/config.hpp:16,
                 from /usr/include/boost/math/special_functions/round.hpp:13,
                 from /opt/ros/indigo/include/ros/time.h:58,
                 from /opt/ros/indigo/include/ros/ros.h:38,
                 from /home/tuofeichen/SLAM/MAV-Project/catkin_ws/src/rgbd_slam/include/RosHandler.h:4,
                 from /home/tuofeichen/SLAM/MAV-Project/catkin_ws/src/rgbd_slam/src/main.cpp:10:
/usr/include/c++/4.8/bits/stl_vector.h:1421:5: note: template<class _Tp, class _Alloc> bool std::operator<(const std::vector<_Tp, _Alloc>&, const std::vector<_Tp, _Alloc>&)
     operator<(const vector<_Tp, _Alloc>& __x, const vector<_Tp, _Alloc>& __y)
     ^
/usr/include/c++/4.8/bits/stl_vector.h:1421:5: note:   template argument deduction/substitution failed:
/home/tuofeichen/SLAM/MAV-Project/catkin_ws/src/rgbd_slam/src/main.cpp:118:21: note:   mismatched types ‘const std::vector<_Tp, _Alloc>’ and ‘int’
  for (int i = 0; i< srcMatches ; i++) 
                     ^
In file included from /usr/include/c++/4.8/string:52:0,
                 from /usr/include/c++/4.8/bits/locale_classes.h:40,
                 from /usr/include/c++/4.8/bits/ios_base.h:41,
                 from /usr/include/c++/4.8/ios:42,
                 from /usr/include/c++/4.8/ostream:38,
                 from /usr/include/c++/4.8/iostream:39,
                 from /home/tuofeichen/SLAM/MAV-Project/catkin_ws/src/rgbd_slam/src/main.cpp:7:
/usr/include/c++/4.8/bits/basic_string.h:2593:5: note: template<class _CharT, class _Traits, class _Alloc> bool std::operator<(const _CharT*, const std::basic_string<_CharT, _Traits, _Alloc>&)
     operator<(const _CharT* __lhs,
     ^
/usr/include/c++/4.8/bits/basic_string.h:2593:5: note:   template argument deduction/substitution failed:
/home/tuofeichen/SLAM/MAV-Project/catkin_ws/src/rgbd_slam/src/main.cpp:118:21: note:   mismatched types ‘const _CharT*’ and ‘int’
  for (int i = 0; i< srcMatches ; i++) 
                     ^
In file included from /usr/include/c++/4.8/string:52:0,
                 from /usr/include/c++/4.8/bits/locale_classes.h:40,
                 from /usr/include/c++/4.8/bits/ios_base.h:41,
                 from /usr/include/c++/4.8/ios:42,
                 from /usr/include/c++/4.8/ostream:38,
                 from /usr/include/c++/4.8/iostream:39,
                 from /home/tuofeichen/SLAM/MAV-Project/catkin_ws/src/rgbd_slam/src/main.cpp:7:
/usr/include/c++/4.8/bits/basic_string.h:2581:5: note: template<class _CharT, class _Traits, class _Alloc> bool std::operator<(const std::basic_string<_CharT, _Traits, _Alloc>&, const _CharT*)
     operator<(const basic_string<_CharT, _Traits, _Alloc>& __lhs,
     ^
/usr/include/c++/4.8/bits/basic_string.h:2581:5: note:   template argument deduction/substitution failed:
/home/tuofeichen/SLAM/MAV-Project/catkin_ws/src/rgbd_slam/src/main.cpp:118:21: note:   mismatched types ‘const std::basic_string<_CharT, _Traits, _Alloc>’ and ‘int’
  for (int i = 0; i< srcMatches ; i++) 
                     ^
In file included from /usr/include/c++/4.8/string:52:0,
                 from /usr/include/c++/4.8/bits/locale_classes.h:40,
                 from /usr/include/c++/4.8/bits/ios_base.h:41,
                 from /usr/include/c++/4.8/ios:42,
                 from /usr/include/c++/4.8/ostream:38,
                 from /usr/include/c++/4.8/iostream:39,
                 from /home/tuofeichen/SLAM/MAV-Project/catkin_ws/src/rgbd_slam/src/main.cpp:7:
/usr/include/c++/4.8/bits/basic_string.h:2569:5: note: template<class _CharT, class _Traits, class _Alloc> bool std::operator<(const std::basic_string<_CharT, _Traits, _Alloc>&, const std::basic_string<_CharT, _Traits, _Alloc>&)
     operator<(const basic_string<_CharT, _Traits, _Alloc>& __lhs,
     ^
/usr/include/c++/4.8/bits/basic_string.h:2569:5: note:   template argument deduction/substitution failed:
/home/tuofeichen/SLAM/MAV-Project/catkin_ws/src/rgbd_slam/src/main.cpp:118:21: note:   mismatched types ‘const std::basic_string<_CharT, _Traits, _Alloc>’ and ‘int’
  for (int i = 0; i< srcMatches ; i++) 
                     ^
In file included from /usr/include/c++/4.8/bits/stl_algobase.h:67:0,
                 from /usr/include/c++/4.8/bits/char_traits.h:39,
                 from /usr/include/c++/4.8/ios:40,
                 from /usr/include/c++/4.8/ostream:38,
                 from /usr/include/c++/4.8/iostream:39,
                 from /home/tuofeichen/SLAM/MAV-Project/catkin_ws/src/rgbd_slam/src/main.cpp:7:
/usr/include/c++/4.8/bits/stl_iterator.h:1061:5: note: template<class _Iterator> bool std::operator<(const std::move_iterator<_Iterator>&, const std::move_iterator<_Iterator>&)
     operator<(const move_iterator<_Iterator>& __x,
     ^
/usr/include/c++/4.8/bits/stl_iterator.h:1061:5: note:   template argument deduction/substitution failed:
/home/tuofeichen/SLAM/MAV-Project/catkin_ws/src/rgbd_slam/src/main.cpp:118:21: note:   mismatched types ‘const std::move_iterator<_Iterator>’ and ‘int’
  for (int i = 0; i< srcMatches ; i++) 
                     ^
In file included from /usr/include/c++/4.8/bits/stl_algobase.h:67:0,
                 from /usr/include/c++/4.8/bits/char_traits.h:39,
                 from /usr/include/c++/4.8/ios:40,
                 from /usr/include/c++/4.8/ostream:38,
                 from /usr/include/c++/4.8/iostream:39,
                 from /home/tuofeichen/SLAM/MAV-Project/catkin_ws/src/rgbd_slam/src/main.cpp:7:
/usr/include/c++/4.8/bits/stl_iterator.h:1055:5: note: template<class _IteratorL, class _IteratorR> bool std::operator<(const std::move_iterator<_Iterator>&, const std::move_iterator<_IteratorR>&)
     operator<(const move_iterator<_IteratorL>& __x,
     ^
/usr/include/c++/4.8/bits/stl_iterator.h:1055:5: note:   template argument deduction/substitution failed:
/home/tuofeichen/SLAM/MAV-Project/catkin_ws/src/rgbd_slam/src/main.cpp:118:21: note:   mismatched types ‘const std::move_iterator<_Iterator>’ and ‘int’
  for (int i = 0; i< srcMatches ; i++) 
                     ^
In file included from /usr/include/c++/4.8/bits/stl_algobase.h:67:0,
                 from /usr/include/c++/4.8/bits/char_traits.h:39,
                 from /usr/include/c++/4.8/ios:40,
                 from /usr/include/c++/4.8/ostream:38,
                 from /usr/include/c++/4.8/iostream:39,
                 from /home/tuofeichen/SLAM/MAV-Project/catkin_ws/src/rgbd_slam/src/main.cpp:7:
/usr/include/c++/4.8/bits/stl_iterator.h:347:5: note: template<class _IteratorL, class _IteratorR> bool std::operator<(const std::reverse_iterator<_Iterator>&, const std::reverse_iterator<_IteratorR>&)
     operator<(const reverse_iterator<_IteratorL>& __x,
     ^
/usr/include/c++/4.8/bits/stl_iterator.h:347:5: note:   template argument deduction/substitution failed:
/home/tuofeichen/SLAM/MAV-Project/catkin_ws/src/rgbd_slam/src/main.cpp:118:21: note:   mismatched types ‘const std::reverse_iterator<_Iterator>’ and ‘int’
  for (int i = 0; i< srcMatches ; i++) 
                     ^
In file included from /usr/include/c++/4.8/bits/stl_algobase.h:67:0,
                 from /usr/include/c++/4.8/bits/char_traits.h:39,
                 from /usr/include/c++/4.8/ios:40,
                 from /usr/include/c++/4.8/ostream:38,
                 from /usr/include/c++/4.8/iostream:39,
                 from /home/tuofeichen/SLAM/MAV-Project/catkin_ws/src/rgbd_slam/src/main.cpp:7:
/usr/include/c++/4.8/bits/stl_iterator.h:297:5: note: template<class _Iterator> bool std::operator<(const std::reverse_iterator<_Iterator>&, const std::reverse_iterator<_Iterator>&)
     operator<(const reverse_iterator<_Iterator>& __x,
     ^
/usr/include/c++/4.8/bits/stl_iterator.h:297:5: note:   template argument deduction/substitution failed:
/home/tuofeichen/SLAM/MAV-Project/catkin_ws/src/rgbd_slam/src/main.cpp:118:21: note:   mismatched types ‘const std::reverse_iterator<_Iterator>’ and ‘int’
  for (int i = 0; i< srcMatches ; i++) 
                     ^
In file included from /usr/include/c++/4.8/bits/stl_algobase.h:64:0,
                 from /usr/include/c++/4.8/bits/char_traits.h:39,
                 from /usr/include/c++/4.8/ios:40,
                 from /usr/include/c++/4.8/ostream:38,
                 from /usr/include/c++/4.8/iostream:39,
                 from /home/tuofeichen/SLAM/MAV-Project/catkin_ws/src/rgbd_slam/src/main.cpp:7:
/usr/include/c++/4.8/bits/stl_pair.h:220:5: note: template<class _T1, class _T2> constexpr bool std::operator<(const std::pair<_T1, _T2>&, const std::pair<_T1, _T2>&)
     operator<(const pair<_T1, _T2>& __x, const pair<_T1, _T2>& __y)
     ^
/usr/include/c++/4.8/bits/stl_pair.h:220:5: note:   template argument deduction/substitution failed:
/home/tuofeichen/SLAM/MAV-Project/catkin_ws/src/rgbd_slam/src/main.cpp:118:21: note:   mismatched types ‘const std::pair<_T1, _T2>’ and ‘int’
  for (int i = 0; i< srcMatches ; i++) 
                     ^
In file included from /usr/include/c++/4.8/bits/stl_algobase.h:67:0,
                 from /usr/include/c++/4.8/bits/char_traits.h:39,
                 from /usr/include/c++/4.8/ios:40,
                 from /usr/include/c++/4.8/ostream:38,
                 from /usr/include/c++/4.8/iostream:39,
                 from /home/tuofeichen/SLAM/MAV-Project/catkin_ws/src/rgbd_slam/src/main.cpp:7:
/usr/include/c++/4.8/bits/stl_iterator.h:836:5: note: template<class _Iterator, class _Container> bool __gnu_cxx::operator<(const __gnu_cxx::__normal_iterator<_Iterator, _Container>&, const __gnu_cxx::__normal_iterator<_Iterator, _Container>&)
     operator<(const __normal_iterator<_Iterator, _Container>& __lhs,
     ^
/usr/include/c++/4.8/bits/stl_iterator.h:836:5: note:   template argument deduction/substitution failed:
/home/tuofeichen/SLAM/MAV-Project/catkin_ws/src/rgbd_slam/src/main.cpp:118:21: note:   mismatched types ‘const __gnu_cxx::__normal_iterator<_Iterator, _Container>’ and ‘int’
  for (int i = 0; i< srcMatches ; i++) 
                     ^
In file included from /usr/include/c++/4.8/bits/stl_algobase.h:67:0,
                 from /usr/include/c++/4.8/bits/char_traits.h:39,
                 from /usr/include/c++/4.8/ios:40,
                 from /usr/include/c++/4.8/ostream:38,
                 from /usr/include/c++/4.8/iostream:39,
                 from /home/tuofeichen/SLAM/MAV-Project/catkin_ws/src/rgbd_slam/src/main.cpp:7:
/usr/include/c++/4.8/bits/stl_iterator.h:830:5: note: template<class _IteratorL, class _IteratorR, class _Container> bool __gnu_cxx::operator<(const __gnu_cxx::__normal_iterator<_IteratorL, _Container>&, const __gnu_cxx::__normal_iterator<_IteratorR, _Container>&)
     operator<(const __normal_iterator<_IteratorL, _Container>& __lhs,
     ^
/usr/include/c++/4.8/bits/stl_iterator.h:830:5: note:   template argument deduction/substitution failed:
/home/tuofeichen/SLAM/MAV-Project/catkin_ws/src/rgbd_slam/src/main.cpp:118:21: note:   mismatched types ‘const __gnu_cxx::__normal_iterator<_IteratorL, _Container>’ and ‘int’
  for (int i = 0; i< srcMatches ; i++) 
                     ^
/home/tuofeichen/SLAM/MAV-Project/catkin_ws/src/rgbd_slam/src/main.cpp: In function ‘int main(int, char**)’:
/home/tuofeichen/SLAM/MAV-Project/catkin_ws/src/rgbd_slam/src/main.cpp:260:59: warning: comparison between signed and unsigned integer expressions [-Wsign-compare]
   for (int i = 0;i< (frames[state].getKeypoints3D().size());i++)
                                                           ^
/home/tuofeichen/SLAM/MAV-Project/catkin_ws/src/rgbd_slam/src/main.cpp:406:59: warning: comparison between signed and unsigned integer expressions [-Wsign-compare]
   for (int i = 0;i< (frames[state].getKeypoints3D().size());i++)
                                                           ^
make[2]: *** [CMakeFiles/rgbd_slam.dir/src/main.cpp.o] Error 1
make[1]: *** [CMakeFiles/rgbd_slam.dir/all] Error 2
make: *** [all] Error 2
