[  0%] Built target roscpp_generate_messages_py
[  0%] Built target std_msgs_generate_messages_cpp
[  0%] Built target rosgraph_msgs_generate_messages_py
[35m[1mScanning dependencies of target frontend[0m
[  0%] Built target geometry_msgs_generate_messages_py
[  0%] Built target roscpp_generate_messages_lisp
[  0%] Built target geometry_msgs_generate_messages_cpp
[  0%] Built target roscpp_generate_messages_cpp
[  0%] Built target rosgraph_msgs_generate_messages_cpp
[  0%] Built target rosgraph_msgs_generate_messages_lisp
[  0%] Built target std_msgs_generate_messages_py
[  0%] Built target geometry_msgs_generate_messages_lisp
[  0%] Built target std_msgs_generate_messages_lisp
[  7%] [32mBuilding CXX object CMakeFiles/frontend.dir/src/VisualOdometry.cpp.o[0m
[ 14%] [32m[1mLinking CXX shared library /home/tuofeichen/SLAM/MAV-Project/catkin_ws/devel/lib/libfrontend.so[0m
[ 78%] Built target frontend
[35m[1mScanning dependencies of target rgbd_slam[0m
[ 85%] [32mBuilding CXX object CMakeFiles/rgbd_slam.dir/src/RosHandler.cpp.o[0m
[ 92%] [32m[1mLinking CXX executable /home/tuofeichen/SLAM/MAV-Project/catkin_ws/devel/lib/rgbd_slam/rgbd_slam[0m
[100%] Built target rgbd_slam
