[  0%] Built target std_msgs_generate_messages_cpp
[  0%] Built target roscpp_generate_messages_py
[  0%] Built target rosgraph_msgs_generate_messages_py
[  0%] Built target geometry_msgs_generate_messages_py
[  0%] Built target geometry_msgs_generate_messages_cpp
[  0%] Built target roscpp_generate_messages_lisp
[  0%] Built target roscpp_generate_messages_cpp
[  0%] Built target rosgraph_msgs_generate_messages_cpp
[  0%] Built target rosgraph_msgs_generate_messages_lisp
[  0%] Built target std_msgs_generate_messages_py
[ 78%] Built target frontend
[ 78%] Built target geometry_msgs_generate_messages_lisp
[ 78%] Built target std_msgs_generate_messages_lisp
[35m[1mScanning dependencies of target rgbd_slam[0m
[ 85%] [32mBuilding CXX object CMakeFiles/rgbd_slam.dir/src/main.cpp.o[0m
/home/tuofeichen/SLAM/MAV-Project/catkin_ws/src/rgbd_slam/src/main.cpp: In function ‘int main(int, char**)’:
/home/tuofeichen/SLAM/MAV-Project/catkin_ws/src/rgbd_slam/src/main.cpp:206:15: warning: variable ‘couldNotMatchCounter’ set but not used [-Wunused-but-set-variable]
  unsigned int couldNotMatchCounter = 0;
               ^
/home/tuofeichen/SLAM/MAV-Project/catkin_ws/src/rgbd_slam/src/main.cpp:298:21: warning: variable ‘dif’ set but not used [-Wunused-but-set-variable]
  double start, end, dif; // debug
                     ^
[ 92%] [32m[1mLinking CXX executable /home/tuofeichen/SLAM/MAV-Project/catkin_ws/devel/lib/rgbd_slam/rgbd_slam[0m
[100%] Built target rgbd_slam
