/home/tuofeichen/SLAM/MAV-Project/catkin_ws/src/rgbd_slam/src/main.cpp: In function ‘void testTransform()’:
/home/tuofeichen/SLAM/MAV-Project/catkin_ws/src/rgbd_slam/src/main.cpp:169:18: error: no match for ‘operator==’ (operand types are ‘cv::Size’ and ‘int’)
  if (map2.size() == 0){
                  ^
/home/tuofeichen/SLAM/MAV-Project/catkin_ws/src/rgbd_slam/src/main.cpp:169:18: note: candidates are:
In file included from /usr/include/c++/4.8/iosfwd:40:0,
                 from /usr/include/c++/4.8/ios:38,
                 from /usr/include/c++/4.8/ostream:38,
                 from /usr/include/c++/4.8/iostream:39,
                 from /home/tuofeichen/SLAM/MAV-Project/catkin_ws/src/rgbd_slam/src/main.cpp:7:
/usr/include/c++/4.8/bits/postypes.h:216:5: note: template<class _StateT> bool std::operator==(const std::fpos<_StateT>&, const std::fpos<_StateT>&)
     operator==(const fpos<_StateT>& __lhs, const fpos<_StateT>& __rhs)
     ^
/usr/include/c++/4.8/bits/postypes.h:216:5: note:   template argument deduction/substitution failed:
/home/tuofeichen/SLAM/MAV-Project/catkin_ws/src/rgbd_slam/src/main.cpp:169:21: note:   ‘cv::Size’ is not derived from ‘const std::fpos<_StateT>’
  if (map2.size() == 0){
                     ^
In file included from /usr/include/c++/4.8/bits/stl_algobase.h:64:0,
                 from /usr/include/c++/4.8/bits/char_traits.h:39,
                 from /usr/include/c++/4.8/ios:40,
                 from /usr/include/c++/4.8/ostream:38,
                 from /usr/include/c++/4.8/iostream:39,
                 from /home/tuofeichen/SLAM/MAV-Project/catkin_ws/src/rgbd_slam/src/main.cpp:7:
/usr/include/c++/4.8/bits/stl_pair.h:214:5: note: template<class _T1, class _T2> constexpr bool std::operator==(const std::pair<_T1, _T2>&, const std::pair<_T1, _T2>&)
     operator==(const pair<_T1, _T2>& __x, const pair<_T1, _T2>& __y)
     ^
/usr/include/c++/4.8/bits/stl_pair.h:214:5: note:   template argument deduction/substitution failed:
/home/tuofeichen/SLAM/MAV-Project/catkin_ws/src/rgbd_slam/src/main.cpp:169:21: note:   ‘cv::Size’ is not derived from ‘const std::pair<_T1, _T2>’
  if (map2.size() == 0){
                     ^
In file included from /usr/include/c++/4.8/bits/stl_algobase.h:67:0,
                 from /usr/include/c++/4.8/bits/char_traits.h:39,
                 from /usr/include/c++/4.8/ios:40,
                 from /usr/include/c++/4.8/ostream:38,
                 from /usr/include/c++/4.8/iostream:39,
                 from /home/tuofeichen/SLAM/MAV-Project/catkin_ws/src/rgbd_slam/src/main.cpp:7:
/usr/include/c++/4.8/bits/stl_iterator.h:291:5: note: template<class _Iterator> bool std::operator==(const std::reverse_iterator<_Iterator>&, const std::reverse_iterator<_Iterator>&)
     operator==(const reverse_iterator<_Iterator>& __x,
     ^
/usr/include/c++/4.8/bits/stl_iterator.h:291:5: note:   template argument deduction/substitution failed:
/home/tuofeichen/SLAM/MAV-Project/catkin_ws/src/rgbd_slam/src/main.cpp:169:21: note:   ‘cv::Size’ is not derived from ‘const std::reverse_iterator<_Iterator>’
  if (map2.size() == 0){
                     ^
In file included from /usr/include/c++/4.8/bits/stl_algobase.h:67:0,
                 from /usr/include/c++/4.8/bits/char_traits.h:39,
                 from /usr/include/c++/4.8/ios:40,
                 from /usr/include/c++/4.8/ostream:38,
                 from /usr/include/c++/4.8/iostream:39,
                 from /home/tuofeichen/SLAM/MAV-Project/catkin_ws/src/rgbd_slam/src/main.cpp:7:
/usr/include/c++/4.8/bits/stl_iterator.h:341:5: note: template<class _IteratorL, class _IteratorR> bool std::operator==(const std::reverse_iterator<_Iterator>&, const std::reverse_iterator<_IteratorR>&)
     operator==(const reverse_iterator<_IteratorL>& __x,
     ^
/usr/include/c++/4.8/bits/stl_iterator.h:341:5: note:   template argument deduction/substitution failed:
/home/tuofeichen/SLAM/MAV-Project/catkin_ws/src/rgbd_slam/src/main.cpp:169:21: note:   ‘cv::Size’ is not derived from ‘const std::reverse_iterator<_Iterator>’
  if (map2.size() == 0){
                     ^
In file included from /usr/include/c++/4.8/bits/stl_algobase.h:67:0,
                 from /usr/include/c++/4.8/bits/char_traits.h:39,
                 from /usr/include/c++/4.8/ios:40,
                 from /usr/include/c++/4.8/ostream:38,
                 from /usr/include/c++/4.8/iostream:39,
                 from /home/tuofeichen/SLAM/MAV-Project/catkin_ws/src/rgbd_slam/src/main.cpp:7:
/usr/include/c++/4.8/bits/stl_iterator.h:1031:5: note: template<class _IteratorL, class _IteratorR> bool std::operator==(const std::move_iterator<_Iterator>&, const std::move_iterator<_IteratorR>&)
     operator==(const move_iterator<_IteratorL>& __x,
     ^
/usr/include/c++/4.8/bits/stl_iterator.h:1031:5: note:   template argument deduction/substitution failed:
/home/tuofeichen/SLAM/MAV-Project/catkin_ws/src/rgbd_slam/src/main.cpp:169:21: note:   ‘cv::Size’ is not derived from ‘const std::move_iterator<_Iterator>’
  if (map2.size() == 0){
                     ^
In file included from /usr/include/c++/4.8/bits/stl_algobase.h:67:0,
                 from /usr/include/c++/4.8/bits/char_traits.h:39,
                 from /usr/include/c++/4.8/ios:40,
                 from /usr/include/c++/4.8/ostream:38,
                 from /usr/include/c++/4.8/iostream:39,
                 from /home/tuofeichen/SLAM/MAV-Project/catkin_ws/src/rgbd_slam/src/main.cpp:7:
/usr/include/c++/4.8/bits/stl_iterator.h:1037:5: note: template<class _Iterator> bool std::operator==(const std::move_iterator<_Iterator>&, const std::move_iterator<_Iterator>&)
     operator==(const move_iterator<_Iterator>& __x,
     ^
/usr/include/c++/4.8/bits/stl_iterator.h:1037:5: note:   template argument deduction/substitution failed:
/home/tuofeichen/SLAM/MAV-Project/catkin_ws/src/rgbd_slam/src/main.cpp:169:21: note:   ‘cv::Size’ is not derived from ‘const std::move_iterator<_Iterator>’
  if (map2.size() == 0){
                     ^
In file included from /usr/include/c++/4.8/string:41:0,
                 from /usr/include/c++/4.8/bits/locale_classes.h:40,
                 from /usr/include/c++/4.8/bits/ios_base.h:41,
                 from /usr/include/c++/4.8/ios:42,
                 from /usr/include/c++/4.8/ostream:38,
                 from /usr/include/c++/4.8/iostream:39,
                 from /home/tuofeichen/SLAM/MAV-Project/catkin_ws/src/rgbd_slam/src/main.cpp:7:
/usr/include/c++/4.8/bits/allocator.h:128:5: note: template<class _T1, class _T2> bool std::operator==(const std::allocator<_CharT>&, const std::allocator<_T2>&)
     operator==(const allocator<_T1>&, const allocator<_T2>&)
     ^
/usr/include/c++/4.8/bits/allocator.h:128:5: note:   template argument deduction/substitution failed:
/home/tuofeichen/SLAM/MAV-Project/catkin_ws/src/rgbd_slam/src/main.cpp:169:21: note:   ‘cv::Size’ is not derived from ‘const std::allocator<_CharT>’
  if (map2.size() == 0){
                     ^
In file included from /usr/include/c++/4.8/string:41:0,
                 from /usr/include/c++/4.8/bits/locale_classes.h:40,
                 from /usr/include/c++/4.8/bits/ios_base.h:41,
                 from /usr/include/c++/4.8/ios:42,
                 from /usr/include/c++/4.8/ostream:38,
                 from /usr/include/c++/4.8/iostream:39,
                 from /home/tuofeichen/SLAM/MAV-Project/catkin_ws/src/rgbd_slam/src/main.cpp:7:
/usr/include/c++/4.8/bits/allocator.h:133:5: note: template<class _Tp> bool std::operator==(const std::allocator<_CharT>&, const std::allocator<_CharT>&)
     operator==(const allocator<_Tp>&, const allocator<_Tp>&)
     ^
/usr/include/c++/4.8/bits/allocator.h:133:5: note:   template argument deduction/substitution failed:
/home/tuofeichen/SLAM/MAV-Project/catkin_ws/src/rgbd_slam/src/main.cpp:169:21: note:   ‘cv::Size’ is not derived from ‘const std::allocator<_CharT>’
  if (map2.size() == 0){
                     ^
In file included from /usr/include/c++/4.8/string:52:0,
                 from /usr/include/c++/4.8/bits/locale_classes.h:40,
                 from /usr/include/c++/4.8/bits/ios_base.h:41,
                 from /usr/include/c++/4.8/ios:42,
                 from /usr/include/c++/4.8/ostream:38,
                 from /usr/include/c++/4.8/iostream:39,
                 from /home/tuofeichen/SLAM/MAV-Project/catkin_ws/src/rgbd_slam/src/main.cpp:7:
/usr/include/c++/4.8/bits/basic_string.h:2486:5: note: template<class _CharT, class _Traits, class _Alloc> bool std::operator==(const std::basic_string<_CharT, _Traits, _Alloc>&, const std::basic_string<_CharT, _Traits, _Alloc>&)
     operator==(const basic_string<_CharT, _Traits, _Alloc>& __lhs,
     ^
/usr/include/c++/4.8/bits/basic_string.h:2486:5: note:   template argument deduction/substitution failed:
/home/tuofeichen/SLAM/MAV-Project/catkin_ws/src/rgbd_slam/src/main.cpp:169:21: note:   ‘cv::Size’ is not derived from ‘const std::basic_string<_CharT, _Traits, _Alloc>’
  if (map2.size() == 0){
                     ^
In file included from /usr/include/c++/4.8/string:52:0,
                 from /usr/include/c++/4.8/bits/locale_classes.h:40,
                 from /usr/include/c++/4.8/bits/ios_base.h:41,
                 from /usr/include/c++/4.8/ios:42,
                 from /usr/include/c++/4.8/ostream:38,
                 from /usr/include/c++/4.8/iostream:39,
                 from /home/tuofeichen/SLAM/MAV-Project/catkin_ws/src/rgbd_slam/src/main.cpp:7:
/usr/include/c++/4.8/bits/basic_string.h:2493:5: note: template<class _CharT> typename __gnu_cxx::__enable_if<std::__is_char<_Tp>::__value, bool>::__type std::operator==(const std::basic_string<_CharT>&, const std::basic_string<_CharT>&)
     operator==(const basic_string<_CharT>& __lhs,
     ^
/usr/include/c++/4.8/bits/basic_string.h:2493:5: note:   template argument deduction/substitution failed:
/home/tuofeichen/SLAM/MAV-Project/catkin_ws/src/rgbd_slam/src/main.cpp:169:21: note:   ‘cv::Size’ is not derived from ‘const std::basic_string<_CharT>’
  if (map2.size() == 0){
                     ^
In file included from /usr/include/c++/4.8/string:52:0,
                 from /usr/include/c++/4.8/bits/locale_classes.h:40,
                 from /usr/include/c++/4.8/bits/ios_base.h:41,
                 from /usr/include/c++/4.8/ios:42,
                 from /usr/include/c++/4.8/ostream:38,
                 from /usr/include/c++/4.8/iostream:39,
                 from /home/tuofeichen/SLAM/MAV-Project/catkin_ws/src/rgbd_slam/src/main.cpp:7:
/usr/include/c++/4.8/bits/basic_string.h:2507:5: note: template<class _CharT, class _Traits, class _Alloc> bool std::operator==(const _CharT*, const std::basic_string<_CharT, _Traits, _Alloc>&)
     operator==(const _CharT* __lhs,
     ^
/usr/include/c++/4.8/bits/basic_string.h:2507:5: note:   template argument deduction/substitution failed:
/home/tuofeichen/SLAM/MAV-Project/catkin_ws/src/rgbd_slam/src/main.cpp:169:21: note:   mismatched types ‘const _CharT*’ and ‘cv::Size_<int>’
  if (map2.size() == 0){
                     ^
In file included from /usr/include/c++/4.8/string:52:0,
                 from /usr/include/c++/4.8/bits/locale_classes.h:40,
                 from /usr/include/c++/4.8/bits/ios_base.h:41,
                 from /usr/include/c++/4.8/ios:42,
                 from /usr/include/c++/4.8/ostream:38,
                 from /usr/include/c++/4.8/iostream:39,
                 from /home/tuofeichen/SLAM/MAV-Project/catkin_ws/src/rgbd_slam/src/main.cpp:7:
/usr/include/c++/4.8/bits/basic_string.h:2519:5: note: template<class _CharT, class _Traits, class _Alloc> bool std::operator==(const std::basic_string<_CharT, _Traits, _Alloc>&, const _CharT*)
     operator==(const basic_string<_CharT, _Traits, _Alloc>& __lhs,
     ^
/usr/include/c++/4.8/bits/basic_string.h:2519:5: note:   template argument deduction/substitution failed:
/home/tuofeichen/SLAM/MAV-Project/catkin_ws/src/rgbd_slam/src/main.cpp:169:21: note:   ‘cv::Size’ is not derived from ‘const std::basic_string<_CharT, _Traits, _Alloc>’
  if (map2.size() == 0){
                     ^
In file included from /usr/include/c++/4.8/bits/locale_facets.h:48:0,
                 from /usr/include/c++/4.8/bits/basic_ios.h:37,
                 from /usr/include/c++/4.8/ios:44,
                 from /usr/include/c++/4.8/ostream:38,
                 from /usr/include/c++/4.8/iostream:39,
                 from /home/tuofeichen/SLAM/MAV-Project/catkin_ws/src/rgbd_slam/src/main.cpp:7:
/usr/include/c++/4.8/bits/streambuf_iterator.h:204:5: note: template<class _CharT, class _Traits> bool std::operator==(const std::istreambuf_iterator<_CharT, _Traits>&, const std::istreambuf_iterator<_CharT, _Traits>&)
     operator==(const istreambuf_iterator<_CharT, _Traits>& __a,
     ^
/usr/include/c++/4.8/bits/streambuf_iterator.h:204:5: note:   template argument deduction/substitution failed:
/home/tuofeichen/SLAM/MAV-Project/catkin_ws/src/rgbd_slam/src/main.cpp:169:21: note:   ‘cv::Size’ is not derived from ‘const std::istreambuf_iterator<_CharT, _Traits>’
  if (map2.size() == 0){
                     ^
In file included from /usr/include/c++/4.8/vector:64:0,
                 from /usr/include/c++/4.8/bits/random.h:34,
                 from /usr/include/c++/4.8/random:50,
                 from /usr/include/c++/4.8/bits/stl_algo.h:65,
                 from /usr/include/c++/4.8/algorithm:62,
                 from /usr/include/boost/math/tools/config.hpp:16,
                 from /usr/include/boost/math/special_functions/round.hpp:13,
                 from /opt/ros/indigo/include/ros/time.h:58,
                 from /opt/ros/indigo/include/ros/ros.h:38,
                 from /home/tuofeichen/SLAM/MAV-Project/catkin_ws/src/rgbd_slam/include/RosHandler.h:4,
                 from /home/tuofeichen/SLAM/MAV-Project/catkin_ws/src/rgbd_slam/src/main.cpp:10:
/usr/include/c++/4.8/bits/stl_vector.h:1404:5: note: template<class _Tp, class _Alloc> bool std::operator==(const std::vector<_Tp, _Alloc>&, const std::vector<_Tp, _Alloc>&)
     operator==(const vector<_Tp, _Alloc>& __x, const vector<_Tp, _Alloc>& __y)
     ^
/usr/include/c++/4.8/bits/stl_vector.h:1404:5: note:   template argument deduction/substitution failed:
/home/tuofeichen/SLAM/MAV-Project/catkin_ws/src/rgbd_slam/src/main.cpp:169:21: note:   ‘cv::Size’ is not derived from ‘const std::vector<_Tp, _Alloc>’
  if (map2.size() == 0){
                     ^
In file included from /usr/include/c++/4.8/random:52:0,
                 from /usr/include/c++/4.8/bits/stl_algo.h:65,
                 from /usr/include/c++/4.8/algorithm:62,
                 from /usr/include/boost/math/tools/config.hpp:16,
                 from /usr/include/boost/math/special_functions/round.hpp:13,
                 from /opt/ros/indigo/include/ros/time.h:58,
                 from /opt/ros/indigo/include/ros/ros.h:38,
                 from /home/tuofeichen/SLAM/MAV-Project/catkin_ws/src/rgbd_slam/include/RosHandler.h:4,
                 from /home/tuofeichen/SLAM/MAV-Project/catkin_ws/src/rgbd_slam/src/main.cpp:10:
/usr/include/c++/4.8/bits/random.tcc:2030:5: note: template<class _RealType1> bool std::operator==(const std::normal_distribution<_RealType>&, const std::normal_distribution<_RealType>&)
     operator==(const std::normal_distribution<_RealType>& __d1,
     ^
/usr/include/c++/4.8/bits/random.tcc:2030:5: note:   template argument deduction/substitution failed:
/home/tuofeichen/SLAM/MAV-Project/catkin_ws/src/rgbd_slam/src/main.cpp:169:21: note:   ‘cv::Size’ is not derived from ‘const std::normal_distribution<_RealType>’
  if (map2.size() == 0){
                     ^
In file included from /usr/include/c++/4.8/tuple:39:0,
                 from /usr/include/c++/4.8/functional:55,
                 from /usr/include/c++/4.8/bits/stl_algo.h:66,
                 from /usr/include/c++/4.8/algorithm:62,
                 from /usr/include/boost/math/tools/config.hpp:16,
                 from /usr/include/boost/math/special_functions/round.hpp:13,
                 from /opt/ros/indigo/include/ros/time.h:58,
                 from /opt/ros/indigo/include/ros/ros.h:38,
                 from /home/tuofeichen/SLAM/MAV-Project/catkin_ws/src/rgbd_slam/include/RosHandler.h:4,
                 from /home/tuofeichen/SLAM/MAV-Project/catkin_ws/src/rgbd_slam/src/main.cpp:10:
/usr/include/c++/4.8/array:228:5: note: template<class _Tp, long unsigned int _Nm> bool std::operator==(const std::array<_Tp, _Nm>&, const std::array<_Tp, _Nm>&)
     operator==(const array<_Tp, _Nm>& __one, const array<_Tp, _Nm>& __two)
     ^
/usr/include/c++/4.8/array:228:5: note:   template argument deduction/substitution failed:
/home/tuofeichen/SLAM/MAV-Project/catkin_ws/src/rgbd_slam/src/main.cpp:169:21: note:   ‘cv::Size’ is not derived from ‘const std::array<_Tp, _Nm>’
  if (map2.size() == 0){
                     ^
In file included from /usr/include/c++/4.8/functional:55:0,
                 from /usr/include/c++/4.8/bits/stl_algo.h:66,
                 from /usr/include/c++/4.8/algorithm:62,
                 from /usr/include/boost/math/tools/config.hpp:16,
                 from /usr/include/boost/math/special_functions/round.hpp:13,
                 from /opt/ros/indigo/include/ros/time.h:58,
                 from /opt/ros/indigo/include/ros/ros.h:38,
                 from /home/tuofeichen/SLAM/MAV-Project/catkin_ws/src/rgbd_slam/include/RosHandler.h:4,
                 from /home/tuofeichen/SLAM/MAV-Project/catkin_ws/src/rgbd_slam/src/main.cpp:10:
/usr/include/c++/4.8/tuple:813:5: note: template<class ... _TElements, class ... _UElements> constexpr bool std::operator==(const std::tuple<_Elements ...>&, const std::tuple<_Elements ...>&)
     operator==(const tuple<_TElements...>& __t,
     ^
/usr/include/c++/4.8/tuple:813:5: note:   template argument deduction/substitution failed:
/home/tuofeichen/SLAM/MAV-Project/catkin_ws/src/rgbd_slam/src/main.cpp:169:21: note:   ‘cv::Size’ is not derived from ‘const std::tuple<_Elements ...>’
  if (map2.size() == 0){
                     ^
In file included from /usr/include/c++/4.8/bits/stl_algo.h:66:0,
                 from /usr/include/c++/4.8/algorithm:62,
                 from /usr/include/boost/math/tools/config.hpp:16,
                 from /usr/include/boost/math/special_functions/round.hpp:13,
                 from /opt/ros/indigo/include/ros/time.h:58,
                 from /opt/ros/indigo/include/ros/ros.h:38,
                 from /home/tuofeichen/SLAM/MAV-Project/catkin_ws/src/rgbd_slam/include/RosHandler.h:4,
                 from /home/tuofeichen/SLAM/MAV-Project/catkin_ws/src/rgbd_slam/src/main.cpp:10:
/usr/include/c++/4.8/functional:2537:5: note: template<class _Res, class ... _Args> bool std::operator==(const std::function<_Res(_ArgTypes ...)>&, std::nullptr_t)
     operator==(const function<_Res(_Args...)>& __f, nullptr_t) noexcept
     ^
/usr/include/c++/4.8/functional:2537:5: note:   template argument deduction/substitution failed:
/home/tuofeichen/SLAM/MAV-Project/catkin_ws/src/rgbd_slam/src/main.cpp:169:21: note:   ‘cv::Size’ is not derived from ‘const std::function<_Res(_ArgTypes ...)>’
  if (map2.size() == 0){
                     ^
In file included from /usr/include/c++/4.8/bits/stl_algo.h:66:0,
                 from /usr/include/c++/4.8/algorithm:62,
                 from /usr/include/boost/math/tools/config.hpp:16,
                 from /usr/include/boost/math/special_functions/round.hpp:13,
                 from /opt/ros/indigo/include/ros/time.h:58,
                 from /opt/ros/indigo/include/ros/ros.h:38,
                 from /home/tuofeichen/SLAM/MAV-Project/catkin_ws/src/rgbd_slam/include/RosHandler.h:4,
                 from /home/tuofeichen/SLAM/MAV-Project/catkin_ws/src/rgbd_slam/src/main.cpp:10:
/usr/include/c++/4.8/functional:2543:5: note: template<class _Res, class ... _Args> bool std::operator==(std::nullptr_t, const std::function<_Res(_ArgTypes ...)>&)
     operator==(nullptr_t, const function<_Res(_Args...)>& __f) noexcept
     ^
/usr/include/c++/4.8/functional:2543:5: note:   template argument deduction/substitution failed:
/home/tuofeichen/SLAM/MAV-Project/catkin_ws/src/rgbd_slam/src/main.cpp:169:21: note:   cannot convert ‘cv::MatSize::operator()() const()’ (type ‘cv::Size’) to type ‘std::nullptr_t’
  if (map2.size() == 0){
                     ^
In file included from /usr/include/boost/config/no_tr1/complex.hpp:21:0,
                 from /usr/include/boost/math/policies/error_handling.hpp:15,
                 from /usr/include/boost/math/special_functions/round.hpp:14,
                 from /opt/ros/indigo/include/ros/time.h:58,
                 from /opt/ros/indigo/include/ros/ros.h:38,
                 from /home/tuofeichen/SLAM/MAV-Project/catkin_ws/src/rgbd_slam/include/RosHandler.h:4,
                 from /home/tuofeichen/SLAM/MAV-Project/catkin_ws/src/rgbd_slam/src/main.cpp:10:
/usr/include/c++/4.8/complex:456:5: note: template<class _Tp> constexpr bool std::operator==(const std::complex<_Tp>&, const std::complex<_Tp>&)
     operator==(const complex<_Tp>& __x, const complex<_Tp>& __y)
     ^
/usr/include/c++/4.8/complex:456:5: note:   template argument deduction/substitution failed:
/home/tuofeichen/SLAM/MAV-Project/catkin_ws/src/rgbd_slam/src/main.cpp:169:21: note:   ‘cv::Size’ is not derived from ‘const std::complex<_Tp>’
  if (map2.size() == 0){
                     ^
In file included from /usr/include/boost/config/no_tr1/complex.hpp:21:0,
                 from /usr/include/boost/math/policies/error_handling.hpp:15,
                 from /usr/include/boost/math/special_functions/round.hpp:14,
                 from /opt/ros/indigo/include/ros/time.h:58,
                 from /opt/ros/indigo/include/ros/ros.h:38,
                 from /home/tuofeichen/SLAM/MAV-Project/catkin_ws/src/rgbd_slam/include/RosHandler.h:4,
                 from /home/tuofeichen/SLAM/MAV-Project/catkin_ws/src/rgbd_slam/src/main.cpp:10:
/usr/include/c++/4.8/complex:461:5: note: template<class _Tp> constexpr bool std::operator==(const std::complex<_Tp>&, const _Tp&)
     operator==(const complex<_Tp>& __x, const _Tp& __y)
     ^
/usr/include/c++/4.8/complex:461:5: note:   template argument deduction/substitution failed:
/home/tuofeichen/SLAM/MAV-Project/catkin_ws/src/rgbd_slam/src/main.cpp:169:21: note:   ‘cv::Size’ is not derived from ‘const std::complex<_Tp>’
  if (map2.size() == 0){
                     ^
In file included from /usr/include/boost/config/no_tr1/complex.hpp:21:0,
                 from /usr/include/boost/math/policies/error_handling.hpp:15,
                 from /usr/include/boost/math/special_functions/round.hpp:14,
                 from /opt/ros/indigo/include/ros/time.h:58,
                 from /opt/ros/indigo/include/ros/ros.h:38,
                 from /home/tuofeichen/SLAM/MAV-Project/catkin_ws/src/rgbd_slam/include/RosHandler.h:4,
                 from /home/tuofeichen/SLAM/MAV-Project/catkin_ws/src/rgbd_slam/src/main.cpp:10:
/usr/include/c++/4.8/complex:466:5: note: template<class _Tp> constexpr bool std::operator==(const _Tp&, const std::complex<_Tp>&)
     operator==(const _Tp& __x, const complex<_Tp>& __y)
     ^
/usr/include/c++/4.8/complex:466:5: note:   template argument deduction/substitution failed:
/home/tuofeichen/SLAM/MAV-Project/catkin_ws/src/rgbd_slam/src/main.cpp:169:21: note:   mismatched types ‘const std::complex<_Tp>’ and ‘int’
  if (map2.size() == 0){
                     ^
In file included from /usr/include/c++/4.8/memory:81:0,
                 from /usr/include/boost/config/no_tr1/memory.hpp:21,
                 from /usr/include/boost/smart_ptr/shared_ptr.hpp:27,
                 from /usr/include/boost/shared_ptr.hpp:17,
                 from /usr/include/boost/format/alt_sstream.hpp:21,
                 from /usr/include/boost/format/internals.hpp:23,
                 from /usr/include/boost/format.hpp:38,
                 from /usr/include/boost/math/policies/error_handling.hpp:31,
                 from /usr/include/boost/math/special_functions/round.hpp:14,
                 from /opt/ros/indigo/include/ros/time.h:58,
                 from /opt/ros/indigo/include/ros/ros.h:38,
                 from /home/tuofeichen/SLAM/MAV-Project/catkin_ws/src/rgbd_slam/include/RosHandler.h:4,
                 from /home/tuofeichen/SLAM/MAV-Project/catkin_ws/src/rgbd_slam/src/main.cpp:10:
/usr/include/c++/4.8/bits/unique_ptr.h:489:5: note: template<class _Tp, class _Dp, class _Up, class _Ep> bool std::operator==(const std::unique_ptr<_Tp, _Dp>&, const std::unique_ptr<_Up, _Ep>&)
     operator==(const unique_ptr<_Tp, _Dp>& __x,
     ^
/usr/include/c++/4.8/bits/unique_ptr.h:489:5: note:   template argument deduction/substitution failed:
/home/tuofeichen/SLAM/MAV-Project/catkin_ws/src/rgbd_slam/src/main.cpp:169:21: note:   ‘cv::Size’ is not derived from ‘const std::unique_ptr<_Tp, _Dp>’
  if (map2.size() == 0){
                     ^
In file included from /usr/include/c++/4.8/memory:81:0,
                 from /usr/include/boost/config/no_tr1/memory.hpp:21,
                 from /usr/include/boost/smart_ptr/shared_ptr.hpp:27,
                 from /usr/include/boost/shared_ptr.hpp:17,
                 from /usr/include/boost/format/alt_sstream.hpp:21,
                 from /usr/include/boost/format/internals.hpp:23,
                 from /usr/include/boost/format.hpp:38,
                 from /usr/include/boost/math/policies/error_handling.hpp:31,
                 from /usr/include/boost/math/special_functions/round.hpp:14,
                 from /opt/ros/indigo/include/ros/time.h:58,
                 from /opt/ros/indigo/include/ros/ros.h:38,
                 from /home/tuofeichen/SLAM/MAV-Project/catkin_ws/src/rgbd_slam/include/RosHandler.h:4,
                 from /home/tuofeichen/SLAM/MAV-Project/catkin_ws/src/rgbd_slam/src/main.cpp:10:
/usr/include/c++/4.8/bits/unique_ptr.h:495:5: note: template<class _Tp, class _Dp> bool std::operator==(const std::unique_ptr<_Tp, _Dp>&, std::nullptr_t)
     operator==(const unique_ptr<_Tp, _Dp>& __x, nullptr_t) noexcept
     ^
/usr/include/c++/4.8/bits/unique_ptr.h:495:5: note:   template argument deduction/substitution failed:
/home/tuofeichen/SLAM/MAV-Project/catkin_ws/src/rgbd_slam/src/main.cpp:169:21: note:   ‘cv::Size’ is not derived from ‘const std::unique_ptr<_Tp, _Dp>’
  if (map2.size() == 0){
                     ^
In file included from /usr/include/c++/4.8/memory:81:0,
                 from /usr/include/boost/config/no_tr1/memory.hpp:21,
                 from /usr/include/boost/smart_ptr/shared_ptr.hpp:27,
                 from /usr/include/boost/shared_ptr.hpp:17,
                 from /usr/include/boost/format/alt_sstream.hpp:21,
                 from /usr/include/boost/format/internals.hpp:23,
                 from /usr/include/boost/format.hpp:38,
                 from /usr/include/boost/math/policies/error_handling.hpp:31,
                 from /usr/include/boost/math/special_functions/round.hpp:14,
                 from /opt/ros/indigo/include/ros/time.h:58,
                 from /opt/ros/indigo/include/ros/ros.h:38,
                 from /home/tuofeichen/SLAM/MAV-Project/catkin_ws/src/rgbd_slam/include/RosHandler.h:4,
                 from /home/tuofeichen/SLAM/MAV-Project/catkin_ws/src/rgbd_slam/src/main.cpp:10:
/usr/include/c++/4.8/bits/unique_ptr.h:500:5: note: template<class _Tp, class _Dp> bool std::operator==(std::nullptr_t, const std::unique_ptr<_Tp, _Dp>&)
     operator==(nullptr_t, const unique_ptr<_Tp, _Dp>& __x) noexcept
     ^
/usr/include/c++/4.8/bits/unique_ptr.h:500:5: note:   template argument deduction/substitution failed:
/home/tuofeichen/SLAM/MAV-Project/catkin_ws/src/rgbd_slam/src/main.cpp:169:21: note:   cannot convert ‘cv::MatSize::operator()() const()’ (type ‘cv::Size’) to type ‘std::nullptr_t’
  if (map2.size() == 0){
                     ^
In file included from /usr/include/c++/4.8/bits/shared_ptr.h:52:0,
                 from /usr/include/c++/4.8/memory:82,
                 from /usr/include/boost/config/no_tr1/memory.hpp:21,
                 from /usr/include/boost/smart_ptr/shared_ptr.hpp:27,
                 from /usr/include/boost/shared_ptr.hpp:17,
                 from /usr/include/boost/format/alt_sstream.hpp:21,
                 from /usr/include/boost/format/internals.hpp:23,
                 from /usr/include/boost/format.hpp:38,
                 from /usr/include/boost/math/policies/error_handling.hpp:31,
                 from /usr/include/boost/math/special_functions/round.hpp:14,
                 from /opt/ros/indigo/include/ros/time.h:58,
                 from /opt/ros/indigo/include/ros/ros.h:38,
                 from /home/tuofeichen/SLAM/MAV-Project/catkin_ws/src/rgbd_slam/include/RosHandler.h:4,
                 from /home/tuofeichen/SLAM/MAV-Project/catkin_ws/src/rgbd_slam/src/main.cpp:10:
/usr/include/c++/4.8/bits/shared_ptr_base.h:1029:5: note: template<class _Tp1, class _Tp2, __gnu_cxx::_Lock_policy _Lp> bool std::operator==(const std::__shared_ptr<_Tp1, _Lp>&, const std::__shared_ptr<_Tp2, _Lp>&)
     operator==(const __shared_ptr<_Tp1, _Lp>& __a,
     ^
/usr/include/c++/4.8/bits/shared_ptr_base.h:1029:5: note:   template argument deduction/substitution failed:
/home/tuofeichen/SLAM/MAV-Project/catkin_ws/src/rgbd_slam/src/main.cpp:169:21: note:   ‘cv::Size’ is not derived from ‘const std::__shared_ptr<_Tp1, _Lp>’
  if (map2.size() == 0){
                     ^
In file included from /usr/include/c++/4.8/bits/shared_ptr.h:52:0,
                 from /usr/include/c++/4.8/memory:82,
                 from /usr/include/boost/config/no_tr1/memory.hpp:21,
                 from /usr/include/boost/smart_ptr/shared_ptr.hpp:27,
                 from /usr/include/boost/shared_ptr.hpp:17,
                 from /usr/include/boost/format/alt_sstream.hpp:21,
                 from /usr/include/boost/format/internals.hpp:23,
                 from /usr/include/boost/format.hpp:38,
                 from /usr/include/boost/math/policies/error_handling.hpp:31,
                 from /usr/include/boost/math/special_functions/round.hpp:14,
                 from /opt/ros/indigo/include/ros/time.h:58,
                 from /opt/ros/indigo/include/ros/ros.h:38,
                 from /home/tuofeichen/SLAM/MAV-Project/catkin_ws/src/rgbd_slam/include/RosHandler.h:4,
                 from /home/tuofeichen/SLAM/MAV-Project/catkin_ws/src/rgbd_slam/src/main.cpp:10:
/usr/include/c++/4.8/bits/shared_ptr_base.h:1035:5: note: template<class _Tp, __gnu_cxx::_Lock_policy _Lp> bool std::operator==(const std::__shared_ptr<_Tp, _Lp>&, std::nullptr_t)
     operator==(const __shared_ptr<_Tp, _Lp>& __a, nullptr_t) noexcept
     ^
/usr/include/c++/4.8/bits/shared_ptr_base.h:1035:5: note:   template argument deduction/substitution failed:
/home/tuofeichen/SLAM/MAV-Project/catkin_ws/src/rgbd_slam/src/main.cpp:169:21: note:   ‘cv::Size’ is not derived from ‘const std::__shared_ptr<_Tp, _Lp>’
  if (map2.size() == 0){
                     ^
In file included from /usr/include/c++/4.8/bits/shared_ptr.h:52:0,
                 from /usr/include/c++/4.8/memory:82,
                 from /usr/include/boost/config/no_tr1/memory.hpp:21,
                 from /usr/include/boost/smart_ptr/shared_ptr.hpp:27,
                 from /usr/include/boost/shared_ptr.hpp:17,
                 from /usr/include/boost/format/alt_sstream.hpp:21,
                 from /usr/include/boost/format/internals.hpp:23,
                 from /usr/include/boost/format.hpp:38,
                 from /usr/include/boost/math/policies/error_handling.hpp:31,
                 from /usr/include/boost/math/special_functions/round.hpp:14,
                 from /opt/ros/indigo/include/ros/time.h:58,
                 from /opt/ros/indigo/include/ros/ros.h:38,
                 from /home/tuofeichen/SLAM/MAV-Project/catkin_ws/src/rgbd_slam/include/RosHandler.h:4,
                 from /home/tuofeichen/SLAM/MAV-Project/catkin_ws/src/rgbd_slam/src/main.cpp:10:
/usr/include/c++/4.8/bits/shared_ptr_base.h:1040:5: note: template<class _Tp, __gnu_cxx::_Lock_policy _Lp> bool std::operator==(std::nullptr_t, const std::__shared_ptr<_Tp, _Lp>&)
     operator==(nullptr_t, const __shared_ptr<_Tp, _Lp>& __a) noexcept
     ^
/usr/include/c++/4.8/bits/shared_ptr_base.h:1040:5: note:   template argument deduction/substitution failed:
/home/tuofeichen/SLAM/MAV-Project/catkin_ws/src/rgbd_slam/src/main.cpp:169:21: note:   cannot convert ‘cv::MatSize::operator()() const()’ (type ‘cv::Size’) to type ‘std::nullptr_t’
  if (map2.size() == 0){
                     ^
In file included from /usr/include/c++/4.8/memory:82:0,
                 from /usr/include/boost/config/no_tr1/memory.hpp:21,
                 from /usr/include/boost/smart_ptr/shared_ptr.hpp:27,
                 from /usr/include/boost/shared_ptr.hpp:17,
                 from /usr/include/boost/format/alt_sstream.hpp:21,
                 from /usr/include/boost/format/internals.hpp:23,
                 from /usr/include/boost/format.hpp:38,
                 from /usr/include/boost/math/policies/error_handling.hpp:31,
                 from /usr/include/boost/math/special_functions/round.hpp:14,
                 from /opt/ros/indigo/include/ros/time.h:58,
                 from /opt/ros/indigo/include/ros/ros.h:38,
                 from /home/tuofeichen/SLAM/MAV-Project/catkin_ws/src/rgbd_slam/include/RosHandler.h:4,
                 from /home/tuofeichen/SLAM/MAV-Project/catkin_ws/src/rgbd_slam/src/main.cpp:10:
/usr/include/c++/4.8/bits/shared_ptr.h:327:5: note: template<class _Tp1, class _Tp2> bool std::operator==(const std::shared_ptr<_Tp1>&, const std::shared_ptr<_Tp2>&)
     operator==(const shared_ptr<_Tp1>& __a,
     ^
/usr/include/c++/4.8/bits/shared_ptr.h:327:5: note:   template argument deduction/substitution failed:
/home/tuofeichen/SLAM/MAV-Project/catkin_ws/src/rgbd_slam/src/main.cpp:169:21: note:   ‘cv::Size’ is not derived from ‘const std::shared_ptr<_Tp1>’
  if (map2.size() == 0){
                     ^
In file included from /usr/include/c++/4.8/memory:82:0,
                 from /usr/include/boost/config/no_tr1/memory.hpp:21,
                 from /usr/include/boost/smart_ptr/shared_ptr.hpp:27,
                 from /usr/include/boost/shared_ptr.hpp:17,
                 from /usr/include/boost/format/alt_sstream.hpp:21,
                 from /usr/include/boost/format/internals.hpp:23,
                 from /usr/include/boost/format.hpp:38,
                 from /usr/include/boost/math/policies/error_handling.hpp:31,
                 from /usr/include/boost/math/special_functions/round.hpp:14,
                 from /opt/ros/indigo/include/ros/time.h:58,
                 from /opt/ros/indigo/include/ros/ros.h:38,
                 from /home/tuofeichen/SLAM/MAV-Project/catkin_ws/src/rgbd_slam/include/RosHandler.h:4,
                 from /home/tuofeichen/SLAM/MAV-Project/catkin_ws/src/rgbd_slam/src/main.cpp:10:
/usr/include/c++/4.8/bits/shared_ptr.h:333:5: note: template<class _Tp> bool std::operator==(const std::shared_ptr<_Tp1>&, std::nullptr_t)
     operator==(const shared_ptr<_Tp>& __a, nullptr_t) noexcept
     ^
/usr/include/c++/4.8/bits/shared_ptr.h:333:5: note:   template argument deduction/substitution failed:
/home/tuofeichen/SLAM/MAV-Project/catkin_ws/src/rgbd_slam/src/main.cpp:169:21: note:   ‘cv::Size’ is not derived from ‘const std::shared_ptr<_Tp1>’
  if (map2.size() == 0){
                     ^
In file included from /usr/include/c++/4.8/memory:82:0,
                 from /usr/include/boost/config/no_tr1/memory.hpp:21,
                 from /usr/include/boost/smart_ptr/shared_ptr.hpp:27,
                 from /usr/include/boost/shared_ptr.hpp:17,
                 from /usr/include/boost/format/alt_sstream.hpp:21,
                 from /usr/include/boost/format/internals.hpp:23,
                 from /usr/include/boost/format.hpp:38,
                 from /usr/include/boost/math/policies/error_handling.hpp:31,
                 from /usr/include/boost/math/special_functions/round.hpp:14,
                 from /opt/ros/indigo/include/ros/time.h:58,
                 from /opt/ros/indigo/include/ros/ros.h:38,
                 from /home/tuofeichen/SLAM/MAV-Project/catkin_ws/src/rgbd_slam/include/RosHandler.h:4,
                 from /home/tuofeichen/SLAM/MAV-Project/catkin_ws/src/rgbd_slam/src/main.cpp:10:
/usr/include/c++/4.8/bits/shared_ptr.h:338:5: note: template<class _Tp> bool std::operator==(std::nullptr_t, const std::shared_ptr<_Tp1>&)
     operator==(nullptr_t, const shared_ptr<_Tp>& __a) noexcept
     ^
/usr/include/c++/4.8/bits/shared_ptr.h:338:5: note:   template argument deduction/substitution failed:
/home/tuofeichen/SLAM/MAV-Project/catkin_ws/src/rgbd_slam/src/main.cpp:169:21: note:   cannot convert ‘cv::MatSize::operator()() const()’ (type ‘cv::Size’) to type ‘std::nullptr_t’
  if (map2.size() == 0){
                     ^
In file included from /usr/include/c++/4.8/map:60:0,
                 from /opt/ros/indigo/include/ros/console.h:42,
                 from /opt/ros/indigo/include/ros/ros.h:40,
                 from /home/tuofeichen/SLAM/MAV-Project/catkin_ws/src/rgbd_slam/include/RosHandler.h:4,
                 from /home/tuofeichen/SLAM/MAV-Project/catkin_ws/src/rgbd_slam/src/main.cpp:10:
/usr/include/c++/4.8/bits/stl_tree.h:310:5: note: template<class _Val> bool std::operator==(const std::_Rb_tree_iterator<_Tp>&, const std::_Rb_tree_const_iterator<_Val>&)
     operator==(const _Rb_tree_iterator<_Val>& __x,
     ^
/usr/include/c++/4.8/bits/stl_tree.h:310:5: note:   template argument deduction/substitution failed:
/home/tuofeichen/SLAM/MAV-Project/catkin_ws/src/rgbd_slam/src/main.cpp:169:21: note:   ‘cv::Size’ is not derived from ‘const std::_Rb_tree_iterator<_Tp>’
  if (map2.size() == 0){
                     ^
In file included from /usr/include/c++/4.8/map:60:0,
                 from /opt/ros/indigo/include/ros/console.h:42,
                 from /opt/ros/indigo/include/ros/ros.h:40,
                 from /home/tuofeichen/SLAM/MAV-Project/catkin_ws/src/rgbd_slam/include/RosHandler.h:4,
                 from /home/tuofeichen/SLAM/MAV-Project/catkin_ws/src/rgbd_slam/src/main.cpp:10:
/usr/include/c++/4.8/bits/stl_tree.h:907:5: note: template<class _Key, class _Val, class _KeyOfValue, class _Compare, class _Alloc> bool std::operator==(const std::_Rb_tree<_Key, _Val, _KeyOfValue, _Compare, _Alloc>&, const std::_Rb_tree<_Key, _Val, _KeyOfValue, _Compare, _Alloc>&)
     operator==(const _Rb_tree<_Key, _Val, _KeyOfValue, _Compare, _Alloc>& __x,
     ^
/usr/include/c++/4.8/bits/stl_tree.h:907:5: note:   template argument deduction/substitution failed:
/home/tuofeichen/SLAM/MAV-Project/catkin_ws/src/rgbd_slam/src/main.cpp:169:21: note:   ‘cv::Size’ is not derived from ‘const std::_Rb_tree<_Key, _Val, _KeyOfValue, _Compare, _Alloc>’
  if (map2.size() == 0){
                     ^
In file included from /usr/include/c++/4.8/map:61:0,
                 from /opt/ros/indigo/include/ros/console.h:42,
                 from /opt/ros/indigo/include/ros/ros.h:40,
                 from /home/tuofeichen/SLAM/MAV-Project/catkin_ws/src/rgbd_slam/include/RosHandler.h:4,
                 from /home/tuofeichen/SLAM/MAV-Project/catkin_ws/src/rgbd_slam/src/main.cpp:10:
/usr/include/c++/4.8/bits/stl_map.h:962:5: note: template<class _Key, class _Tp, class _Compare, class _Alloc> bool std::operator==(const std::map<_Key, _Tp, _Compare, _Alloc>&, const std::map<_Key, _Tp, _Compare, _Alloc>&)
     operator==(const map<_Key, _Tp, _Compare, _Alloc>& __x,
     ^
/usr/include/c++/4.8/bits/stl_map.h:962:5: note:   template argument deduction/substitution failed:
/home/tuofeichen/SLAM/MAV-Project/catkin_ws/src/rgbd_slam/src/main.cpp:169:21: note:   ‘cv::Size’ is not derived from ‘const std::map<_Key, _Tp, _Compare, _Alloc>’
  if (map2.size() == 0){
                     ^
In file included from /usr/include/c++/4.8/map:62:0,
                 from /opt/ros/indigo/include/ros/console.h:42,
                 from /opt/ros/indigo/include/ros/ros.h:40,
                 from /home/tuofeichen/SLAM/MAV-Project/catkin_ws/src/rgbd_slam/include/RosHandler.h:4,
                 from /home/tuofeichen/SLAM/MAV-Project/catkin_ws/src/rgbd_slam/src/main.cpp:10:
/usr/include/c++/4.8/bits/stl_multimap.h:864:5: note: template<class _Key, class _Tp, class _Compare, class _Alloc> bool std::operator==(const std::multimap<_Key, _Tp, _Compare, _Alloc>&, const std::multimap<_Key, _Tp, _Compare, _Alloc>&)
     operator==(const multimap<_Key, _Tp, _Compare, _Alloc>& __x,
     ^
/usr/include/c++/4.8/bits/stl_multimap.h:864:5: note:   template argument deduction/substitution failed:
/home/tuofeichen/SLAM/MAV-Project/catkin_ws/src/rgbd_slam/src/main.cpp:169:21: note:   ‘cv::Size’ is not derived from ‘const std::multimap<_Key, _Tp, _Compare, _Alloc>’
  if (map2.size() == 0){
                     ^
In file included from /usr/include/c++/4.8/set:61:0,
                 from /opt/ros/indigo/include/ros/forwards.h:34,
                 from /opt/ros/indigo/include/ros/common.h:37,
                 from /opt/ros/indigo/include/ros/ros.h:43,
                 from /home/tuofeichen/SLAM/MAV-Project/catkin_ws/src/rgbd_slam/include/RosHandler.h:4,
                 from /home/tuofeichen/SLAM/MAV-Project/catkin_ws/src/rgbd_slam/src/main.cpp:10:
/usr/include/c++/4.8/bits/stl_set.h:754:5: note: template<class _Key, class _Compare, class _Alloc> bool std::operator==(const std::set<_Key, _Compare, _Alloc>&, const std::set<_Key, _Compare, _Alloc>&)
     operator==(const set<_Key, _Compare, _Alloc>& __x,
     ^
/usr/include/c++/4.8/bits/stl_set.h:754:5: note:   template argument deduction/substitution failed:
/home/tuofeichen/SLAM/MAV-Project/catkin_ws/src/rgbd_slam/src/main.cpp:169:21: note:   ‘cv::Size’ is not derived from ‘const std::set<_Key, _Compare, _Alloc>’
  if (map2.size() == 0){
                     ^
In file included from /usr/include/c++/4.8/set:62:0,
                 from /opt/ros/indigo/include/ros/forwards.h:34,
                 from /opt/ros/indigo/include/ros/common.h:37,
                 from /opt/ros/indigo/include/ros/ros.h:43,
                 from /home/tuofeichen/SLAM/MAV-Project/catkin_ws/src/rgbd_slam/include/RosHandler.h:4,
                 from /home/tuofeichen/SLAM/MAV-Project/catkin_ws/src/rgbd_slam/src/main.cpp:10:
/usr/include/c++/4.8/bits/stl_multiset.h:739:5: note: template<class _Key, class _Compare, class _Alloc> bool std::operator==(const std::multiset<_Key, _Compare, _Alloc>&, const std::multiset<_Key, _Compare, _Alloc>&)
     operator==(const multiset<_Key, _Compare, _Alloc>& __x,
     ^
/usr/include/c++/4.8/bits/stl_multiset.h:739:5: note:   template argument deduction/substitution failed:
/home/tuofeichen/SLAM/MAV-Project/catkin_ws/src/rgbd_slam/src/main.cpp:169:21: note:   ‘cv::Size’ is not derived from ‘const std::multiset<_Key, _Compare, _Alloc>’
  if (map2.size() == 0){
                     ^
In file included from /usr/include/c++/4.8/list:63:0,
                 from /opt/ros/indigo/include/ros/forwards.h:35,
                 from /opt/ros/indigo/include/ros/common.h:37,
                 from /opt/ros/indigo/include/ros/ros.h:43,
                 from /home/tuofeichen/SLAM/MAV-Project/catkin_ws/src/rgbd_slam/include/RosHandler.h:4,
                 from /home/tuofeichen/SLAM/MAV-Project/catkin_ws/src/rgbd_slam/src/main.cpp:10:
/usr/include/c++/4.8/bits/stl_list.h:276:5: note: template<class _Val> bool std::operator==(const std::_List_iterator<_Tp>&, const std::_List_const_iterator<_Val>&)
     operator==(const _List_iterator<_Val>& __x,
     ^
/usr/include/c++/4.8/bits/stl_list.h:276:5: note:   template argument deduction/substitution failed:
/home/tuofeichen/SLAM/MAV-Project/catkin_ws/src/rgbd_slam/src/main.cpp:169:21: note:   ‘cv::Size’ is not derived from ‘const std::_List_iterator<_Tp>’
  if (map2.size() == 0){
                     ^
In file included from /usr/include/c++/4.8/list:63:0,
                 from /opt/ros/indigo/include/ros/forwards.h:35,
                 from /opt/ros/indigo/include/ros/common.h:37,
                 from /opt/ros/indigo/include/ros/ros.h:43,
                 from /home/tuofeichen/SLAM/MAV-Project/catkin_ws/src/rgbd_slam/include/RosHandler.h:4,
                 from /home/tuofeichen/SLAM/MAV-Project/catkin_ws/src/rgbd_slam/src/main.cpp:10:
/usr/include/c++/4.8/bits/stl_list.h:1602:5: note: template<class _Tp, class _Alloc> bool std::operator==(const std::list<_Tp, _Alloc>&, const std::list<_Tp, _Alloc>&)
     operator==(const list<_Tp, _Alloc>& __x, const list<_Tp, _Alloc>& __y)
     ^
/usr/include/c++/4.8/bits/stl_list.h:1602:5: note:   template argument deduction/substitution failed:
/home/tuofeichen/SLAM/MAV-Project/catkin_ws/src/rgbd_slam/src/main.cpp:169:21: note:   ‘cv::Size’ is not derived from ‘const std::list<_Tp, _Alloc>’
  if (map2.size() == 0){
                     ^
In file included from /usr/include/c++/4.8/iterator:66:0,
                 from /usr/include/boost/detail/iterator.hpp:54,
                 from /usr/include/boost/array.hpp:48,
                 from /opt/ros/indigo/include/ros/message.h:38,
                 from /opt/ros/indigo/include/ros/publisher.h:33,
                 from /opt/ros/indigo/include/ros/node_handle.h:32,
                 from /opt/ros/indigo/include/ros/ros.h:45,
                 from /home/tuofeichen/SLAM/MAV-Project/catkin_ws/src/rgbd_slam/include/RosHandler.h:4,
                 from /home/tuofeichen/SLAM/MAV-Project/catkin_ws/src/rgbd_slam/src/main.cpp:10:
/usr/include/c++/4.8/bits/stream_iterator.h:130:5: note: template<class _Tp, class _CharT, class _Traits, class _Dist> bool std::operator==(const std::istream_iterator<_Tp, _CharT, _Traits, _Dist>&, const std::istream_iterator<_Tp, _CharT, _Traits, _Dist>&)
     operator==(const istream_iterator<_Tp, _CharT, _Traits, _Dist>& __x,
     ^
/usr/include/c++/4.8/bits/stream_iterator.h:130:5: note:   template argument deduction/substitution failed:
/home/tuofeichen/SLAM/MAV-Project/catkin_ws/src/rgbd_slam/src/main.cpp:169:21: note:   ‘cv::Size’ is not derived from ‘const std::istream_iterator<_Tp, _CharT, _Traits, _Dist>’
  if (map2.size() == 0){
                     ^
In file included from /usr/include/c++/4.8/deque:64:0,
                 from /usr/include/boost/detail/container_fwd.hpp:91,
                 from /usr/include/boost/functional/hash/extensions.hpp:17,
                 from /usr/include/boost/functional/hash/hash.hpp:529,
                 from /usr/include/boost/functional/hash.hpp:6,
                 from /usr/include/boost/thread/detail/thread.hpp:37,
                 from /usr/include/boost/thread/thread_only.hpp:22,
                 from /usr/include/boost/thread/thread.hpp:12,
                 from /usr/include/boost/thread.hpp:13,
                 from /home/tuofeichen/SLAM/MAV-Project/catkin_ws/src/rgbd_slam/src/main.cpp:12:
/usr/include/c++/4.8/bits/stl_deque.h:247:5: note: template<class _Tp, class _Ref, class _Ptr> bool std::operator==(const std::_Deque_iterator<_Tp, _Ref, _Ptr>&, const std::_Deque_iterator<_Tp, _Ref, _Ptr>&)
     operator==(const _Deque_iterator<_Tp, _Ref, _Ptr>& __x,
     ^
/usr/include/c++/4.8/bits/stl_deque.h:247:5: note:   template argument deduction/substitution failed:
/home/tuofeichen/SLAM/MAV-Project/catkin_ws/src/rgbd_slam/src/main.cpp:169:21: note:   ‘cv::Size’ is not derived from ‘const std::_Deque_iterator<_Tp, _Ref, _Ptr>’
  if (map2.size() == 0){
                     ^
In file included from /usr/include/c++/4.8/deque:64:0,
                 from /usr/include/boost/detail/container_fwd.hpp:91,
                 from /usr/include/boost/functional/hash/extensions.hpp:17,
                 from /usr/include/boost/functional/hash/hash.hpp:529,
                 from /usr/include/boost/functional/hash.hpp:6,
                 from /usr/include/boost/thread/detail/thread.hpp:37,
                 from /usr/include/boost/thread/thread_only.hpp:22,
                 from /usr/include/boost/thread/thread.hpp:12,
                 from /usr/include/boost/thread.hpp:13,
                 from /home/tuofeichen/SLAM/MAV-Project/catkin_ws/src/rgbd_slam/src/main.cpp:12:
/usr/include/c++/4.8/bits/stl_deque.h:254:5: note: template<class _Tp, class _RefL, class _PtrL, class _RefR, class _PtrR> bool std::operator==(const std::_Deque_iterator<_Tp, _Ref, _Ptr>&, const std::_Deque_iterator<_Tp, _RefR, _PtrR>&)
     operator==(const _Deque_iterator<_Tp, _RefL, _PtrL>& __x,
     ^
/usr/include/c++/4.8/bits/stl_deque.h:254:5: note:   template argument deduction/substitution failed:
/home/tuofeichen/SLAM/MAV-Project/catkin_ws/src/rgbd_slam/src/main.cpp:169:21: note:   ‘cv::Size’ is not derived from ‘const std::_Deque_iterator<_Tp, _Ref, _Ptr>’
  if (map2.size() == 0){
                     ^
In file included from /usr/include/c++/4.8/deque:64:0,
                 from /usr/include/boost/detail/container_fwd.hpp:91,
                 from /usr/include/boost/functional/hash/extensions.hpp:17,
                 from /usr/include/boost/functional/hash/hash.hpp:529,
                 from /usr/include/boost/functional/hash.hpp:6,
                 from /usr/include/boost/thread/detail/thread.hpp:37,
                 from /usr/include/boost/thread/thread_only.hpp:22,
                 from /usr/include/boost/thread/thread.hpp:12,
                 from /usr/include/boost/thread.hpp:13,
                 from /home/tuofeichen/SLAM/MAV-Project/catkin_ws/src/rgbd_slam/src/main.cpp:12:
/usr/include/c++/4.8/bits/stl_deque.h:1957:5: note: template<class _Tp, class _Alloc> bool std::operator==(const std::deque<_Tp, _Alloc>&, const std::deque<_Tp, _Alloc>&)
     operator==(const deque<_Tp, _Alloc>& __x,
     ^
/usr/include/c++/4.8/bits/stl_deque.h:1957:5: note:   template argument deduction/substitution failed:
/home/tuofeichen/SLAM/MAV-Project/catkin_ws/src/rgbd_slam/src/main.cpp:169:21: note:   ‘cv::Size’ is not derived from ‘const std::deque<_Tp, _Alloc>’
  if (map2.size() == 0){
                     ^
In file included from /opt/opencv3/include/opencv2/core/utility.hpp:886:0,
                 from /opt/opencv3/include/opencv2/core.hpp:3108,
                 from /home/tuofeichen/SLAM/MAV-Project/catkin_ws/src/rgbd_slam/src/Frame.h:13,
                 from /home/tuofeichen/SLAM/MAV-Project/catkin_ws/src/rgbd_slam/src/VisualOdometry.h:11,
                 from /home/tuofeichen/SLAM/MAV-Project/catkin_ws/src/rgbd_slam/src/main.cpp:17:
/opt/opencv3/include/opencv2/core/core_c.h:3134:36: note: template<class _Tp> bool cv::operator==(const cv::SeqIterator<_Tp>&, const cv::SeqIterator<_Tp>&)
 template<typename _Tp> inline bool operator == (const SeqIterator<_Tp>& a,
                                    ^
/opt/opencv3/include/opencv2/core/core_c.h:3134:36: note:   template argument deduction/substitution failed:
/home/tuofeichen/SLAM/MAV-Project/catkin_ws/src/rgbd_slam/src/main.cpp:169:21: note:   ‘cv::Size’ is not derived from ‘const cv::SeqIterator<_Tp>’
  if (map2.size() == 0){
                     ^
In file included from /opt/opencv3/include/opencv2/core.hpp:60:0,
                 from /home/tuofeichen/SLAM/MAV-Project/catkin_ws/src/rgbd_slam/src/Frame.h:13,
                 from /home/tuofeichen/SLAM/MAV-Project/catkin_ws/src/rgbd_slam/src/VisualOdometry.h:11,
                 from /home/tuofeichen/SLAM/MAV-Project/catkin_ws/src/rgbd_slam/src/main.cpp:17:
/opt/opencv3/include/opencv2/core/persistence.hpp:1139:6: note: bool cv::operator==(const cv::FileNodeIterator&, const cv::FileNodeIterator&)
 bool operator == (const FileNodeIterator& it1, const FileNodeIterator& it2)
      ^
/opt/opencv3/include/opencv2/core/persistence.hpp:1139:6: note:   no known conversion for argument 1 from ‘cv::Size’ to ‘const cv::FileNodeIterator&’
In file included from /opt/opencv3/include/opencv2/core/mat.hpp:3396:0,
                 from /opt/opencv3/include/opencv2/core.hpp:59,
                 from /home/tuofeichen/SLAM/MAV-Project/catkin_ws/src/rgbd_slam/src/Frame.h:13,
                 from /home/tuofeichen/SLAM/MAV-Project/catkin_ws/src/rgbd_slam/src/VisualOdometry.h:11,
                 from /home/tuofeichen/SLAM/MAV-Project/catkin_ws/src/rgbd_slam/src/main.cpp:17:
/opt/opencv3/include/opencv2/core/mat.inl.hpp:2671:6: note: bool cv::operator==(const cv::SparseMatConstIterator&, const cv::SparseMatConstIterator&)
 bool operator == (const SparseMatConstIterator& it1, const SparseMatConstIterator& it2)
      ^
/opt/opencv3/include/opencv2/core/mat.inl.hpp:2671:6: note:   no known conversion for argument 1 from ‘cv::Size’ to ‘const cv::SparseMatConstIterator&’
/opt/opencv3/include/opencv2/core/mat.inl.hpp:2582:6: note: template<class _Tp> bool cv::operator==(const cv::MatIterator_<_Tp>&, const cv::MatIterator_<_Tp>&)
 bool operator == (const MatIterator_<_Tp>& a, const MatIterator_<_Tp>& b)
      ^
/opt/opencv3/include/opencv2/core/mat.inl.hpp:2582:6: note:   template argument deduction/substitution failed:
/home/tuofeichen/SLAM/MAV-Project/catkin_ws/src/rgbd_slam/src/main.cpp:169:21: note:   ‘cv::Size’ is not derived from ‘const cv::MatIterator_<_Tp>’
  if (map2.size() == 0){
                     ^
In file included from /opt/opencv3/include/opencv2/core/mat.hpp:3396:0,
                 from /opt/opencv3/include/opencv2/core.hpp:59,
                 from /home/tuofeichen/SLAM/MAV-Project/catkin_ws/src/rgbd_slam/src/Frame.h:13,
                 from /home/tuofeichen/SLAM/MAV-Project/catkin_ws/src/rgbd_slam/src/VisualOdometry.h:11,
                 from /home/tuofeichen/SLAM/MAV-Project/catkin_ws/src/rgbd_slam/src/main.cpp:17:
/opt/opencv3/include/opencv2/core/mat.inl.hpp:2445:6: note: template<class _Tp> bool cv::operator==(const cv::MatConstIterator_<_Tp>&, const cv::MatConstIterator_<_Tp>&)
 bool operator == (const MatConstIterator_<_Tp>& a, const MatConstIterator_<_Tp>& b)
      ^
/opt/opencv3/include/opencv2/core/mat.inl.hpp:2445:6: note:   template argument deduction/substitution failed:
/home/tuofeichen/SLAM/MAV-Project/catkin_ws/src/rgbd_slam/src/main.cpp:169:21: note:   ‘cv::Size’ is not derived from ‘const cv::MatConstIterator_<_Tp>’
  if (map2.size() == 0){
                     ^
In file included from /opt/opencv3/include/opencv2/core/mat.hpp:3396:0,
                 from /opt/opencv3/include/opencv2/core.hpp:59,
                 from /home/tuofeichen/SLAM/MAV-Project/catkin_ws/src/rgbd_slam/src/Frame.h:13,
                 from /home/tuofeichen/SLAM/MAV-Project/catkin_ws/src/rgbd_slam/src/VisualOdometry.h:11,
                 from /home/tuofeichen/SLAM/MAV-Project/catkin_ws/src/rgbd_slam/src/main.cpp:17:
/opt/opencv3/include/opencv2/core/mat.inl.hpp:2262:6: note: bool cv::operator==(const cv::MatConstIterator&, const cv::MatConstIterator&)
 bool operator == (const MatConstIterator& a, const MatConstIterator& b)
      ^
/opt/opencv3/include/opencv2/core/mat.inl.hpp:2262:6: note:   no known conversion for argument 1 from ‘cv::Size’ to ‘const cv::MatConstIterator&’
In file included from /opt/opencv3/include/opencv2/core.hpp:59:0,
                 from /home/tuofeichen/SLAM/MAV-Project/catkin_ws/src/rgbd_slam/src/Frame.h:13,
                 from /home/tuofeichen/SLAM/MAV-Project/catkin_ws/src/rgbd_slam/src/VisualOdometry.h:11,
                 from /home/tuofeichen/SLAM/MAV-Project/catkin_ws/src/rgbd_slam/src/main.cpp:17:
/opt/opencv3/include/opencv2/core/mat.hpp:3338:20: note: cv::MatExpr cv::operator==(double, const cv::Mat&)
 CV_EXPORTS MatExpr operator == (double s, const Mat& a);
                    ^
/opt/opencv3/include/opencv2/core/mat.hpp:3338:20: note:   no known conversion for argument 1 from ‘cv::Size’ to ‘double’
/opt/opencv3/include/opencv2/core/mat.hpp:3337:20: note: cv::MatExpr cv::operator==(const cv::Mat&, double)
 CV_EXPORTS MatExpr operator == (const Mat& a, double s);
                    ^
/opt/opencv3/include/opencv2/core/mat.hpp:3337:20: note:   no known conversion for argument 1 from ‘cv::Size’ to ‘const cv::Mat&’
/opt/opencv3/include/opencv2/core/mat.hpp:3336:20: note: cv::MatExpr cv::operator==(const cv::Mat&, const cv::Mat&)
 CV_EXPORTS MatExpr operator == (const Mat& a, const Mat& b);
                    ^
/opt/opencv3/include/opencv2/core/mat.hpp:3336:20: note:   no known conversion for argument 1 from ‘cv::Size’ to ‘const cv::Mat&’
In file included from /opt/opencv3/include/opencv2/core.hpp:58:0,
                 from /home/tuofeichen/SLAM/MAV-Project/catkin_ws/src/rgbd_slam/src/Frame.h:13,
                 from /home/tuofeichen/SLAM/MAV-Project/catkin_ws/src/rgbd_slam/src/VisualOdometry.h:11,
                 from /home/tuofeichen/SLAM/MAV-Project/catkin_ws/src/rgbd_slam/src/main.cpp:17:
/opt/opencv3/include/opencv2/core/types.hpp:2038:6: note: template<class _Tp> bool cv::operator==(const cv::Scalar_<_Tp>&, const cv::Scalar_<_Tp>&)
 bool operator == ( const Scalar_<_Tp>& a, const Scalar_<_Tp>& b )
      ^
/opt/opencv3/include/opencv2/core/types.hpp:2038:6: note:   template argument deduction/substitution failed:
/home/tuofeichen/SLAM/MAV-Project/catkin_ws/src/rgbd_slam/src/main.cpp:169:21: note:   ‘cv::Size’ is not derived from ‘const cv::Scalar_<_Tp>’
  if (map2.size() == 0){
                     ^
In file included from /opt/opencv3/include/opencv2/core.hpp:58:0,
                 from /home/tuofeichen/SLAM/MAV-Project/catkin_ws/src/rgbd_slam/src/Frame.h:13,
                 from /home/tuofeichen/SLAM/MAV-Project/catkin_ws/src/rgbd_slam/src/VisualOdometry.h:11,
                 from /home/tuofeichen/SLAM/MAV-Project/catkin_ws/src/rgbd_slam/src/main.cpp:17:
/opt/opencv3/include/opencv2/core/types.hpp:1879:6: note: bool cv::operator==(const cv::Range&, const cv::Range&)
 bool operator == (const Range& r1, const Range& r2)
      ^
/opt/opencv3/include/opencv2/core/types.hpp:1879:6: note:   no known conversion for argument 1 from ‘cv::Size’ to ‘const cv::Range&’
/opt/opencv3/include/opencv2/core/types.hpp:1792:6: note: template<class _Tp> bool cv::operator==(const cv::Rect_<_Tp>&, const cv::Rect_<_Tp>&)
 bool operator == (const Rect_<_Tp>& a, const Rect_<_Tp>& b)
      ^
/opt/opencv3/include/opencv2/core/types.hpp:1792:6: note:   template argument deduction/substitution failed:
/home/tuofeichen/SLAM/MAV-Project/catkin_ws/src/rgbd_slam/src/main.cpp:169:21: note:   ‘cv::Size’ is not derived from ‘const cv::Rect_<_Tp>’
  if (map2.size() == 0){
                     ^
In file included from /opt/opencv3/include/opencv2/core.hpp:58:0,
                 from /home/tuofeichen/SLAM/MAV-Project/catkin_ws/src/rgbd_slam/src/Frame.h:13,
                 from /home/tuofeichen/SLAM/MAV-Project/catkin_ws/src/rgbd_slam/src/VisualOdometry.h:11,
                 from /home/tuofeichen/SLAM/MAV-Project/catkin_ws/src/rgbd_slam/src/main.cpp:17:
/opt/opencv3/include/opencv2/core/types.hpp:1646:6: note: template<class _Tp> bool cv::operator==(const cv::Size_<_Tp>&, const cv::Size_<_Tp>&)
 bool operator == (const Size_<_Tp>& a, const Size_<_Tp>& b)
      ^
/opt/opencv3/include/opencv2/core/types.hpp:1646:6: note:   template argument deduction/substitution failed:
/home/tuofeichen/SLAM/MAV-Project/catkin_ws/src/rgbd_slam/src/main.cpp:169:21: note:   mismatched types ‘const cv::Size_<_Tp>’ and ‘int’
  if (map2.size() == 0){
                     ^
In file included from /opt/opencv3/include/opencv2/core.hpp:58:0,
                 from /home/tuofeichen/SLAM/MAV-Project/catkin_ws/src/rgbd_slam/src/Frame.h:13,
                 from /home/tuofeichen/SLAM/MAV-Project/catkin_ws/src/rgbd_slam/src/VisualOdometry.h:11,
                 from /home/tuofeichen/SLAM/MAV-Project/catkin_ws/src/rgbd_slam/src/main.cpp:17:
/opt/opencv3/include/opencv2/core/types.hpp:1440:6: note: template<class _Tp> bool cv::operator==(const cv::Point3_<_Tp>&, const cv::Point3_<_Tp>&)
 bool operator == (const Point3_<_Tp>& a, const Point3_<_Tp>& b)
      ^
/opt/opencv3/include/opencv2/core/types.hpp:1440:6: note:   template argument deduction/substitution failed:
/home/tuofeichen/SLAM/MAV-Project/catkin_ws/src/rgbd_slam/src/main.cpp:169:21: note:   ‘cv::Size’ is not derived from ‘const cv::Point3_<_Tp>’
  if (map2.size() == 0){
                     ^
In file included from /opt/opencv3/include/opencv2/core.hpp:58:0,
                 from /home/tuofeichen/SLAM/MAV-Project/catkin_ws/src/rgbd_slam/src/Frame.h:13,
                 from /home/tuofeichen/SLAM/MAV-Project/catkin_ws/src/rgbd_slam/src/VisualOdometry.h:11,
                 from /home/tuofeichen/SLAM/MAV-Project/catkin_ws/src/rgbd_slam/src/main.cpp:17:
/opt/opencv3/include/opencv2/core/types.hpp:1196:6: note: template<class _Tp> bool cv::operator==(const cv::Point_<_Tp>&, const cv::Point_<_Tp>&)
 bool operator == (const Point_<_Tp>& a, const Point_<_Tp>& b)
      ^
/opt/opencv3/include/opencv2/core/types.hpp:1196:6: note:   template argument deduction/substitution failed:
/home/tuofeichen/SLAM/MAV-Project/catkin_ws/src/rgbd_slam/src/main.cpp:169:21: note:   ‘cv::Size’ is not derived from ‘const cv::Point_<_Tp>’
  if (map2.size() == 0){
                     ^
In file included from /opt/opencv3/include/opencv2/core.hpp:58:0,
                 from /home/tuofeichen/SLAM/MAV-Project/catkin_ws/src/rgbd_slam/src/Frame.h:13,
                 from /home/tuofeichen/SLAM/MAV-Project/catkin_ws/src/rgbd_slam/src/VisualOdometry.h:11,
                 from /home/tuofeichen/SLAM/MAV-Project/catkin_ws/src/rgbd_slam/src/main.cpp:17:
/opt/opencv3/include/opencv2/core/types.hpp:916:6: note: template<class _Tp> bool cv::operator==(const cv::Complex<_Tp>&, const cv::Complex<_Tp>&)
 bool operator == (const Complex<_Tp>& a, const Complex<_Tp>& b)
      ^
/opt/opencv3/include/opencv2/core/types.hpp:916:6: note:   template argument deduction/substitution failed:
/home/tuofeichen/SLAM/MAV-Project/catkin_ws/src/rgbd_slam/src/main.cpp:169:21: note:   ‘cv::Size’ is not derived from ‘const cv::Complex<_Tp>’
  if (map2.size() == 0){
                     ^
In file included from /opt/opencv3/include/opencv2/core.hpp:57:0,
                 from /home/tuofeichen/SLAM/MAV-Project/catkin_ws/src/rgbd_slam/src/Frame.h:13,
                 from /home/tuofeichen/SLAM/MAV-Project/catkin_ws/src/rgbd_slam/src/VisualOdometry.h:11,
                 from /home/tuofeichen/SLAM/MAV-Project/catkin_ws/src/rgbd_slam/src/main.cpp:17:
/opt/opencv3/include/opencv2/core/matx.hpp:1197:6: note: template<class _Tp, int m, int n> bool cv::operator==(const cv::Matx<_Tp, m, n>&, const cv::Matx<_Tp, m, n>&)
 bool operator == (const Matx<_Tp, m, n>& a, const Matx<_Tp, m, n>& b)
      ^
/opt/opencv3/include/opencv2/core/matx.hpp:1197:6: note:   template argument deduction/substitution failed:
/home/tuofeichen/SLAM/MAV-Project/catkin_ws/src/rgbd_slam/src/main.cpp:169:21: note:   ‘cv::Size’ is not derived from ‘const cv::Matx<_Tp, m, n>’
  if (map2.size() == 0){
                     ^
In file included from /opt/opencv3/include/opencv2/core/base.hpp:55:0,
                 from /opt/opencv3/include/opencv2/core.hpp:54,
                 from /home/tuofeichen/SLAM/MAV-Project/catkin_ws/src/rgbd_slam/src/Frame.h:13,
                 from /home/tuofeichen/SLAM/MAV-Project/catkin_ws/src/rgbd_slam/src/VisualOdometry.h:11,
                 from /home/tuofeichen/SLAM/MAV-Project/catkin_ws/src/rgbd_slam/src/main.cpp:17:
/opt/opencv3/include/opencv2/core/cvstd.hpp:1020:20: note: bool cv::operator==(const cv::String&, const char*)
 static inline bool operator== (const String& lhs, const char*   rhs) { return 0 == lhs.compare(rhs); }
                    ^
/opt/opencv3/include/opencv2/core/cvstd.hpp:1020:20: note:   no known conversion for argument 1 from ‘cv::Size’ to ‘const cv::String&’
/opt/opencv3/include/opencv2/core/cvstd.hpp:1019:20: note: bool cv::operator==(const char*, const cv::String&)
 static inline bool operator== (const char*   lhs, const String& rhs) { return 0 == rhs.compare(lhs); }
                    ^
/opt/opencv3/include/opencv2/core/cvstd.hpp:1019:20: note:   no known conversion for argument 1 from ‘cv::Size’ to ‘const char*’
/opt/opencv3/include/opencv2/core/cvstd.hpp:1018:20: note: bool cv::operator==(const cv::String&, const cv::String&)
 static inline bool operator== (const String& lhs, const String& rhs) { return 0 == lhs.compare(rhs); }
                    ^
/opt/opencv3/include/opencv2/core/cvstd.hpp:1018:20: note:   no known conversion for argument 1 from ‘cv::Size’ to ‘const cv::String&’
In file included from /opt/opencv3/include/opencv2/core/cvstd.hpp:1057:0,
                 from /opt/opencv3/include/opencv2/core/base.hpp:55,
                 from /opt/opencv3/include/opencv2/core.hpp:54,
                 from /home/tuofeichen/SLAM/MAV-Project/catkin_ws/src/rgbd_slam/src/Frame.h:13,
                 from /home/tuofeichen/SLAM/MAV-Project/catkin_ws/src/rgbd_slam/src/VisualOdometry.h:11,
                 from /home/tuofeichen/SLAM/MAV-Project/catkin_ws/src/rgbd_slam/src/main.cpp:17:
/opt/opencv3/include/opencv2/core/ptr.inl.hpp:261:6: note: template<class T> bool cv::operator==(const cv::Ptr<T>&, const cv::Ptr<T>&)
 bool operator == (const Ptr<T>& ptr1, const Ptr<T>& ptr2)
      ^
/opt/opencv3/include/opencv2/core/ptr.inl.hpp:261:6: note:   template argument deduction/substitution failed:
/home/tuofeichen/SLAM/MAV-Project/catkin_ws/src/rgbd_slam/src/main.cpp:169:21: note:   ‘cv::Size’ is not derived from ‘const cv::Ptr<T>’
  if (map2.size() == 0){
                     ^
make[2]: *** [CMakeFiles/rgbd_slam.dir/src/main.cpp.o] Error 1
make[1]: *** [CMakeFiles/rgbd_slam.dir/all] Error 2
make: *** [all] Error 2
