Determining if the pthread_create exist failed with the following output:
Change Dir: /home/user/MAV-project/catkin_ws_odroid/build/CMakeFiles/CMakeTmp

Run Build Command:/usr/bin/make "cmTryCompileExec3337151825/fast"
/usr/bin/make -f CMakeFiles/cmTryCompileExec3337151825.dir/build.make CMakeFiles/cmTryCompileExec3337151825.dir/build
make[1]: Entering directory `/home/user/MAV-project/catkin_ws_odroid/build/CMakeFiles/CMakeTmp'
/usr/bin/cmake -E cmake_progress_report /home/user/MAV-project/catkin_ws_odroid/build/CMakeFiles/CMakeTmp/CMakeFiles 1
Building C object CMakeFiles/cmTryCompileExec3337151825.dir/CheckSymbolExists.c.o
/usr/bin/cc    -o CMakeFiles/cmTryCompileExec3337151825.dir/CheckSymbolExists.c.o   -c /home/user/MAV-project/catkin_ws_odroid/build/CMakeFiles/CMakeTmp/CheckSymbolExists.c
Linking C executable cmTryCompileExec3337151825
/usr/bin/cmake -E cmake_link_script CMakeFiles/cmTryCompileExec3337151825.dir/link.txt --verbose=1
/usr/bin/cc       CMakeFiles/cmTryCompileExec3337151825.dir/CheckSymbolExists.c.o  -o cmTryCompileExec3337151825 -rdynamic 
CMakeFiles/cmTryCompileExec3337151825.dir/CheckSymbolExists.c.o: In function `main':
CheckSymbolExists.c:(.text+0x16): undefined reference to `pthread_create'
collect2: error: ld returned 1 exit status
make[1]: Leaving directory `/home/user/MAV-project/catkin_ws_odroid/build/CMakeFiles/CMakeTmp'
make[1]: *** [cmTryCompileExec3337151825] Error 1
make: *** [cmTryCompileExec3337151825/fast] Error 2

File /home/user/MAV-project/catkin_ws_odroid/build/CMakeFiles/CMakeTmp/CheckSymbolExists.c:
/* */
#include <pthread.h>

int main(int argc, char** argv)
{
  (void)argv;
#ifndef pthread_create
  return ((int*)(&pthread_create))[argc];
#else
  (void)argc;
  return 0;
#endif
}

Determining if the function pthread_create exists in the pthreads failed with the following output:
Change Dir: /home/user/MAV-project/catkin_ws_odroid/build/CMakeFiles/CMakeTmp

Run Build Command:/usr/bin/make "cmTryCompileExec2113502829/fast"
/usr/bin/make -f CMakeFiles/cmTryCompileExec2113502829.dir/build.make CMakeFiles/cmTryCompileExec2113502829.dir/build
make[1]: Entering directory `/home/user/MAV-project/catkin_ws_odroid/build/CMakeFiles/CMakeTmp'
/usr/bin/cmake -E cmake_progress_report /home/user/MAV-project/catkin_ws_odroid/build/CMakeFiles/CMakeTmp/CMakeFiles 1
Building C object CMakeFiles/cmTryCompileExec2113502829.dir/CheckFunctionExists.c.o
/usr/bin/cc   -DCHECK_FUNCTION_EXISTS=pthread_create   -o CMakeFiles/cmTryCompileExec2113502829.dir/CheckFunctionExists.c.o   -c /usr/share/cmake-2.8/Modules/CheckFunctionExists.c
Linking C executable cmTryCompileExec2113502829
/usr/bin/cmake -E cmake_link_script CMakeFiles/cmTryCompileExec2113502829.dir/link.txt --verbose=1
/usr/bin/cc   -DCHECK_FUNCTION_EXISTS=pthread_create    CMakeFiles/cmTryCompileExec2113502829.dir/CheckFunctionExists.c.o  -o cmTryCompileExec2113502829 -rdynamic -lpthreads 
/usr/bin/ld: cannot find -lpthreads
collect2: error: ld returned 1 exit status
make[1]: Leaving directory `/home/user/MAV-project/catkin_ws_odroid/build/CMakeFiles/CMakeTmp'
make[1]: *** [cmTryCompileExec2113502829] Error 1
make: *** [cmTryCompileExec2113502829/fast] Error 2


