Not searching for unused variables given on the command line.
[36m--[0m The C compiler identification is GNU 4.8.4
[36m--[0m The CXX compiler identification is GNU 4.8.4
[36m--[0m Check for working C compiler: /usr/bin/cc
[36m--[0m Check for working C compiler: /usr/bin/cc -- works
[36m--[0m Detecting C compiler ABI info
[36m--[0m Detecting C compiler ABI info - done
[36m--[0m Detecting C compile features
[36m--[0m Detecting C compile features - done
[36m--[0m Check for working CXX compiler: /usr/bin/c++
[36m--[0m Check for working CXX compiler: /usr/bin/c++ -- works
[36m--[0m Detecting CXX compiler ABI info
[36m--[0m Detecting CXX compiler ABI info - done
[36m--[0m Detecting CXX compile features
[36m--[0m Detecting CXX compile features - done
[36m--[0m Using CATKIN_DEVEL_PREFIX: /home/tuofeichen/SLAM/MAV-Project/catkin_ws/devel
[36m--[0m Using CMAKE_PREFIX_PATH: /home/tuofeichen/SLAM/MAV-Project/catkin_ws/devel;/opt/ros/indigo
[36m--[0m This workspace overlays: /home/tuofeichen/SLAM/MAV-Project/catkin_ws/devel;/opt/ros/indigo
[36m--[0m Found PythonInterp: /usr/bin/python (found version "2.7.6")
[36m--[0m Using PYTHON_EXECUTABLE: /usr/bin/python
