[  0%] Built target actionlib_generate_messages_py
[  0%] Built target diagnostic_msgs_generate_messages_lisp
[  0%] Built target _catkin_empty_exported_target
[  0%] Built target actionlib_msgs_generate_messages_cpp
[  0%] Built target actionlib_msgs_generate_messages_lisp
[  0%] Built target geometry_msgs_generate_messages_lisp
[  0%] Built target geometry_msgs_generate_messages_cpp
[  0%] Built target std_msgs_generate_messages_py
[  0%] Built target std_msgs_generate_messages_lisp
[  0%] Built target std_msgs_generate_messages_cpp
[  0%] Built target geometry_msgs_generate_messages_py
[ 16%] Built target checker
[ 16%] Built target diagnostic_msgs_generate_messages_cpp
[ 16%] Built target sensor_msgs_generate_messages_cpp
[ 16%] Built target diagnostic_msgs_generate_messages_py
[ 16%] Built target _px4_offboard_generate_messages_check_deps_JoyCommand
[ 16%] Built target tf2_msgs_generate_messages_py
[ 16%] Built target actionlib_msgs_generate_messages_py
[ 16%] Built target roscpp_generate_messages_lisp
[ 16%] Built target roscpp_generate_messages_cpp
[ 16%] Built target nav_msgs_generate_messages_lisp
[ 16%] Built target nav_msgs_generate_messages_cpp
[ 16%] Built target sensor_msgs_generate_messages_lisp
[ 16%] Built target rosgraph_msgs_generate_messages_lisp
[ 16%] Built target actionlib_generate_messages_lisp
[ 16%] Built target mavros_msgs_generate_messages_lisp
[ 16%] Built target rosgraph_msgs_generate_messages_cpp
[ 16%] Built target roscpp_generate_messages_py
[ 16%] Built target sensor_msgs_generate_messages_py
[ 16%] Built target rosgraph_msgs_generate_messages_py
[ 16%] Built target actionlib_generate_messages_cpp
[ 16%] Built target nav_msgs_generate_messages_py
[ 16%] Built target tf2_msgs_generate_messages_lisp
[ 16%] Built target tf2_msgs_generate_messages_cpp
[35m[1mScanning dependencies of target apriltag[0m
[ 16%] Built target mavros_msgs_generate_messages_py
[ 16%] Built target mavros_msgs_generate_messages_cpp
[ 25%] [32mBuilding CXX object CMakeFiles/apriltag.dir/src/apriltag.cpp.o[0m
[ 33%] Built target px4_offboard_generate_messages_lisp
[ 50%] Built target teleop
[ 58%] Built target px4_offboard_generate_messages_cpp
[ 75%] Built target px4_offboard_generate_messages_py
[ 75%] Built target px4_offboard_generate_messages
[ 91%] Built target SLAM
[100%] [32m[1mLinking CXX executable /home/tuofeichen/SLAM/MAV-Project/catkin_ws/devel/lib/px4_offboard/apriltag[0m
[100%] Built target apriltag
