[  0%] Built target actionlib_msgs_generate_messages_cpp
[  0%] Built target _catkin_empty_exported_target
[  0%] Built target actionlib_generate_messages_py
[  0%] Built target diagnostic_msgs_generate_messages_lisp
[  0%] Built target geometry_msgs_generate_messages_lisp
[  0%] Built target actionlib_msgs_generate_messages_lisp
[  0%] Built target std_msgs_generate_messages_lisp
[  0%] Built target std_msgs_generate_messages_py
[  0%] Built target std_msgs_generate_messages_cpp
[  0%] Built target geometry_msgs_generate_messages_cpp
[  0%] Built target geometry_msgs_generate_messages_py
[  0%] Built target diagnostic_msgs_generate_messages_cpp
[  0%] Built target diagnostic_msgs_generate_messages_py
[ 16%] Built target checker
[ 16%] Built target sensor_msgs_generate_messages_cpp
[ 16%] Built target tf2_msgs_generate_messages_py
[ 16%] Built target actionlib_msgs_generate_messages_py
[ 16%] Built target roscpp_generate_messages_lisp
[ 16%] Built target roscpp_generate_messages_cpp
[ 16%] Built target _px4_offboard_generate_messages_check_deps_JoyCommand
[ 16%] Built target nav_msgs_generate_messages_lisp
[ 16%] Built target nav_msgs_generate_messages_cpp
[ 16%] Built target rosgraph_msgs_generate_messages_lisp
[ 16%] Built target sensor_msgs_generate_messages_lisp
[ 16%] Built target actionlib_generate_messages_lisp
[ 16%] Built target roscpp_generate_messages_py
[ 16%] Built target mavros_msgs_generate_messages_lisp
[ 16%] Built target rosgraph_msgs_generate_messages_cpp
[ 16%] Built target rosgraph_msgs_generate_messages_py
[ 16%] Built target actionlib_generate_messages_cpp
[ 16%] Built target sensor_msgs_generate_messages_py
[ 16%] Built target nav_msgs_generate_messages_py
[ 16%] Built target tf2_msgs_generate_messages_cpp
[ 16%] Built target tf2_msgs_generate_messages_lisp
[ 16%] Built target mavros_msgs_generate_messages_py
[ 16%] Built target mavros_msgs_generate_messages_cpp
[ 25%] Built target px4_offboard_generate_messages_lisp
[ 33%] Built target px4_offboard_generate_messages_cpp
[ 50%] Built target apriltag
[ 66%] Built target px4_offboard_generate_messages_py
[ 83%] Built target teleop
[ 83%] Built target px4_offboard_generate_messages
[100%] Built target SLAM
