In file included from /home/tuofeichen/SLAM/MAV-Project/catkin_ws/src/px4_offboard/src/teleop.cpp:1:0:
/home/tuofeichen/SLAM/MAV-Project/catkin_ws/src/px4_offboard/include/px4_offboard/include.h:23:38: fatal error: px4_offboard/MoveCommand.h: No such file or directory
 #include "px4_offboard/MoveCommand.h"
                                      ^
compilation terminated.
In file included from /home/tuofeichen/SLAM/MAV-Project/catkin_ws/src/px4_offboard/src/SLAM.cpp:1:0:
/home/tuofeichen/SLAM/MAV-Project/catkin_ws/src/px4_offboard/include/px4_offboard/include.h:23:38: fatal error: px4_offboard/MoveCommand.h: No such file or directory
 #include "px4_offboard/MoveCommand.h"
                                      ^
compilation terminated.
In file included from /home/tuofeichen/SLAM/MAV-Project/catkin_ws/src/px4_offboard/src/apriltag.cpp:1:0:
/home/tuofeichen/SLAM/MAV-Project/catkin_ws/src/px4_offboard/include/px4_offboard/include.h:23:38: fatal error: px4_offboard/MoveCommand.h: No such file or directory
 #include "px4_offboard/MoveCommand.h"
                                      ^
compilation terminated.
In file included from /home/tuofeichen/SLAM/MAV-Project/catkin_ws/src/px4_offboard/include/px4_offboard/Mission.h:7:0,
                 from /home/tuofeichen/SLAM/MAV-Project/catkin_ws/src/px4_offboard/src/Mission.cpp:2:
/home/tuofeichen/SLAM/MAV-Project/catkin_ws/src/px4_offboard/include/px4_offboard/include.h:23:38: fatal error: px4_offboard/MoveCommand.h: No such file or directory
 #include "px4_offboard/MoveCommand.h"
                                      ^
compilation terminated.
make[2]: *** [CMakeFiles/teleop.dir/src/teleop.cpp.o] Error 1
make[1]: *** [CMakeFiles/teleop.dir/all] Error 2
make[1]: *** Waiting for unfinished jobs....
make[2]: *** [CMakeFiles/apriltag.dir/src/apriltag.cpp.o] Error 1
make[1]: *** [CMakeFiles/apriltag.dir/all] Error 2
make[2]: *** [CMakeFiles/SLAM.dir/src/SLAM.cpp.o] Error 1
make[1]: *** [CMakeFiles/SLAM.dir/all] Error 2
make[2]: *** [CMakeFiles/mission.dir/src/Mission.cpp.o] Error 1
make[1]: *** [CMakeFiles/mission.dir/all] Error 2
make: *** [all] Error 2
