[  0%] Built target diagnostic_msgs_generate_messages_lisp
[  0%] Built target actionlib_generate_messages_py
[  0%] Built target _catkin_empty_exported_target
[  0%] Built target actionlib_msgs_generate_messages_cpp
[  0%] Built target actionlib_msgs_generate_messages_lisp
[  0%] Built target geometry_msgs_generate_messages_lisp
[  0%] Built target std_msgs_generate_messages_lisp
[  0%] Built target geometry_msgs_generate_messages_cpp
[  0%] Built target std_msgs_generate_messages_cpp
[  0%] Built target std_msgs_generate_messages_py
[  0%] Built target geometry_msgs_generate_messages_py
[  0%] Built target diagnostic_msgs_generate_messages_cpp
[  0%] Built target _px4_offboard_generate_messages_check_deps_JoyCommand
[ 16%] Built target checker
[ 16%] Built target sensor_msgs_generate_messages_cpp
[ 16%] Built target diagnostic_msgs_generate_messages_py
[ 16%] Built target actionlib_msgs_generate_messages_py
[ 16%] Built target tf2_msgs_generate_messages_py
[ 16%] Built target roscpp_generate_messages_cpp
[ 16%] Built target nav_msgs_generate_messages_cpp
[ 16%] Built target roscpp_generate_messages_lisp
[ 16%] Built target nav_msgs_generate_messages_lisp
[ 16%] Built target rosgraph_msgs_generate_messages_lisp
[ 16%] Built target actionlib_generate_messages_lisp
[ 16%] Built target sensor_msgs_generate_messages_lisp
[ 16%] Built target mavros_msgs_generate_messages_lisp
[ 16%] Built target roscpp_generate_messages_py
[ 16%] Built target rosgraph_msgs_generate_messages_py
[ 16%] Built target rosgraph_msgs_generate_messages_cpp
[ 16%] Built target sensor_msgs_generate_messages_py
[ 16%] Built target nav_msgs_generate_messages_py
[ 16%] Built target actionlib_generate_messages_cpp
[ 16%] Built target tf2_msgs_generate_messages_cpp
[ 16%] Built target tf2_msgs_generate_messages_lisp
[35m[1mScanning dependencies of target apriltag[0m
[ 16%] Built target mavros_msgs_generate_messages_py
[ 25%] [32mBuilding CXX object CMakeFiles/apriltag.dir/src/apriltag.cpp.o[0m
[ 25%] Built target mavros_msgs_generate_messages_cpp
[ 33%] [34m[1mGenerating C++ code from px4_offboard/JoyCommand.msg[0m
[ 41%] [34m[1mGenerating Lisp code from px4_offboard/JoyCommand.msg[0m
[ 58%] Built target teleop
[ 66%] [34m[1mGenerating Python from MSG px4_offboard/JoyCommand[0m
[ 66%] Built target px4_offboard_generate_messages_lisp
[ 75%] [34m[1mGenerating Python msg __init__.py for px4_offboard[0m
[ 75%] Built target px4_offboard_generate_messages_py
[ 75%] Built target px4_offboard_generate_messages_cpp
[35m[1mScanning dependencies of target SLAM[0m
[ 83%] Built target px4_offboard_generate_messages
[ 83%] [32mBuilding CXX object CMakeFiles/SLAM.dir/src/SLAM.cpp.o[0m
[ 91%] [32m[1mLinking CXX executable /home/tuofeichen/SLAM/MAV-Project/catkin_ws/devel/lib/px4_offboard/apriltag[0m
[ 91%] Built target apriltag
[100%] [32m[1mLinking CXX executable /home/tuofeichen/SLAM/MAV-Project/catkin_ws/devel/lib/px4_offboard/SLAM[0m
[100%] Built target SLAM
