Determining if the pthread_create exist failed with the following output:
Change Dir: /home/tuofeichen/SLAM/MAV-Project/catkin_ws/build/mavros/CMakeFiles/CMakeTmp

Run Build Command:"/usr/bin/make" "cmTC_52012/fast"
/usr/bin/make -f CMakeFiles/cmTC_52012.dir/build.make CMakeFiles/cmTC_52012.dir/build
make[1]: Entering directory `/home/tuofeichen/SLAM/MAV-Project/catkin_ws/build/mavros/CMakeFiles/CMakeTmp'
Building C object CMakeFiles/cmTC_52012.dir/CheckSymbolExists.c.o
/usr/bin/cc    -o CMakeFiles/cmTC_52012.dir/CheckSymbolExists.c.o   -c /home/tuofeichen/SLAM/MAV-Project/catkin_ws/build/mavros/CMakeFiles/CMakeTmp/CheckSymbolExists.c
Linking C executable cmTC_52012
/opt/cmake-3.3.2/bin/cmake -E cmake_link_script CMakeFiles/cmTC_52012.dir/link.txt --verbose=1
/usr/bin/cc       CMakeFiles/cmTC_52012.dir/CheckSymbolExists.c.o  -o cmTC_52012 -rdynamic 
CMakeFiles/cmTC_52012.dir/CheckSymbolExists.c.o: In function `main':
CheckSymbolExists.c:(.text+0x16): undefined reference to `pthread_create'
collect2: error: ld returned 1 exit status
make[1]: *** [cmTC_52012] Error 1
make[1]: Leaving directory `/home/tuofeichen/SLAM/MAV-Project/catkin_ws/build/mavros/CMakeFiles/CMakeTmp'
make: *** [cmTC_52012/fast] Error 2

File /home/tuofeichen/SLAM/MAV-Project/catkin_ws/build/mavros/CMakeFiles/CMakeTmp/CheckSymbolExists.c:
/* */
#include <pthread.h>

int main(int argc, char** argv)
{
  (void)argv;
#ifndef pthread_create
  return ((int*)(&pthread_create))[argc];
#else
  (void)argc;
  return 0;
#endif
}

Determining if the function pthread_create exists in the pthreads failed with the following output:
Change Dir: /home/tuofeichen/SLAM/MAV-Project/catkin_ws/build/mavros/CMakeFiles/CMakeTmp

Run Build Command:"/usr/bin/make" "cmTC_3200b/fast"
/usr/bin/make -f CMakeFiles/cmTC_3200b.dir/build.make CMakeFiles/cmTC_3200b.dir/build
make[1]: Entering directory `/home/tuofeichen/SLAM/MAV-Project/catkin_ws/build/mavros/CMakeFiles/CMakeTmp'
Building C object CMakeFiles/cmTC_3200b.dir/CheckFunctionExists.c.o
/usr/bin/cc   -DCHECK_FUNCTION_EXISTS=pthread_create   -o CMakeFiles/cmTC_3200b.dir/CheckFunctionExists.c.o   -c /opt/cmake-3.3.2/share/cmake-3.3/Modules/CheckFunctionExists.c
Linking C executable cmTC_3200b
/opt/cmake-3.3.2/bin/cmake -E cmake_link_script CMakeFiles/cmTC_3200b.dir/link.txt --verbose=1
/usr/bin/cc   -DCHECK_FUNCTION_EXISTS=pthread_create    CMakeFiles/cmTC_3200b.dir/CheckFunctionExists.c.o  -o cmTC_3200b -rdynamic -lpthreads 
/usr/bin/ld: cannot find -lpthreads
collect2: error: ld returned 1 exit status
make[1]: *** [cmTC_3200b] Error 1
make[1]: Leaving directory `/home/tuofeichen/SLAM/MAV-Project/catkin_ws/build/mavros/CMakeFiles/CMakeTmp'
make: *** [cmTC_3200b/fast] Error 2


