In file included from /home/tuofeichen/SLAM/MAV-Project/catkin_ws/src/frontend/src/Frame.cpp:7:0:
/home/tuofeichen/SLAM/MAV-Project/catkin_ws/src/frontend/include/Frame.h:239:19: error: ‘Matrix4f’ has not been declared
  void setPosition(Matrix4f lpe) { *pos = lpe; }
                   ^
/home/tuofeichen/SLAM/MAV-Project/catkin_ws/src/frontend/include/Frame.h: In member function ‘void SLAM::Frame::setPosition(int)’:
/home/tuofeichen/SLAM/MAV-Project/catkin_ws/src/frontend/include/Frame.h:239:40: error: no match for ‘operator=’ (operand types are ‘Eigen::Matrix<float, 4, 4>’ and ‘int’)
  void setPosition(Matrix4f lpe) { *pos = lpe; }
                                        ^
/home/tuofeichen/SLAM/MAV-Project/catkin_ws/src/frontend/include/Frame.h:239:40: note: candidates are:
In file included from /usr/include/eigen3/Eigen/Core:294:0,
                 from /home/tuofeichen/SLAM/MAV-Project/catkin_ws/src/frontend/include/Frame.h:18,
                 from /home/tuofeichen/SLAM/MAV-Project/catkin_ws/src/frontend/src/Frame.cpp:7:
/usr/include/eigen3/Eigen/src/Core/Matrix.h:154:33: note: Eigen::Matrix<_Scalar, _Rows, _Cols, _Options, _MaxRows, _MaxCols>& Eigen::Matrix<_Scalar, _Rows, _Cols, _Options, _MaxRows, _MaxCols>::operator=(const Eigen::Matrix<_Scalar, _Rows, _Cols, _Options, _MaxRows, _MaxCols>&) [with _Scalar = float; int _Rows = 4; int _Cols = 4; int _Options = 0; int _MaxRows = 4; int _MaxCols = 4]
     EIGEN_STRONG_INLINE Matrix& operator=(const Matrix& other)
                                 ^
/usr/include/eigen3/Eigen/src/Core/Matrix.h:154:33: note:   no known conversion for argument 1 from ‘int’ to ‘const Eigen::Matrix<float, 4, 4>&’
/usr/include/eigen3/Eigen/src/Core/Matrix.h:170:33: note: template<class OtherDerived> Eigen::Matrix<_Scalar, _Rows, _Cols, _Options, _MaxRows, _MaxCols>& Eigen::Matrix<_Scalar, _Rows, _Cols, _Options, _MaxRows, _MaxCols>::operator=(const Eigen::MatrixBase<OtherDerived>&) [with OtherDerived = OtherDerived; _Scalar = float; int _Rows = 4; int _Cols = 4; int _Options = 0; int _MaxRows = 4; int _MaxCols = 4]
     EIGEN_STRONG_INLINE Matrix& operator=(const MatrixBase<OtherDerived>& other)
                                 ^
/usr/include/eigen3/Eigen/src/Core/Matrix.h:170:33: note:   template argument deduction/substitution failed:
In file included from /home/tuofeichen/SLAM/MAV-Project/catkin_ws/src/frontend/src/Frame.cpp:7:0:
/home/tuofeichen/SLAM/MAV-Project/catkin_ws/src/frontend/include/Frame.h:239:40: note:   mismatched types ‘const Eigen::MatrixBase<Derived>’ and ‘int’
  void setPosition(Matrix4f lpe) { *pos = lpe; }
                                        ^
In file included from /usr/include/eigen3/Eigen/Core:294:0,
                 from /home/tuofeichen/SLAM/MAV-Project/catkin_ws/src/frontend/include/Frame.h:18,
                 from /home/tuofeichen/SLAM/MAV-Project/catkin_ws/src/frontend/src/Frame.cpp:7:
/usr/include/eigen3/Eigen/src/Core/Matrix.h:182:33: note: template<class OtherDerived> Eigen::Matrix<_Scalar, _Rows, _Cols, _Options, _MaxRows, _MaxCols>& Eigen::Matrix<_Scalar, _Rows, _Cols, _Options, _MaxRows, _MaxCols>::operator=(const Eigen::EigenBase<OtherDerived>&) [with OtherDerived = OtherDerived; _Scalar = float; int _Rows = 4; int _Cols = 4; int _Options = 0; int _MaxRows = 4; int _MaxCols = 4]
     EIGEN_STRONG_INLINE Matrix& operator=(const EigenBase<OtherDerived> &other)
                                 ^
/usr/include/eigen3/Eigen/src/Core/Matrix.h:182:33: note:   template argument deduction/substitution failed:
In file included from /home/tuofeichen/SLAM/MAV-Project/catkin_ws/src/frontend/src/Frame.cpp:7:0:
/home/tuofeichen/SLAM/MAV-Project/catkin_ws/src/frontend/include/Frame.h:239:40: note:   mismatched types ‘const Eigen::EigenBase<Derived>’ and ‘int’
  void setPosition(Matrix4f lpe) { *pos = lpe; }
                                        ^
In file included from /usr/include/eigen3/Eigen/Core:294:0,
                 from /home/tuofeichen/SLAM/MAV-Project/catkin_ws/src/frontend/include/Frame.h:18,
                 from /home/tuofeichen/SLAM/MAV-Project/catkin_ws/src/frontend/src/Frame.cpp:7:
/usr/include/eigen3/Eigen/src/Core/Matrix.h:188:33: note: template<class OtherDerived> Eigen::Matrix<_Scalar, _Rows, _Cols, _Options, _MaxRows, _MaxCols>& Eigen::Matrix<_Scalar, _Rows, _Cols, _Options, _MaxRows, _MaxCols>::operator=(const Eigen::ReturnByValue<OtherDerived>&) [with OtherDerived = OtherDerived; _Scalar = float; int _Rows = 4; int _Cols = 4; int _Options = 0; int _MaxRows = 4; int _MaxCols = 4]
     EIGEN_STRONG_INLINE Matrix& operator=(const ReturnByValue<OtherDerived>& func)
                                 ^
/usr/include/eigen3/Eigen/src/Core/Matrix.h:188:33: note:   template argument deduction/substitution failed:
In file included from /home/tuofeichen/SLAM/MAV-Project/catkin_ws/src/frontend/src/Frame.cpp:7:0:
/home/tuofeichen/SLAM/MAV-Project/catkin_ws/src/frontend/include/Frame.h:239:40: note:   mismatched types ‘const Eigen::ReturnByValue<Derived>’ and ‘int’
  void setPosition(Matrix4f lpe) { *pos = lpe; }
                                        ^
In file included from /usr/include/eigen3/Eigen/Core:294:0,
                 from /home/tuofeichen/SLAM/MAV-Project/catkin_ws/src/frontend/include/Frame.h:18,
                 from /home/tuofeichen/SLAM/MAV-Project/catkin_ws/src/frontend/src/Frame.cpp:7:
/usr/include/eigen3/Eigen/src/Core/Matrix.h:329:13: note: template<class OtherDerived> Eigen::Matrix<_Scalar, _Rows, _Cols, _Options, _MaxRows, _MaxCols>& Eigen::Matrix<_Scalar, _Rows, _Cols, _Options, _MaxRows, _MaxCols>::operator=(const Eigen::RotationBase<OtherDerived, ColsAtCompileTime>&) [with OtherDerived = OtherDerived; _Scalar = float; int _Rows = 4; int _Cols = 4; int _Options = 0; int _MaxRows = 4; int _MaxCols = 4]
     Matrix& operator=(const RotationBase<OtherDerived,ColsAtCompileTime>& r);
             ^
/usr/include/eigen3/Eigen/src/Core/Matrix.h:329:13: note:   template argument deduction/substitution failed:
In file included from /home/tuofeichen/SLAM/MAV-Project/catkin_ws/src/frontend/src/Frame.cpp:7:0:
/home/tuofeichen/SLAM/MAV-Project/catkin_ws/src/frontend/include/Frame.h:239:40: note:   mismatched types ‘const Eigen::RotationBase<OtherDerived, 4>’ and ‘int’
  void setPosition(Matrix4f lpe) { *pos = lpe; }
                                        ^
/home/tuofeichen/SLAM/MAV-Project/catkin_ws/src/frontend/include/Frame.h: In member function ‘int SLAM::Frame::getPosition() const’:
/home/tuofeichen/SLAM/MAV-Project/catkin_ws/src/frontend/include/Frame.h:241:35: error: cannot convert ‘Eigen::Matrix<float, 4, 4>’ to ‘int’ in return
  int getPosition() const {return *pos;} 
                                   ^
/home/tuofeichen/SLAM/MAV-Project/catkin_ws/src/frontend/include/Frame.h: In constructor ‘SLAM::Frame::Frame(boost::shared_ptr<cv::Mat>&, boost::shared_ptr<cv::Mat>&, boost::shared_ptr<cv::Mat>&, boost::shared_ptr<double>&)’:
/home/tuofeichen/SLAM/MAV-Project/catkin_ws/src/frontend/include/Frame.h:250:26: warning: ‘SLAM::Frame::newNodeFlag’ will be initialized after [-Wreorder]
  boost::shared_ptr<bool> newNodeFlag;
                          ^
/home/tuofeichen/SLAM/MAV-Project/catkin_ws/src/frontend/include/Frame.h:249:26: warning:   ‘boost::shared_ptr<bool> SLAM::Frame::dummyFrameFlag’ [-Wreorder]
  boost::shared_ptr<bool> dummyFrameFlag; 
                          ^
/home/tuofeichen/SLAM/MAV-Project/catkin_ws/src/frontend/src/Frame.cpp:18:1: warning:   when initialized here [-Wreorder]
 Frame::Frame(boost::shared_ptr<cv::Mat>& rgbImage, boost::shared_ptr<cv::Mat>& grayImage, boost::shared_ptr<cv::Mat>& depthImage, boost::shared_ptr<double>& timeStamp)
 ^
make[2]: *** [CMakeFiles/SLAM.dir/src/Frame.cpp.o] Error 1
make[2]: *** Waiting for unfinished jobs....
/home/tuofeichen/SLAM/MAV-Project/catkin_ws/src/frontend/src/Mapping.cpp:311:1: warning: multi-line comment [-Wcomment]
 //    cv::drawMatches(frame1.getGray(),frame1.getKeypoints(),frame2.getGray(),frame2.getKeypoints(), matches, \
 ^
In file included from /home/tuofeichen/SLAM/MAV-Project/catkin_ws/src/frontend/include/FrameToPcConverter.h:14:0,
                 from /home/tuofeichen/SLAM/MAV-Project/catkin_ws/src/frontend/src/FrameToPcConverter.cpp:7:
/home/tuofeichen/SLAM/MAV-Project/catkin_ws/src/frontend/include/Frame.h:239:19: error: ‘Matrix4f’ has not been declared
  void setPosition(Matrix4f lpe) { *pos = lpe; }
                   ^
/home/tuofeichen/SLAM/MAV-Project/catkin_ws/src/frontend/include/Frame.h: In member function ‘void SLAM::Frame::setPosition(int)’:
/home/tuofeichen/SLAM/MAV-Project/catkin_ws/src/frontend/include/Frame.h:239:40: error: no match for ‘operator=’ (operand types are ‘Eigen::Matrix<float, 4, 4>’ and ‘int’)
  void setPosition(Matrix4f lpe) { *pos = lpe; }
                                        ^
/home/tuofeichen/SLAM/MAV-Project/catkin_ws/src/frontend/include/Frame.h:239:40: note: candidates are:
In file included from /usr/include/eigen3/Eigen/Core:294:0,
                 from /usr/include/pcl-1.7/pcl/impl/point_types.hpp:46,
                 from /usr/include/pcl-1.7/pcl/point_types.h:319,
                 from /home/tuofeichen/SLAM/MAV-Project/catkin_ws/src/frontend/include/FrameToPcConverter.h:11,
                 from /home/tuofeichen/SLAM/MAV-Project/catkin_ws/src/frontend/src/FrameToPcConverter.cpp:7:
/usr/include/eigen3/Eigen/src/Core/Matrix.h:154:33: note: Eigen::Matrix<_Scalar, _Rows, _Cols, _Options, _MaxRows, _MaxCols>& Eigen::Matrix<_Scalar, _Rows, _Cols, _Options, _MaxRows, _MaxCols>::operator=(const Eigen::Matrix<_Scalar, _Rows, _Cols, _Options, _MaxRows, _MaxCols>&) [with _Scalar = float; int _Rows = 4; int _Cols = 4; int _Options = 0; int _MaxRows = 4; int _MaxCols = 4]
     EIGEN_STRONG_INLINE Matrix& operator=(const Matrix& other)
                                 ^
/usr/include/eigen3/Eigen/src/Core/Matrix.h:154:33: note:   no known conversion for argument 1 from ‘int’ to ‘const Eigen::Matrix<float, 4, 4>&’
/usr/include/eigen3/Eigen/src/Core/Matrix.h:170:33: note: template<class OtherDerived> Eigen::Matrix<_Scalar, _Rows, _Cols, _Options, _MaxRows, _MaxCols>& Eigen::Matrix<_Scalar, _Rows, _Cols, _Options, _MaxRows, _MaxCols>::operator=(const Eigen::MatrixBase<OtherDerived>&) [with OtherDerived = OtherDerived; _Scalar = float; int _Rows = 4; int _Cols = 4; int _Options = 0; int _MaxRows = 4; int _MaxCols = 4]
     EIGEN_STRONG_INLINE Matrix& operator=(const MatrixBase<OtherDerived>& other)
                                 ^
/usr/include/eigen3/Eigen/src/Core/Matrix.h:170:33: note:   template argument deduction/substitution failed:
In file included from /home/tuofeichen/SLAM/MAV-Project/catkin_ws/src/frontend/include/FrameToPcConverter.h:14:0,
                 from /home/tuofeichen/SLAM/MAV-Project/catkin_ws/src/frontend/src/FrameToPcConverter.cpp:7:
/home/tuofeichen/SLAM/MAV-Project/catkin_ws/src/frontend/include/Frame.h:239:40: note:   mismatched types ‘const Eigen::MatrixBase<Derived>’ and ‘int’
  void setPosition(Matrix4f lpe) { *pos = lpe; }
                                        ^
In file included from /usr/include/eigen3/Eigen/Core:294:0,
                 from /usr/include/pcl-1.7/pcl/impl/point_types.hpp:46,
                 from /usr/include/pcl-1.7/pcl/point_types.h:319,
                 from /home/tuofeichen/SLAM/MAV-Project/catkin_ws/src/frontend/include/FrameToPcConverter.h:11,
                 from /home/tuofeichen/SLAM/MAV-Project/catkin_ws/src/frontend/src/FrameToPcConverter.cpp:7:
/usr/include/eigen3/Eigen/src/Core/Matrix.h:182:33: note: template<class OtherDerived> Eigen::Matrix<_Scalar, _Rows, _Cols, _Options, _MaxRows, _MaxCols>& Eigen::Matrix<_Scalar, _Rows, _Cols, _Options, _MaxRows, _MaxCols>::operator=(const Eigen::EigenBase<OtherDerived>&) [with OtherDerived = OtherDerived; _Scalar = float; int _Rows = 4; int _Cols = 4; int _Options = 0; int _MaxRows = 4; int _MaxCols = 4]
     EIGEN_STRONG_INLINE Matrix& operator=(const EigenBase<OtherDerived> &other)
                                 ^
/usr/include/eigen3/Eigen/src/Core/Matrix.h:182:33: note:   template argument deduction/substitution failed:
In file included from /home/tuofeichen/SLAM/MAV-Project/catkin_ws/src/frontend/include/FrameToPcConverter.h:14:0,
                 from /home/tuofeichen/SLAM/MAV-Project/catkin_ws/src/frontend/src/FrameToPcConverter.cpp:7:
/home/tuofeichen/SLAM/MAV-Project/catkin_ws/src/frontend/include/Frame.h:239:40: note:   mismatched types ‘const Eigen::EigenBase<Derived>’ and ‘int’
  void setPosition(Matrix4f lpe) { *pos = lpe; }
                                        ^
In file included from /usr/include/eigen3/Eigen/Core:294:0,
                 from /usr/include/pcl-1.7/pcl/impl/point_types.hpp:46,
                 from /usr/include/pcl-1.7/pcl/point_types.h:319,
                 from /home/tuofeichen/SLAM/MAV-Project/catkin_ws/src/frontend/include/FrameToPcConverter.h:11,
                 from /home/tuofeichen/SLAM/MAV-Project/catkin_ws/src/frontend/src/FrameToPcConverter.cpp:7:
/usr/include/eigen3/Eigen/src/Core/Matrix.h:188:33: note: template<class OtherDerived> Eigen::Matrix<_Scalar, _Rows, _Cols, _Options, _MaxRows, _MaxCols>& Eigen::Matrix<_Scalar, _Rows, _Cols, _Options, _MaxRows, _MaxCols>::operator=(const Eigen::ReturnByValue<OtherDerived>&) [with OtherDerived = OtherDerived; _Scalar = float; int _Rows = 4; int _Cols = 4; int _Options = 0; int _MaxRows = 4; int _MaxCols = 4]
     EIGEN_STRONG_INLINE Matrix& operator=(const ReturnByValue<OtherDerived>& func)
                                 ^
/usr/include/eigen3/Eigen/src/Core/Matrix.h:188:33: note:   template argument deduction/substitution failed:
In file included from /home/tuofeichen/SLAM/MAV-Project/catkin_ws/src/frontend/include/FrameToPcConverter.h:14:0,
                 from /home/tuofeichen/SLAM/MAV-Project/catkin_ws/src/frontend/src/FrameToPcConverter.cpp:7:
/home/tuofeichen/SLAM/MAV-Project/catkin_ws/src/frontend/include/Frame.h:239:40: note:   mismatched types ‘const Eigen::ReturnByValue<Derived>’ and ‘int’
  void setPosition(Matrix4f lpe) { *pos = lpe; }
                                        ^
In file included from /usr/include/eigen3/Eigen/Core:294:0,
                 from /usr/include/pcl-1.7/pcl/impl/point_types.hpp:46,
                 from /usr/include/pcl-1.7/pcl/point_types.h:319,
                 from /home/tuofeichen/SLAM/MAV-Project/catkin_ws/src/frontend/include/FrameToPcConverter.h:11,
                 from /home/tuofeichen/SLAM/MAV-Project/catkin_ws/src/frontend/src/FrameToPcConverter.cpp:7:
/usr/include/eigen3/Eigen/src/Core/Matrix.h:329:13: note: template<class OtherDerived> Eigen::Matrix<_Scalar, _Rows, _Cols, _Options, _MaxRows, _MaxCols>& Eigen::Matrix<_Scalar, _Rows, _Cols, _Options, _MaxRows, _MaxCols>::operator=(const Eigen::RotationBase<OtherDerived, ColsAtCompileTime>&) [with OtherDerived = OtherDerived; _Scalar = float; int _Rows = 4; int _Cols = 4; int _Options = 0; int _MaxRows = 4; int _MaxCols = 4]
     Matrix& operator=(const RotationBase<OtherDerived,ColsAtCompileTime>& r);
             ^
/usr/include/eigen3/Eigen/src/Core/Matrix.h:329:13: note:   template argument deduction/substitution failed:
In file included from /home/tuofeichen/SLAM/MAV-Project/catkin_ws/src/frontend/include/FrameToPcConverter.h:14:0,
                 from /home/tuofeichen/SLAM/MAV-Project/catkin_ws/src/frontend/src/FrameToPcConverter.cpp:7:
/home/tuofeichen/SLAM/MAV-Project/catkin_ws/src/frontend/include/Frame.h:239:40: note:   mismatched types ‘const Eigen::RotationBase<OtherDerived, 4>’ and ‘int’
  void setPosition(Matrix4f lpe) { *pos = lpe; }
                                        ^
/home/tuofeichen/SLAM/MAV-Project/catkin_ws/src/frontend/include/Frame.h: In member function ‘int SLAM::Frame::getPosition() const’:
/home/tuofeichen/SLAM/MAV-Project/catkin_ws/src/frontend/include/Frame.h:241:35: error: cannot convert ‘Eigen::Matrix<float, 4, 4>’ to ‘int’ in return
  int getPosition() const {return *pos;} 
                                   ^
In file included from /home/tuofeichen/SLAM/MAV-Project/catkin_ws/src/frontend/include/Frontend.h:18:0,
                 from /home/tuofeichen/SLAM/MAV-Project/catkin_ws/src/frontend/src/Frontend.cpp:13:
/home/tuofeichen/SLAM/MAV-Project/catkin_ws/src/frontend/include/Frame.h:239:19: error: ‘Matrix4f’ has not been declared
  void setPosition(Matrix4f lpe) { *pos = lpe; }
                   ^
/home/tuofeichen/SLAM/MAV-Project/catkin_ws/src/frontend/include/Frame.h: In member function ‘void SLAM::Frame::setPosition(int)’:
/home/tuofeichen/SLAM/MAV-Project/catkin_ws/src/frontend/include/Frame.h:239:40: error: no match for ‘operator=’ (operand types are ‘Eigen::Matrix<float, 4, 4>’ and ‘int’)
  void setPosition(Matrix4f lpe) { *pos = lpe; }
                                        ^
/home/tuofeichen/SLAM/MAV-Project/catkin_ws/src/frontend/include/Frame.h:239:40: note: candidates are:
In file included from /usr/include/eigen3/Eigen/Core:294:0,
                 from /usr/include/eigen3/Eigen/Geometry:4,
                 from /home/tuofeichen/SLAM/MAV-Project/catkin_ws/src/frontend/include/Frontend.h:16,
                 from /home/tuofeichen/SLAM/MAV-Project/catkin_ws/src/frontend/src/Frontend.cpp:13:
/usr/include/eigen3/Eigen/src/Core/Matrix.h:154:33: note: Eigen::Matrix<_Scalar, _Rows, _Cols, _Options, _MaxRows, _MaxCols>& Eigen::Matrix<_Scalar, _Rows, _Cols, _Options, _MaxRows, _MaxCols>::operator=(const Eigen::Matrix<_Scalar, _Rows, _Cols, _Options, _MaxRows, _MaxCols>&) [with _Scalar = float; int _Rows = 4; int _Cols = 4; int _Options = 0; int _MaxRows = 4; int _MaxCols = 4]
     EIGEN_STRONG_INLINE Matrix& operator=(const Matrix& other)
                                 ^
/usr/include/eigen3/Eigen/src/Core/Matrix.h:154:33: note:   no known conversion for argument 1 from ‘int’ to ‘const Eigen::Matrix<float, 4, 4>&’
/usr/include/eigen3/Eigen/src/Core/Matrix.h:170:33: note: template<class OtherDerived> Eigen::Matrix<_Scalar, _Rows, _Cols, _Options, _MaxRows, _MaxCols>& Eigen::Matrix<_Scalar, _Rows, _Cols, _Options, _MaxRows, _MaxCols>::operator=(const Eigen::MatrixBase<OtherDerived>&) [with OtherDerived = OtherDerived; _Scalar = float; int _Rows = 4; int _Cols = 4; int _Options = 0; int _MaxRows = 4; int _MaxCols = 4]
     EIGEN_STRONG_INLINE Matrix& operator=(const MatrixBase<OtherDerived>& other)
                                 ^
/usr/include/eigen3/Eigen/src/Core/Matrix.h:170:33: note:   template argument deduction/substitution failed:
In file included from /home/tuofeichen/SLAM/MAV-Project/catkin_ws/src/frontend/include/Frontend.h:18:0,
                 from /home/tuofeichen/SLAM/MAV-Project/catkin_ws/src/frontend/src/Frontend.cpp:13:
/home/tuofeichen/SLAM/MAV-Project/catkin_ws/src/frontend/include/Frame.h:239:40: note:   mismatched types ‘const Eigen::MatrixBase<Derived>’ and ‘int’
  void setPosition(Matrix4f lpe) { *pos = lpe; }
                                        ^
In file included from /usr/include/eigen3/Eigen/Core:294:0,
                 from /usr/include/eigen3/Eigen/Geometry:4,
                 from /home/tuofeichen/SLAM/MAV-Project/catkin_ws/src/frontend/include/Frontend.h:16,
                 from /home/tuofeichen/SLAM/MAV-Project/catkin_ws/src/frontend/src/Frontend.cpp:13:
/usr/include/eigen3/Eigen/src/Core/Matrix.h:182:33: note: template<class OtherDerived> Eigen::Matrix<_Scalar, _Rows, _Cols, _Options, _MaxRows, _MaxCols>& Eigen::Matrix<_Scalar, _Rows, _Cols, _Options, _MaxRows, _MaxCols>::operator=(const Eigen::EigenBase<OtherDerived>&) [with OtherDerived = OtherDerived; _Scalar = float; int _Rows = 4; int _Cols = 4; int _Options = 0; int _MaxRows = 4; int _MaxCols = 4]
     EIGEN_STRONG_INLINE Matrix& operator=(const EigenBase<OtherDerived> &other)
                                 ^
/usr/include/eigen3/Eigen/src/Core/Matrix.h:182:33: note:   template argument deduction/substitution failed:
In file included from /home/tuofeichen/SLAM/MAV-Project/catkin_ws/src/frontend/include/Frontend.h:18:0,
                 from /home/tuofeichen/SLAM/MAV-Project/catkin_ws/src/frontend/src/Frontend.cpp:13:
/home/tuofeichen/SLAM/MAV-Project/catkin_ws/src/frontend/include/Frame.h:239:40: note:   mismatched types ‘const Eigen::EigenBase<Derived>’ and ‘int’
  void setPosition(Matrix4f lpe) { *pos = lpe; }
                                        ^
In file included from /usr/include/eigen3/Eigen/Core:294:0,
                 from /usr/include/eigen3/Eigen/Geometry:4,
                 from /home/tuofeichen/SLAM/MAV-Project/catkin_ws/src/frontend/include/Frontend.h:16,
                 from /home/tuofeichen/SLAM/MAV-Project/catkin_ws/src/frontend/src/Frontend.cpp:13:
/usr/include/eigen3/Eigen/src/Core/Matrix.h:188:33: note: template<class OtherDerived> Eigen::Matrix<_Scalar, _Rows, _Cols, _Options, _MaxRows, _MaxCols>& Eigen::Matrix<_Scalar, _Rows, _Cols, _Options, _MaxRows, _MaxCols>::operator=(const Eigen::ReturnByValue<OtherDerived>&) [with OtherDerived = OtherDerived; _Scalar = float; int _Rows = 4; int _Cols = 4; int _Options = 0; int _MaxRows = 4; int _MaxCols = 4]
     EIGEN_STRONG_INLINE Matrix& operator=(const ReturnByValue<OtherDerived>& func)
                                 ^
/usr/include/eigen3/Eigen/src/Core/Matrix.h:188:33: note:   template argument deduction/substitution failed:
In file included from /home/tuofeichen/SLAM/MAV-Project/catkin_ws/src/frontend/include/Frontend.h:18:0,
                 from /home/tuofeichen/SLAM/MAV-Project/catkin_ws/src/frontend/src/Frontend.cpp:13:
/home/tuofeichen/SLAM/MAV-Project/catkin_ws/src/frontend/include/Frame.h:239:40: note:   mismatched types ‘const Eigen::ReturnByValue<Derived>’ and ‘int’
  void setPosition(Matrix4f lpe) { *pos = lpe; }
                                        ^
In file included from /usr/include/eigen3/Eigen/Core:294:0,
                 from /usr/include/eigen3/Eigen/Geometry:4,
                 from /home/tuofeichen/SLAM/MAV-Project/catkin_ws/src/frontend/include/Frontend.h:16,
                 from /home/tuofeichen/SLAM/MAV-Project/catkin_ws/src/frontend/src/Frontend.cpp:13:
/usr/include/eigen3/Eigen/src/Core/Matrix.h:329:13: note: template<class OtherDerived> Eigen::Matrix<_Scalar, _Rows, _Cols, _Options, _MaxRows, _MaxCols>& Eigen::Matrix<_Scalar, _Rows, _Cols, _Options, _MaxRows, _MaxCols>::operator=(const Eigen::RotationBase<OtherDerived, ColsAtCompileTime>&) [with OtherDerived = OtherDerived; _Scalar = float; int _Rows = 4; int _Cols = 4; int _Options = 0; int _MaxRows = 4; int _MaxCols = 4]
     Matrix& operator=(const RotationBase<OtherDerived,ColsAtCompileTime>& r);
             ^
/usr/include/eigen3/Eigen/src/Core/Matrix.h:329:13: note:   template argument deduction/substitution failed:
In file included from /home/tuofeichen/SLAM/MAV-Project/catkin_ws/src/frontend/include/Frontend.h:18:0,
                 from /home/tuofeichen/SLAM/MAV-Project/catkin_ws/src/frontend/src/Frontend.cpp:13:
/home/tuofeichen/SLAM/MAV-Project/catkin_ws/src/frontend/include/Frame.h:239:40: note:   mismatched types ‘const Eigen::RotationBase<OtherDerived, 4>’ and ‘int’
  void setPosition(Matrix4f lpe) { *pos = lpe; }
                                        ^
/home/tuofeichen/SLAM/MAV-Project/catkin_ws/src/frontend/include/Frame.h: In member function ‘int SLAM::Frame::getPosition() const’:
/home/tuofeichen/SLAM/MAV-Project/catkin_ws/src/frontend/include/Frame.h:241:35: error: cannot convert ‘Eigen::Matrix<float, 4, 4>’ to ‘int’ in return
  int getPosition() const {return *pos;} 
                                   ^
make[2]: *** [CMakeFiles/SLAM.dir/src/FrameToPcConverter.cpp.o] Error 1
make[2]: *** [CMakeFiles/SLAM.dir/src/Frontend.cpp.o] Error 1
In file included from /home/tuofeichen/SLAM/MAV-Project/catkin_ws/src/frontend/include/Mapping.h:21:0,
                 from /home/tuofeichen/SLAM/MAV-Project/catkin_ws/src/frontend/src/Mapping.cpp:16:
/home/tuofeichen/SLAM/MAV-Project/catkin_ws/src/frontend/include/Frame.h:239:19: error: ‘Matrix4f’ has not been declared
  void setPosition(Matrix4f lpe) { *pos = lpe; }
                   ^
/home/tuofeichen/SLAM/MAV-Project/catkin_ws/src/frontend/include/Frame.h: In member function ‘void SLAM::Frame::setPosition(int)’:
/home/tuofeichen/SLAM/MAV-Project/catkin_ws/src/frontend/include/Frame.h:239:40: error: no match for ‘operator=’ (operand types are ‘Eigen::Matrix<float, 4, 4>’ and ‘int’)
  void setPosition(Matrix4f lpe) { *pos = lpe; }
                                        ^
/home/tuofeichen/SLAM/MAV-Project/catkin_ws/src/frontend/include/Frame.h:239:40: note: candidates are:
In file included from /usr/include/eigen3/Eigen/Core:294:0,
                 from /usr/include/eigen3/Eigen/Geometry:4,
                 from /home/tuofeichen/SLAM/MAV-Project/catkin_ws/src/frontend/include/IPoseGraph.h:11,
                 from /home/tuofeichen/SLAM/MAV-Project/catkin_ws/src/frontend/include/Mapping.h:14,
                 from /home/tuofeichen/SLAM/MAV-Project/catkin_ws/src/frontend/src/Mapping.cpp:16:
/usr/include/eigen3/Eigen/src/Core/Matrix.h:154:33: note: Eigen::Matrix<_Scalar, _Rows, _Cols, _Options, _MaxRows, _MaxCols>& Eigen::Matrix<_Scalar, _Rows, _Cols, _Options, _MaxRows, _MaxCols>::operator=(const Eigen::Matrix<_Scalar, _Rows, _Cols, _Options, _MaxRows, _MaxCols>&) [with _Scalar = float; int _Rows = 4; int _Cols = 4; int _Options = 0; int _MaxRows = 4; int _MaxCols = 4]
     EIGEN_STRONG_INLINE Matrix& operator=(const Matrix& other)
                                 ^
/usr/include/eigen3/Eigen/src/Core/Matrix.h:154:33: note:   no known conversion for argument 1 from ‘int’ to ‘const Eigen::Matrix<float, 4, 4>&’
/usr/include/eigen3/Eigen/src/Core/Matrix.h:170:33: note: template<class OtherDerived> Eigen::Matrix<_Scalar, _Rows, _Cols, _Options, _MaxRows, _MaxCols>& Eigen::Matrix<_Scalar, _Rows, _Cols, _Options, _MaxRows, _MaxCols>::operator=(const Eigen::MatrixBase<OtherDerived>&) [with OtherDerived = OtherDerived; _Scalar = float; int _Rows = 4; int _Cols = 4; int _Options = 0; int _MaxRows = 4; int _MaxCols = 4]
     EIGEN_STRONG_INLINE Matrix& operator=(const MatrixBase<OtherDerived>& other)
                                 ^
/usr/include/eigen3/Eigen/src/Core/Matrix.h:170:33: note:   template argument deduction/substitution failed:
In file included from /home/tuofeichen/SLAM/MAV-Project/catkin_ws/src/frontend/include/Mapping.h:21:0,
                 from /home/tuofeichen/SLAM/MAV-Project/catkin_ws/src/frontend/src/Mapping.cpp:16:
/home/tuofeichen/SLAM/MAV-Project/catkin_ws/src/frontend/include/Frame.h:239:40: note:   mismatched types ‘const Eigen::MatrixBase<Derived>’ and ‘int’
  void setPosition(Matrix4f lpe) { *pos = lpe; }
                                        ^
In file included from /usr/include/eigen3/Eigen/Core:294:0,
                 from /usr/include/eigen3/Eigen/Geometry:4,
                 from /home/tuofeichen/SLAM/MAV-Project/catkin_ws/src/frontend/include/IPoseGraph.h:11,
                 from /home/tuofeichen/SLAM/MAV-Project/catkin_ws/src/frontend/include/Mapping.h:14,
                 from /home/tuofeichen/SLAM/MAV-Project/catkin_ws/src/frontend/src/Mapping.cpp:16:
/usr/include/eigen3/Eigen/src/Core/Matrix.h:182:33: note: template<class OtherDerived> Eigen::Matrix<_Scalar, _Rows, _Cols, _Options, _MaxRows, _MaxCols>& Eigen::Matrix<_Scalar, _Rows, _Cols, _Options, _MaxRows, _MaxCols>::operator=(const Eigen::EigenBase<OtherDerived>&) [with OtherDerived = OtherDerived; _Scalar = float; int _Rows = 4; int _Cols = 4; int _Options = 0; int _MaxRows = 4; int _MaxCols = 4]
     EIGEN_STRONG_INLINE Matrix& operator=(const EigenBase<OtherDerived> &other)
                                 ^
/usr/include/eigen3/Eigen/src/Core/Matrix.h:182:33: note:   template argument deduction/substitution failed:
In file included from /home/tuofeichen/SLAM/MAV-Project/catkin_ws/src/frontend/include/Mapping.h:21:0,
                 from /home/tuofeichen/SLAM/MAV-Project/catkin_ws/src/frontend/src/Mapping.cpp:16:
/home/tuofeichen/SLAM/MAV-Project/catkin_ws/src/frontend/include/Frame.h:239:40: note:   mismatched types ‘const Eigen::EigenBase<Derived>’ and ‘int’
  void setPosition(Matrix4f lpe) { *pos = lpe; }
                                        ^
In file included from /usr/include/eigen3/Eigen/Core:294:0,
                 from /usr/include/eigen3/Eigen/Geometry:4,
                 from /home/tuofeichen/SLAM/MAV-Project/catkin_ws/src/frontend/include/IPoseGraph.h:11,
                 from /home/tuofeichen/SLAM/MAV-Project/catkin_ws/src/frontend/include/Mapping.h:14,
                 from /home/tuofeichen/SLAM/MAV-Project/catkin_ws/src/frontend/src/Mapping.cpp:16:
/usr/include/eigen3/Eigen/src/Core/Matrix.h:188:33: note: template<class OtherDerived> Eigen::Matrix<_Scalar, _Rows, _Cols, _Options, _MaxRows, _MaxCols>& Eigen::Matrix<_Scalar, _Rows, _Cols, _Options, _MaxRows, _MaxCols>::operator=(const Eigen::ReturnByValue<OtherDerived>&) [with OtherDerived = OtherDerived; _Scalar = float; int _Rows = 4; int _Cols = 4; int _Options = 0; int _MaxRows = 4; int _MaxCols = 4]
     EIGEN_STRONG_INLINE Matrix& operator=(const ReturnByValue<OtherDerived>& func)
                                 ^
/usr/include/eigen3/Eigen/src/Core/Matrix.h:188:33: note:   template argument deduction/substitution failed:
In file included from /home/tuofeichen/SLAM/MAV-Project/catkin_ws/src/frontend/include/Mapping.h:21:0,
                 from /home/tuofeichen/SLAM/MAV-Project/catkin_ws/src/frontend/src/Mapping.cpp:16:
/home/tuofeichen/SLAM/MAV-Project/catkin_ws/src/frontend/include/Frame.h:239:40: note:   mismatched types ‘const Eigen::ReturnByValue<Derived>’ and ‘int’
  void setPosition(Matrix4f lpe) { *pos = lpe; }
                                        ^
In file included from /usr/include/eigen3/Eigen/Core:294:0,
                 from /usr/include/eigen3/Eigen/Geometry:4,
                 from /home/tuofeichen/SLAM/MAV-Project/catkin_ws/src/frontend/include/IPoseGraph.h:11,
                 from /home/tuofeichen/SLAM/MAV-Project/catkin_ws/src/frontend/include/Mapping.h:14,
                 from /home/tuofeichen/SLAM/MAV-Project/catkin_ws/src/frontend/src/Mapping.cpp:16:
/usr/include/eigen3/Eigen/src/Core/Matrix.h:329:13: note: template<class OtherDerived> Eigen::Matrix<_Scalar, _Rows, _Cols, _Options, _MaxRows, _MaxCols>& Eigen::Matrix<_Scalar, _Rows, _Cols, _Options, _MaxRows, _MaxCols>::operator=(const Eigen::RotationBase<OtherDerived, ColsAtCompileTime>&) [with OtherDerived = OtherDerived; _Scalar = float; int _Rows = 4; int _Cols = 4; int _Options = 0; int _MaxRows = 4; int _MaxCols = 4]
     Matrix& operator=(const RotationBase<OtherDerived,ColsAtCompileTime>& r);
             ^
/usr/include/eigen3/Eigen/src/Core/Matrix.h:329:13: note:   template argument deduction/substitution failed:
In file included from /home/tuofeichen/SLAM/MAV-Project/catkin_ws/src/frontend/include/Mapping.h:21:0,
                 from /home/tuofeichen/SLAM/MAV-Project/catkin_ws/src/frontend/src/Mapping.cpp:16:
/home/tuofeichen/SLAM/MAV-Project/catkin_ws/src/frontend/include/Frame.h:239:40: note:   mismatched types ‘const Eigen::RotationBase<OtherDerived, 4>’ and ‘int’
  void setPosition(Matrix4f lpe) { *pos = lpe; }
                                        ^
/home/tuofeichen/SLAM/MAV-Project/catkin_ws/src/frontend/include/Frame.h: In member function ‘int SLAM::Frame::getPosition() const’:
/home/tuofeichen/SLAM/MAV-Project/catkin_ws/src/frontend/include/Frame.h:241:35: error: cannot convert ‘Eigen::Matrix<float, 4, 4>’ to ‘int’ in return
  int getPosition() const {return *pos;} 
                                   ^
/home/tuofeichen/SLAM/MAV-Project/catkin_ws/src/frontend/src/Mapping.cpp: In member function ‘void SLAM::Mapping::matchTwoFrames(const SLAM::Frame&, const SLAM::Frame&, bool&, bool&, Eigen::Isometry3d&, Eigen::Matrix<double, 6, 6>&)’:
/home/tuofeichen/SLAM/MAV-Project/catkin_ws/src/frontend/src/Mapping.cpp:277:14: warning: unused variable ‘logName’ [-Wunused-variable]
  static char logName [50];
              ^
make[2]: *** [CMakeFiles/SLAM.dir/src/Mapping.cpp.o] Error 1
make[1]: *** [CMakeFiles/SLAM.dir/all] Error 2
make: *** [all] Error 2
