/home/tuofeichen/SLAM/MAV-Project/catkin_ws/src/frontend/src/Mapping.cpp:310:1: warning: multi-line comment [-Wcomment]
 //    cv::drawMatches(frame1.getGray(),frame1.getKeypoints(),frame2.getGray(),frame2.getKeypoints(), matches, \
 ^
/home/tuofeichen/SLAM/MAV-Project/catkin_ws/src/frontend/src/Mapping.cpp: In member function ‘void SLAM::Mapping::matchTwoFrames(const SLAM::Frame&, const SLAM::Frame&, bool&, bool&, Eigen::Isometry3d&, Eigen::Matrix<double, 6, 6>&)’:
/home/tuofeichen/SLAM/MAV-Project/catkin_ws/src/frontend/src/Mapping.cpp:276:14: warning: unused variable ‘logName’ [-Wunused-variable]
  static char logName [50];
              ^
/home/tuofeichen/SLAM/MAV-Project/catkin_ws/src/frontend/src/Mapping.cpp: In member function ‘void SLAM::Mapping::parallelMatching()’:
/home/tuofeichen/SLAM/MAV-Project/catkin_ws/src/frontend/src/Mapping.cpp:474:8: warning: unused variable ‘tmpPrev’ [-Wunused-variable]
    int tmpPrev = -1;
        ^
/home/tuofeichen/SLAM/MAV-Project/catkin_ws/src/frontend/src/Mapping.cpp:481:54: error: ‘tmpPrev’ was not declared in this scope
     do { tmp = rand() % neighborIds.size(); } while( tmpPrev == tmp ); //TODO how to choose randomly? with weights?
                                                      ^
/home/tuofeichen/SLAM/MAV-Project/catkin_ws/src/frontend/src/Mapping.cpp: At global scope:
/home/tuofeichen/SLAM/MAV-Project/catkin_ws/src/frontend/src/Mapping.cpp:505:2: error: expected unqualified-id before ‘if’
  if( (currentFrame.getBadFrameFlag()!=1) && searchLoopClosures && nodes.size() > neighborsToMatch + contFramesToMatch && keyFrames.size() > lcRandomMatching)
  ^
/home/tuofeichen/SLAM/MAV-Project/catkin_ws/src/frontend/src/Mapping.cpp:933:1: error: expected ‘}’ at end of input
 } /* namespace SLAM */
 ^
make[2]: *** [CMakeFiles/SLAM.dir/src/Mapping.cpp.o] Error 1
make[1]: *** [CMakeFiles/SLAM.dir/all] Error 2
make: *** [all] Error 2
