In file included from /home/tuofeichen/SLAM/MAV-Project/catkin_ws/src/frontend/include/ObjDetection.h:7:0,
                 from /home/tuofeichen/SLAM/MAV-Project/catkin_ws/src/frontend/src/ObjDetection.cpp:1:
/home/tuofeichen/SLAM/MAV-Project/catkin_ws/src/frontend/include/RosHandler.h:9:21: fatal error: CtrlPx4.h: No such file or directory
 #include "CtrlPx4.h"
                     ^
compilation terminated.
In file included from /home/tuofeichen/SLAM/MAV-Project/catkin_ws/src/frontend/src/RosHandler.cpp:1:0:
/home/tuofeichen/SLAM/MAV-Project/catkin_ws/src/frontend/include/RosHandler.h:9:21: fatal error: CtrlPx4.h: No such file or directory
 #include "CtrlPx4.h"
                     ^
compilation terminated.
In file included from /home/tuofeichen/SLAM/MAV-Project/catkin_ws/src/frontend/include/Mapping.h:24:0,
                 from /home/tuofeichen/SLAM/MAV-Project/catkin_ws/src/frontend/src/Mapping.cpp:16:
/home/tuofeichen/SLAM/MAV-Project/catkin_ws/src/frontend/include/RosHandler.h:9:21: fatal error: CtrlPx4.h: No such file or directory
 #include "CtrlPx4.h"
                     ^
compilation terminated.
make[2]: *** [CMakeFiles/SLAM.dir/src/ObjDetection.cpp.o] Error 1
make[2]: *** Waiting for unfinished jobs....
make[2]: *** [CMakeFiles/SLAM.dir/src/RosHandler.cpp.o] Error 1
make[2]: *** [CMakeFiles/SLAM.dir/src/Mapping.cpp.o] Error 1
make[1]: *** [CMakeFiles/SLAM.dir/all] Error 2
make: *** [all] Error 2
