[35m[1mScanning dependencies of target rosgraph_msgs_generate_messages_lisp[0m
[35m[1mScanning dependencies of target std_msgs_generate_messages_lisp[0m
[35m[1mScanning dependencies of target SLAM[0m
[35m[1mScanning dependencies of target std_msgs_generate_messages_cpp[0m
[  0%] Built target rosgraph_msgs_generate_messages_lisp
[  0%] Built target std_msgs_generate_messages_cpp
[  0%] Built target std_msgs_generate_messages_lisp
[35m[1mScanning dependencies of target roscpp_generate_messages_py[0m
[35m[1mScanning dependencies of target rosgraph_msgs_generate_messages_py[0m
[35m[1mScanning dependencies of target roscpp_generate_messages_lisp[0m
[  0%] Built target roscpp_generate_messages_py
[  0%] Built target rosgraph_msgs_generate_messages_py
[  0%] Built target roscpp_generate_messages_lisp
[35m[1mScanning dependencies of target roscpp_generate_messages_cpp[0m
[35m[1mScanning dependencies of target geometry_msgs_generate_messages_lisp[0m
[35m[1mScanning dependencies of target geometry_msgs_generate_messages_cpp[0m
[  0%] Built target roscpp_generate_messages_cpp
[  0%] Built target geometry_msgs_generate_messages_lisp
[  0%] Built target geometry_msgs_generate_messages_cpp
[35m[1mScanning dependencies of target geometry_msgs_generate_messages_py[0m
[35m[1mScanning dependencies of target std_msgs_generate_messages_py[0m
[35m[1mScanning dependencies of target rosgraph_msgs_generate_messages_cpp[0m
[  0%] Built target geometry_msgs_generate_messages_py
[  0%] Built target std_msgs_generate_messages_py
[  0%] Built target rosgraph_msgs_generate_messages_cpp
[  5%] [32mBuilding CXX object CMakeFiles/SLAM.dir/src/AnalyticBasedTME.cpp.o[0m
[ 10%] [32mBuilding CXX object CMakeFiles/SLAM.dir/src/FrameToPcConverter.cpp.o[0m
[ 15%] [32mBuilding CXX object CMakeFiles/SLAM.dir/src/G2oPoseGraph.cpp.o[0m
[ 20%] [32mBuilding CXX object CMakeFiles/SLAM.dir/src/Mapping.cpp.o[0m
[ 25%] [32mBuilding CXX object CMakeFiles/SLAM.dir/src/Frame.cpp.o[0m
/home/tuofeichen/SLAM/MAV-Project/catkin_ws/src/frontend/src/Mapping.cpp:320:4: warning: multi-line comment [-Wcomment]
    // cv::drawMatches(frame1.getGray(),frame1.getKeypoints(),frame2.getGray(),frame2.getKeypoints(), matches, \
    ^
In file included from /home/tuofeichen/SLAM/MAV-Project/catkin_ws/src/frontend/src/Frame.cpp:7:0:
/home/tuofeichen/SLAM/MAV-Project/catkin_ws/src/frontend/include/Frame.h: In constructor ‘SLAM::Frame::Frame(boost::shared_ptr<cv::Mat>&, boost::shared_ptr<cv::Mat>&, boost::shared_ptr<cv::Mat>&, boost::shared_ptr<double>&)’:
/home/tuofeichen/SLAM/MAV-Project/catkin_ws/src/frontend/include/Frame.h:247:26: warning: ‘SLAM::Frame::newNodeFlag’ will be initialized after [-Wreorder]
  boost::shared_ptr<bool> newNodeFlag;
                          ^
/home/tuofeichen/SLAM/MAV-Project/catkin_ws/src/frontend/include/Frame.h:246:26: warning:   ‘boost::shared_ptr<bool> SLAM::Frame::dummyFrameFlag’ [-Wreorder]
  boost::shared_ptr<bool> dummyFrameFlag; 
                          ^
/home/tuofeichen/SLAM/MAV-Project/catkin_ws/src/frontend/src/Frame.cpp:18:1: warning:   when initialized here [-Wreorder]
 Frame::Frame(boost::shared_ptr<cv::Mat>& rgbImage, boost::shared_ptr<cv::Mat>& grayImage, boost::shared_ptr<cv::Mat>& depthImage, boost::shared_ptr<double>& timeStamp)
 ^
[ 30%] [32mBuilding CXX object CMakeFiles/SLAM.dir/src/RANSACBasedTME.cpp.o[0m
[ 35%] [32mBuilding CXX object CMakeFiles/SLAM.dir/src/TcpClient.cpp.o[0m
/home/tuofeichen/SLAM/MAV-Project/catkin_ws/src/frontend/src/RANSACBasedTME.cpp: In member function ‘virtual bool SLAM::RANSACBasedTME::estimateTrafo(const std::vector<Eigen::Matrix<float, 3, 1> >&, const std::vector<int>&, const std::vector<Eigen::Matrix<float, 3, 1> >&, const std::vector<int>&, Eigen::Matrix4f&, Eigen::Matrix<double, 6, 6>&, std::vector<int>&) const’:
/home/tuofeichen/SLAM/MAV-Project/catkin_ws/src/frontend/src/RANSACBasedTME.cpp:239:20: warning: variable ‘tmOld’ set but not used [-Wunused-but-set-variable]
    Eigen::Matrix4f tmOld = transfMat;
                    ^
[ 40%] [32mBuilding CXX object CMakeFiles/SLAM.dir/src/SIFT.cpp.o[0m
/home/tuofeichen/SLAM/MAV-Project/catkin_ws/src/frontend/src/Mapping.cpp: In member function ‘void SLAM::Mapping::matchTwoFrames(const SLAM::Frame&, const SLAM::Frame&, bool&, bool&, Eigen::Isometry3d&, Eigen::Matrix<double, 6, 6>&)’:
/home/tuofeichen/SLAM/MAV-Project/catkin_ws/src/frontend/src/Mapping.cpp:286:14: warning: unused variable ‘logName’ [-Wunused-variable]
  static char logName [50];
              ^
/home/tuofeichen/SLAM/MAV-Project/catkin_ws/src/frontend/src/Mapping.cpp: In member function ‘void SLAM::Mapping::parallelMatching()’:
/home/tuofeichen/SLAM/MAV-Project/catkin_ws/src/frontend/src/Mapping.cpp:525:8: warning: variable ‘prevId’ set but not used [-Wunused-but-set-variable]
    int prevId = -1;
        ^
/home/tuofeichen/SLAM/MAV-Project/catkin_ws/src/frontend/src/Mapping.cpp: In member function ‘void SLAM::Mapping::updateMap()’:
/home/tuofeichen/SLAM/MAV-Project/catkin_ws/src/frontend/src/Mapping.cpp:749:36: warning: comparison between signed and unsigned integer expressions [-Wsign-compare]
  for(int i = 0; i < keyFrames.size(); ++i)
                                    ^
[ 45%] [32mBuilding CXX object CMakeFiles/SLAM.dir/src/SURF.cpp.o[0m
[ 50%] [32mBuilding CXX object CMakeFiles/SLAM.dir/src/ORB.cpp.o[0m
[ 55%] [32mBuilding CXX object CMakeFiles/SLAM.dir/src/OrbDetSurfDesc.cpp.o[0m
[ 60%] [32mBuilding CXX object CMakeFiles/SLAM.dir/src/UavComProtocolHandler.cpp.o[0m
[ 65%] [32mBuilding CXX object CMakeFiles/SLAM.dir/src/Frontend.cpp.o[0m
[ 70%] [32mBuilding CXX object CMakeFiles/SLAM.dir/src/AsusProLiveOpenNI2.cpp.o[0m
[ 75%] [32mBuilding CXX object CMakeFiles/SLAM.dir/src/RosHandler.cpp.o[0m
[ 80%] [32mBuilding CXX object CMakeFiles/SLAM.dir/src/Backend.cpp.o[0m
[ 85%] [32mBuilding CXX object CMakeFiles/SLAM.dir/src/TcpServer.cpp.o[0m
[ 90%] [32m[1mLinking CXX shared library /home/tuofeichen/SLAM/MAV-Project/catkin_ws/devel/lib/libSLAM.so[0m
[ 90%] Built target SLAM
[35m[1mScanning dependencies of target frontend[0m
[ 95%] [32mBuilding CXX object CMakeFiles/frontend.dir/src/main.cpp.o[0m
/home/tuofeichen/SLAM/MAV-Project/catkin_ws/src/frontend/src/main.cpp: In function ‘int main(int, char**)’:
/home/tuofeichen/SLAM/MAV-Project/catkin_ws/src/frontend/src/main.cpp:278:53: warning: comparison between signed and unsigned integer expressions [-Wsign-compare]
     for (int i = 0; i < frame.getKeypoints3D().size();i++)
                                                     ^
/home/tuofeichen/SLAM/MAV-Project/catkin_ws/src/frontend/src/main.cpp:284:50: warning: comparison between signed and unsigned integer expressions [-Wsign-compare]
     for (int i = 0; i< frame.getKeypoints().size();i++)
                                                  ^
/home/tuofeichen/SLAM/MAV-Project/catkin_ws/src/frontend/src/main.cpp:292:41: warning: comparison between signed and unsigned integer expressions [-Wsign-compare]
    if (slam.getImuCompensateCounter()== badFrameCnt)
                                         ^
/home/tuofeichen/SLAM/MAV-Project/catkin_ws/src/frontend/src/main.cpp:324:43: warning: comparison between signed and unsigned integer expressions [-Wsign-compare]
    for (int i = 0; i<slam.getNodes().size();i++)
                                           ^
/home/tuofeichen/SLAM/MAV-Project/catkin_ws/src/frontend/src/main.cpp:321:13: warning: variable ‘pos’ set but not used [-Wunused-but-set-variable]
    Matrix4d pos = slam.getCurrentPosition().matrix();
             ^
[100%] [32m[1mLinking CXX executable /home/tuofeichen/SLAM/MAV-Project/catkin_ws/devel/lib/frontend/frontend[0m
[100%] Built target frontend
