/home/tuofeichen/SLAM/MAV-Project/catkin_ws/src/frontend/src/Mapping.cpp:311:1: warning: multi-line comment [-Wcomment]
 //    cv::drawMatches(frame1.getGray(),frame1.getKeypoints(),frame2.getGray(),frame2.getKeypoints(), matches, \
 ^
/home/tuofeichen/SLAM/MAV-Project/catkin_ws/src/frontend/src/Mapping.cpp: In member function ‘void SLAM::Mapping::matchTwoFrames(const SLAM::Frame&, const SLAM::Frame&, bool&, bool&, Eigen::Isometry3d&, Eigen::Matrix<double, 6, 6>&)’:
/home/tuofeichen/SLAM/MAV-Project/catkin_ws/src/frontend/src/Mapping.cpp:277:14: warning: unused variable ‘logName’ [-Wunused-variable]
  static char logName [50];
              ^
/home/tuofeichen/SLAM/MAV-Project/catkin_ws/src/frontend/src/Mapping.cpp: In member function ‘void SLAM::Mapping::parallelMatching()’:
/home/tuofeichen/SLAM/MAV-Project/catkin_ws/src/frontend/src/Mapping.cpp:512:8: warning: variable ‘prevId’ set but not used [-Wunused-but-set-variable]
    int prevId = -1;
        ^
In file included from /usr/include/c++/4.8/backward/strstream:51:0,
                 from /usr/include/vtk-5.8/vtkIOStream.h:112,
                 from /usr/include/vtk-5.8/vtkSystemIncludes.h:40,
                 from /usr/include/vtk-5.8/vtkIndent.h:24,
                 from /usr/include/vtk-5.8/vtkObjectBase.h:43,
                 from /usr/include/vtk-5.8/vtkSmartPointerBase.h:26,
                 from /usr/include/vtk-5.8/vtkSmartPointer.h:23,
                 from /usr/include/pcl-1.7/pcl/visualization/point_cloud_geometry_handlers.h:48,
                 from /usr/include/pcl-1.7/pcl/visualization/point_cloud_handlers.h:41,
                 from /usr/include/pcl-1.7/pcl/visualization/common/actor_map.h:40,
                 from /usr/include/pcl-1.7/pcl/visualization/pcl_visualizer.h:48,
                 from /usr/include/pcl-1.7/pcl/visualization/cloud_viewer.h:39,
                 from /home/tuofeichen/SLAM/MAV-Project/catkin_ws/src/frontend/include/PointCloudMap.h:10,
                 from /home/tuofeichen/SLAM/MAV-Project/catkin_ws/src/frontend/src/main.cpp:20:
/usr/include/c++/4.8/backward/backward_warning.h:32:2: warning: #warning This file includes at least one deprecated or antiquated header which may be removed without further notice at a future date. Please use a non-deprecated interface with equivalent functionality instead. For a listing of replacement headers and interfaces, consult the file backward_warning.h. To disable this warning use -Wno-deprecated. [-Wcpp]
 #warning \
  ^
/home/tuofeichen/SLAM/MAV-Project/catkin_ws/src/frontend/src/main.cpp: In function ‘int main(int, char**)’:
/home/tuofeichen/SLAM/MAV-Project/catkin_ws/src/frontend/src/main.cpp:294:41: warning: comparison between signed and unsigned integer expressions [-Wsign-compare]
    if (slam.getImuCompensateCounter()== badFrameCnt)
                                         ^
/home/tuofeichen/SLAM/MAV-Project/catkin_ws/src/frontend/src/main.cpp:325:48: warning: comparison between signed and unsigned integer expressions [-Wsign-compare]
     for (int i = 0; i<slam.getKeyFrames().size();i++)
                                                ^
/home/tuofeichen/SLAM/MAV-Project/catkin_ws/src/frontend/src/main.cpp:369:45: warning: comparison between signed and unsigned integer expressions [-Wsign-compare]
  for (int i = 0; i<slam.getKeyFrames().size();i++)
                                             ^
/home/tuofeichen/SLAM/MAV-Project/catkin_ws/src/frontend/src/main.cpp:173:9: warning: variable ‘timeDiff’ set but not used [-Wunused-but-set-variable]
  double timeDiff = 0; // debug processing time
         ^
