[  0%] Built target rosgraph_msgs_generate_messages_lisp
[  0%] Built target std_msgs_generate_messages_lisp
[  0%] Built target std_msgs_generate_messages_cpp
[  0%] Built target roscpp_generate_messages_py
[  0%] Built target rosgraph_msgs_generate_messages_py
[  0%] Built target roscpp_generate_messages_lisp
[  0%] Built target roscpp_generate_messages_cpp
[  0%] Built target geometry_msgs_generate_messages_cpp
[  0%] Built target geometry_msgs_generate_messages_lisp
[  0%] Built target geometry_msgs_generate_messages_py
[  0%] Built target rosgraph_msgs_generate_messages_cpp
[  0%] Built target std_msgs_generate_messages_py
[ 90%] Built target SLAM
[35m[1mScanning dependencies of target frontend[0m
[ 95%] [32mBuilding CXX object CMakeFiles/frontend.dir/src/main.cpp.o[0m
/home/tuofeichen/SLAM/MAV-Project/catkin_ws/src/frontend/src/main.cpp: In function ‘int main(int, char**)’:
/home/tuofeichen/SLAM/MAV-Project/catkin_ws/src/frontend/src/main.cpp:267:53: warning: comparison between signed and unsigned integer expressions [-Wsign-compare]
     for (int i = 0; i < frame.getKeypoints3D().size();i++)
                                                     ^
/home/tuofeichen/SLAM/MAV-Project/catkin_ws/src/frontend/src/main.cpp:273:50: warning: comparison between signed and unsigned integer expressions [-Wsign-compare]
     for (int i = 0; i< frame.getKeypoints().size();i++)
                                                  ^
/home/tuofeichen/SLAM/MAV-Project/catkin_ws/src/frontend/src/main.cpp:281:41: warning: comparison between signed and unsigned integer expressions [-Wsign-compare]
    if (slam.getImuCompensateCounter()== badFrameCnt)
                                         ^
/home/tuofeichen/SLAM/MAV-Project/catkin_ws/src/frontend/src/main.cpp:311:43: warning: comparison between signed and unsigned integer expressions [-Wsign-compare]
    {
                                           ^
/home/tuofeichen/SLAM/MAV-Project/catkin_ws/src/frontend/src/main.cpp:308:13: warning: variable ‘pos’ set but not used [-Wunused-but-set-variable]
    backend.setNewNode(frame);//, pos.cast<float>(), Eigen::Matrix<float, 6, 6>::Identity(),1);
             ^
[100%] [32m[1mLinking CXX executable /home/tuofeichen/SLAM/MAV-Project/catkin_ws/devel/lib/frontend/frontend[0m
[100%] Built target frontend
