[  0%] Built target std_msgs_generate_messages_cpp
[  0%] Built target rosgraph_msgs_generate_messages_cpp
[  0%] Built target roscpp_generate_messages_cpp
[  0%] Built target roscpp_generate_messages_lisp
[  0%] Built target roscpp_generate_messages_py
[35m[1mScanning dependencies of target SLAM[0m
[  0%] Built target rosgraph_msgs_generate_messages_lisp
[  0%] Built target _frontend_generate_messages_check_deps_CtrlState
[  0%] Built target rosgraph_msgs_generate_messages_py
[  0%] Built target geometry_msgs_generate_messages_cpp
[  0%] Built target std_msgs_generate_messages_py
[  0%] Built target std_msgs_generate_messages_lisp
[  0%] Built target geometry_msgs_generate_messages_py
[  0%] Built target geometry_msgs_generate_messages_lisp
[  4%] Built target frontend_generate_messages_lisp
[ 12%] Built target frontend_generate_messages_py
[ 16%] Built target frontend_generate_messages_cpp
[ 16%] Built target frontend_generate_messages
[ 20%] [32mBuilding CXX object CMakeFiles/SLAM.dir/src/ObjDetection.cpp.o[0m
/home/tuofeichen/SLAM/MAV-Project/catkin_ws/src/frontend/src/ObjDetection.cpp: In member function ‘void ObjDetection::objectDetect()’:
/home/tuofeichen/SLAM/MAV-Project/catkin_ws/src/frontend/src/ObjDetection.cpp:69:44: warning: comparison between signed and unsigned integer expressions [-Wsign-compare]
  for( int i = 0; i < backward_matches.size(); i++ ) // symmetry test
                                            ^
/home/tuofeichen/SLAM/MAV-Project/catkin_ws/src/frontend/src/ObjDetection.cpp:72:44: warning: comparison between signed and unsigned integer expressions [-Wsign-compare]
   for (int j = 0; j < forward_matches.size();j++)
                                            ^
/home/tuofeichen/SLAM/MAV-Project/catkin_ws/src/frontend/src/ObjDetection.cpp: In member function ‘void ObjDetection::checkObjAngle(cv::Mat)’:
/home/tuofeichen/SLAM/MAV-Project/catkin_ws/src/frontend/src/ObjDetection.cpp:223:8: warning: unused variable ‘distance’ [-Wunused-variable]
  float distance = 0;
        ^
/home/tuofeichen/SLAM/MAV-Project/catkin_ws/src/frontend/src/ObjDetection.cpp:224:8: warning: unused variable ‘distance_counter’ [-Wunused-variable]
  int   distance_counter = 0;
        ^
[ 24%] [32m[1mLinking CXX shared library /home/tuofeichen/SLAM/MAV-Project/catkin_ws/devel/lib/libSLAM.so[0m
[ 92%] Built target SLAM
[35m[1mScanning dependencies of target frontend[0m
[ 96%] [32mBuilding CXX object CMakeFiles/frontend.dir/src/main.cpp.o[0m
/home/tuofeichen/SLAM/MAV-Project/catkin_ws/src/frontend/src/main.cpp: In function ‘int main(int, char**)’:
/home/tuofeichen/SLAM/MAV-Project/catkin_ws/src/frontend/src/main.cpp:301:41: warning: comparison between signed and unsigned integer expressions [-Wsign-compare]
    if (slam.getImuCompensateCounter()== badFrameCnt)
                                         ^
/home/tuofeichen/SLAM/MAV-Project/catkin_ws/src/frontend/src/main.cpp:347:48: warning: comparison between signed and unsigned integer expressions [-Wsign-compare]
     for (int i = 0; i<slam.getKeyFrames().size();i++)
                                                ^
/home/tuofeichen/SLAM/MAV-Project/catkin_ws/src/frontend/src/main.cpp:388:45: warning: comparison between signed and unsigned integer expressions [-Wsign-compare]
  for (int i = 0; i<slam.getKeyFrames().size();i++)
                                             ^
[100%] [32m[1mLinking CXX executable /home/tuofeichen/SLAM/MAV-Project/catkin_ws/devel/lib/frontend/frontend[0m
[100%] Built target frontend
