In file included from /home/odroid/MAV-Project/px4_ws/src/frontend/src/Frame.cpp:7:0:
/home/odroid/MAV-Project/px4_ws/src/frontend/include/Frame.h: In constructor 'SLAM::Frame::Frame(boost::shared_ptr<cv::Mat>&, boost::shared_ptr<cv::Mat>&, boost::shared_ptr<cv::Mat>&, boost::shared_ptr<double>&)':
/home/odroid/MAV-Project/px4_ws/src/frontend/include/Frame.h:249:26: warning: 'SLAM::Frame::newNodeFlag' will be initialized after [-Wreorder]
  boost::shared_ptr<bool> newNodeFlag;
                          ^
/home/odroid/MAV-Project/px4_ws/src/frontend/include/Frame.h:248:26: warning:   'boost::shared_ptr<bool> SLAM::Frame::dummyFrameFlag' [-Wreorder]
  boost::shared_ptr<bool> dummyFrameFlag; 
                          ^
/home/odroid/MAV-Project/px4_ws/src/frontend/src/Frame.cpp:18:1: warning:   when initialized here [-Wreorder]
 Frame::Frame(boost::shared_ptr<cv::Mat>& rgbImage, boost::shared_ptr<cv::Mat>& grayImage, boost::shared_ptr<cv::Mat>& depthImage, boost::shared_ptr<double>& timeStamp)
 ^
In file included from /home/odroid/MAV-Project/px4_ws/src/frontend/src/Frame.cpp:7:0:
/home/odroid/MAV-Project/px4_ws/src/frontend/include/Frame.h:256:37: warning: 'SLAM::Frame::pos' will be initialized after [-Wreorder]
  boost::shared_ptr<Eigen::Matrix4f> pos;
                                     ^
/home/odroid/MAV-Project/px4_ws/src/frontend/include/Frame.h:252:28: warning:   'boost::shared_ptr<double> SLAM::Frame::time' [-Wreorder]
  boost::shared_ptr<double> time;
                            ^
/home/odroid/MAV-Project/px4_ws/src/frontend/src/Frame.cpp:18:1: warning:   when initialized here [-Wreorder]
 Frame::Frame(boost::shared_ptr<cv::Mat>& rgbImage, boost::shared_ptr<cv::Mat>& grayImage, boost::shared_ptr<cv::Mat>& depthImage, boost::shared_ptr<double>& timeStamp)
 ^
In file included from /home/odroid/MAV-Project/px4_ws/src/frontend/src/Frame.cpp:7:0:
/home/odroid/MAV-Project/px4_ws/src/frontend/include/Frame.h:260:29: warning: 'SLAM::Frame::descriptors' will be initialized after [-Wreorder]
  boost::shared_ptr<cv::Mat> descriptors;
                             ^
/home/odroid/MAV-Project/px4_ws/src/frontend/include/Frame.h:258:47: warning:   'boost::shared_ptr<std::vector<cv::KeyPoint> > SLAM::Frame::keypoints' [-Wreorder]
  boost::shared_ptr<std::vector<cv::KeyPoint>> keypoints;
                                               ^
/home/odroid/MAV-Project/px4_ws/src/frontend/src/Frame.cpp:18:1: warning:   when initialized here [-Wreorder]
 Frame::Frame(boost::shared_ptr<cv::Mat>& rgbImage, boost::shared_ptr<cv::Mat>& grayImage, boost::shared_ptr<cv::Mat>& depthImage, boost::shared_ptr<double>& timeStamp)
 ^
/home/odroid/MAV-Project/px4_ws/src/frontend/src/Mapping.cpp:314:1: warning: multi-line comment [-Wcomment]
 //    cv::drawMatches(frame1.getGray(),frame1.getKeypoints(),frame2.getGray(),frame2.getKeypoints(), matches, \
 ^
/home/odroid/MAV-Project/px4_ws/src/frontend/src/Mapping.cpp: In member function 'void SLAM::Mapping::matchTwoFrames(const SLAM::Frame&, const SLAM::Frame&, bool&, bool&, Eigen::Isometry3d&, Eigen::Matrix<double, 6, 6>&)':
/home/odroid/MAV-Project/px4_ws/src/frontend/src/Mapping.cpp:280:14: warning: unused variable 'logName' [-Wunused-variable]
  static char logName [50];
              ^
/home/odroid/MAV-Project/px4_ws/src/frontend/src/Mapping.cpp: In member function 'void SLAM::Mapping::parallelMatching()':
/home/odroid/MAV-Project/px4_ws/src/frontend/src/Mapping.cpp:514:8: warning: variable 'prevId' set but not used [-Wunused-but-set-variable]
    int prevId = -1;
        ^
/home/odroid/MAV-Project/px4_ws/src/frontend/src/Mapping.cpp: In member function 'void SLAM::Mapping::fusePX4LPE(int)':
/home/odroid/MAV-Project/px4_ws/src/frontend/src/Mapping.cpp:869:20: warning: variable 'keyTm' set but not used [-Wunused-but-set-variable]
    Eigen::Matrix4d keyTm = prevKey.matrix().inverse()*currentPosition.matrix();
                    ^
/home/odroid/MAV-Project/px4_ws/src/frontend/src/ObjDetection.cpp: In member function 'void ObjDetection::objectDetect()':
/home/odroid/MAV-Project/px4_ws/src/frontend/src/ObjDetection.cpp:63:44: warning: comparison between signed and unsigned integer expressions [-Wsign-compare]
  for( int i = 0; i < backward_matches.size(); i++ ) // symmetry test
                                            ^
/home/odroid/MAV-Project/px4_ws/src/frontend/src/ObjDetection.cpp:66:44: warning: comparison between signed and unsigned integer expressions [-Wsign-compare]
   for (int j = 0; j < forward_matches.size();j++)
                                            ^
CMakeFiles/SLAM.dir/src/RANSACBasedTME.cpp.o: file not recognized: File truncated
collect2: error: ld returned 1 exit status
make[2]: *** [/home/odroid/MAV-Project/px4_ws/devel/lib/libSLAM.so] Error 1
make[1]: *** [CMakeFiles/SLAM.dir/all] Error 2
make: *** [all] Error 2
