[  0%] [  0%] Built target std_msgs_generate_messages_cpp
Built target std_msgs_generate_messages_py
[  0%] [  0%] [  0%] [35m[1mScanning dependencies of target SLAM
Built target roscpp_generate_messages_cpp
[  0%] Built target roscpp_generate_messages_py
Built target roscpp_generate_messages_lisp
Built target std_msgs_generate_messages_lisp
[  0%] Built target _frontend_generate_messages_check_deps_CtrlState
[  0%] Built target geometry_msgs_generate_messages_cpp
[  0%] [  0%] Built target rosgraph_msgs_generate_messages_cpp
[  0%] Built target geometry_msgs_generate_messages_py
[  0%] Built target rosgraph_msgs_generate_messages_lisp
Built target geometry_msgs_generate_messages_lisp
[  0%] Built target rosgraph_msgs_generate_messages_py
[  8%] Built target frontend_generate_messages_py
[ 13%] Built target frontend_generate_messages_cpp
[ 17%] Built target frontend_generate_messages_lisp
[0m[ 17%] Built target frontend_generate_messages
[ 21%] [32mBuilding CXX object CMakeFiles/SLAM.dir/src/ObjDetection.cpp.o
/home/odroid/MAV-Project/px4_ws/src/frontend/src/ObjDetection.cpp: In member function 'bool ObjDetection::objectDetect()':
/home/odroid/MAV-Project/px4_ws/src/frontend/src/ObjDetection.cpp:73:44: warning: comparison between signed and unsigned integer expressions [-Wsign-compare]
  for( int i = 0; i < backward_matches.size(); i++ ) // symmetry test
                                            ^
/home/odroid/MAV-Project/px4_ws/src/frontend/src/ObjDetection.cpp:76:44: warning: comparison between signed and unsigned integer expressions [-Wsign-compare]
   for (int j = 0; j < forward_matches.size();j++)
                                            ^
/home/odroid/MAV-Project/px4_ws/src/frontend/src/ObjDetection.cpp: In member function 'void ObjDetection::checkObjAngle(cv::Mat)':
/home/odroid/MAV-Project/px4_ws/src/frontend/src/ObjDetection.cpp:228:8: warning: unused variable 'distance' [-Wunused-variable]
  float distance = 0;
        ^
/home/odroid/MAV-Project/px4_ws/src/frontend/src/ObjDetection.cpp:229:6: warning: unused variable 'distance_counter' [-Wunused-variable]
  int   distance_counter = 0;
      ^
[0m[31m[1mLinking CXX shared library /home/odroid/MAV-Project/px4_ws/devel/lib/libSLAM.so
[0m[ 95%] Built target SLAM
[31m[1mLinking CXX executable /home/odroid/MAV-Project/px4_ws/devel/lib/frontend/frontend
[0m[100%] Built target frontend
