[  0%] Built target std_msgs_generate_messages_py
[  0%] [  0%] [  0%] Built target std_msgs_generate_messages_cpp
Built target roscpp_generate_messages_cpp
Built target std_msgs_generate_messages_lisp
[35m[1mScanning dependencies of target SLAM
[  0%] [  0%] Built target roscpp_generate_messages_lisp
Built target roscpp_generate_messages_py
[  0%] Built target _frontend_generate_messages_check_deps_CtrlState
[  0%] Built target geometry_msgs_generate_messages_cpp
[  0%] Built target rosgraph_msgs_generate_messages_cpp
[  0%] Built target rosgraph_msgs_generate_messages_lisp
[  0%] Built target geometry_msgs_generate_messages_py
[  0%] [  0%] [  8%] Built target rosgraph_msgs_generate_messages_py
Built target geometry_msgs_generate_messages_lisp
Built target frontend_generate_messages_py
[ 13%] [ 17%] Built target frontend_generate_messages_cpp
Built target frontend_generate_messages_lisp
[0m[ 17%] Built target frontend_generate_messages
[ 21%] [32mBuilding CXX object CMakeFiles/SLAM.dir/src/ObjDetection.cpp.o
/home/odroid/MAV-Project/px4_ws/src/frontend/src/ObjDetection.cpp: In member function 'bool ObjDetection::objectDetect()':
/home/odroid/MAV-Project/px4_ws/src/frontend/src/ObjDetection.cpp:71:44: warning: comparison between signed and unsigned integer expressions [-Wsign-compare]
  for( int i = 0; i < backward_matches.size(); i++ ) // symmetry test
                                            ^
/home/odroid/MAV-Project/px4_ws/src/frontend/src/ObjDetection.cpp:74:44: warning: comparison between signed and unsigned integer expressions [-Wsign-compare]
   for (int j = 0; j < forward_matches.size();j++)
                                            ^
[0m[31m[1mLinking CXX shared library /home/odroid/MAV-Project/px4_ws/devel/lib/libSLAM.so
[0m[ 95%] Built target SLAM
[31m[1mLinking CXX executable /home/odroid/MAV-Project/px4_ws/devel/lib/frontend/frontend
[0m[100%] Built target frontend
