In file included from /usr/include/eigen3/Eigen/Core:277:0,
                 from /usr/include/eigen3/Eigen/Geometry:4,
                 from /home/odroid/MAV-Project/px4_ws/src/frontend/src/RANSACBasedTME.cpp:11:
/usr/include/eigen3/Eigen/src/Core/DenseCoeffsBase.h: In member function 'virtual bool SLAM::RANSACBasedTME::estimateTrafo(const std::vector<Eigen::Matrix<float, 3, 1> >&, const std::vector<int>&, const std::vector<Eigen::Matrix<float, 3, 1> >&, const std::vector<int>&, Eigen::Matrix4f&, Eigen::Matrix<double, 6, 6>&, std::vector<int>&) const':
/usr/include/eigen3/Eigen/src/Core/DenseCoeffsBase.h:495:7: warning: '*((void*)& refinedTransfMat +60)' may be used uninitialized in this function [-Wmaybe-uninitialized]
       derived().coeffRef(index) = other.derived().coeff(index);
       ^
/home/odroid/MAV-Project/px4_ws/src/frontend/src/RANSACBasedTME.cpp:205:18: note: '*((void*)& refinedTransfMat +60)' was declared here
  Eigen::Matrix4f refinedTransfMat;
                  ^
In file included from /usr/include/eigen3/Eigen/Core:277:0,
                 from /usr/include/eigen3/Eigen/Geometry:4,
                 from /home/odroid/MAV-Project/px4_ws/src/frontend/src/RANSACBasedTME.cpp:11:
/usr/include/eigen3/Eigen/src/Core/DenseCoeffsBase.h:495:7: warning: '*((void*)& refinedTransfMat +56)' may be used uninitialized in this function [-Wmaybe-uninitialized]
       derived().coeffRef(index) = other.derived().coeff(index);
       ^
/home/odroid/MAV-Project/px4_ws/src/frontend/src/RANSACBasedTME.cpp:205:18: note: '*((void*)& refinedTransfMat +56)' was declared here
  Eigen::Matrix4f refinedTransfMat;
                  ^
In file included from /usr/include/eigen3/Eigen/Core:277:0,
                 from /usr/include/eigen3/Eigen/Geometry:4,
                 from /home/odroid/MAV-Project/px4_ws/src/frontend/src/RANSACBasedTME.cpp:11:
/usr/include/eigen3/Eigen/src/Core/DenseCoeffsBase.h:495:7: warning: '*((void*)& refinedTransfMat +52)' may be used uninitialized in this function [-Wmaybe-uninitialized]
       derived().coeffRef(index) = other.derived().coeff(index);
       ^
/home/odroid/MAV-Project/px4_ws/src/frontend/src/RANSACBasedTME.cpp:205:18: note: '*((void*)& refinedTransfMat +52)' was declared here
  Eigen::Matrix4f refinedTransfMat;
                  ^
In file included from /usr/include/eigen3/Eigen/Core:277:0,
                 from /usr/include/eigen3/Eigen/Geometry:4,
                 from /home/odroid/MAV-Project/px4_ws/src/frontend/src/RANSACBasedTME.cpp:11:
/usr/include/eigen3/Eigen/src/Core/DenseCoeffsBase.h:495:7: warning: '*((void*)& refinedTransfMat +48)' may be used uninitialized in this function [-Wmaybe-uninitialized]
       derived().coeffRef(index) = other.derived().coeff(index);
       ^
/home/odroid/MAV-Project/px4_ws/src/frontend/src/RANSACBasedTME.cpp:205:18: note: '*((void*)& refinedTransfMat +48)' was declared here
  Eigen::Matrix4f refinedTransfMat;
                  ^
In file included from /usr/include/eigen3/Eigen/Core:277:0,
                 from /usr/include/eigen3/Eigen/Geometry:4,
                 from /home/odroid/MAV-Project/px4_ws/src/frontend/src/RANSACBasedTME.cpp:11:
/usr/include/eigen3/Eigen/src/Core/DenseCoeffsBase.h:495:7: warning: '*((void*)& refinedTransfMat +44)' may be used uninitialized in this function [-Wmaybe-uninitialized]
       derived().coeffRef(index) = other.derived().coeff(index);
       ^
/home/odroid/MAV-Project/px4_ws/src/frontend/src/RANSACBasedTME.cpp:205:18: note: '*((void*)& refinedTransfMat +44)' was declared here
  Eigen::Matrix4f refinedTransfMat;
                  ^
In file included from /usr/include/eigen3/Eigen/Core:277:0,
                 from /usr/include/eigen3/Eigen/Geometry:4,
                 from /home/odroid/MAV-Project/px4_ws/src/frontend/src/RANSACBasedTME.cpp:11:
/usr/include/eigen3/Eigen/src/Core/DenseCoeffsBase.h:495:7: warning: '*((void*)& refinedTransfMat +40)' may be used uninitialized in this function [-Wmaybe-uninitialized]
       derived().coeffRef(index) = other.derived().coeff(index);
       ^
/home/odroid/MAV-Project/px4_ws/src/frontend/src/RANSACBasedTME.cpp:205:18: note: '*((void*)& refinedTransfMat +40)' was declared here
  Eigen::Matrix4f refinedTransfMat;
                  ^
In file included from /usr/include/eigen3/Eigen/Core:277:0,
                 from /usr/include/eigen3/Eigen/Geometry:4,
                 from /home/odroid/MAV-Project/px4_ws/src/frontend/src/RANSACBasedTME.cpp:11:
/usr/include/eigen3/Eigen/src/Core/DenseCoeffsBase.h:495:7: warning: '*((void*)& refinedTransfMat +36)' may be used uninitialized in this function [-Wmaybe-uninitialized]
       derived().coeffRef(index) = other.derived().coeff(index);
       ^
/home/odroid/MAV-Project/px4_ws/src/frontend/src/RANSACBasedTME.cpp:205:18: note: '*((void*)& refinedTransfMat +36)' was declared here
  Eigen::Matrix4f refinedTransfMat;
                  ^
In file included from /usr/include/eigen3/Eigen/Core:277:0,
                 from /usr/include/eigen3/Eigen/Geometry:4,
                 from /home/odroid/MAV-Project/px4_ws/src/frontend/src/RANSACBasedTME.cpp:11:
/usr/include/eigen3/Eigen/src/Core/DenseCoeffsBase.h:495:7: warning: '*((void*)& refinedTransfMat +32)' may be used uninitialized in this function [-Wmaybe-uninitialized]
       derived().coeffRef(index) = other.derived().coeff(index);
       ^
/home/odroid/MAV-Project/px4_ws/src/frontend/src/RANSACBasedTME.cpp:205:18: note: '*((void*)& refinedTransfMat +32)' was declared here
  Eigen::Matrix4f refinedTransfMat;
                  ^
In file included from /usr/include/eigen3/Eigen/Core:277:0,
                 from /usr/include/eigen3/Eigen/Geometry:4,
                 from /home/odroid/MAV-Project/px4_ws/src/frontend/src/RANSACBasedTME.cpp:11:
/usr/include/eigen3/Eigen/src/Core/DenseCoeffsBase.h:495:7: warning: '*((void*)& refinedTransfMat +28)' may be used uninitialized in this function [-Wmaybe-uninitialized]
       derived().coeffRef(index) = other.derived().coeff(index);
       ^
/home/odroid/MAV-Project/px4_ws/src/frontend/src/RANSACBasedTME.cpp:205:18: note: '*((void*)& refinedTransfMat +28)' was declared here
  Eigen::Matrix4f refinedTransfMat;
                  ^
In file included from /usr/include/eigen3/Eigen/Core:277:0,
                 from /usr/include/eigen3/Eigen/Geometry:4,
                 from /home/odroid/MAV-Project/px4_ws/src/frontend/src/RANSACBasedTME.cpp:11:
/usr/include/eigen3/Eigen/src/Core/DenseCoeffsBase.h:495:7: warning: '*((void*)& refinedTransfMat +24)' may be used uninitialized in this function [-Wmaybe-uninitialized]
       derived().coeffRef(index) = other.derived().coeff(index);
       ^
/home/odroid/MAV-Project/px4_ws/src/frontend/src/RANSACBasedTME.cpp:205:18: note: '*((void*)& refinedTransfMat +24)' was declared here
  Eigen::Matrix4f refinedTransfMat;
                  ^
In file included from /usr/include/eigen3/Eigen/Core:277:0,
                 from /usr/include/eigen3/Eigen/Geometry:4,
                 from /home/odroid/MAV-Project/px4_ws/src/frontend/src/RANSACBasedTME.cpp:11:
/usr/include/eigen3/Eigen/src/Core/DenseCoeffsBase.h:495:7: warning: '*((void*)& refinedTransfMat +20)' may be used uninitialized in this function [-Wmaybe-uninitialized]
       derived().coeffRef(index) = other.derived().coeff(index);
       ^
/home/odroid/MAV-Project/px4_ws/src/frontend/src/RANSACBasedTME.cpp:205:18: note: '*((void*)& refinedTransfMat +20)' was declared here
  Eigen::Matrix4f refinedTransfMat;
                  ^
In file included from /usr/include/eigen3/Eigen/Core:277:0,
                 from /usr/include/eigen3/Eigen/Geometry:4,
                 from /home/odroid/MAV-Project/px4_ws/src/frontend/src/RANSACBasedTME.cpp:11:
/usr/include/eigen3/Eigen/src/Core/DenseCoeffsBase.h:495:7: warning: '*((void*)& refinedTransfMat +16)' may be used uninitialized in this function [-Wmaybe-uninitialized]
       derived().coeffRef(index) = other.derived().coeff(index);
       ^
/home/odroid/MAV-Project/px4_ws/src/frontend/src/RANSACBasedTME.cpp:205:18: note: '*((void*)& refinedTransfMat +16)' was declared here
  Eigen::Matrix4f refinedTransfMat;
                  ^
In file included from /usr/include/eigen3/Eigen/Core:277:0,
                 from /usr/include/eigen3/Eigen/Geometry:4,
                 from /home/odroid/MAV-Project/px4_ws/src/frontend/src/RANSACBasedTME.cpp:11:
/usr/include/eigen3/Eigen/src/Core/DenseCoeffsBase.h:495:7: warning: '*((void*)& refinedTransfMat +12)' may be used uninitialized in this function [-Wmaybe-uninitialized]
       derived().coeffRef(index) = other.derived().coeff(index);
       ^
/home/odroid/MAV-Project/px4_ws/src/frontend/src/RANSACBasedTME.cpp:205:18: note: '*((void*)& refinedTransfMat +12)' was declared here
  Eigen::Matrix4f refinedTransfMat;
                  ^
In file included from /usr/include/eigen3/Eigen/Core:277:0,
                 from /usr/include/eigen3/Eigen/Geometry:4,
                 from /home/odroid/MAV-Project/px4_ws/src/frontend/src/RANSACBasedTME.cpp:11:
/usr/include/eigen3/Eigen/src/Core/DenseCoeffsBase.h:495:7: warning: '*((void*)& refinedTransfMat +8)' may be used uninitialized in this function [-Wmaybe-uninitialized]
       derived().coeffRef(index) = other.derived().coeff(index);
       ^
/home/odroid/MAV-Project/px4_ws/src/frontend/src/RANSACBasedTME.cpp:205:18: note: '*((void*)& refinedTransfMat +8)' was declared here
  Eigen::Matrix4f refinedTransfMat;
                  ^
In file included from /usr/include/eigen3/Eigen/Core:277:0,
                 from /usr/include/eigen3/Eigen/Geometry:4,
                 from /home/odroid/MAV-Project/px4_ws/src/frontend/src/RANSACBasedTME.cpp:11:
/usr/include/eigen3/Eigen/src/Core/DenseCoeffsBase.h:495:7: warning: '*((void*)& refinedTransfMat +4)' may be used uninitialized in this function [-Wmaybe-uninitialized]
       derived().coeffRef(index) = other.derived().coeff(index);
       ^
/home/odroid/MAV-Project/px4_ws/src/frontend/src/RANSACBasedTME.cpp:205:18: note: '*((void*)& refinedTransfMat +4)' was declared here
  Eigen::Matrix4f refinedTransfMat;
                  ^
In file included from /usr/include/eigen3/Eigen/Core:277:0,
                 from /usr/include/eigen3/Eigen/Geometry:4,
                 from /home/odroid/MAV-Project/px4_ws/src/frontend/src/RANSACBasedTME.cpp:11:
/usr/include/eigen3/Eigen/src/Core/DenseCoeffsBase.h:495:7: warning: 'refinedTransfMat' may be used uninitialized in this function [-Wmaybe-uninitialized]
       derived().coeffRef(index) = other.derived().coeff(index);
       ^
/home/odroid/MAV-Project/px4_ws/src/frontend/src/RANSACBasedTME.cpp:205:18: note: 'refinedTransfMat' was declared here
  Eigen::Matrix4f refinedTransfMat;
                  ^
In file included from /home/odroid/MAV-Project/px4_ws/src/frontend/src/Frame.cpp:7:0:
/home/odroid/MAV-Project/px4_ws/src/frontend/include/Frame.h: In constructor 'SLAM::Frame::Frame(boost::shared_ptr<cv::Mat>&, boost::shared_ptr<cv::Mat>&, boost::shared_ptr<cv::Mat>&, boost::shared_ptr<double>&)':
/home/odroid/MAV-Project/px4_ws/src/frontend/include/Frame.h:249:26: warning: 'SLAM::Frame::newNodeFlag' will be initialized after [-Wreorder]
  boost::shared_ptr<bool> newNodeFlag;
                          ^
/home/odroid/MAV-Project/px4_ws/src/frontend/include/Frame.h:248:26: warning:   'boost::shared_ptr<bool> SLAM::Frame::dummyFrameFlag' [-Wreorder]
  boost::shared_ptr<bool> dummyFrameFlag; 
                          ^
/home/odroid/MAV-Project/px4_ws/src/frontend/src/Frame.cpp:18:1: warning:   when initialized here [-Wreorder]
 Frame::Frame(boost::shared_ptr<cv::Mat>& rgbImage, boost::shared_ptr<cv::Mat>& grayImage, boost::shared_ptr<cv::Mat>& depthImage, boost::shared_ptr<double>& timeStamp)
 ^
In file included from /home/odroid/MAV-Project/px4_ws/src/frontend/src/Frame.cpp:7:0:
/home/odroid/MAV-Project/px4_ws/src/frontend/include/Frame.h:256:37: warning: 'SLAM::Frame::pos' will be initialized after [-Wreorder]
  boost::shared_ptr<Eigen::Matrix4f> pos;
                                     ^
/home/odroid/MAV-Project/px4_ws/src/frontend/include/Frame.h:252:28: warning:   'boost::shared_ptr<double> SLAM::Frame::time' [-Wreorder]
  boost::shared_ptr<double> time;
                            ^
/home/odroid/MAV-Project/px4_ws/src/frontend/src/Frame.cpp:18:1: warning:   when initialized here [-Wreorder]
 Frame::Frame(boost::shared_ptr<cv::Mat>& rgbImage, boost::shared_ptr<cv::Mat>& grayImage, boost::shared_ptr<cv::Mat>& depthImage, boost::shared_ptr<double>& timeStamp)
 ^
In file included from /home/odroid/MAV-Project/px4_ws/src/frontend/src/Frame.cpp:7:0:
/home/odroid/MAV-Project/px4_ws/src/frontend/include/Frame.h:260:29: warning: 'SLAM::Frame::descriptors' will be initialized after [-Wreorder]
  boost::shared_ptr<cv::Mat> descriptors;
                             ^
/home/odroid/MAV-Project/px4_ws/src/frontend/include/Frame.h:258:47: warning:   'boost::shared_ptr<std::vector<cv::KeyPoint> > SLAM::Frame::keypoints' [-Wreorder]
  boost::shared_ptr<std::vector<cv::KeyPoint>> keypoints;
                                               ^
/home/odroid/MAV-Project/px4_ws/src/frontend/src/Frame.cpp:18:1: warning:   when initialized here [-Wreorder]
 Frame::Frame(boost::shared_ptr<cv::Mat>& rgbImage, boost::shared_ptr<cv::Mat>& grayImage, boost::shared_ptr<cv::Mat>& depthImage, boost::shared_ptr<double>& timeStamp)
 ^
/home/odroid/MAV-Project/px4_ws/src/frontend/src/Mapping.cpp:314:1: warning: multi-line comment [-Wcomment]
 //    cv::drawMatches(frame1.getGray(),frame1.getKeypoints(),frame2.getGray(),frame2.getKeypoints(), matches, \
 ^
/home/odroid/MAV-Project/px4_ws/src/frontend/src/Mapping.cpp: In member function 'void SLAM::Mapping::matchTwoFrames(const SLAM::Frame&, const SLAM::Frame&, bool&, bool&, Eigen::Isometry3d&, Eigen::Matrix<double, 6, 6>&)':
/home/odroid/MAV-Project/px4_ws/src/frontend/src/Mapping.cpp:280:14: warning: unused variable 'logName' [-Wunused-variable]
  static char logName [50];
              ^
/home/odroid/MAV-Project/px4_ws/src/frontend/src/Mapping.cpp: In member function 'void SLAM::Mapping::parallelMatching()':
/home/odroid/MAV-Project/px4_ws/src/frontend/src/Mapping.cpp:514:8: warning: variable 'prevId' set but not used [-Wunused-but-set-variable]
    int prevId = -1;
        ^
/home/odroid/MAV-Project/px4_ws/src/frontend/src/Mapping.cpp: In member function 'void SLAM::Mapping::fusePX4LPE(int)':
/home/odroid/MAV-Project/px4_ws/src/frontend/src/Mapping.cpp:869:20: warning: variable 'keyTm' set but not used [-Wunused-but-set-variable]
    Eigen::Matrix4d keyTm = prevKey.matrix().inverse()*currentPosition.matrix();
                    ^
/home/odroid/MAV-Project/px4_ws/src/frontend/src/ObjDetection.cpp: In member function 'void ObjDetection::objectDetect()':
/home/odroid/MAV-Project/px4_ws/src/frontend/src/ObjDetection.cpp:64:44: warning: comparison between signed and unsigned integer expressions [-Wsign-compare]
  for( int i = 0; i < backward_matches.size(); i++ ) // symmetry test
                                            ^
/home/odroid/MAV-Project/px4_ws/src/frontend/src/ObjDetection.cpp:67:44: warning: comparison between signed and unsigned integer expressions [-Wsign-compare]
   for (int j = 0; j < forward_matches.size();j++)
                                            ^
/home/odroid/MAV-Project/px4_ws/src/frontend/src/main.cpp: In function 'int main(int, char**)':
/home/odroid/MAV-Project/px4_ws/src/frontend/src/main.cpp:300:41: warning: comparison between signed and unsigned integer expressions [-Wsign-compare]
    if (slam.getImuCompensateCounter()== badFrameCnt)
                                         ^
/home/odroid/MAV-Project/px4_ws/src/frontend/src/main.cpp:345:48: warning: comparison between signed and unsigned integer expressions [-Wsign-compare]
     for (int i = 0; i<slam.getKeyFrames().size();i++)
                                                ^
/home/odroid/MAV-Project/px4_ws/src/frontend/src/main.cpp:386:45: warning: comparison between signed and unsigned integer expressions [-Wsign-compare]
  for (int i = 0; i<slam.getKeyFrames().size();i++)
                                             ^
