[  0%] Built target std_msgs_generate_messages_py
[  0%] [  0%] [  0%] [  0%] Built target roscpp_generate_messages_py
[  0%] Built target std_msgs_generate_messages_cpp
Built target std_msgs_generate_messages_lisp
Built target roscpp_generate_messages_cpp
Built target roscpp_generate_messages_lisp
[  0%] Built target _frontend_generate_messages_check_deps_CtrlState
[  0%] [  0%] Built target rosgraph_msgs_generate_messages_lisp
Built target rosgraph_msgs_generate_messages_cpp
[ 78%] [ 78%] [ 78%] Built target SLAM
[ 78%] Built target geometry_msgs_generate_messages_py
[ 78%] Built target geometry_msgs_generate_messages_lisp
Built target geometry_msgs_generate_messages_cpp
Built target rosgraph_msgs_generate_messages_py
[ 86%] Built target frontend_generate_messages_py
[ 95%] [ 95%] Built target frontend_generate_messages_cpp
Built target frontend_generate_messages_lisp
[35m[1mScanning dependencies of target frontend
[ 95%] Built target frontend_generate_messages
[0m[100%] [32mBuilding CXX object CMakeFiles/frontend.dir/src/main.cpp.o
/home/odroid/MAV-Project/px4_ws/src/frontend/src/main.cpp: In function 'int main(int, char**)':
/home/odroid/MAV-Project/px4_ws/src/frontend/src/main.cpp:301:41: warning: comparison between signed and unsigned integer expressions [-Wsign-compare]
    if (slam.getImuCompensateCounter()== badFrameCnt)
                                         ^
/home/odroid/MAV-Project/px4_ws/src/frontend/src/main.cpp:347:48: warning: comparison between signed and unsigned integer expressions [-Wsign-compare]
     for (int i = 0; i<slam.getKeyFrames().size();i++)
                                                ^
/home/odroid/MAV-Project/px4_ws/src/frontend/src/main.cpp:388:45: warning: comparison between signed and unsigned integer expressions [-Wsign-compare]
  for (int i = 0; i<slam.getKeyFrames().size();i++)
                                             ^
[0m[31m[1mLinking CXX executable /home/odroid/MAV-Project/px4_ws/devel/lib/frontend/frontend
[0m[100%] Built target frontend
