Determining if the pthread_create exist failed with the following output:
Change Dir: /home/odroid/MAV-Project/px4_ws/build/catkin_tools_prebuild/CMakeFiles/CMakeTmp

Run Build Command:/usr/bin/make "cmTryCompileExec4082703655/fast"
/usr/bin/make -f CMakeFiles/cmTryCompileExec4082703655.dir/build.make CMakeFiles/cmTryCompileExec4082703655.dir/build
make[1]: Entering directory `/home/odroid/MAV-Project/px4_ws/build/catkin_tools_prebuild/CMakeFiles/CMakeTmp'
/usr/bin/cmake -E cmake_progress_report /home/odroid/MAV-Project/px4_ws/build/catkin_tools_prebuild/CMakeFiles/CMakeTmp/CMakeFiles 1
Building C object CMakeFiles/cmTryCompileExec4082703655.dir/CheckSymbolExists.c.o
/usr/lib/ccache/cc    -o CMakeFiles/cmTryCompileExec4082703655.dir/CheckSymbolExists.c.o   -c /home/odroid/MAV-Project/px4_ws/build/catkin_tools_prebuild/CMakeFiles/CMakeTmp/CheckSymbolExists.c
Linking C executable cmTryCompileExec4082703655
/usr/bin/cmake -E cmake_link_script CMakeFiles/cmTryCompileExec4082703655.dir/link.txt --verbose=1
/usr/lib/ccache/cc       CMakeFiles/cmTryCompileExec4082703655.dir/CheckSymbolExists.c.o  -o cmTryCompileExec4082703655 -rdynamic 
CMakeFiles/cmTryCompileExec4082703655.dir/CheckSymbolExists.c.o: In function `main':
CheckSymbolExists.c:(.text+0xe): undefined reference to `pthread_create'
CheckSymbolExists.c:(.text+0x12): undefined reference to `pthread_create'
collect2: error: ld returned 1 exit status
make[1]: *** [cmTryCompileExec4082703655] Error 1
make[1]: Leaving directory `/home/odroid/MAV-Project/px4_ws/build/catkin_tools_prebuild/CMakeFiles/CMakeTmp'
make: *** [cmTryCompileExec4082703655/fast] Error 2

File /home/odroid/MAV-Project/px4_ws/build/catkin_tools_prebuild/CMakeFiles/CMakeTmp/CheckSymbolExists.c:
/* */
#include <pthread.h>

int main(int argc, char** argv)
{
  (void)argv;
#ifndef pthread_create
  return ((int*)(&pthread_create))[argc];
#else
  (void)argc;
  return 0;
#endif
}

Determining if the function pthread_create exists in the pthreads failed with the following output:
Change Dir: /home/odroid/MAV-Project/px4_ws/build/catkin_tools_prebuild/CMakeFiles/CMakeTmp

Run Build Command:/usr/bin/make "cmTryCompileExec2436711312/fast"
/usr/bin/make -f CMakeFiles/cmTryCompileExec2436711312.dir/build.make CMakeFiles/cmTryCompileExec2436711312.dir/build
make[1]: Entering directory `/home/odroid/MAV-Project/px4_ws/build/catkin_tools_prebuild/CMakeFiles/CMakeTmp'
/usr/bin/cmake -E cmake_progress_report /home/odroid/MAV-Project/px4_ws/build/catkin_tools_prebuild/CMakeFiles/CMakeTmp/CMakeFiles 1
Building C object CMakeFiles/cmTryCompileExec2436711312.dir/CheckFunctionExists.c.o
/usr/lib/ccache/cc   -DCHECK_FUNCTION_EXISTS=pthread_create   -o CMakeFiles/cmTryCompileExec2436711312.dir/CheckFunctionExists.c.o   -c /usr/share/cmake-2.8/Modules/CheckFunctionExists.c
Linking C executable cmTryCompileExec2436711312
/usr/bin/cmake -E cmake_link_script CMakeFiles/cmTryCompileExec2436711312.dir/link.txt --verbose=1
/usr/lib/ccache/cc   -DCHECK_FUNCTION_EXISTS=pthread_create    CMakeFiles/cmTryCompileExec2436711312.dir/CheckFunctionExists.c.o  -o cmTryCompileExec2436711312 -rdynamic -lpthreads 
/usr/bin/ld: cannot find -lpthreads
collect2: error: ld returned 1 exit status
make[1]: *** [cmTryCompileExec2436711312] Error 1
make[1]: Leaving directory `/home/odroid/MAV-Project/px4_ws/build/catkin_tools_prebuild/CMakeFiles/CMakeTmp'
make: *** [cmTryCompileExec2436711312/fast] Error 2


