Determining if the pthread_create exist failed with the following output:
Change Dir: /home/tuofeichen/SLAM/MAV-Project/catkin_ws/build/backend/CMakeFiles/CMakeTmp

Run Build Command:"/usr/bin/make" "cmTC_b83c8/fast"
/usr/bin/make -f CMakeFiles/cmTC_b83c8.dir/build.make CMakeFiles/cmTC_b83c8.dir/build
make[1]: Entering directory `/home/tuofeichen/SLAM/MAV-Project/catkin_ws/build/backend/CMakeFiles/CMakeTmp'
Building C object CMakeFiles/cmTC_b83c8.dir/CheckSymbolExists.c.o
/usr/bin/cc    -o CMakeFiles/cmTC_b83c8.dir/CheckSymbolExists.c.o   -c /home/tuofeichen/SLAM/MAV-Project/catkin_ws/build/backend/CMakeFiles/CMakeTmp/CheckSymbolExists.c
Linking C executable cmTC_b83c8
/opt/cmake-3.3.2/bin/cmake -E cmake_link_script CMakeFiles/cmTC_b83c8.dir/link.txt --verbose=1
/usr/bin/cc       CMakeFiles/cmTC_b83c8.dir/CheckSymbolExists.c.o  -o cmTC_b83c8 -rdynamic 
CMakeFiles/cmTC_b83c8.dir/CheckSymbolExists.c.o: In function `main':
CheckSymbolExists.c:(.text+0x16): undefined reference to `pthread_create'
collect2: error: ld returned 1 exit status
make[1]: *** [cmTC_b83c8] Error 1
make[1]: Leaving directory `/home/tuofeichen/SLAM/MAV-Project/catkin_ws/build/backend/CMakeFiles/CMakeTmp'
make: *** [cmTC_b83c8/fast] Error 2

File /home/tuofeichen/SLAM/MAV-Project/catkin_ws/build/backend/CMakeFiles/CMakeTmp/CheckSymbolExists.c:
/* */
#include <pthread.h>

int main(int argc, char** argv)
{
  (void)argv;
#ifndef pthread_create
  return ((int*)(&pthread_create))[argc];
#else
  (void)argc;
  return 0;
#endif
}

Determining if the function pthread_create exists in the pthreads failed with the following output:
Change Dir: /home/tuofeichen/SLAM/MAV-Project/catkin_ws/build/backend/CMakeFiles/CMakeTmp

Run Build Command:"/usr/bin/make" "cmTC_7a7bd/fast"
/usr/bin/make -f CMakeFiles/cmTC_7a7bd.dir/build.make CMakeFiles/cmTC_7a7bd.dir/build
make[1]: Entering directory `/home/tuofeichen/SLAM/MAV-Project/catkin_ws/build/backend/CMakeFiles/CMakeTmp'
Building C object CMakeFiles/cmTC_7a7bd.dir/CheckFunctionExists.c.o
/usr/bin/cc   -DCHECK_FUNCTION_EXISTS=pthread_create   -o CMakeFiles/cmTC_7a7bd.dir/CheckFunctionExists.c.o   -c /opt/cmake-3.3.2/share/cmake-3.3/Modules/CheckFunctionExists.c
Linking C executable cmTC_7a7bd
/opt/cmake-3.3.2/bin/cmake -E cmake_link_script CMakeFiles/cmTC_7a7bd.dir/link.txt --verbose=1
/usr/bin/cc   -DCHECK_FUNCTION_EXISTS=pthread_create    CMakeFiles/cmTC_7a7bd.dir/CheckFunctionExists.c.o  -o cmTC_7a7bd -rdynamic -lpthreads 
/usr/bin/ld: cannot find -lpthreads
collect2: error: ld returned 1 exit status
make[1]: *** [cmTC_7a7bd] Error 1
make[1]: Leaving directory `/home/tuofeichen/SLAM/MAV-Project/catkin_ws/build/backend/CMakeFiles/CMakeTmp'
make: *** [cmTC_7a7bd/fast] Error 2


