[35m[1mScanning dependencies of target std_msgs_generate_messages_lisp[0m
[  0%] Built target std_msgs_generate_messages_lisp
[35m[1mScanning dependencies of target _px_comm_generate_messages_check_deps_CameraInfo[0m
[  0%] Built target _px_comm_generate_messages_check_deps_CameraInfo
[35m[1mScanning dependencies of target _px_comm_generate_messages_check_deps_Mavlink[0m
[  0%] Built target _px_comm_generate_messages_check_deps_Mavlink
[35m[1mScanning dependencies of target _px_comm_generate_messages_check_deps_OpticalFlow[0m
[  0%] Built target _px_comm_generate_messages_check_deps_OpticalFlow
[35m[1mScanning dependencies of target _px_comm_generate_messages_check_deps_SetCameraInfo[0m
[  0%] Built target _px_comm_generate_messages_check_deps_SetCameraInfo
[35m[1mScanning dependencies of target geometry_msgs_generate_messages_lisp[0m
[  0%] Built target geometry_msgs_generate_messages_lisp
[35m[1mScanning dependencies of target std_msgs_generate_messages_py[0m
[  0%] Built target std_msgs_generate_messages_py
[35m[1mScanning dependencies of target geometry_msgs_generate_messages_py[0m
[  0%] Built target geometry_msgs_generate_messages_py
[35m[1mScanning dependencies of target std_msgs_generate_messages_cpp[0m
[  0%] Built target std_msgs_generate_messages_cpp
[35m[1mScanning dependencies of target geometry_msgs_generate_messages_cpp[0m
[  0%] Built target geometry_msgs_generate_messages_cpp
[35m[1mScanning dependencies of target px_comm_generate_messages_lisp[0m
[  7%] [34m[1mGenerating Lisp code from px_comm/Mavlink.msg[0m
[ 14%] [34m[1mGenerating Lisp code from px_comm/OpticalFlow.msg[0m
[ 21%] [34m[1mGenerating Lisp code from px_comm/CameraInfo.msg[0m
[ 28%] [34m[1mGenerating Lisp code from px_comm/SetCameraInfo.srv[0m
[ 28%] Built target px_comm_generate_messages_lisp
[35m[1mScanning dependencies of target px_comm_generate_messages_py[0m
[ 35%] [34m[1mGenerating Python from MSG px_comm/Mavlink[0m
[ 42%] [34m[1mGenerating Python from MSG px_comm/OpticalFlow[0m
[ 50%] [34m[1mGenerating Python from MSG px_comm/CameraInfo[0m
[ 57%] [34m[1mGenerating Python code from SRV px_comm/SetCameraInfo[0m
[ 64%] [34m[1mGenerating Python msg __init__.py for px_comm[0m
[ 71%] [34m[1mGenerating Python srv __init__.py for px_comm[0m
[ 71%] Built target px_comm_generate_messages_py
[35m[1mScanning dependencies of target px_comm_generate_messages_cpp[0m
[ 78%] [34m[1mGenerating C++ code from px_comm/Mavlink.msg[0m
[ 85%] [34m[1mGenerating C++ code from px_comm/OpticalFlow.msg[0m
[ 92%] [34m[1mGenerating C++ code from px_comm/CameraInfo.msg[0m
[100%] [34m[1mGenerating C++ code from px_comm/SetCameraInfo.srv[0m
[100%] Built target px_comm_generate_messages_cpp
[35m[1mScanning dependencies of target px_comm_generate_messages[0m
[100%] Built target px_comm_generate_messages
