[  0%] Built target _mavros_msgs_generate_messages_check_deps_FileClose
[  0%] Built target _mavros_msgs_generate_messages_check_deps_VFR_HUD
[  0%] Built target geometry_msgs_generate_messages_py
[  0%] Built target std_msgs_generate_messages_py
[  0%] Built target _mavros_msgs_generate_messages_check_deps_RadioStatus
[  0%] Built target _mavros_msgs_generate_messages_check_deps_WaypointPull
[  0%] Built target _mavros_msgs_generate_messages_check_deps_OverrideRCIn
[  0%] Built target _mavros_msgs_generate_messages_check_deps_State
[  0%] Built target _mavros_msgs_generate_messages_check_deps_Waypoint
[  0%] Built target _mavros_msgs_generate_messages_check_deps_WaypointList
[  0%] Built target _mavros_msgs_generate_messages_check_deps_CommandInt
[  0%] Built target _mavros_msgs_generate_messages_check_deps_ExtendedState
[  0%] Built target _mavros_msgs_generate_messages_check_deps_HilControls
[  0%] Built target _mavros_msgs_generate_messages_check_deps_SetMode
[  0%] Built target _mavros_msgs_generate_messages_check_deps_Vibration
[  0%] Built target _mavros_msgs_generate_messages_check_deps_WaypointSetCurrent
[  0%] Built target _mavros_msgs_generate_messages_check_deps_AttitudeTarget
[  0%] Built target _mavros_msgs_generate_messages_check_deps_ParamSet
[  0%] Built target _mavros_msgs_generate_messages_check_deps_CommandBool
[  0%] Built target _mavros_msgs_generate_messages_check_deps_Mavlink
[  0%] Built target _mavros_msgs_generate_messages_check_deps_RCIn
[  0%] Built target _mavros_msgs_generate_messages_check_deps_FileWrite
[  0%] Built target _mavros_msgs_generate_messages_check_deps_StreamRate
[  0%] Built target _mavros_msgs_generate_messages_check_deps_CamIMUStamp
[  0%] Built target _mavros_msgs_generate_messages_check_deps_FileChecksum
[  0%] Built target _mavros_msgs_generate_messages_check_deps_ParamPush
[  0%] Built target _mavros_msgs_generate_messages_check_deps_FileRemove
[  0%] Built target _mavros_msgs_generate_messages_check_deps_FileTruncate
[  0%] Built target _mavros_msgs_generate_messages_check_deps_OpticalFlowRad
[  0%] Built target _mavros_msgs_generate_messages_check_deps_FileRead
[  0%] Built target _mavros_msgs_generate_messages_check_deps_CommandTOL
[  0%] Built target _mavros_msgs_generate_messages_check_deps_CommandHome
[  0%] Built target _mavros_msgs_generate_messages_check_deps_FileRemoveDir
[  0%] Built target _mavros_msgs_generate_messages_check_deps_FileRename
[  0%] Built target _mavros_msgs_generate_messages_check_deps_GlobalPositionTarget
[  0%] Built target _mavros_msgs_generate_messages_check_deps_FileList
[  0%] Built target _mavros_msgs_generate_messages_check_deps_WaypointPush
[  0%] Built target _mavros_msgs_generate_messages_check_deps_CommandCode
[  0%] Built target _mavros_msgs_generate_messages_check_deps_ParamPull
[  0%] Built target _mavros_msgs_generate_messages_check_deps_ParamGet
[  0%] Built target _mavros_msgs_generate_messages_check_deps_ManualControl
[  0%] Built target _mavros_msgs_generate_messages_check_deps_ActuatorControl
[  0%] Built target _mavros_msgs_generate_messages_check_deps_RCOut
[  0%] Built target _mavros_msgs_generate_messages_check_deps_CommandTriggerControl
[  0%] Built target _mavros_msgs_generate_messages_check_deps_BatteryStatus
[  0%] Built target _mavros_msgs_generate_messages_check_deps_FileMakeDir
[  0%] Built target _mavros_msgs_generate_messages_check_deps_ParamValue
[  0%] Built target _mavros_msgs_generate_messages_check_deps_FileEntry
[  0%] Built target _mavros_msgs_generate_messages_check_deps_HomePosition
[  0%] Built target _mavros_msgs_generate_messages_check_deps_Altitude
[  0%] Built target _mavros_msgs_generate_messages_check_deps_CommandLong
[  0%] Built target _mavros_msgs_generate_messages_check_deps_WaypointClear
[  0%] Built target _mavros_msgs_generate_messages_check_deps_PositionTarget
[  0%] Built target _mavros_msgs_generate_messages_check_deps_FileOpen
[  0%] Built target std_msgs_generate_messages_cpp
[  0%] Built target geometry_msgs_generate_messages_cpp
[  0%] Built target geometry_msgs_generate_messages_lisp
[  0%] Built target std_msgs_generate_messages_lisp
[  1%] [34m[1mGenerating Python from MSG mavros_msgs/VFR_HUD[0m
[  1%] [34m[1mGenerating Python from MSG mavros_msgs/WaypointList[0m
[  2%] [34m[1mGenerating Python from MSG mavros_msgs/State[0m
[  3%] [34m[1mGenerating Python from MSG mavros_msgs/Waypoint[0m
[  3%] [34m[1mGenerating Python from MSG mavros_msgs/RadioStatus[0m
[  4%] [34m[1mGenerating Python from MSG mavros_msgs/HilControls[0m
[  4%] [34m[1mGenerating Python from MSG mavros_msgs/Mavlink[0m
[  5%] [34m[1mGenerating Python from MSG mavros_msgs/OverrideRCIn[0m
[  6%] [34m[1mGenerating Python from MSG mavros_msgs/Vibration[0m
[  6%] [34m[1mGenerating Python from MSG mavros_msgs/AttitudeTarget[0m
[  7%] [34m[1mGenerating Python from MSG mavros_msgs/ExtendedState[0m
[  8%] [34m[1mGenerating Python from MSG mavros_msgs/RCIn[0m
[  8%] [34m[1mGenerating Python from MSG mavros_msgs/CamIMUStamp[0m
[  9%] [34m[1mGenerating Python from MSG mavros_msgs/OpticalFlowRad[0m
[  9%] [34m[1mGenerating Python from MSG mavros_msgs/GlobalPositionTarget[0m
[ 10%] [34m[1mGenerating Python from MSG mavros_msgs/CommandCode[0m
[ 11%] [34m[1mGenerating Python from MSG mavros_msgs/ManualControl[0m
[ 11%] [34m[1mGenerating Python from MSG mavros_msgs/ActuatorControl[0m
[ 12%] [34m[1mGenerating Python from MSG mavros_msgs/RCOut[0m
[ 13%] [34m[1mGenerating Python from MSG mavros_msgs/BatteryStatus[0m
[ 13%] [34m[1mGenerating Python from MSG mavros_msgs/ParamValue[0m
[ 14%] [34m[1mGenerating Python from MSG mavros_msgs/FileEntry[0m
[ 14%] [34m[1mGenerating Python from MSG mavros_msgs/PositionTarget[0m
[ 15%] [34m[1mGenerating Python from MSG mavros_msgs/Altitude[0m
[ 16%] [34m[1mGenerating Python from MSG mavros_msgs/HomePosition[0m
[ 16%] [34m[1mGenerating Python code from SRV mavros_msgs/WaypointPull[0m
[ 17%] [34m[1mGenerating Python code from SRV mavros_msgs/CommandInt[0m
[ 17%] [34m[1mGenerating Python code from SRV mavros_msgs/FileRename[0m
[ 18%] [34m[1mGenerating Python code from SRV mavros_msgs/CommandTOL[0m
[ 19%] [34m[1mGenerating Python code from SRV mavros_msgs/SetMode[0m
[ 19%] [34m[1mGenerating Python code from SRV mavros_msgs/WaypointSetCurrent[0m
[ 20%] [34m[1mGenerating Python code from SRV mavros_msgs/ParamSet[0m
[ 21%] [34m[1mGenerating Python code from SRV mavros_msgs/CommandBool[0m
[ 21%] [34m[1mGenerating Python code from SRV mavros_msgs/StreamRate[0m
[ 22%] [34m[1mGenerating Python code from SRV mavros_msgs/FileChecksum[0m
[ 22%] [34m[1mGenerating Python code from SRV mavros_msgs/FileRemove[0m
[ 23%] [34m[1mGenerating Python code from SRV mavros_msgs/FileTruncate[0m
[ 24%] [34m[1mGenerating Python code from SRV mavros_msgs/FileRead[0m
[ 24%] [34m[1mGenerating Python code from SRV mavros_msgs/FileRemoveDir[0m
[ 25%] [34m[1mGenerating Python code from SRV mavros_msgs/FileOpen[0m
[ 25%] [34m[1mGenerating Python code from SRV mavros_msgs/FileList[0m
[ 26%] [34m[1mGenerating Python code from SRV mavros_msgs/WaypointPush[0m
[ 27%] [34m[1mGenerating Python code from SRV mavros_msgs/ParamPull[0m
[ 27%] [34m[1mGenerating Python code from SRV mavros_msgs/ParamGet[0m
[ 28%] [34m[1mGenerating Python code from SRV mavros_msgs/ParamPush[0m
[ 29%] [34m[1mGenerating Python code from SRV mavros_msgs/CommandTriggerControl[0m
[ 29%] [34m[1mGenerating Python code from SRV mavros_msgs/FileMakeDir[0m
[ 30%] [34m[1mGenerating Python code from SRV mavros_msgs/WaypointClear[0m
[ 30%] [34m[1mGenerating Python code from SRV mavros_msgs/FileClose[0m
[ 31%] [34m[1mGenerating Python code from SRV mavros_msgs/FileWrite[0m
[ 32%] [34m[1mGenerating Python code from SRV mavros_msgs/CommandHome[0m
[ 32%] [34m[1mGenerating Python code from SRV mavros_msgs/CommandLong[0m
[ 33%] [34m[1mGenerating Python msg __init__.py for mavros_msgs[0m
[ 34%] [34m[1mGenerating Python srv __init__.py for mavros_msgs[0m
[ 35%] [34m[1mGenerating C++ code from mavros_msgs/VFR_HUD.msg[0m
[ 35%] Built target mavros_msgs_generate_messages_py
[ 36%] [34m[1mGenerating Lisp code from mavros_msgs/VFR_HUD.msg[0m
[ 36%] [34m[1mGenerating Lisp code from mavros_msgs/WaypointList.msg[0m
[ 37%] [34m[1mGenerating Lisp code from mavros_msgs/State.msg[0m
[ 37%] [34m[1mGenerating C++ code from mavros_msgs/WaypointList.msg[0m
[ 38%] [34m[1mGenerating Lisp code from mavros_msgs/Waypoint.msg[0m
[ 39%] [34m[1mGenerating C++ code from mavros_msgs/State.msg[0m
[ 39%] [34m[1mGenerating Lisp code from mavros_msgs/RadioStatus.msg[0m
[ 40%] [34m[1mGenerating Lisp code from mavros_msgs/HilControls.msg[0m
[ 40%] [34m[1mGenerating Lisp code from mavros_msgs/Mavlink.msg[0m
[ 40%] [34m[1mGenerating C++ code from mavros_msgs/Waypoint.msg[0m
[ 41%] [34m[1mGenerating C++ code from mavros_msgs/RadioStatus.msg[0m
[ 42%] [34m[1mGenerating Lisp code from mavros_msgs/OverrideRCIn.msg[0m
[ 43%] [34m[1mGenerating Lisp code from mavros_msgs/Vibration.msg[0m
[ 43%] [34m[1mGenerating Lisp code from mavros_msgs/AttitudeTarget.msg[0m
[ 44%] [34m[1mGenerating C++ code from mavros_msgs/HilControls.msg[0m
[ 45%] [34m[1mGenerating Lisp code from mavros_msgs/ExtendedState.msg[0m
[ 45%] [34m[1mGenerating Lisp code from mavros_msgs/RCIn.msg[0m
[ 46%] [34m[1mGenerating Lisp code from mavros_msgs/CamIMUStamp.msg[0m
[ 46%] [34m[1mGenerating C++ code from mavros_msgs/Mavlink.msg[0m
[ 47%] [34m[1mGenerating Lisp code from mavros_msgs/OpticalFlowRad.msg[0m
[ 47%] [34m[1mGenerating Lisp code from mavros_msgs/GlobalPositionTarget.msg[0m
[ 48%] [34m[1mGenerating Lisp code from mavros_msgs/CommandCode.msg[0m
[ 50%] [34m[1mGenerating Lisp code from mavros_msgs/ManualControl.msg[0m
[ 51%] [34m[1mGenerating C++ code from mavros_msgs/OverrideRCIn.msg[0m
[ 51%] [34m[1mGenerating Lisp code from mavros_msgs/ActuatorControl.msg[0m
[ 52%] [34m[1mGenerating Lisp code from mavros_msgs/RCOut.msg[0m
[ 52%] [34m[1mGenerating Lisp code from mavros_msgs/BatteryStatus.msg[0m
[ 53%] [34m[1mGenerating C++ code from mavros_msgs/Vibration.msg[0m
[ 54%] [34m[1mGenerating Lisp code from mavros_msgs/ParamValue.msg[0m
[ 55%] [34m[1mGenerating Lisp code from mavros_msgs/FileEntry.msg[0m
[ 55%] [34m[1mGenerating Lisp code from mavros_msgs/PositionTarget.msg[0m
[ 56%] [34m[1mGenerating Lisp code from mavros_msgs/Altitude.msg[0m
[ 56%] [34m[1mGenerating C++ code from mavros_msgs/AttitudeTarget.msg[0m
[ 57%] [34m[1mGenerating Lisp code from mavros_msgs/HomePosition.msg[0m
[ 57%] [34m[1mGenerating Lisp code from mavros_msgs/WaypointPull.srv[0m
[ 58%] [34m[1mGenerating Lisp code from mavros_msgs/CommandInt.srv[0m
[ 59%] [34m[1mGenerating C++ code from mavros_msgs/ExtendedState.msg[0m
[ 59%] [34m[1mGenerating Lisp code from mavros_msgs/FileRename.srv[0m
[ 60%] [34m[1mGenerating Lisp code from mavros_msgs/CommandTOL.srv[0m
[ 61%] [34m[1mGenerating Lisp code from mavros_msgs/SetMode.srv[0m
[ 61%] [34m[1mGenerating Lisp code from mavros_msgs/WaypointSetCurrent.srv[0m
[ 61%] [34m[1mGenerating C++ code from mavros_msgs/RCIn.msg[0m
[ 62%] [34m[1mGenerating Lisp code from mavros_msgs/ParamSet.srv[0m
[ 62%] [34m[1mGenerating Lisp code from mavros_msgs/CommandBool.srv[0m
[ 63%] [34m[1mGenerating Lisp code from mavros_msgs/StreamRate.srv[0m
[ 64%] [34m[1mGenerating C++ code from mavros_msgs/CamIMUStamp.msg[0m
[ 65%] [34m[1mGenerating Lisp code from mavros_msgs/FileChecksum.srv[0m
[ 65%] [34m[1mGenerating Lisp code from mavros_msgs/FileRemove.srv[0m
[ 66%] [34m[1mGenerating Lisp code from mavros_msgs/FileTruncate.srv[0m
[ 67%] [34m[1mGenerating Lisp code from mavros_msgs/FileRead.srv[0m
[ 68%] [34m[1mGenerating C++ code from mavros_msgs/OpticalFlowRad.msg[0m
[ 68%] [34m[1mGenerating Lisp code from mavros_msgs/FileRemoveDir.srv[0m
[ 69%] [34m[1mGenerating Lisp code from mavros_msgs/FileOpen.srv[0m
[ 69%] [34m[1mGenerating Lisp code from mavros_msgs/FileList.srv[0m
[ 69%] [34m[1mGenerating C++ code from mavros_msgs/GlobalPositionTarget.msg[0m
[ 70%] [34m[1mGenerating Lisp code from mavros_msgs/WaypointPush.srv[0m
[ 71%] [34m[1mGenerating Lisp code from mavros_msgs/ParamPull.srv[0m
[ 71%] [34m[1mGenerating Lisp code from mavros_msgs/ParamGet.srv[0m
[ 72%] [34m[1mGenerating Lisp code from mavros_msgs/ParamPush.srv[0m
[ 73%] [34m[1mGenerating C++ code from mavros_msgs/CommandCode.msg[0m
[ 73%] [34m[1mGenerating Lisp code from mavros_msgs/CommandTriggerControl.srv[0m
[ 74%] [34m[1mGenerating Lisp code from mavros_msgs/FileMakeDir.srv[0m
[ 75%] [34m[1mGenerating Lisp code from mavros_msgs/WaypointClear.srv[0m
[ 75%] [34m[1mGenerating Lisp code from mavros_msgs/FileClose.srv[0m
[ 75%] [34m[1mGenerating C++ code from mavros_msgs/ManualControl.msg[0m
[ 76%] [34m[1mGenerating Lisp code from mavros_msgs/FileWrite.srv[0m
[ 77%] [34m[1mGenerating Lisp code from mavros_msgs/CommandHome.srv[0m
[ 77%] [34m[1mGenerating Lisp code from mavros_msgs/CommandLong.srv[0m
[ 78%] [34m[1mGenerating C++ code from mavros_msgs/ActuatorControl.msg[0m
[ 78%] Built target mavros_msgs_generate_messages_lisp
[ 79%] [34m[1mGenerating C++ code from mavros_msgs/RCOut.msg[0m
[ 79%] [34m[1mGenerating C++ code from mavros_msgs/BatteryStatus.msg[0m
[ 80%] [34m[1mGenerating C++ code from mavros_msgs/ParamValue.msg[0m
[ 81%] [34m[1mGenerating C++ code from mavros_msgs/FileEntry.msg[0m
[ 81%] [34m[1mGenerating C++ code from mavros_msgs/PositionTarget.msg[0m
[ 82%] [34m[1mGenerating C++ code from mavros_msgs/Altitude.msg[0m
[ 82%] [34m[1mGenerating C++ code from mavros_msgs/HomePosition.msg[0m
[ 83%] [34m[1mGenerating C++ code from mavros_msgs/WaypointPull.srv[0m
[ 84%] [34m[1mGenerating C++ code from mavros_msgs/CommandInt.srv[0m
[ 84%] [34m[1mGenerating C++ code from mavros_msgs/FileRename.srv[0m
[ 85%] [34m[1mGenerating C++ code from mavros_msgs/CommandTOL.srv[0m
[ 85%] [34m[1mGenerating C++ code from mavros_msgs/SetMode.srv[0m
[ 86%] [34m[1mGenerating C++ code from mavros_msgs/WaypointSetCurrent.srv[0m
[ 87%] [34m[1mGenerating C++ code from mavros_msgs/ParamSet.srv[0m
[ 87%] [34m[1mGenerating C++ code from mavros_msgs/CommandBool.srv[0m
[ 88%] [34m[1mGenerating C++ code from mavros_msgs/StreamRate.srv[0m
[ 89%] [34m[1mGenerating C++ code from mavros_msgs/FileChecksum.srv[0m
[ 89%] [34m[1mGenerating C++ code from mavros_msgs/FileRemove.srv[0m
[ 90%] [34m[1mGenerating C++ code from mavros_msgs/FileTruncate.srv[0m
[ 90%] [34m[1mGenerating C++ code from mavros_msgs/FileRead.srv[0m
[ 91%] [34m[1mGenerating C++ code from mavros_msgs/FileRemoveDir.srv[0m
[ 92%] [34m[1mGenerating C++ code from mavros_msgs/FileOpen.srv[0m
[ 92%] [34m[1mGenerating C++ code from mavros_msgs/FileList.srv[0m
[ 93%] [34m[1mGenerating C++ code from mavros_msgs/WaypointPush.srv[0m
[ 94%] [34m[1mGenerating C++ code from mavros_msgs/ParamPull.srv[0m
[ 94%] [34m[1mGenerating C++ code from mavros_msgs/ParamGet.srv[0m
[ 95%] [34m[1mGenerating C++ code from mavros_msgs/ParamPush.srv[0m
[ 95%] [34m[1mGenerating C++ code from mavros_msgs/CommandTriggerControl.srv[0m
[ 96%] [34m[1mGenerating C++ code from mavros_msgs/FileMakeDir.srv[0m
[ 97%] [34m[1mGenerating C++ code from mavros_msgs/WaypointClear.srv[0m
[ 97%] [34m[1mGenerating C++ code from mavros_msgs/FileClose.srv[0m
[ 98%] [34m[1mGenerating C++ code from mavros_msgs/FileWrite.srv[0m
[ 98%] [34m[1mGenerating C++ code from mavros_msgs/CommandHome.srv[0m
[100%] [34m[1mGenerating C++ code from mavros_msgs/CommandLong.srv[0m
[100%] Built target mavros_msgs_generate_messages_cpp
[100%] Built target mavros_msgs_generate_messages
