/home/odroid/MAV-Project/px4_ws/devel/lib/libfrontend.so: undefined reference to `cs_sfree'
/home/odroid/MAV-Project/px4_ws/devel/lib/libfrontend.so: undefined reference to `cs_pinv'
/home/odroid/MAV-Project/px4_ws/devel/lib/libfrontend.so: undefined reference to `g2o::MarginalCovarianceCholesky::computeCovariance(double**, std::vector<int, std::allocator<int> > const&)'
/home/odroid/MAV-Project/px4_ws/devel/lib/libfrontend.so: undefined reference to `g2o::G2OBatchStatistics::_globalStats'
/home/odroid/MAV-Project/px4_ws/devel/lib/libfrontend.so: undefined reference to `typeinfo for g2o::HyperGraph::Edge'
/home/odroid/MAV-Project/px4_ws/devel/lib/libfrontend.so: undefined reference to `g2o::MatrixStructure::~MatrixStructure()'
/home/odroid/MAV-Project/px4_ws/devel/lib/libfrontend.so: undefined reference to `cs_malloc'
/home/odroid/MAV-Project/px4_ws/devel/lib/libfrontend.so: undefined reference to `g2o::SparseOptimizer::setAlgorithm(g2o::OptimizationAlgorithm*)'
/home/odroid/MAV-Project/px4_ws/devel/lib/libfrontend.so: undefined reference to `g2o::OptimizableGraph::chi2() const'
/home/odroid/MAV-Project/px4_ws/devel/lib/libfrontend.so: undefined reference to `g2o::MatrixStructure::alloc(int, int)'
/home/odroid/MAV-Project/px4_ws/devel/lib/libfrontend.so: undefined reference to `g2o::HyperDijkstra::shortestPaths(g2o::HyperGraph::Vertex*, g2o::HyperDijkstra::CostFunction*, double, double, bool, double)'
/home/odroid/MAV-Project/px4_ws/devel/lib/libfrontend.so: undefined reference to `g2o::MarginalCovarianceCholesky::~MarginalCovarianceCholesky()'
/home/odroid/MAV-Project/px4_ws/devel/lib/libfrontend.so: undefined reference to `g2o::SparseOptimizer::clear()'
/home/odroid/MAV-Project/px4_ws/devel/lib/libfrontend.so: undefined reference to `g2o::MarginalCovarianceCholesky::computeCovariance(g2o::SparseBlockMatrix<Eigen::Matrix<double, -1, -1, 0, -1, -1> >&, std::vector<int, std::allocator<int> > const&, std::vector<std::pair<int, int>, std::allocator<std::pair<int, int> > > const&)'
/home/odroid/MAV-Project/px4_ws/devel/lib/libfrontend.so: undefined reference to `typeinfo for g2o::VertexSE3'
/home/odroid/MAV-Project/px4_ws/devel/lib/libfrontend.so: undefined reference to `cs_nfree'
/home/odroid/MAV-Project/px4_ws/devel/lib/libfrontend.so: undefined reference to `cs_symperm'
/home/odroid/MAV-Project/px4_ws/devel/lib/libfrontend.so: undefined reference to `cs_amd'
/home/odroid/MAV-Project/px4_ws/devel/lib/libfrontend.so: undefined reference to `g2o::SparseOptimizer::removeVertex(g2o::HyperGraph::Vertex*, bool)'
/home/odroid/MAV-Project/px4_ws/devel/lib/libfrontend.so: undefined reference to `g2o::SparseOptimizer::initializeOptimization(int)'
/home/odroid/MAV-Project/px4_ws/devel/lib/libfrontend.so: undefined reference to `cs_spfree'
/home/odroid/MAV-Project/px4_ws/devel/lib/libfrontend.so: undefined reference to `g2o::VertexSE3::VertexSE3()'
/home/odroid/MAV-Project/px4_ws/devel/lib/libfrontend.so: undefined reference to `vtable for g2o::UniformCostFunction'
/home/odroid/MAV-Project/px4_ws/devel/lib/libfrontend.so: undefined reference to `cs_schol'
/home/odroid/MAV-Project/px4_ws/devel/lib/libfrontend.so: undefined reference to `cs_post'
/home/odroid/MAV-Project/px4_ws/devel/lib/libfrontend.so: undefined reference to `g2o::csparse_extension::cs_chol_workspace(cs_sparse const*, cs_symbolic const*, int*, double*)'
/home/odroid/MAV-Project/px4_ws/devel/lib/libfrontend.so: undefined reference to `g2o::csparse_extension::writeCs2Octave(char const*, cs_sparse const*, bool)'
/home/odroid/MAV-Project/px4_ws/devel/lib/libfrontend.so: undefined reference to `g2o::Solver::Solver()'
/home/odroid/MAV-Project/px4_ws/devel/lib/libfrontend.so: undefined reference to `cs_etree'
/home/odroid/MAV-Project/px4_ws/devel/lib/libfrontend.so: undefined reference to `typeinfo for g2o::EdgeSE3'
/home/odroid/MAV-Project/px4_ws/devel/lib/libfrontend.so: undefined reference to `cs_free'
/home/odroid/MAV-Project/px4_ws/devel/lib/libfrontend.so: undefined reference to `typeinfo for g2o::OptimizableGraph::Vertex'
/home/odroid/MAV-Project/px4_ws/devel/lib/libfrontend.so: undefined reference to `g2o::SparseOptimizer::setVerbose(bool)'
/home/odroid/MAV-Project/px4_ws/devel/lib/libfrontend.so: undefined reference to `g2o::csparse_extension::cs_cholsolsymb(cs_sparse const*, double*, cs_symbolic const*, double*, int*)'
/home/odroid/MAV-Project/px4_ws/devel/lib/libfrontend.so: undefined reference to `g2o::MarginalCovarianceCholesky::setCholeskyFactor(int, int*, int*, double*, int*)'
/home/odroid/MAV-Project/px4_ws/devel/lib/libfrontend.so: undefined reference to `g2o::get_monotonic_time()'
/home/odroid/MAV-Project/px4_ws/devel/lib/libfrontend.so: undefined reference to `cs_calloc'
/home/odroid/MAV-Project/px4_ws/devel/lib/libfrontend.so: undefined reference to `g2o::SparseOptimizer::optimize(int, bool)'
/home/odroid/MAV-Project/px4_ws/devel/lib/libfrontend.so: undefined reference to `g2o::OptimizationAlgorithmLevenberg::~OptimizationAlgorithmLevenberg()'
/home/odroid/MAV-Project/px4_ws/devel/lib/libfrontend.so: undefined reference to `g2o::HyperGraph::vertex(int)'
/home/odroid/MAV-Project/px4_ws/devel/lib/libfrontend.so: undefined reference to `cs_cumsum'
/home/odroid/MAV-Project/px4_ws/devel/lib/libfrontend.so: undefined reference to `g2o::OptimizableGraph::addEdge(g2o::HyperGraph::Edge*)'
/home/odroid/MAV-Project/px4_ws/devel/lib/libfrontend.so: undefined reference to `g2o::SparseOptimizer::computeActiveErrors()'
/home/odroid/MAV-Project/px4_ws/devel/lib/libfrontend.so: undefined reference to `g2o::MarginalCovarianceCholesky::MarginalCovarianceCholesky()'
/home/odroid/MAV-Project/px4_ws/devel/lib/libfrontend.so: undefined reference to `g2o::SparseOptimizer::SparseOptimizer()'
/home/odroid/MAV-Project/px4_ws/devel/lib/libfrontend.so: undefined reference to `g2o::Solver::~Solver()'
/home/odroid/MAV-Project/px4_ws/devel/lib/libfrontend.so: undefined reference to `cs_counts'
/home/odroid/MAV-Project/px4_ws/devel/lib/libfrontend.so: undefined reference to `g2o::HyperDijkstra::HyperDijkstra(g2o::HyperGraph*)'
/home/odroid/MAV-Project/px4_ws/devel/lib/libfrontend.so: undefined reference to `g2o::Solver::resizeVector(unsigned int)'
/home/odroid/MAV-Project/px4_ws/devel/lib/libfrontend.so: undefined reference to `typeinfo for g2o::Solver'
/home/odroid/MAV-Project/px4_ws/devel/lib/libfrontend.so: undefined reference to `g2o::EdgeSE3::EdgeSE3()'
/home/odroid/MAV-Project/px4_ws/devel/lib/libfrontend.so: undefined reference to `g2o::OptimizationAlgorithmLevenberg::OptimizationAlgorithmLevenberg(g2o::Solver*)'
/home/odroid/MAV-Project/px4_ws/devel/lib/libfrontend.so: undefined reference to `g2o::MatrixStructure::MatrixStructure()'
/home/odroid/MAV-Project/px4_ws/devel/lib/libfrontend.so: undefined reference to `g2o::SparseOptimizer::~SparseOptimizer()'
collect2: error: ld returned 1 exit status
make[2]: *** [/home/odroid/MAV-Project/px4_ws/devel/lib/backend/backend] Error 1
make[1]: *** [CMakeFiles/backend.dir/all] Error 2
make: *** [all] Error 2
