/home/odroid/MAV-Project/px4_ws/devel/lib/libfrontend.so: undefined reference to `cs_sfree'
/home/odroid/MAV-Project/px4_ws/devel/lib/libfrontend.so: undefined reference to `cs_pinv'
/home/odroid/MAV-Project/px4_ws/devel/lib/libfrontend.so: undefined reference to `cs_malloc'
/home/odroid/MAV-Project/px4_ws/devel/lib/libfrontend.so: undefined reference to `cs_nfree'
/home/odroid/MAV-Project/px4_ws/devel/lib/libfrontend.so: undefined reference to `cs_symperm'
/home/odroid/MAV-Project/px4_ws/devel/lib/libfrontend.so: undefined reference to `cs_amd'
/home/odroid/MAV-Project/px4_ws/devel/lib/libfrontend.so: undefined reference to `cs_spfree'
/home/odroid/MAV-Project/px4_ws/devel/lib/libfrontend.so: undefined reference to `cs_schol'
/home/odroid/MAV-Project/px4_ws/devel/lib/libfrontend.so: undefined reference to `cs_post'
/home/odroid/MAV-Project/px4_ws/devel/lib/libfrontend.so: undefined reference to `g2o::csparse_extension::cs_chol_workspace(cs_sparse const*, cs_symbolic const*, int*, double*)'
/home/odroid/MAV-Project/px4_ws/devel/lib/libfrontend.so: undefined reference to `g2o::csparse_extension::writeCs2Octave(char const*, cs_sparse const*, bool)'
/home/odroid/MAV-Project/px4_ws/devel/lib/libfrontend.so: undefined reference to `cs_etree'
/home/odroid/MAV-Project/px4_ws/devel/lib/libfrontend.so: undefined reference to `cs_free'
/home/odroid/MAV-Project/px4_ws/devel/lib/libfrontend.so: undefined reference to `g2o::csparse_extension::cs_cholsolsymb(cs_sparse const*, double*, cs_symbolic const*, double*, int*)'
/home/odroid/MAV-Project/px4_ws/devel/lib/libfrontend.so: undefined reference to `cs_calloc'
/home/odroid/MAV-Project/px4_ws/devel/lib/libfrontend.so: undefined reference to `cs_cumsum'
/home/odroid/MAV-Project/px4_ws/devel/lib/libfrontend.so: undefined reference to `cs_counts'
collect2: error: ld returned 1 exit status
make[2]: *** [/home/odroid/MAV-Project/px4_ws/devel/lib/backend/backend] Error 1
make[1]: *** [CMakeFiles/backend.dir/all] Error 2
make: *** [all] Error 2
