[  0%] [  0%] [  0%] [  0%] [  0%] Built target geometry_msgs_generate_messages_cpp
Built target roscpp_generate_messages_py
Built target std_msgs_generate_messages_lisp
[  0%] [  0%] Built target roscpp_generate_messages_lisp
Built target rosgraph_msgs_generate_messages_cpp
Built target geometry_msgs_generate_messages_lisp
Built target roscpp_generate_messages_cpp
[  0%] [  0%] Built target std_msgs_generate_messages_cpp
Built target std_msgs_generate_messages_py
[31m[1mLinking CXX shared library /home/odroid/MAV-Project/px4_ws/devel/lib/libfrontend.so
[0m[  0%] Built target rosgraph_msgs_generate_messages_lisp
[  0%] Built target geometry_msgs_generate_messages_py
[  0%] Built target rosgraph_msgs_generate_messages_py
[ 93%] Built target frontend
[31m[1mLinking CXX executable /home/odroid/MAV-Project/px4_ws/devel/lib/backend/backend
/home/odroid/MAV-Project/px4_ws/devel/lib/libfrontend.so: undefined reference to `g2o::csparse_extension::cs_chol_workspace(cs_sparse const*, cs_symbolic const*, int*, double*)'
/home/odroid/MAV-Project/px4_ws/devel/lib/libfrontend.so: undefined reference to `g2o::csparse_extension::writeCs2Octave(char const*, cs_sparse const*, bool)'
/home/odroid/MAV-Project/px4_ws/devel/lib/libfrontend.so: undefined reference to `g2o::csparse_extension::cs_cholsolsymb(cs_sparse const*, double*, cs_symbolic const*, double*, int*)'
collect2: error: ld returned 1 exit status
make[2]: *** [/home/odroid/MAV-Project/px4_ws/devel/lib/backend/backend] Error 1
make[1]: *** [CMakeFiles/backend.dir/all] Error 2
make: *** [all] Error 2
