In file included from /usr/include/eigen3/Eigen/Core:277:0,
                 from /usr/include/eigen3/Eigen/Geometry:4,
                 from /home/odroid/MAV-Project/px4_ws/src/backend/src/RANSACBasedTME.cpp:11:
/usr/include/eigen3/Eigen/src/Core/DenseCoeffsBase.h: In member function 'virtual bool SLAM::RANSACBasedTME::estimateTrafo(const std::vector<Eigen::Matrix<float, 3, 1> >&, const std::vector<int>&, const std::vector<Eigen::Matrix<float, 3, 1> >&, const std::vector<int>&, Eigen::Matrix4f&, Eigen::Matrix<double, 6, 6>&) const':
/usr/include/eigen3/Eigen/src/Core/DenseCoeffsBase.h:495:7: warning: '*((void*)& refinedTransfMat +60)' may be used uninitialized in this function [-Wmaybe-uninitialized]
       derived().coeffRef(index) = other.derived().coeff(index);
       ^
/home/odroid/MAV-Project/px4_ws/src/backend/src/RANSACBasedTME.cpp:199:18: note: '*((void*)& refinedTransfMat +60)' was declared here
  Eigen::Matrix4f refinedTransfMat;
                  ^
In file included from /usr/include/eigen3/Eigen/Core:277:0,
                 from /usr/include/eigen3/Eigen/Geometry:4,
                 from /home/odroid/MAV-Project/px4_ws/src/backend/src/RANSACBasedTME.cpp:11:
/usr/include/eigen3/Eigen/src/Core/DenseCoeffsBase.h:495:7: warning: '*((void*)& refinedTransfMat +56)' may be used uninitialized in this function [-Wmaybe-uninitialized]
       derived().coeffRef(index) = other.derived().coeff(index);
       ^
/home/odroid/MAV-Project/px4_ws/src/backend/src/RANSACBasedTME.cpp:199:18: note: '*((void*)& refinedTransfMat +56)' was declared here
  Eigen::Matrix4f refinedTransfMat;
                  ^
In file included from /usr/include/eigen3/Eigen/Core:277:0,
                 from /usr/include/eigen3/Eigen/Geometry:4,
                 from /home/odroid/MAV-Project/px4_ws/src/backend/src/RANSACBasedTME.cpp:11:
/usr/include/eigen3/Eigen/src/Core/DenseCoeffsBase.h:495:7: warning: '*((void*)& refinedTransfMat +52)' may be used uninitialized in this function [-Wmaybe-uninitialized]
       derived().coeffRef(index) = other.derived().coeff(index);
       ^
/home/odroid/MAV-Project/px4_ws/src/backend/src/RANSACBasedTME.cpp:199:18: note: '*((void*)& refinedTransfMat +52)' was declared here
  Eigen::Matrix4f refinedTransfMat;
                  ^
In file included from /usr/include/eigen3/Eigen/Core:277:0,
                 from /usr/include/eigen3/Eigen/Geometry:4,
                 from /home/odroid/MAV-Project/px4_ws/src/backend/src/RANSACBasedTME.cpp:11:
/usr/include/eigen3/Eigen/src/Core/DenseCoeffsBase.h:495:7: warning: '*((void*)& refinedTransfMat +48)' may be used uninitialized in this function [-Wmaybe-uninitialized]
       derived().coeffRef(index) = other.derived().coeff(index);
       ^
/home/odroid/MAV-Project/px4_ws/src/backend/src/RANSACBasedTME.cpp:199:18: note: '*((void*)& refinedTransfMat +48)' was declared here
  Eigen::Matrix4f refinedTransfMat;
                  ^
In file included from /usr/include/eigen3/Eigen/Core:277:0,
                 from /usr/include/eigen3/Eigen/Geometry:4,
                 from /home/odroid/MAV-Project/px4_ws/src/backend/src/RANSACBasedTME.cpp:11:
/usr/include/eigen3/Eigen/src/Core/DenseCoeffsBase.h:495:7: warning: '*((void*)& refinedTransfMat +44)' may be used uninitialized in this function [-Wmaybe-uninitialized]
       derived().coeffRef(index) = other.derived().coeff(index);
       ^
/home/odroid/MAV-Project/px4_ws/src/backend/src/RANSACBasedTME.cpp:199:18: note: '*((void*)& refinedTransfMat +44)' was declared here
  Eigen::Matrix4f refinedTransfMat;
                  ^
In file included from /usr/include/eigen3/Eigen/Core:277:0,
                 from /usr/include/eigen3/Eigen/Geometry:4,
                 from /home/odroid/MAV-Project/px4_ws/src/backend/src/RANSACBasedTME.cpp:11:
/usr/include/eigen3/Eigen/src/Core/DenseCoeffsBase.h:495:7: warning: '*((void*)& refinedTransfMat +40)' may be used uninitialized in this function [-Wmaybe-uninitialized]
       derived().coeffRef(index) = other.derived().coeff(index);
       ^
/home/odroid/MAV-Project/px4_ws/src/backend/src/RANSACBasedTME.cpp:199:18: note: '*((void*)& refinedTransfMat +40)' was declared here
  Eigen::Matrix4f refinedTransfMat;
                  ^
In file included from /usr/include/eigen3/Eigen/Core:277:0,
                 from /usr/include/eigen3/Eigen/Geometry:4,
                 from /home/odroid/MAV-Project/px4_ws/src/backend/src/RANSACBasedTME.cpp:11:
/usr/include/eigen3/Eigen/src/Core/DenseCoeffsBase.h:495:7: warning: '*((void*)& refinedTransfMat +36)' may be used uninitialized in this function [-Wmaybe-uninitialized]
       derived().coeffRef(index) = other.derived().coeff(index);
       ^
/home/odroid/MAV-Project/px4_ws/src/backend/src/RANSACBasedTME.cpp:199:18: note: '*((void*)& refinedTransfMat +36)' was declared here
  Eigen::Matrix4f refinedTransfMat;
                  ^
In file included from /usr/include/eigen3/Eigen/Core:277:0,
                 from /usr/include/eigen3/Eigen/Geometry:4,
                 from /home/odroid/MAV-Project/px4_ws/src/backend/src/RANSACBasedTME.cpp:11:
/usr/include/eigen3/Eigen/src/Core/DenseCoeffsBase.h:495:7: warning: '*((void*)& refinedTransfMat +32)' may be used uninitialized in this function [-Wmaybe-uninitialized]
       derived().coeffRef(index) = other.derived().coeff(index);
       ^
/home/odroid/MAV-Project/px4_ws/src/backend/src/RANSACBasedTME.cpp:199:18: note: '*((void*)& refinedTransfMat +32)' was declared here
  Eigen::Matrix4f refinedTransfMat;
                  ^
In file included from /usr/include/eigen3/Eigen/Core:277:0,
                 from /usr/include/eigen3/Eigen/Geometry:4,
                 from /home/odroid/MAV-Project/px4_ws/src/backend/src/RANSACBasedTME.cpp:11:
/usr/include/eigen3/Eigen/src/Core/DenseCoeffsBase.h:495:7: warning: '*((void*)& refinedTransfMat +28)' may be used uninitialized in this function [-Wmaybe-uninitialized]
       derived().coeffRef(index) = other.derived().coeff(index);
       ^
/home/odroid/MAV-Project/px4_ws/src/backend/src/RANSACBasedTME.cpp:199:18: note: '*((void*)& refinedTransfMat +28)' was declared here
  Eigen::Matrix4f refinedTransfMat;
                  ^
In file included from /usr/include/eigen3/Eigen/Core:277:0,
                 from /usr/include/eigen3/Eigen/Geometry:4,
                 from /home/odroid/MAV-Project/px4_ws/src/backend/src/RANSACBasedTME.cpp:11:
/usr/include/eigen3/Eigen/src/Core/DenseCoeffsBase.h:495:7: warning: '*((void*)& refinedTransfMat +24)' may be used uninitialized in this function [-Wmaybe-uninitialized]
       derived().coeffRef(index) = other.derived().coeff(index);
       ^
/home/odroid/MAV-Project/px4_ws/src/backend/src/RANSACBasedTME.cpp:199:18: note: '*((void*)& refinedTransfMat +24)' was declared here
  Eigen::Matrix4f refinedTransfMat;
                  ^
In file included from /usr/include/eigen3/Eigen/Core:277:0,
                 from /usr/include/eigen3/Eigen/Geometry:4,
                 from /home/odroid/MAV-Project/px4_ws/src/backend/src/RANSACBasedTME.cpp:11:
/usr/include/eigen3/Eigen/src/Core/DenseCoeffsBase.h:495:7: warning: '*((void*)& refinedTransfMat +20)' may be used uninitialized in this function [-Wmaybe-uninitialized]
       derived().coeffRef(index) = other.derived().coeff(index);
       ^
/home/odroid/MAV-Project/px4_ws/src/backend/src/RANSACBasedTME.cpp:199:18: note: '*((void*)& refinedTransfMat +20)' was declared here
  Eigen::Matrix4f refinedTransfMat;
                  ^
In file included from /usr/include/eigen3/Eigen/Core:277:0,
                 from /usr/include/eigen3/Eigen/Geometry:4,
                 from /home/odroid/MAV-Project/px4_ws/src/backend/src/RANSACBasedTME.cpp:11:
/usr/include/eigen3/Eigen/src/Core/DenseCoeffsBase.h:495:7: warning: '*((void*)& refinedTransfMat +16)' may be used uninitialized in this function [-Wmaybe-uninitialized]
       derived().coeffRef(index) = other.derived().coeff(index);
       ^
/home/odroid/MAV-Project/px4_ws/src/backend/src/RANSACBasedTME.cpp:199:18: note: '*((void*)& refinedTransfMat +16)' was declared here
  Eigen::Matrix4f refinedTransfMat;
                  ^
In file included from /usr/include/eigen3/Eigen/Core:277:0,
                 from /usr/include/eigen3/Eigen/Geometry:4,
                 from /home/odroid/MAV-Project/px4_ws/src/backend/src/RANSACBasedTME.cpp:11:
/usr/include/eigen3/Eigen/src/Core/DenseCoeffsBase.h:495:7: warning: '*((void*)& refinedTransfMat +12)' may be used uninitialized in this function [-Wmaybe-uninitialized]
       derived().coeffRef(index) = other.derived().coeff(index);
       ^
/home/odroid/MAV-Project/px4_ws/src/backend/src/RANSACBasedTME.cpp:199:18: note: '*((void*)& refinedTransfMat +12)' was declared here
  Eigen::Matrix4f refinedTransfMat;
                  ^
In file included from /usr/include/eigen3/Eigen/Core:277:0,
                 from /usr/include/eigen3/Eigen/Geometry:4,
                 from /home/odroid/MAV-Project/px4_ws/src/backend/src/RANSACBasedTME.cpp:11:
/usr/include/eigen3/Eigen/src/Core/DenseCoeffsBase.h:495:7: warning: '*((void*)& refinedTransfMat +8)' may be used uninitialized in this function [-Wmaybe-uninitialized]
       derived().coeffRef(index) = other.derived().coeff(index);
       ^
/home/odroid/MAV-Project/px4_ws/src/backend/src/RANSACBasedTME.cpp:199:18: note: '*((void*)& refinedTransfMat +8)' was declared here
  Eigen::Matrix4f refinedTransfMat;
                  ^
In file included from /usr/include/eigen3/Eigen/Core:277:0,
                 from /usr/include/eigen3/Eigen/Geometry:4,
                 from /home/odroid/MAV-Project/px4_ws/src/backend/src/RANSACBasedTME.cpp:11:
/usr/include/eigen3/Eigen/src/Core/DenseCoeffsBase.h:495:7: warning: '*((void*)& refinedTransfMat +4)' may be used uninitialized in this function [-Wmaybe-uninitialized]
       derived().coeffRef(index) = other.derived().coeff(index);
       ^
/home/odroid/MAV-Project/px4_ws/src/backend/src/RANSACBasedTME.cpp:199:18: note: '*((void*)& refinedTransfMat +4)' was declared here
  Eigen::Matrix4f refinedTransfMat;
                  ^
In file included from /usr/include/eigen3/Eigen/Core:277:0,
                 from /usr/include/eigen3/Eigen/Geometry:4,
                 from /home/odroid/MAV-Project/px4_ws/src/backend/src/RANSACBasedTME.cpp:11:
/usr/include/eigen3/Eigen/src/Core/DenseCoeffsBase.h:495:7: warning: 'refinedTransfMat' may be used uninitialized in this function [-Wmaybe-uninitialized]
       derived().coeffRef(index) = other.derived().coeff(index);
       ^
/home/odroid/MAV-Project/px4_ws/src/backend/src/RANSACBasedTME.cpp:199:18: note: 'refinedTransfMat' was declared here
  Eigen::Matrix4f refinedTransfMat;
                  ^
/home/odroid/MAV-Project/px4_ws/src/backend/src/Mapping.cpp: In member function 'void SLAM::Mapping::parallelMatching()':
/home/odroid/MAV-Project/px4_ws/src/backend/src/Mapping.cpp:396:8: warning: variable 'prevId' set but not used [-Wunused-but-set-variable]
    int prevId = -1;
        ^
