[  0%] [  0%] Built target std_msgs_generate_messages_lisp
Built target diagnostic_msgs_generate_messages_lisp
[  0%] [  0%] [  0%] Built target geometry_msgs_generate_messages_lisp
Built target _catkin_empty_exported_target
[  0%] Built target diagnostic_msgs_generate_messages_cpp
Built target geometry_msgs_generate_messages_cpp
[  0%] [  0%] Built target _px4_offboard_generate_messages_check_deps_CtrlState
Built target _px4_offboard_generate_messages_check_deps_JoyCommand
[  0%] Built target std_msgs_generate_messages_cpp
[  0%] [  0%] Built target roscpp_generate_messages_lisp
[  0%] Built target nav_msgs_generate_messages_py
[  0%] Built target diagnostic_msgs_generate_messages_py
Built target nav_msgs_generate_messages_lisp
[  0%] Built target mavros_msgs_generate_messages_py
[  0%] Built target sensor_msgs_generate_messages_py
[  0%] [  0%] [  0%] [  0%] Built target geometry_msgs_generate_messages_py
Built target rosgraph_msgs_generate_messages_cpp
Built target actionlib_msgs_generate_messages_cpp
Built target roscpp_generate_messages_cpp
[  0%] [  0%] [  0%] Built target nav_msgs_generate_messages_cpp
Built target rosgraph_msgs_generate_messages_py
Built target roscpp_generate_messages_py
[  0%] [  0%] Built target std_msgs_generate_messages_py
Built target sensor_msgs_generate_messages_cpp
[  0%] [  0%] Built target mavros_msgs_generate_messages_cpp
Built target sensor_msgs_generate_messages_lisp
[  0%] [  0%] Built target rosgraph_msgs_generate_messages_lisp
Built target actionlib_generate_messages_cpp
[  0%] [  0%] Built target actionlib_msgs_generate_messages_py
Built target actionlib_msgs_generate_messages_lisp
[  0%] [  0%] Built target actionlib_generate_messages_lisp
Built target mavros_msgs_generate_messages_lisp
[  0%] Built target tf2_msgs_generate_messages_cpp
[  0%] Built target tf2_msgs_generate_messages_lisp
[  0%] Built target actionlib_generate_messages_py
[ 25%] [ 25%] [ 41%] Built target px4_offboard_generate_messages_py
Built target tf2_msgs_generate_messages_py
Built target px4_offboard_generate_messages_cpp
[ 58%] Built target px4_offboard_generate_messages_lisp
[ 66%] Built target teleop
[35m[1mScanning dependencies of target SLAM
[ 75%] Built target checker
[ 75%] [ 83%] Built target px4_offboard_generate_messages
Built target apriltag
[ 91%] [0mBuilt target mission
[100%] [32mBuilding CXX object CMakeFiles/SLAM.dir/src/SLAM.cpp.o
[0m[31m[1mLinking CXX executable /home/odroid/MAV-Project/px4_ws/devel/lib/px4_offboard/SLAM
[0m[100%] Built target SLAM
