[  0%] [  0%] Built target geometry_msgs_generate_messages_lisp
[  0%] Built target std_msgs_generate_messages_lisp
[  0%] [  0%] Built target diagnostic_msgs_generate_messages_lisp
[  0%] Built target _catkin_empty_exported_target
Built target mavros_msgs_generate_messages_cpp
[  0%] Built target diagnostic_msgs_generate_messages_cpp
Built target actionlib_msgs_generate_messages_cpp
[  0%] Built target _px4_offboard_generate_messages_check_deps_JoyCommand
[  0%] [  0%] Built target actionlib_msgs_generate_messages_lisp
Built target actionlib_msgs_generate_messages_py
[  0%] [  0%] Built target sensor_msgs_generate_messages_cpp
[  0%] Built target geometry_msgs_generate_messages_py
Built target rosgraph_msgs_generate_messages_cpp
[  0%] [  0%] Built target nav_msgs_generate_messages_cpp
Built target std_msgs_generate_messages_py
[  0%] [  0%] [  0%] Built target sensor_msgs_generate_messages_lisp
Built target diagnostic_msgs_generate_messages_py
Built target std_msgs_generate_messages_cpp
[  0%] [  0%] Built target nav_msgs_generate_messages_lisp
[  0%] [  0%] Built target rosgraph_msgs_generate_messages_py
Built target rosgraph_msgs_generate_messages_lisp
Built target roscpp_generate_messages_cpp
[  0%] Built target sensor_msgs_generate_messages_py
[  0%] [  0%] [  0%] [  0%] Built target roscpp_generate_messages_py
Built target roscpp_generate_messages_lisp
Built target nav_msgs_generate_messages_py
[  0%] [  0%] [  0%] Built target geometry_msgs_generate_messages_cpp
Built target mavros_msgs_generate_messages_py
Built target mavros_msgs_generate_messages_lisp
Built target actionlib_generate_messages_cpp
[  0%] Built target tf2_msgs_generate_messages_cpp
[  0%] [  0%] Built target actionlib_generate_messages_py
[  0%] Built target tf2_msgs_generate_messages_py
[  0%] Built target actionlib_generate_messages_lisp
[ 25%] Built target tf2_msgs_generate_messages_lisp
Built target px4_offboard_generate_messages_py
[ 37%] Built target px4_offboard_generate_messages_lisp
[ 50%] Built target px4_offboard_generate_messages_cpp
[ 62%] Built target teleop
[35m[1mScanning dependencies of target apriltag
[ 62%] Built target px4_offboard_generate_messages
[ 75%] Built target checker
[ 87%] Built target SLAM
[0m[100%] [32mBuilding CXX object CMakeFiles/apriltag.dir/src/apriltag.cpp.o
[0m[31m[1mLinking CXX executable /home/odroid/MAV-Project/px4_ws/devel/.private/px4_offboard/lib/px4_offboard/apriltag
[0m[100%] Built target apriltag
