[  0%] [  0%] Built target _catkin_empty_exported_target
[  0%] Built target mavros_msgs_generate_messages_cpp
Built target geometry_msgs_generate_messages_lisp
[  0%] [  0%] Built target diagnostic_msgs_generate_messages_lisp
[  0%] Built target diagnostic_msgs_generate_messages_cpp
Built target std_msgs_generate_messages_lisp
[  0%] Built target actionlib_msgs_generate_messages_cpp
[  0%] [  0%] [  0%] Built target actionlib_msgs_generate_messages_lisp
Built target _px4_offboard_generate_messages_check_deps_JoyCommand
Built target geometry_msgs_generate_messages_py
[  0%] [  0%] [  0%] Built target actionlib_msgs_generate_messages_py
Built target sensor_msgs_generate_messages_cpp
Built target rosgraph_msgs_generate_messages_cpp
[  0%] Built target std_msgs_generate_messages_py
[  0%] Built target nav_msgs_generate_messages_cpp
[  0%] Built target diagnostic_msgs_generate_messages_py
[  0%] [  0%] [  0%] Built target nav_msgs_generate_messages_lisp
Built target std_msgs_generate_messages_cpp
Built target sensor_msgs_generate_messages_lisp
[  0%] [  0%] [  0%] [  0%] Built target sensor_msgs_generate_messages_py
Built target rosgraph_msgs_generate_messages_lisp
Built target rosgraph_msgs_generate_messages_py
Built target roscpp_generate_messages_cpp
[  0%] [  0%] [  0%] Built target geometry_msgs_generate_messages_cpp
Built target roscpp_generate_messages_lisp
Built target nav_msgs_generate_messages_py
[  0%] [  0%] [  0%] Built target roscpp_generate_messages_py
Built target mavros_msgs_generate_messages_py
Built target mavros_msgs_generate_messages_lisp
[  0%] Built target actionlib_generate_messages_cpp
[  0%] Built target tf2_msgs_generate_messages_cpp
[35m[1mScanning dependencies of target teleop
[  0%] [  0%] Built target tf2_msgs_generate_messages_lisp
Built target tf2_msgs_generate_messages_py
[  0%] Built target actionlib_generate_messages_lisp
[  0%] Built target actionlib_generate_messages_py
[ 12%] Built target px4_offboard_generate_messages_lisp
[ 37%] Built target px4_offboard_generate_messages_py
[ 50%] Built target px4_offboard_generate_messages_cpp
[0m[35m[1mScanning dependencies of target SLAM
[ 62%] [ 62%] [ 75%] Built target px4_offboard_generate_messages
Built target checker
[ 87%] [32mBuilding CXX object CMakeFiles/teleop.dir/src/teleop.cpp.o
[0mBuilt target apriltag
[0m[100%] [32mBuilding CXX object CMakeFiles/SLAM.dir/src/SLAM.cpp.o
[0m[31m[1mLinking CXX executable /home/odroid/MAV-Project/px4_ws/devel/.private/px4_offboard/lib/px4_offboard/teleop
[0m[100%] Built target teleop
[31m[1mLinking CXX executable /home/odroid/MAV-Project/px4_ws/devel/.private/px4_offboard/lib/px4_offboard/SLAM
[0m[100%] Built target SLAM
