make: Warning: File `Makefile' has modification time 5.2e+07 s in the future
make[1]: Warning: File `CMakeFiles/Makefile2' has modification time 5.2e+07 s in the future
make[2]: Warning: File `CMakeFiles/_catkin_empty_exported_target.dir/progress.make' has modification time 5.2e+07 s in the future
make[2]: make[2]: Warning: File `CMakeFiles/actionlib_msgs_generate_messages_lisp.dir/progress.make' has modification time 5.2e+07 s in the future
Warning: File `CMakeFiles/actionlib_msgs_generate_messages_py.dir/progress.make' has modification time 5.2e+07 s in the future
make[2]: Warning: File `CMakeFiles/mavros_msgs_generate_messages_py.dir/progress.make' has modification time 5.2e+07 s in the future
make[2]: Warning: File `CMakeFiles/mavros_msgs_generate_messages_lisp.dir/progress.make' has modification time 5.2e+07 s in the futuremake[2]: 
Warning: File `CMakeFiles/nav_msgs_generate_messages_lisp.dir/progress.make' has modification time 5.2e+07 s in the future
make[2]: Warning: File `CMakeFiles/std_msgs_generate_messages_lisp.dir/progress.make' has modification time 5.2e+07 s in the future
make[2]: Warning: File `CMakeFiles/std_msgs_generate_messages_cpp.dir/progress.make' has modification time 5.2e+07 s in the future
make[2]: warning:  Clock skew detected.  Your build may be incomplete.
make[2]: warning:  Clock skew detected.  Your build may be incomplete.
make[2]: warning:  Clock skew detected.  Your build may be incomplete.
make[2]: Warning: File `CMakeFiles/mavros_msgs_generate_messages_py.dir/progress.make' has modification time 5.2e+07 s in the future
make[2]: warning:  Clock skew detected.  Your build may be incomplete.
make[2]: Warning: File `CMakeFiles/actionlib_msgs_generate_messages_py.dir/progress.make' has modification time 5.2e+07 s in the future
make[2]: warning:  Clock skew detected.  Your build may be incomplete.
make[2]: Warning: File `CMakeFiles/actionlib_msgs_generate_messages_lisp.dir/progress.make' has modification time 5.2e+07 s in the future
make[2]: warning:  Clock skew detected.  Your build may be incomplete.
make[2]: warning:  Clock skew detected.  Your build may be incomplete.
make[2]: warning:  Clock skew detected.  Your build may be incomplete.
make[2]: warning:  Clock skew detected.  Your build may be incomplete.
make[2]: warning:  Clock skew detected.  Your build may be incomplete.
make[2]: Warning: File `CMakeFiles/_catkin_empty_exported_target.dir/progress.make' has modification time 5.2e+07 s in the future
make[2]: warning:  Clock skew detected.  Your build may be incomplete.
make[2]: warning:  Clock skew detected.  Your build may be incomplete.
make[2]: Warning: File `CMakeFiles/mavros_msgs_generate_messages_lisp.dir/progress.make' has modification time 5.2e+07 s in the future
make[2]: warning:  Clock skew detected.  Your build may be incomplete.
make[2]: Warning: File `CMakeFiles/std_msgs_generate_messages_cpp.dir/progress.make' has modification time 5.2e+07 s in the future
make[2]: Warning: File `CMakeFiles/std_msgs_generate_messages_lisp.dir/progress.make' has modification time 5.2e+07 s in the future
make[2]: warning:  Clock skew detected.  Your build may be incomplete.
make[2]: make[2]: warning:  Clock skew detected.  Your build may be incomplete.
Warning: File `CMakeFiles/nav_msgs_generate_messages_lisp.dir/progress.make' has modification time 5.2e+07 s in the future
make[2]: warning:  Clock skew detected.  Your build may be incomplete.
make[2]: Warning: File `CMakeFiles/rosgraph_msgs_generate_messages_lisp.dir/progress.make' has modification time 5.2e+07 s in the future
make[2]: Warning: File `CMakeFiles/rosgraph_msgs_generate_messages_py.dir/progress.make' has modification time 5.2e+07 s in the future
make[2]: Warning: File `CMakeFiles/actionlib_msgs_generate_messages_cpp.dir/progress.make' has modification time 5.2e+07 s in the future
make[2]: Warning: File `CMakeFiles/geometry_msgs_generate_messages_py.dir/progress.make' has modification time 5.2e+07 s in the future
make[2]: Warning: File `CMakeFiles/geometry_msgs_generate_messages_lisp.dir/progress.make' has modification time 5.2e+07 s in the future
make[2]: Warning: File `CMakeFiles/mavros_msgs_generate_messages_cpp.dir/progress.make' has modification time 5.2e+07 s in the future
make[2]: Warning: File `CMakeFiles/actionlib_generate_messages_py.dir/progress.make' has modification time 5.2e+07 s in the future
make[2]: Warning: File `CMakeFiles/rosgraph_msgs_generate_messages_cpp.dir/progress.make' has modification time 5.2e+07 s in the future
make[2]: warning:  Clock skew detected.  Your build may be incomplete.
make[2]: warning:  Clock skew detected.  Your build may be incomplete.
make[2]: warning:  Clock skew detected.  Your build may be incomplete.
make[2]: Warning: File `CMakeFiles/rosgraph_msgs_generate_messages_py.dir/progress.make' has modification time 5.2e+07 s in the future
make[2]: warning:  Clock skew detected.  Your build may be incomplete.
make[2]: warning:  Clock skew detected.  Your build may be incomplete.
make[2]: Warning: File `CMakeFiles/rosgraph_msgs_generate_messages_lisp.dir/progress.make' has modification time 5.2e+07 s in the future
make[2]: warning:  Clock skew detected.  Your build may be incomplete.
make[2]: Warning: File `CMakeFiles/actionlib_msgs_generate_messages_cpp.dir/progress.make' has modification time 5.2e+07 s in the future
make[2]: warning:  Clock skew detected.  Your build may be incomplete.
make[2]: Warning: File `CMakeFiles/geometry_msgs_generate_messages_py.dir/progress.make' has modification time 5.2e+07 s in the future
make[2]: warning:  Clock skew detected.  Your build may be incomplete.
make[2]: warning:  Clock skew detected.  Your build may be incomplete.
make[2]: warning:  Clock skew detected.  Your build may be incomplete.
make[2]: warning:  Clock skew detected.  Your build may be incomplete.
make[2]: warning:  Clock skew detected.  Your build may be incomplete.
make[2]: Warning: File `CMakeFiles/rosgraph_msgs_generate_messages_cpp.dir/progress.make' has modification time 5.2e+07 s in the future
make[2]: warning:  Clock skew detected.  Your build may be incomplete.
make[2]: Warning: File `CMakeFiles/geometry_msgs_generate_messages_lisp.dir/progress.make' has modification time 5.2e+07 s in the future
make[2]: warning:  Clock skew detected.  Your build may be incomplete.
make[2]: Warning: File `CMakeFiles/mavros_msgs_generate_messages_cpp.dir/progress.make' has modification time 5.2e+07 s in the future
make[2]: warning:  Clock skew detected.  Your build may be incomplete.
make[2]: Warning: File `CMakeFiles/actionlib_generate_messages_py.dir/progress.make' has modification time 5.2e+07 s in the future
make[2]: warning:  Clock skew detected.  Your build may be incomplete.
make[2]: Warning: File `CMakeFiles/nav_msgs_generate_messages_cpp.dir/progress.make' has modification time 5.2e+07 s in the future
make[2]: Warning: File `CMakeFiles/diagnostic_msgs_generate_messages_lisp.dir/progress.make' has modification time 5.2e+07 s in the future
make[2]: Warning: File `CMakeFiles/diagnostic_msgs_generate_messages_py.dir/progress.make' has modification time 5.2e+07 s in the future
make[2]: Warning: File `CMakeFiles/diagnostic_msgs_generate_messages_cpp.dir/progress.make' has modification time 5.2e+07 s in the future
make[2]: Warning: File `CMakeFiles/_px4_offboard_generate_messages_check_deps_JoyCommand.dir/progress.make' has modification time 5.2e+07 s in the future
make[2]: Warning: File `CMakeFiles/_px4_offboard_generate_messages_check_deps_CtrlState.dir/progress.make' has modification time 5.2e+07 s in the future
make[2]: warning:  Clock skew detected.  Your build may be incomplete.
make[2]: Warning: File `CMakeFiles/nav_msgs_generate_messages_py.dir/progress.make' has modification time 5.2e+07 s in the future
make[2]: Warning: File `CMakeFiles/nav_msgs_generate_messages_cpp.dir/progress.make' has modification time 5.2e+07 s in the future
make[2]: warning:  Clock skew detected.  Your build may be incomplete.
make[2]: warning:  Clock skew detected.  Your build may be incomplete.
make[2]: warning:  Clock skew detected.  Your build may be incomplete.
make[2]: Warning: File `CMakeFiles/std_msgs_generate_messages_py.dir/progress.make' has modification time 5.2e+07 s in the future
make[2]: warning:  Clock skew detected.  Your build may be incomplete.
make[2]: Warning: File `CMakeFiles/diagnostic_msgs_generate_messages_lisp.dir/progress.make' has modification time 5.2e+07 s in the future
make[2]: warning:  Clock skew detected.  Your build may be incomplete.
make[2]: make[2]: warning:  Clock skew detected.  Your build may be incomplete.
Warning: File `CMakeFiles/diagnostic_msgs_generate_messages_py.dir/progress.make' has modification time 5.2e+07 s in the future
make[2]: warning:  Clock skew detected.  Your build may be incomplete.
make[2]: warning:  Clock skew detected.  Your build may be incomplete.
make[2]: Warning: File `CMakeFiles/diagnostic_msgs_generate_messages_cpp.dir/progress.make' has modification time 5.2e+07 s in the future
make[2]: Warning: File `CMakeFiles/nav_msgs_generate_messages_py.dir/progress.make' has modification time 5.2e+07 s in the future
make[2]: warning:  Clock skew detected.  Your build may be incomplete.
make[2]: warning:  Clock skew detected.  Your build may be incomplete.
make[2]: warning:  Clock skew detected.  Your build may be incomplete.
make[2]: warning:  Clock skew detected.  Your build may be incomplete.
make[2]: Warning: File `CMakeFiles/_px4_offboard_generate_messages_check_deps_JoyCommand.dir/progress.make' has modification time 5.2e+07 s in the future
make[2]: Warning: File `CMakeFiles/_px4_offboard_generate_messages_check_deps_CtrlState.dir/progress.make' has modification time 5.2e+07 s in the future
make[2]: Warning: File `CMakeFiles/std_msgs_generate_messages_py.dir/progress.make' has modification time 5.2e+07 s in the future
make[2]: warning:  Clock skew detected.  Your build may be incomplete.
make[2]: Warning: File `CMakeFiles/sensor_msgs_generate_messages_py.dir/progress.make' has modification time 5.2e+07 s in the future
make[2]: Warning: File `CMakeFiles/sensor_msgs_generate_messages_cpp.dir/progress.make' has modification time 5.2e+07 s in the future
make[2]: Warning: File `CMakeFiles/actionlib_generate_messages_cpp.dir/progress.make' has modification time 5.2e+07 s in the future
make[2]: warning:  Clock skew detected.  Your build may be incomplete.
make[2]: warning:  Clock skew detected.  Your build may be incomplete.
make[2]: Warning: File `CMakeFiles/actionlib_generate_messages_cpp.dir/progress.make' has modification time 5.2e+07 s in the future
make[2]: warning:  Clock skew detected.  Your build may be incomplete.
make[2]: Warning: File `CMakeFiles/sensor_msgs_generate_messages_cpp.dir/progress.make' has modification time 5.2e+07 s in the future
make[2]: warning:  Clock skew detected.  Your build may be incomplete.
make[2]: Warning: File `CMakeFiles/roscpp_generate_messages_cpp.dir/progress.make' has modification time 5.2e+07 s in the future
make[2]: warning:  Clock skew detected.  Your build may be incomplete.
make[2]: Warning: File `CMakeFiles/roscpp_generate_messages_lisp.dir/progress.make' has modification time 5.2e+07 s in the future
make[2]: Warning: File `CMakeFiles/sensor_msgs_generate_messages_py.dir/progress.make' has modification time 5.2e+07 s in the future
make[2]: warning:  Clock skew detected.  Your build may be incomplete.
make[2]: Warning: File `CMakeFiles/roscpp_generate_messages_py.dir/progress.make' has modification time 5.2e+07 s in the future
make[2]: warning:  Clock skew detected.  Your build may be incomplete.
make[2]: Warning: File `CMakeFiles/sensor_msgs_generate_messages_lisp.dir/progress.make' has modification time 5.2e+07 s in the future
make[2]: warning:  Clock skew detected.  Your build may be incomplete.
make[2]: Warning: File `CMakeFiles/geometry_msgs_generate_messages_cpp.dir/progress.make' has modification time 5.2e+07 s in the future
make[2]: make[2]: Warning: File `CMakeFiles/roscpp_generate_messages_cpp.dir/progress.make' has modification time 5.2e+07 s in the future
warning:  Clock skew detected.  Your build may be incomplete.
make[2]: warning:  Clock skew detected.  Your build may be incomplete.
make[2]: warning:  Clock skew detected.  Your build may be incomplete.
make[2]: Warning: File `CMakeFiles/tf2_msgs_generate_messages_cpp.dir/progress.make' has modification time 5.2e+07 s in the future
make[2]: Warning: File `CMakeFiles/roscpp_generate_messages_lisp.dir/progress.make' has modification time 5.2e+07 s in the future
make[2]: warning:  Clock skew detected.  Your build may be incomplete.
make[2]: warning:  Clock skew detected.  Your build may be incomplete.
make[2]: warning:  Clock skew detected.  Your build may be incomplete.
make[2]: warning:  Clock skew detected.  Your build may be incomplete.
make[2]: Warning: File `CMakeFiles/sensor_msgs_generate_messages_lisp.dir/progress.make' has modification time 5.2e+07 s in the future
make[2]: warning:  Clock skew detected.  Your build may be incomplete.
make[2]: Warning: File `CMakeFiles/tf2_msgs_generate_messages_lisp.dir/progress.make' has modification time 5.2e+07 s in the future
make[2]: Warning: File `CMakeFiles/roscpp_generate_messages_py.dir/progress.make' has modification time 5.2e+07 s in the future
make[2]: warning:  Clock skew detected.  Your build may be incomplete.
make[2]: Warning: File `CMakeFiles/geometry_msgs_generate_messages_cpp.dir/progress.make' has modification time 5.2e+07 s in the future
make[2]: warning:  Clock skew detected.  Your build may be incomplete.
make[2]: Warning: File `CMakeFiles/tf2_msgs_generate_messages_py.dir/progress.make' has modification time 5.2e+07 s in the future
make[2]: warning:  Clock skew detected.  Your build may be incomplete.
make[2]: warning:  Clock skew detected.  Your build may be incomplete.
make[2]: Warning: File `CMakeFiles/actionlib_generate_messages_lisp.dir/progress.make' has modification time 5.2e+07 s in the future
make[2]: Warning: File `CMakeFiles/px4_offboard_generate_messages_py.dir/progress.make' has modification time 5.2e+07 s in the future
make[2]: make[2]: Warning: File `CMakeFiles/tf2_msgs_generate_messages_lisp.dir/progress.make' has modification time 5.2e+07 s in the future
Warning: File `CMakeFiles/tf2_msgs_generate_messages_cpp.dir/progress.make' has modification time 5.2e+07 s in the future
make[2]: warning:  Clock skew detected.  Your build may be incomplete.
make[2]: warning:  Clock skew detected.  Your build may be incomplete.
make[2]: Warning: File `CMakeFiles/teleop.dir/flags.make' has modification time 5.2e+07 s in the future
make[2]: warning:  Clock skew detected.  Your build may be incomplete.
make[2]: Warning: File `CMakeFiles/actionlib_generate_messages_lisp.dir/progress.make' has modification time 5.2e+07 s in the future
make[2]: warning:  Clock skew detected.  Your build may be incomplete.
make[2]: Warning: File `CMakeFiles/px4_offboard_generate_messages_lisp.dir/progress.make' has modification time 5.2e+07 s in the future
make[2]: Warning: File `CMakeFiles/px4_offboard_generate_messages_cpp.dir/progress.make' has modification time 5.2e+07 s in the future
make[2]: warning:  Clock skew detected.  Your build may be incomplete.make[2]: warning:  Clock skew detected.  Your build may be incomplete.

make[2]: make[2]: Warning: File `CMakeFiles/tf2_msgs_generate_messages_py.dir/progress.make' has modification time 5.2e+07 s in the future
make[2]: warning:  Clock skew detected.  Your build may be incomplete.
Warning: File `CMakeFiles/px4_offboard_generate_messages_py.dir/progress.make' has modification time 5.2e+07 s in the future
make[2]: warning:  Clock skew detected.  Your build may be incomplete.
make[2]: warning:  Clock skew detected.  Your build may be incomplete.
make[2]: Warning: File `CMakeFiles/px4_offboard_generate_messages_lisp.dir/progress.make' has modification time 5.2e+07 s in the future
make[2]: warning:  Clock skew detected.  Your build may be incomplete.
make[2]: warning:  Clock skew detected.  Your build may be incomplete.
make[2]: Warning: File `CMakeFiles/px4_offboard_generate_messages_cpp.dir/progress.make' has modification time 5.2e+07 s in the future
make[2]: warning:  Clock skew detected.  Your build may be incomplete.
make[2]: warning:  Clock skew detected.  Your build may be incomplete.
make[2]: Warning: File `CMakeFiles/teleop.dir/flags.make' has modification time 5.2e+07 s in the future
make[2]: warning:  Clock skew detected.  Your build may be incomplete.
make[2]: Warning: File `CMakeFiles/checker.dir/flags.make' has modification time 5.2e+07 s in the future
make[2]: Warning: File `CMakeFiles/SLAM.dir/flags.make' has modification time 5.2e+07 s in the future
make[2]: Warning: File `CMakeFiles/px4_offboard_generate_messages.dir/progress.make' has modification time 5.2e+07 s in the future
make[2]: Warning: File `CMakeFiles/apriltag.dir/flags.make' has modification time 5.2e+07 s in the future
make[2]: Warning: File `CMakeFiles/mission.dir/flags.make' has modification time 5.2e+07 s in the future
make[2]: warning:  Clock skew detected.  Your build may be incomplete.
make[2]: Warning: File `CMakeFiles/checker.dir/flags.make' has modification time 5.2e+07 s in the future
make[2]: warning:  Clock skew detected.  Your build may be incomplete.
make[2]: warning:  Clock skew detected.  Your build may be incomplete.
make[2]: warning:  Clock skew detected.  Your build may be incomplete.
make[2]: Warning: File `CMakeFiles/px4_offboard_generate_messages.dir/progress.make' has modification time 5.2e+07 s in the future
make[2]: warning:  Clock skew detected.  Your build may be incomplete.
make[2]: warning:  Clock skew detected.  Your build may be incomplete.
make[2]: Warning: File `CMakeFiles/apriltag.dir/flags.make' has modification time 5.2e+07 s in the future
make[2]: Warning: File `CMakeFiles/SLAM.dir/flags.make' has modification time 5.2e+07 s in the future
make[2]: warning:  Clock skew detected.  Your build may be incomplete.
make[2]: warning:  Clock skew detected.  Your build may be incomplete.
make[2]: warning:  Clock skew detected.  Your build may be incomplete.
make[2]: Warning: File `CMakeFiles/mission.dir/flags.make' has modification time 5.2e+07 s in the future
make[2]: warning:  Clock skew detected.  Your build may be incomplete.
make[1]: warning:  Clock skew detected.  Your build may be incomplete.
make: warning:  Clock skew detected.  Your build may be incomplete.
