[35m[1mScanning dependencies of target std_msgs_generate_messages_cpp[0m
[  0%] Built target std_msgs_generate_messages_cpp
[35m[1mScanning dependencies of target _apriltags_ros_generate_messages_check_deps_AprilTagDetectionArray[0m
[  0%] Built target _apriltags_ros_generate_messages_check_deps_AprilTagDetectionArray
[35m[1mScanning dependencies of target _apriltags_ros_generate_messages_check_deps_AprilTagDetection[0m
[  0%] Built target _apriltags_ros_generate_messages_check_deps_AprilTagDetection
[35m[1mScanning dependencies of target geometry_msgs_generate_messages_cpp[0m
[  0%] Built target geometry_msgs_generate_messages_cpp
[35m[1mScanning dependencies of target std_msgs_generate_messages_lisp[0m
[  0%] Built target std_msgs_generate_messages_lisp
[35m[1mScanning dependencies of target geometry_msgs_generate_messages_lisp[0m
[  0%] Built target geometry_msgs_generate_messages_lisp
[35m[1mScanning dependencies of target std_msgs_generate_messages_py[0m
[  0%] Built target std_msgs_generate_messages_py
[35m[1mScanning dependencies of target geometry_msgs_generate_messages_py[0m
[  0%] Built target geometry_msgs_generate_messages_py
[35m[1mScanning dependencies of target apriltags_ros_generate_messages_cpp[0m
[  7%] [34m[1mGenerating C++ code from apriltags_ros/AprilTagDetectionArray.msg[0m
[ 15%] [34m[1mGenerating C++ code from apriltags_ros/AprilTagDetection.msg[0m
[ 15%] Built target apriltags_ros_generate_messages_cpp
[35m[1mScanning dependencies of target apriltags_ros_generate_messages_lisp[0m
[ 23%] [34m[1mGenerating Lisp code from apriltags_ros/AprilTagDetectionArray.msg[0m
[ 30%] [34m[1mGenerating Lisp code from apriltags_ros/AprilTagDetection.msg[0m
[ 30%] Built target apriltags_ros_generate_messages_lisp
[35m[1mScanning dependencies of target apriltags_ros_generate_messages_py[0m
[ 38%] [34m[1mGenerating Python from MSG apriltags_ros/AprilTagDetectionArray[0m
[ 46%] [34m[1mGenerating Python from MSG apriltags_ros/AprilTagDetection[0m
[ 53%] [34m[1mGenerating Python msg __init__.py for apriltags_ros[0m
[ 53%] Built target apriltags_ros_generate_messages_py
[35m[1mScanning dependencies of target apriltag_detector[0m
[ 61%] [32mBuilding CXX object CMakeFiles/apriltag_detector.dir/src/apriltag_detector.cpp.o[0m
[35m[1mScanning dependencies of target apriltags_ros_generate_messages[0m
[ 61%] Built target apriltags_ros_generate_messages
[ 69%] [32m[1mLinking CXX shared library /home/tuofeichen/SLAM/MAV-Project/catkin_ws/devel/lib/libapriltag_detector.so[0m
[ 69%] Built target apriltag_detector
[35m[1mScanning dependencies of target apriltag_detector_node[0m
[ 76%] [32mBuilding CXX object CMakeFiles/apriltag_detector_node.dir/src/apriltag_detector_node.cpp.o[0m
[35m[1mScanning dependencies of target apriltag_detector_nodelet[0m
[ 84%] [32mBuilding CXX object CMakeFiles/apriltag_detector_nodelet.dir/src/apriltag_detector_nodelet.cpp.o[0m
[ 92%] [32m[1mLinking CXX executable /home/tuofeichen/SLAM/MAV-Project/catkin_ws/devel/lib/apriltags_ros/apriltag_detector_node[0m
[ 92%] Built target apriltag_detector_node
[100%] [32m[1mLinking CXX shared library /home/tuofeichen/SLAM/MAV-Project/catkin_ws/devel/lib/libapriltag_detector_nodelet.so[0m
[100%] Built target apriltag_detector_nodelet
